Preparing dataset...
Done!

==============================
Running Epoch 0...
Running 0th superbatch of total 54 superbatches
Step 1: Superbatch Sample
[run_ginex.py] sb_sample time = 108.64896082878113
Step 1: Done
inspect_time = 126386.703125
Running 1th superbatch of total 54 superbatches
Step 1: Superbatch Sample
Loading ids...
Done!
Pass 1: calculating frequency and initial cache indices...
Done!
Pass 2: making two key data structures (iterptr & iters)...
Done!
pass_1_and_2 time = 15.766352415084839
[run_ginex.py] pass_1_and_2 time = 15.766440629959106
Pass 3: Computing changesets...
Done!
pass_3 time = 194.3776514530182
[run_ginex.py] pass_3 time = 194.37773442268372
[run_ginex.py] sb_sample time = 255.00628876686096
Step 1: Done
inspect_time = 273959.0
Step 2: Switch
Step 2: Done
Step 3: Main Loop
0
sampling:  0.15833599865436554
gather:  411.9521789550781
cache:  12.840479850769043
transfer:  650.060546875
forward:  441.4930114746094
backward:  281.08697509765625
free:  23.77190399169922
1000
sampling:  0.13359999656677246
gather:  104.0857925415039
cache:  6.001567840576172
transfer:  31.708703994750977
forward:  3.331007957458496
backward:  2.3644158840179443
free:  7.381887912750244
2000
sampling:  0.13260799646377563
gather:  96.61238098144531
cache:  7.052256107330322
transfer:  27.918272018432617
forward:  3.1005759239196777
backward:  2.3378241062164307
free:  6.892000198364258
3000
sampling:  0.16655999422073364
gather:  77.95728302001953
cache:  8.516480445861816
transfer:  27.394271850585938
forward:  3.14630389213562
backward:  2.5958399772644043
free:  8.297087669372559
Step 3: Done
Total stat
273959.0000
95823.6406
504.3512
286426.9434
26023.9184
98570.2797
10828.1724
8689.6378
24444.0968
Epoch 00, Loss: 0.0000, Approx. Train: 0.0186
Epoch time: 965319.0525 ms
