Preparing dataset...
Done!

==============================
Running Epoch 0...
Running 0th superbatch of total 30 superbatches
Step 1: Superbatch Sample
[run_ginex.py] sb_sample time = 95.09845805168152
Step 1: Done
inspect_time = 112756.6328125
Running 1th superbatch of total 30 superbatches
Step 1: Superbatch Sample
Loading ids...
Done!
Pass 1: calculating frequency and initial cache indices...
Done!
Pass 2: making two key data structures (iterptr & iters)...
Done!
pass_1_and_2 time = 14.571472644805908
[run_ginex.py] pass_1_and_2 time = 14.571577548980713
Pass 3: Computing changesets...
Done!
pass_3 time = 42.19429659843445
[run_ginex.py] pass_3 time = 42.19438338279724
[run_ginex.py] sb_sample time = 103.25245356559753
Step 1: Done
inspect_time = 122251.8671875
Step 2: Switch
Step 2: Done
Step 3: Main Loop
0
sampling:  0.14076800644397736
gather:  276.7017517089844
cache:  11.995072364807129
transfer:  529.8896484375
forward:  524.360107421875
backward:  257.3588562011719
free:  64.98461151123047
Step 3: Done
Total stat
122251.8672
83724.0781
130.8386
182820.7396
18537.7761
94505.9980
8950.7461
5134.7550
24679.2188
Epoch 00, Loss: 0.0002, Approx. Train: 0.0343
Epoch time: 659383.7168 ms
