Preparing dataset...
Done!

==============================
Running Epoch 0...
Running 0th superbatch of total 11 superbatches
Step 1: Superbatch Sample
[run_ginex.py] sb_sample time = 188.2785587310791
Step 1: Done
inspect_time = 207444.34375
Running 1th superbatch of total 11 superbatches
Step 1: Superbatch Sample
Loading ids...
Done!
Pass 1: calculating frequency and initial cache indices...
Done!
Pass 2: making two key data structures (iterptr & iters)...
Done!
pass_1_and_2 time = 14.50121259689331
[run_ginex.py] pass_1_and_2 time = 14.509124279022217
Pass 3: Computing changesets...
Done!
pass_3 time = 84.74473857879639
[run_ginex.py] pass_3 time = 84.74705696105957
[run_ginex.py] sb_sample time = 186.84466314315796
Step 1: Done
inspect_time = 204969.75
Step 2: Switch
Step 2: Done
Step 3: Main Loop
0
sampling:  0.29414400458335876
gather:  148.0364227294922
cache:  10.84108829498291
transfer:  223.4385986328125
forward:  425.07208251953125
backward:  207.61293029785156
free:  41.596160888671875
1000
sampling:  0.13600000739097595
gather:  156.44613647460938
cache:  16.461408615112305
transfer:  41.252769470214844
forward:  3.4266560077667236
backward:  2.1565439701080322
free:  12.364416122436523
2000
sampling:  0.1302720010280609
gather:  121.09788513183594
cache:  12.921567916870117
transfer:  41.67900848388672
forward:  3.002079963684082
backward:  1.8636800050735474
free:  11.919520378112793
Step 3: Done
Total stat
204969.7500
81851.7031
270.8303
243787.1587
25595.4075
90238.2984
6737.3552
4179.6417
24630.9472
Epoch 00, Loss: 0.0003, Approx. Train: 0.0952
Epoch time: 898176.3034 ms
