Preparing dataset...
Done!

==============================
Running Epoch 0...
Running 0th superbatch of total 2 superbatches
Step 1: Superbatch Sample
[run_ginex.py] sb_sample time = 250.05852556228638
Step 1: Done
inspect_time = 268967.0625
Running 1th superbatch of total 2 superbatches
Step 1: Superbatch Sample
Loading ids...
Done!
Pass 1: calculating frequency and initial cache indices...
Done!
Pass 2: making two key data structures (iterptr & iters)...
Done!
pass_1_and_2 time = 48.113487005233765
[run_ginex.py] pass_1_and_2 time = 48.11496114730835
Pass 3: Computing changesets...
Done!
pass_3 time = 757.6659383773804
[run_ginex.py] pass_3 time = 757.6662456989288
[run_ginex.py] sb_sample time = 826.5509045124054
Step 1: Done
inspect_time = 902000.625
Step 2: Switch
Step 2: Done
Step 3: Main Loop
0
sampling:  0.14025600254535675
gather:  240.45948791503906
cache:  49.68582534790039
transfer:  202.22332763671875
forward:  334.1172790527344
backward:  195.23277282714844
free:  18.660512924194336
1000
sampling:  0.163455992937088
gather:  74.0198745727539
cache:  13.568511962890625
transfer:  31.29852867126465
forward:  2.411520004272461
backward:  1.7274880409240723
free:  6.707359790802002
2000
sampling:  0.1613759994506836
gather:  79.45216369628906
cache:  4.256383895874023
transfer:  32.93891143798828
forward:  2.518752098083496
backward:  1.9394240379333496
free:  7.179296016693115
3000
sampling:  0.22828799486160278
gather:  65.69110107421875
cache:  4.534912109375
transfer:  32.032222747802734
forward:  2.391295909881592
backward:  1.539072036743164
free:  6.731967926025391
4000
sampling:  0.20307199656963348
gather:  65.30870056152344
cache:  5.107967853546143
transfer:  32.04435348510742
forward:  2.404223918914795
backward:  1.649664044380188
free:  6.97273588180542
5000
sampling:  0.18361599743366241
gather:  68.06636810302734
cache:  3.435296058654785
transfer:  29.98873519897461
forward:  2.352384090423584
backward:  1.8626559972763062
free:  7.410719871520996
6000
sampling:  0.17097599804401398
gather:  68.05513763427734
cache:  6.242847919464111
transfer:  31.9136962890625
forward:  2.4151999950408936
backward:  1.943552017211914
free:  6.957248210906982
7000
sampling:  0.15887999534606934
gather:  77.0440673828125
cache:  6.595232009887695
transfer:  30.961631774902344
forward:  2.424639940261841
backward:  1.6476160287857056
free:  6.810239791870117
8000
sampling:  0.13315199315547943
gather:  71.47634887695312
cache:  4.339072227478027
transfer:  31.018783569335938
forward:  2.3616960048675537
backward:  1.4305280447006226
free:  7.265503883361816
9000
sampling:  0.1566080003976822
gather:  74.59001922607422
cache:  6.291296005249023
transfer:  32.65411376953125
forward:  2.3654720783233643
backward:  1.581055998802185
free:  7.147359848022461
10000
sampling:  0.20473599433898926
gather:  79.30335998535156
cache:  3.6099839210510254
transfer:  31.785343170166016
forward:  2.4221439361572266
backward:  2.1790719032287598
free:  8.072383880615234
11000
sampling:  0.15772800147533417
gather:  70.29055786132812
cache:  3.552351951599121
transfer:  27.9399356842041
forward:  2.349855899810791
backward:  1.5001599788665771
free:  6.9148478507995605
12000
sampling:  0.1539520025253296
gather:  57.97916793823242
cache:  3.2313919067382812
transfer:  32.1864013671875
forward:  2.344736099243164
backward:  1.6414719820022583
free:  7.141759872436523
13000
sampling:  0.12544000148773193
gather:  70.69529724121094
cache:  3.924639940261841
transfer:  31.997600555419922
forward:  2.395359992980957
backward:  1.610751986503601
free:  7.069536209106445
14000
sampling:  0.18566399812698364
gather:  67.57555389404297
cache:  4.282879829406738
transfer:  30.383039474487305
forward:  2.446079969406128
backward:  3.2081921100616455
free:  8.047648429870605
15000
sampling:  0.2447039932012558
gather:  66.60934448242188
cache:  11.022687911987305
transfer:  28.853504180908203
forward:  2.2952001094818115
backward:  1.7838079929351807
free:  8.031519889831543
Step 3: Done
=========================== Total Stat ===========================
dataset: friendster_extended, sb-size: 15600, batch-size: 1000, nc-size: 45.0GB, fc-size: 50.0GB, zstd: False, khop: 1
Part 1: sb_sample_times pass_1_and_2_times pass_3_times
250.1
826.6
48.1
757.7
==================================================================
Part 2: inspect_time switch_time sampling_time gather_time cache_time transfer_time forward_time backward_time free_time
902.0006
88.2847
2.7772
1098.6883
86.6870
480.3891
37.5983
27.3419
116.5340
==================================================================
Current superbatch ended
Epoch 00, Loss: 0.0002, Approx. Train: 0.5944
Epoch time: 3179139.3502 ms
