Preparing dataset...
Done!

==============================
Running Epoch 0...
Running 0th superbatch of total 14 superbatches
Step 1: Superbatch Sample
[run_ginex.py] sb_sample time = 66.17316699028015
Step 1: Done
inspect_time = 86252.2421875
Running 1th superbatch of total 14 superbatches
Step 1: Superbatch Sample
Loading ids...
Done!
Pass 1: calculating frequency and initial cache indices...
Done!
Pass 2: making two key data structures (iterptr & iters)...
Done!
pass_1_and_2 time = 8.468047142028809
[run_ginex.py] pass_1_and_2 time = 8.468117237091064
Pass 3: Computing changesets...
Done!
pass_3 time = 165.7462146282196
[run_ginex.py] pass_3 time = 165.74629998207092
[run_ginex.py] sb_sample time = 215.52582693099976
Step 1: Done
inspect_time = 243649.046875
Step 2: Switch
Step 2: Done
Step 3: Main Loop
0
sampling:  3.8320319652557373
gather:  96.0975341796875
cache:  26.751007080078125
transfer:  250.24447631835938
forward:  264.1835632324219
backward:  200.22476196289062
free:  44.26262283325195
1000
sampling:  0.13843199610710144
gather:  68.42642974853516
cache:  4.380256175994873
transfer:  17.93929672241211
forward:  1.9710400104522705
backward:  1.4602240324020386
free:  5.277184009552002
2000
sampling:  0.12572799623012543
gather:  36.3623046875
cache:  4.29420804977417
transfer:  24.150815963745117
forward:  2.183648109436035
backward:  2.0439040660858154
free:  5.871103763580322
3000
sampling:  0.08409599959850311
gather:  58.2979850769043
cache:  3.1720640659332275
transfer:  20.158559799194336
forward:  2.4704320430755615
backward:  2.9061119556427
free:  7.922688007354736
Step 3: Done
=========================== Total Stat ===========================
dataset: friendster_extended, sb-size: 3900, batch-size: 500, nc-size: 45.0GB, fc-size: 50.0GB, zstd: False, khop: 1
Part 1: sb_sample_times pass_1_and_2_times pass_3_times
66.1732
215.5258
8.4681
165.7463
==================================================================
Part 2: inspect_time switch_time sampling_time gather_time cache_time transfer_time forward_time backward_time free_time
243.6490
84.4333
0.4452
176.9869
16.0181
80.0971
8.4289
7.7904
23.4627
==================================================================
Current superbatch ended
Epoch 00, Loss: 0.0001, Approx. Train: 0.0743
Epoch time: 744217.4718 ms
