Preparing dataset...
Done!

==============================
Running Epoch 0...
Running 0th superbatch of total 7 superbatches
Step 1: Superbatch Sample
[run_ginex.py] sb_sample time = 298.90336775779724
Step 1: Done
inspect_time = 316518.96875
Running 1th superbatch of total 7 superbatches
Step 1: Superbatch Sample
Loading ids...
Done!
Pass 1: calculating frequency and initial cache indices...
Done!
Pass 2: making two key data structures (iterptr & iters)...
Done!
pass_1_and_2 time = 47.55902910232544
[run_ginex.py] pass_1_and_2 time = 47.55958962440491
Pass 3: Computing changesets...
Done!
pass_3 time = 191.48806190490723
[run_ginex.py] pass_3 time = 191.48832201957703
[run_ginex.py] sb_sample time = 347.19895195961
Step 1: Done
inspect_time = 420747.4375
Step 2: Switch
Step 2: Done
Step 3: Main Loop
0
sampling:  0.16303999722003937
gather:  353.5235900878906
cache:  24.75939178466797
transfer:  307.935791015625
forward:  309.56707763671875
backward:  237.2321319580078
free:  75.73776245117188
1000
sampling:  0.1947840005159378
gather:  153.62281799316406
cache:  13.556415557861328
transfer:  106.41043090820312
forward:  7.832255840301514
backward:  5.304319858551025
free:  27.189056396484375
2000
sampling:  0.2216320037841797
gather:  197.51600646972656
cache:  13.54867172241211
transfer:  102.82630157470703
forward:  7.903584003448486
backward:  5.368832111358643
free:  27.147808074951172
3000
sampling:  0.17523199319839478
gather:  189.5813751220703
cache:  13.847328186035156
transfer:  105.8545913696289
forward:  7.888383865356445
backward:  5.36575984954834
free:  27.441055297851562
Step 3: Done
=========================== Total Stat ===========================
dataset: friendster_extended, sb-size: 3900, batch-size: 1000, nc-size: 45.0GB, fc-size: 50.0GB, zstd: False, khop: 1
Part 1: sb_sample_times pass_1_and_2_times pass_3_times
298.9034
347.1990
47.5596
191.4883
==================================================================
Part 2: inspect_time switch_time sampling_time gather_time cache_time transfer_time forward_time backward_time free_time
420.7474
83.8590
0.6371
776.8460
61.3673
414.7378
31.1714
21.2060
106.8431
==================================================================
Current superbatch ended
Epoch 00, Loss: 0.0002, Approx. Train: 0.1486
Epoch time: 2244722.4331 ms
