Preparing dataset...
Done!

==============================
Running Epoch 0...
Running 0th superbatch of total 7 superbatches
Step 1: Superbatch Sample
[run_ginex.py] sb_sample time = 109.6946177482605
Step 1: Done
inspect_time = 127715.3671875
Running 1th superbatch of total 7 superbatches
Step 1: Superbatch Sample
Loading ids...
Done!
Pass 1: calculating frequency and initial cache indices...
Done!
Pass 2: making two key data structures (iterptr & iters)...
Done!
pass_1_and_2 time = 15.936143159866333
[run_ginex.py] pass_1_and_2 time = 15.936492681503296
Pass 3: Computing changesets...
Done!
pass_3 time = 177.48882865905762
[run_ginex.py] pass_3 time = 177.48891377449036
[run_ginex.py] sb_sample time = 229.803382396698
Step 1: Done
inspect_time = 264636.15625
Step 2: Switch
Step 2: Done
Step 3: Main Loop
0
sampling:  0.14243200421333313
gather:  93.65084838867188
cache:  27.447071075439453
transfer:  212.0054473876953
forward:  273.1669006347656
backward:  197.13229370117188
free:  40.23811340332031
1000
sampling:  0.15692800283432007
gather:  79.66204833984375
cache:  4.9679999351501465
transfer:  40.96915054321289
forward:  3.050976037979126
backward:  1.9425280094146729
free:  9.732512474060059
2000
sampling:  0.12483199685811996
gather:  73.20317077636719
cache:  4.60595178604126
transfer:  41.81568145751953
forward:  3.0322558879852295
backward:  1.8862080574035645
free:  9.964256286621094
3000
sampling:  0.21580800414085388
gather:  101.50096130371094
cache:  5.875840187072754
transfer:  38.15599822998047
forward:  3.0800321102142334
backward:  2.1473278999328613
free:  10.212639808654785
Step 3: Done
=========================== Total Stat ===========================
dataset: friendster_extended, sb-size: 3900, batch-size: 1000, nc-size: 45.0GB, fc-size: 50.0GB, zstd: False, khop: 1
Part 1: sb_sample_times pass_1_and_2_times pass_3_times
109.6946
229.8034
15.9365
177.4889
==================================================================
Part 2: inspect_time switch_time sampling_time gather_time cache_time transfer_time forward_time backward_time free_time
264.6362
89.4002
0.6617
349.1219
28.6810
159.4420
12.0689
7.7147
42.3209
==================================================================
Current superbatch ended
Epoch 00, Loss: 0.0003, Approx. Train: 0.1486
Epoch time: 1099305.4800 ms
