Preparing dataset...
Done!

==============================
Running Epoch 0...
Running 0th superbatch of total 12 superbatches
Step 1: Superbatch Sample
[run_ginex.py] sb_sample time = 536.1824469566345
Step 1: Done
inspect_time = 554081.75
Running 1th superbatch of total 12 superbatches
Step 1: Superbatch Sample
Loading ids...
Done!
Pass 1: calculating frequency and initial cache indices...
Done!
Pass 2: making two key data structures (iterptr & iters)...
Done!
pass_1_and_2 time = 45.48258829116821
[run_ginex.py] pass_1_and_2 time = 45.48265027999878
Pass 3: Computing changesets...
Done!
pass_3 time = 255.89053630828857
[run_ginex.py] pass_3 time = 255.89079570770264
[run_ginex.py] sb_sample time = 576.4422674179077
Step 1: Done
inspect_time = 648964.25
Step 2: Switch
Step 2: Done
Step 3: Main Loop
0
sampling:  0.1154559999704361
gather:  372.05560302734375
cache:  22.480928421020508
transfer:  289.9637451171875
forward:  313.8456726074219
backward:  240.52630615234375
free:  63.11759948730469
1000
sampling:  0.13923199474811554
gather:  315.103515625
cache:  18.99238395690918
transfer:  90.4741439819336
forward:  9.926848411560059
backward:  7.080959796905518
free:  24.060096740722656
2000
sampling:  0.13283200562000275
gather:  265.3824462890625
cache:  17.950815200805664
transfer:  91.02595520019531
forward:  10.026111602783203
backward:  7.076863765716553
free:  24.64044761657715
3000
sampling:  0.15699200332164764
gather:  315.2896423339844
cache:  18.73107147216797
transfer:  90.0218276977539
forward:  10.114720344543457
backward:  7.188479900360107
free:  24.55936050415039
Step 3: Done
=========================== Total Stat ===========================
dataset: ogbn_papers_extended, sb-size: 4000, batch-size: 1000, nc-size: 45.0GB, fc-size: 50.0GB, zstd: False, khop: 1
Part 1: sb_sample_times pass_1_and_2_times pass_3_times
536.1824
576.4423
45.4827
255.8908
==================================================================
Part 2: inspect_time switch_time sampling_time gather_time cache_time transfer_time forward_time backward_time free_time
648.9642
88.0184
0.5949
1215.6874
78.2454
369.9630
40.4796
28.7894
98.3023
==================================================================
Current superbatch ended
Epoch 00, Loss: 0.0002, Approx. Train: 0.0900
Epoch time: 3132842.4468 ms
