Preparing dataset...
Done!

==============================
Running Epoch 0...
Running 0th superbatch of total 45 superbatches
Step 1: Superbatch Sample
[run_ginex.py] sb_sample time = 45.59467959403992
Step 1: Done
inspect_time = 63485.875
Running 1th superbatch of total 45 superbatches
Step 1: Superbatch Sample
Loading ids...
Done!
Pass 1: calculating frequency and initial cache indices...
Done!
Pass 2: making two key data structures (iterptr & iters)...
Done!
pass_1_and_2 time = 6.063874959945679
[run_ginex.py] pass_1_and_2 time = 6.0639190673828125
Pass 3: Computing changesets...
Done!
pass_3 time = 222.76605200767517
[run_ginex.py] pass_3 time = 222.76611924171448
[run_ginex.py] sb_sample time = 268.1255750656128
Step 1: Done
inspect_time = 293051.0
Step 2: Switch
Step 2: Done
Step 3: Main Loop
0
sampling:  0.13622400164604187
gather:  78.22220611572266
cache:  27.6495361328125
transfer:  237.3890838623047
forward:  261.5120849609375
backward:  210.29991149902344
free:  42.97478485107422
1000
sampling:  0.17827199399471283
gather:  0.6207680106163025
cache:  1.437600016593933
transfer:  8.303936004638672
forward:  2.4952640533447266
backward:  5.626880168914795
free:  3.8681600093841553
2000
sampling:  0.15267199277877808
gather:  33.99260711669922
cache:  2.681504011154175
transfer:  6.831200122833252
forward:  2.404320001602173
backward:  2.8743679523468018
free:  2.897599935531616
3000
sampling:  0.11311999708414078
gather:  31.553184509277344
cache:  1.7814079523086548
transfer:  6.397088050842285
forward:  1.55840003490448
backward:  3.547136068344116
free:  3.4036478996276855
Step 3: Done
=========================== Total Stat ===========================
dataset: ogbn_papers_extended, sb-size: 4000, batch-size: 250, nc-size: 45.0GB, fc-size: 50.0GB, zstd: False, khop: 1
Part 1: sb_sample_times pass_1_and_2_times pass_3_times
45.5947
268.1256
6.0639
222.7661
==================================================================
Part 2: inspect_time switch_time sampling_time gather_time cache_time transfer_time forward_time backward_time free_time
293.0510
90.2126
0.4477
84.4587
9.2033
27.2465
8.4415
11.7540
12.5451
==================================================================
Current superbatch ended
Epoch 00, Loss: 0.0000, Approx. Train: 0.0225
Epoch time: 617733.2373 ms
