Preparing dataset...
Done!

==============================
Running Epoch 0...
Running 0th superbatch of total 4 superbatches
Step 1: Superbatch Sample
[run_ginex.py] sb_sample time = 311.1578018665314
Step 1: Done
inspect_time = 329168.6875
Running 1th superbatch of total 4 superbatches
Step 1: Superbatch Sample
Loading ids...
Done!
Pass 1: calculating frequency and initial cache indices...
Done!
Pass 2: making two key data structures (iterptr & iters)...
Done!
pass_1_and_2 time = 50.720181465148926
[run_ginex.py] pass_1_and_2 time = 50.721492767333984
Pass 3: Computing changesets...
Done!
pass_3 time = 1040.5299625396729
[run_ginex.py] pass_3 time = 1040.53004860878
[run_ginex.py] sb_sample time = 1114.2445392608643
Step 1: Done
inspect_time = 1194871.875
Step 2: Switch
Step 2: Done
Step 3: Main Loop
0
sampling:  0.16064000129699707
gather:  206.3100128173828
cache:  18.645536422729492
transfer:  303.2188720703125
forward:  334.17474365234375
backward:  210.65318298339844
free:  36.95891189575195
1000
sampling:  0.18035200238227844
gather:  120.53020477294922
cache:  6.060704231262207
transfer:  32.171775817871094
forward:  2.409248113632202
backward:  1.6076799631118774
free:  7.088352203369141
2000
sampling:  0.16310399770736694
gather:  71.6984634399414
cache:  4.841599941253662
transfer:  26.82854461669922
forward:  2.3356480598449707
backward:  1.6209919452667236
free:  6.927775859832764
3000
sampling:  0.163455992937088
gather:  79.85433959960938
cache:  5.23360013961792
transfer:  24.477664947509766
forward:  2.3327040672302246
backward:  2.0090880393981934
free:  6.610911846160889
4000
sampling:  0.12694400548934937
gather:  99.75023651123047
cache:  4.742464065551758
transfer:  28.296255111694336
forward:  2.39737606048584
backward:  1.7397760152816772
free:  6.726175785064697
5000
sampling:  0.14665600657463074
gather:  100.57939147949219
cache:  4.400256156921387
transfer:  28.266048431396484
forward:  2.4076480865478516
backward:  1.5421439409255981
free:  6.848927974700928
6000
sampling:  0.15936000645160675
gather:  88.73133087158203
cache:  5.423871994018555
transfer:  28.288288116455078
forward:  2.3980159759521484
backward:  1.5503040552139282
free:  7.508959770202637
7000
sampling:  0.16291199624538422
gather:  87.86460876464844
cache:  12.994112014770508
transfer:  30.410432815551758
forward:  2.3842239379882812
backward:  1.696768045425415
free:  6.603551864624023
8000
sampling:  0.15321600437164307
gather:  97.357666015625
cache:  5.593376159667969
transfer:  23.765823364257812
forward:  2.2972800731658936
backward:  2.273279905319214
free:  6.597152233123779
9000
sampling:  0.18403199315071106
gather:  79.09677124023438
cache:  12.856415748596191
transfer:  24.92140769958496
forward:  2.322848081588745
backward:  1.8083839416503906
free:  7.837408065795898
10000
sampling:  0.14099200069904327
gather:  86.22496032714844
cache:  10.964863777160645
transfer:  26.04431915283203
forward:  2.296704053878784
backward:  1.5104000568389893
free:  6.81987190246582
11000
sampling:  0.2027519941329956
gather:  98.54112243652344
cache:  4.550591945648193
transfer:  27.97974395751953
forward:  2.339263916015625
backward:  1.6046080589294434
free:  9.556544303894043
12000
sampling:  0.12425599992275238
gather:  92.90751647949219
cache:  5.277376174926758
transfer:  28.937631607055664
forward:  2.357343912124634
backward:  1.5380480289459229
free:  6.826335906982422
13000
sampling:  0.16944000124931335
gather:  92.54930877685547
cache:  4.4245758056640625
transfer:  28.11039924621582
forward:  2.311583995819092
backward:  1.5605759620666504
free:  7.16374397277832
14000
sampling:  0.16572800278663635
gather:  89.5551986694336
cache:  11.137984275817871
transfer:  26.283008575439453
forward:  2.308095932006836
backward:  1.5861760377883911
free:  7.078239917755127
15000
sampling:  0.17126399278640747
gather:  92.20889282226562
cache:  4.401440143585205
transfer:  27.67241668701172
forward:  2.354559898376465
backward:  1.4878720045089722
free:  6.618720054626465
Step 3: Done
=========================== Total Stat ===========================
dataset: ogbn_papers_extended, sb-size: 16000, batch-size: 750, nc-size: 45.0GB, fc-size: 50.0GB, zstd: False, khop: 1
Part 1: sb_sample_times pass_1_and_2_times pass_3_times
311.1578
1114.2445
50.7215
1040.5300
==================================================================
Part 2: inspect_time switch_time sampling_time gather_time cache_time transfer_time forward_time backward_time free_time
1194.8719
89.1583
2.6789
1491.5880
102.1150
458.6789
38.5102
28.3831
121.6320
==================================================================
Current superbatch ended
Epoch 00, Loss: 0.0001, Approx. Train: 0.2701
Epoch time: 3920066.6151 ms
