Preparing dataset...
Done!

==============================
Running Epoch 0...
Running 0th superbatch of total 41 superbatches
Step 1: Superbatch Sample
[run_ginex.py] sb_sample time = 105.26781415939331
Step 1: Done
inspect_time = 122606.6484375
Running 1th superbatch of total 41 superbatches
Step 1: Superbatch Sample
Loading ids...
Done!
Pass 1: calculating frequency and initial cache indices...
Done!
Pass 2: making two key data structures (iterptr & iters)...
Done!
pass_1_and_2 time = 6.7888171672821045
[run_ginex.py] pass_1_and_2 time = 6.788870573043823
Pass 3: Computing changesets...
Done!
pass_3 time = 81.96595001220703
[run_ginex.py] pass_3 time = 81.96602964401245
[run_ginex.py] sb_sample time = 126.3976354598999
Step 1: Done
inspect_time = 151310.515625
Step 2: Switch
Step 2: Done
Step 3: Main Loop
0
sampling:  0.13715200126171112
gather:  104.34793853759766
cache:  22.193119049072266
transfer:  234.34812927246094
forward:  245.32826232910156
backward:  186.32806396484375
free:  31.510623931884766
1000
sampling:  0.08687999844551086
gather:  82.13932800292969
cache:  8.95644760131836
transfer:  20.464895248413086
forward:  1.922271966934204
backward:  1.8503680229187012
free:  5.955552101135254
2000
sampling:  0.1085439994931221
gather:  32.84761428833008
cache:  3.4950079917907715
transfer:  18.000415802001953
forward:  2.2439680099487305
backward:  1.950719952583313
free:  6.0175042152404785
Step 3: Done
=========================== Total Stat ===========================
dataset: ogbn_products_extended, sb-size: 2200, batch-size: 250, nc-size: 45.0GB, fc-size: 50.0GB, zstd: False, khop: 1
Part 1: sb_sample_times pass_1_and_2_times pass_3_times
105.2678
126.3976
6.7889
81.9660
==================================================================
Part 2: inspect_time switch_time sampling_time gather_time cache_time transfer_time forward_time backward_time free_time
151.3105
81.6235
0.2105
125.2204
12.1887
48.3185
4.4637
3.8628
14.0092
==================================================================
Current superbatch ended
Epoch 00, Loss: 0.0001, Approx. Train: 0.0249
Epoch time: 571745.3973 ms
