Preparing dataset...
Done!

==============================
Running Epoch 0...
Running 0th superbatch of total 21 superbatches
Step 1: Superbatch Sample
[run_ginex.py] sb_sample time = 112.89922404289246
Step 1: Done
inspect_time = 132792.84375
Running 1th superbatch of total 21 superbatches
Step 1: Superbatch Sample
Loading ids...
Done!
Pass 1: calculating frequency and initial cache indices...
Done!
Pass 2: making two key data structures (iterptr & iters)...
Done!
pass_1_and_2 time = 6.95138692855835
[run_ginex.py] pass_1_and_2 time = 6.951431035995483
Pass 3: Computing changesets...
Done!
pass_3 time = 82.42209815979004
[run_ginex.py] pass_3 time = 82.42217707633972
[run_ginex.py] sb_sample time = 127.9498119354248
Step 1: Done
inspect_time = 152996.796875
Step 2: Switch
Step 2: Done
Step 3: Main Loop
0
sampling:  0.11228799819946289
gather:  90.62067413330078
cache:  14.040608406066895
transfer:  218.21810913085938
forward:  245.42758178710938
backward:  189.49427795410156
free:  29.368192672729492
1000
sampling:  0.09398400038480759
gather:  76.89033508300781
cache:  4.556447982788086
transfer:  20.42732810974121
forward:  1.9625920057296753
backward:  1.2451839447021484
free:  6.0688958168029785
2000
sampling:  0.10784000158309937
gather:  81.81094360351562
cache:  6.618591785430908
transfer:  22.04921531677246
forward:  1.9673919677734375
backward:  1.3435200452804565
free:  6.088831901550293
Step 3: Done
=========================== Total Stat ===========================
dataset: ogbn_products_extended, sb-size: 2200, batch-size: 500, nc-size: 45.0GB, fc-size: 50.0GB, zstd: False, khop: 1
Part 1: sb_sample_times pass_1_and_2_times pass_3_times
112.8992
127.9498
6.9514
82.4222
==================================================================
Part 2: inspect_time switch_time sampling_time gather_time cache_time transfer_time forward_time backward_time free_time
152.9968
81.7927
0.2127
131.3276
12.7863
49.5102
4.6523
3.7794
14.5754
==================================================================
Current superbatch ended
Epoch 00, Loss: 0.0001, Approx. Train: 0.0499
Epoch time: 592444.3259 ms
