Preparing dataset...
Done!

==============================
Running Epoch 0...
Running 0th superbatch of total 6 superbatches
Step 1: Superbatch Sample
[run_ginex.py] sb_sample time = 365.2348282337189
Step 1: Done
inspect_time = 383859.3125
Running 1th superbatch of total 6 superbatches
Step 1: Superbatch Sample
Loading ids...
Done!
Pass 1: calculating frequency and initial cache indices...
Done!
Pass 2: making two key data structures (iterptr & iters)...
Done!
pass_1_and_2 time = 25.075563430786133
[run_ginex.py] pass_1_and_2 time = 25.076626300811768
Pass 3: Computing changesets...
Done!
pass_3 time = 380.6740427017212
[run_ginex.py] pass_3 time = 380.6741383075714
[run_ginex.py] sb_sample time = 440.85492753982544
Step 1: Done
inspect_time = 483937.65625
Step 2: Switch
Step 2: Done
Step 3: Main Loop
0
sampling:  0.1611199975013733
gather:  112.75494384765625
cache:  30.443199157714844
transfer:  201.56163024902344
forward:  301.2889709472656
backward:  200.81561279296875
free:  45.59414291381836
1000
sampling:  0.10659199953079224
gather:  97.61190032958984
cache:  4.365952014923096
transfer:  25.318815231323242
forward:  2.239327907562256
backward:  1.59334397315979
free:  6.51529598236084
2000
sampling:  0.10707200318574905
gather:  79.7778549194336
cache:  7.11078405380249
transfer:  22.2042236328125
forward:  1.9972480535507202
backward:  1.5667200088500977
free:  6.869631767272949
3000
sampling:  0.08761599659919739
gather:  52.88943862915039
cache:  3.9663360118865967
transfer:  21.791488647460938
forward:  1.9747519493103027
backward:  1.32915198802948
free:  6.448607921600342
4000
sampling:  0.0904960036277771
gather:  61.73961639404297
cache:  4.31382417678833
transfer:  21.443359375
forward:  1.9869439601898193
backward:  1.4458880424499512
free:  6.656415939331055
5000
sampling:  0.13369600474834442
gather:  66.44044494628906
cache:  10.338335990905762
transfer:  20.693952560424805
forward:  1.984895944595337
backward:  1.9322880506515503
free:  9.190912246704102
6000
sampling:  0.09116800129413605
gather:  50.364097595214844
cache:  4.030399799346924
transfer:  20.864320755004883
forward:  2.116096019744873
backward:  1.8032640218734741
free:  6.169824123382568
7000
sampling:  0.09283199906349182
gather:  53.921119689941406
cache:  5.500895977020264
transfer:  20.93836784362793
forward:  1.977471947669983
backward:  1.4407680034637451
free:  6.7500481605529785
8000
sampling:  0.0820159986615181
gather:  60.08147048950195
cache:  11.831007957458496
transfer:  19.684736251831055
forward:  1.9943679571151733
backward:  1.3701119422912598
free:  6.096096038818359
Step 3: Done
=========================== Total Stat ===========================
dataset: ogbn_products_extended, sb-size: 8800, batch-size: 500, nc-size: 45.0GB, fc-size: 50.0GB, zstd: False, khop: 1
Part 1: sb_sample_times pass_1_and_2_times pass_3_times
365.2348
440.8549
25.0766
380.6741
==================================================================
Part 2: inspect_time switch_time sampling_time gather_time cache_time transfer_time forward_time backward_time free_time
483.9377
82.0547
0.9956
547.1626
49.4200
190.8565
18.3369
15.5027
57.7246
==================================================================
Current superbatch ended
Epoch 00, Loss: 0.0001, Approx. Train: 0.1996
Epoch time: 1855372.2878 ms
