Preparing dataset...
Done!

==============================
Running Epoch 0...
Running 0th superbatch of total 21 superbatches
Step 1: Superbatch Sample
[run_ginex.py] sb_sample time = 186.06701111793518
Step 1: Done
inspect_time = 205635.25
Running 1th superbatch of total 21 superbatches
Step 1: Superbatch Sample
Loading ids...
Done!
Pass 1: calculating frequency and initial cache indices...
Done!
Pass 2: making two key data structures (iterptr & iters)...
Done!
pass_1_and_2 time = 11.138972520828247
[run_ginex.py] pass_1_and_2 time = 11.14156198501587
Pass 3: Computing changesets...
Done!
pass_3 time = 88.68649244308472
[run_ginex.py] pass_3 time = 88.68660569190979
[run_ginex.py] sb_sample time = 186.91411089897156
Step 1: Done
inspect_time = 216277.09375
Step 2: Switch
Step 2: Done
Step 3: Main Loop
0
sampling:  0.12860800325870514
gather:  132.71717834472656
cache:  15.955360412597656
transfer:  206.84591674804688
forward:  312.6482238769531
backward:  196.82508850097656
free:  48.43983840942383
1000
sampling:  0.1053759977221489
gather:  69.83958435058594
cache:  11.827327728271484
transfer:  39.466270446777344
forward:  2.9163200855255127
backward:  1.7848320007324219
free:  11.951168060302734
2000
sampling:  0.1207680031657219
gather:  110.27718353271484
cache:  14.712608337402344
transfer:  39.05859375
forward:  2.888576030731201
backward:  1.807360053062439
free:  11.58681583404541
Step 3: Done
=========================== Total Stat ===========================
dataset: ogbn_products_extended, sb-size: 2200, batch-size: 500, nc-size: 45.0GB, fc-size: 50.0GB, zstd: False, khop: 1
Part 1: sb_sample_times pass_1_and_2_times pass_3_times
186.0670
186.9141
11.1416
88.6866
==================================================================
Part 2: inspect_time switch_time sampling_time gather_time cache_time transfer_time forward_time backward_time free_time
216.2771
82.5322
0.2480
244.5114
22.5795
93.2173
6.6818
4.1425
25.0903
==================================================================
Current superbatch ended
Epoch 00, Loss: 0.0001, Approx. Train: 0.0499
Epoch time: 909487.9513 ms
