Preparing dataset...
Done!

==============================
Running Epoch 0...
Running 0th superbatch of total 3 superbatches
Step 1: Superbatch Sample
[run_ginex.py] sb_sample time = 692.9205403327942
Step 1: Done
inspect_time = 710311.6875
Running 1th superbatch of total 3 superbatches
Step 1: Superbatch Sample
Loading ids...
Done!
Pass 1: calculating frequency and initial cache indices...
Done!
Pass 2: making two key data structures (iterptr & iters)...
Done!
pass_1_and_2 time = 50.51938796043396
[run_ginex.py] pass_1_and_2 time = 50.521257162094116
Pass 3: Computing changesets...
Done!
pass_3 time = 548.0833160877228
[run_ginex.py] pass_3 time = 548.0834863185883
[run_ginex.py] sb_sample time = 716.2832715511322
Step 1: Done
inspect_time = 792891.0
Step 2: Switch
Step 2: Done
Step 3: Main Loop
0
sampling:  0.14790399372577667
gather:  189.88729858398438
cache:  21.971616744995117
transfer:  222.1233673095703
forward:  464.4630432128906
backward:  160.51712036132812
free:  44.812225341796875
1000
sampling:  0.09961599856615067
gather:  88.65900421142578
cache:  4.692992210388184
transfer:  23.536575317382812
forward:  2.5015358924865723
backward:  1.5503360033035278
free:  6.6584320068359375
2000
sampling:  0.11155200004577637
gather:  103.63078308105469
cache:  5.683712005615234
transfer:  23.742752075195312
forward:  2.5526719093322754
backward:  1.7695039510726929
free:  6.290207862854004
3000
sampling:  0.08182399719953537
gather:  38.47993469238281
cache:  4.2078399658203125
transfer:  22.299135208129883
forward:  2.451647996902466
backward:  1.4673919677734375
free:  6.225632190704346
4000
sampling:  0.08160000294446945
gather:  49.859519958496094
cache:  2.5212481021881104
transfer:  20.103776931762695
forward:  2.409248113632202
backward:  1.5145280361175537
free:  6.259488105773926
5000
sampling:  0.13788799941539764
gather:  57.026817321777344
cache:  10.494879722595215
transfer:  20.15727996826172
forward:  2.417664051055908
backward:  1.5769599676132202
free:  6.148320198059082
6000
sampling:  0.12800000607967377
gather:  65.78844451904297
cache:  2.8288960456848145
transfer:  22.04025650024414
forward:  2.462847948074341
backward:  1.5667200088500977
free:  6.078527927398682
7000
sampling:  0.11398400366306305
gather:  73.1223373413086
cache:  5.560416221618652
transfer:  21.215551376342773
forward:  2.4663360118865967
backward:  1.462272047996521
free:  6.387968063354492
8000
sampling:  0.12726399302482605
gather:  52.51785659790039
cache:  2.693631887435913
transfer:  22.26767921447754
forward:  2.474400043487549
backward:  1.4633280038833618
free:  6.1473917961120605
Step 3: Done
=========================== Total Stat ===========================
dataset: ogbn_products_extended, sb-size: 8800, batch-size: 1000, nc-size: 45.0GB, fc-size: 50.0GB, zstd: False, khop: 1
Part 1: sb_sample_times pass_1_and_2_times pass_3_times
692.9205
716.2833
50.5213
548.0835
==================================================================
Part 2: inspect_time switch_time sampling_time gather_time cache_time transfer_time forward_time backward_time free_time
792.8910
134.2718
0.9907
589.9510
40.7047
191.4145
22.2516
14.7273
58.7429
==================================================================
Current superbatch ended
Epoch 00, Loss: 0.0003, Approx. Train: 0.3992
Epoch time: 2582693.2688 ms
