Preparing dataset...
Done!

==============================
Running Epoch 0...
Running 0th superbatch of total 19 superbatches
Step 1: Superbatch Sample
[run_ginex.py] sb_sample time = 88.9101927280426
Step 1: Done
inspect_time = 106160.5
Running 1th superbatch of total 19 superbatches
Step 1: Superbatch Sample
Loading ids...
Done!
Pass 1: calculating frequency and initial cache indices...
Done!
Pass 2: making two key data structures (iterptr & iters)...
Done!
pass_1_and_2 time = 11.960559368133545
[run_ginex.py] pass_1_and_2 time = 11.96064805984497
Pass 3: Computing changesets...
Done!
pass_3 time = 212.39608573913574
[run_ginex.py] pass_3 time = 212.39622402191162
[run_ginex.py] sb_sample time = 260.62707781791687
Step 1: Done
inspect_time = 291592.0625
Step 2: Switch
Step 2: Done
Step 3: Main Loop
0
sampling:  0.12886400520801544
gather:  87.21398162841797
cache:  15.233375549316406
transfer:  213.85987854003906
forward:  258.10345458984375
backward:  193.12229919433594
free:  49.711360931396484
1000
sampling:  0.04684799909591675
gather:  0.02319999970495701
cache:  0.05008000135421753
transfer:  20.00169563293457
forward:  3.1519999504089355
backward:  2.4944639205932617
free:  4.480256080627441
2000
sampling:  0.111455999314785
gather:  29.250879287719727
cache:  4.180480003356934
transfer:  17.558656692504883
forward:  4.351071834564209
backward:  3.5635199546813965
free:  7.0676798820495605
3000
sampling:  0.11884800344705582
gather:  17.125823974609375
cache:  2.2144320011138916
transfer:  18.680639266967773
forward:  3.87990403175354
backward:  2.7852799892425537
free:  4.506752014160156
4000
sampling:  0.11513599753379822
gather:  22.37673568725586
cache:  2.194688081741333
transfer:  19.888383865356445
forward:  4.448671817779541
backward:  2.909183979034424
free:  5.808063983917236
5000
sampling:  0.14259199798107147
gather:  16.173728942871094
cache:  3.0231680870056152
transfer:  20.06617546081543
forward:  4.627391815185547
backward:  3.6229119300842285
free:  4.4817280769348145
Step 3: Done
=========================== Total Stat ===========================
dataset: twitter_extended_6, sb-size: 5400, batch-size: 250, nc-size: 45.0GB, fc-size: 50.0GB, zstd: False, khop: 1
Part 1: sb_sample_times pass_1_and_2_times pass_3_times
88.9102
260.6271
11.9606
212.3962
==================================================================
Part 2: inspect_time switch_time sampling_time gather_time cache_time transfer_time forward_time backward_time free_time
291.5921
84.3035
0.6142
71.4600
10.4061
105.5735
22.3189
17.5994
27.5364
==================================================================
Current superbatch ended
Epoch 00, Loss: 0.0001, Approx. Train: 0.0540
Epoch time: 756845.1364 ms
