Preparing dataset...
Done!

==============================
Running Epoch 0...
Running 0th superbatch of total 3 superbatches
Step 1: Superbatch Sample
[run_ginex.py] sb_sample time = 133.99388694763184
Step 1: Done
inspect_time = 151383.03125
Running 1th superbatch of total 3 superbatches
Step 1: Superbatch Sample
Loading ids...
Done!
Pass 1: calculating frequency and initial cache indices...
Done!
Pass 2: making two key data structures (iterptr & iters)...
Done!
pass_1_and_2 time = 30.366605520248413
[run_ginex.py] pass_1_and_2 time = 30.36665153503418
Pass 3: Computing changesets...
Done!
pass_3 time = 1303.2760980129242
[run_ginex.py] pass_3 time = 1303.2762842178345
[run_ginex.py] sb_sample time = 1366.420761346817
Step 1: Done
inspect_time = 1414670.5
Step 2: Switch
Step 2: Done
Step 3: Main Loop
0
sampling:  0.15494400262832642
gather:  152.5122528076172
cache:  21.656320571899414
transfer:  252.69187927246094
forward:  312.8421630859375
backward:  189.85574340820312
free:  29.16975975036621
1000
sampling:  0.09593600034713745
gather:  7.031680107116699
cache:  1.158911943435669
transfer:  11.205087661743164
forward:  1.6151039600372314
backward:  1.789952039718628
free:  2.851263999938965
2000
sampling:  0.06745599955320358
gather:  0.03510399907827377
cache:  0.12265600264072418
transfer:  9.031776428222656
forward:  1.4559999704360962
backward:  2.425856113433838
free:  5.933919906616211
3000
sampling:  0.18160000443458557
gather:  33.7690544128418
cache:  3.416896104812622
transfer:  15.614080429077148
forward:  2.371551990509033
backward:  3.9034879207611084
free:  4.2329277992248535
4000
sampling:  0.15302400290966034
gather:  24.771648406982422
cache:  4.333312034606934
transfer:  12.911487579345703
forward:  2.278559923171997
backward:  2.209791898727417
free:  0.2799359858036041
5000
sampling:  0.11529599875211716
gather:  26.28646469116211
cache:  2.4115519523620605
transfer:  12.793631553649902
forward:  2.388511896133423
backward:  3.486720085144043
free:  4.6157121658325195
6000
sampling:  0.17494399845600128
gather:  29.483423233032227
cache:  1.928096055984497
transfer:  13.857760429382324
forward:  2.5076160430908203
backward:  4.66534423828125
free:  3.714143991470337
7000
sampling:  0.17817600071430206
gather:  24.478784561157227
cache:  7.36729621887207
transfer:  14.470911979675293
forward:  3.6770238876342773
backward:  2.771967887878418
free:  3.736191987991333
8000
sampling:  0.0931520015001297
gather:  22.64009666442871
cache:  0.601855993270874
transfer:  14.899871826171875
forward:  2.262592077255249
backward:  2.273279905319214
free:  4.303167819976807
9000
sampling:  0.179967999458313
gather:  14.395744323730469
cache:  0.863968014717102
transfer:  16.083967208862305
forward:  2.2716479301452637
backward:  1.6732159852981567
free:  0.23603199422359467
10000
sampling:  0.1324159950017929
gather:  26.73129653930664
cache:  0.6974719762802124
transfer:  13.216992378234863
forward:  2.7881920337677
backward:  4.513792037963867
free:  4.835999965667725
11000
sampling:  0.178847998380661
gather:  19.25116729736328
cache:  5.267583847045898
transfer:  13.070976257324219
forward:  2.450079917907715
backward:  5.016575813293457
free:  5.059423923492432
12000
sampling:  0.1987839937210083
gather:  17.46771240234375
cache:  3.5874879360198975
transfer:  12.912128448486328
forward:  4.331520080566406
backward:  3.2675840854644775
free:  3.5051519870758057
13000
sampling:  0.16185599565505981
gather:  22.106943130493164
cache:  1.9453120231628418
transfer:  11.393024444580078
forward:  4.112480163574219
backward:  3.6659200191497803
free:  3.7798080444335938
14000
sampling:  0.19734400510787964
gather:  28.54252815246582
cache:  0.7826240062713623
transfer:  13.674976348876953
forward:  3.877471923828125
backward:  3.3812479972839355
free:  5.912064075469971
15000
sampling:  0.20531199872493744
gather:  21.6615047454834
cache:  1.9493759870529175
transfer:  11.720416069030762
forward:  4.350624084472656
backward:  4.244480133056641
free:  4.358784198760986
16000
sampling:  0.17190399765968323
gather:  25.243328094482422
cache:  11.49824047088623
transfer:  10.825183868408203
forward:  1.9339840412139893
backward:  2.092031955718994
free:  4.2712321281433105
17000
sampling:  0.16409599781036377
gather:  21.191007614135742
cache:  1.9160000085830688
transfer:  13.285920143127441
forward:  3.132927894592285
backward:  2.8631041049957275
free:  4.818143844604492
18000
sampling:  0.1573439985513687
gather:  24.009471893310547
cache:  2.1249918937683105
transfer:  13.627936363220215
forward:  2.506495952606201
backward:  3.7744638919830322
free:  3.838815927505493
19000
sampling:  0.16332800686359406
gather:  18.04649543762207
cache:  2.175136089324951
transfer:  11.497695922851562
forward:  7.152480125427246
backward:  4.654079914093018
free:  5.229536056518555
20000
sampling:  0.10918399691581726
gather:  21.924543380737305
cache:  1.9229439496994019
transfer:  13.791359901428223
forward:  2.563391923904419
backward:  2.3746559619903564
free:  3.48470401763916
21000
sampling:  0.1125119999051094
gather:  20.60326385498047
cache:  1.9706239700317383
transfer:  13.658592224121094
forward:  3.1419520378112793
backward:  2.851871967315674
free:  3.759392023086548
Step 3: Done
=========================== Total Stat ===========================
dataset: twitter_extended_6, sb-size: 21600, batch-size: 500, nc-size: 45.0GB, fc-size: 50.0GB, zstd: False, khop: 1
Part 1: sb_sample_times pass_1_and_2_times pass_3_times
133.9939
1366.4208
30.3667
1303.2763
==================================================================
Part 2: inspect_time switch_time sampling_time gather_time cache_time transfer_time forward_time backward_time free_time
1414.6705
83.6257
3.4689
483.9079
52.4155
293.6281
67.3926
72.6422
87.3460
==================================================================
Current superbatch ended
Epoch 00, Loss: 0.0001, Approx. Train: 0.4321
Epoch time: 2814991.5104 ms
