Preparing dataset...
Done!

==============================
Running Epoch 0...
Running 0th superbatch of total 2 superbatches
Step 1: Superbatch Sample
[run_ginex.py] sb_sample time = 251.7279441356659
Step 1: Done
inspect_time = 270062.03125
Running 1th superbatch of total 2 superbatches
Step 1: Superbatch Sample
Loading ids...
Done!
Pass 1: calculating frequency and initial cache indices...
Done!
Pass 2: making two key data structures (iterptr & iters)...
Done!
pass_1_and_2 time = 114.41808819770813
[run_ginex.py] pass_1_and_2 time = 114.41813659667969
Pass 3: Computing changesets...
Done!
pass_3 time = 1761.706476688385
[run_ginex.py] pass_3 time = 1761.7068541049957
[run_ginex.py] sb_sample time = 1830.3429970741272
Step 1: Done
inspect_time = 1970068.375
Step 2: Switch
Step 2: Done
Step 3: Main Loop
0
sampling:  0.12191999703645706
gather:  183.7488250732422
cache:  25.322879791259766
transfer:  271.7440185546875
forward:  464.80938720703125
backward:  168.6947784423828
free:  23.941823959350586
1000
sampling:  0.0843840017914772
gather:  0.041471999138593674
cache:  0.08630400151014328
transfer:  5.7045440673828125
forward:  1.7911039590835571
backward:  1.926144003868103
free:  0.21379199624061584
2000
sampling:  0.09699200093746185
gather:  0.05987200140953064
cache:  0.09670399874448776
transfer:  5.582848072052002
forward:  1.9824320077896118
backward:  2.35315203666687
free:  0.32387199997901917
3000
sampling:  0.07222399860620499
gather:  0.05628800019621849
cache:  0.0785600021481514
transfer:  5.622655868530273
forward:  1.6909120082855225
backward:  1.8718719482421875
free:  0.2104959934949875
4000
sampling:  0.09801600128412247
gather:  0.047200001776218414
cache:  0.1000640019774437
transfer:  5.092512130737305
forward:  1.725119948387146
backward:  1.8411519527435303
free:  0.22575999796390533
5000
sampling:  0.06563200056552887
gather:  0.04022400081157684
cache:  0.07072000205516815
transfer:  5.285312175750732
forward:  1.7137279510498047
backward:  2.3562560081481934
free:  0.3737280070781708
6000
sampling:  0.05827200040221214
gather:  0.02953599952161312
cache:  0.06972800195217133
transfer:  6.5425920486450195
forward:  2.4672000408172607
backward:  5.463039875030518
free:  0.5702080130577087
7000
sampling:  9.1845121383667
gather:  6.801184177398682
cache:  0.9666240215301514
transfer:  5.73740816116333
forward:  2.088223934173584
backward:  5.134335994720459
free:  0.487744003534317
8000
sampling:  15.341535568237305
gather:  0.12188799679279327
cache:  0.6755840182304382
transfer:  7.950496196746826
forward:  3.366624116897583
backward:  3.0576961040496826
free:  0.28732800483703613
9000
sampling:  8.782624244689941
gather:  3.9588799476623535
cache:  0.11484800279140472
transfer:  7.031807899475098
forward:  4.876607894897461
backward:  2.8201279640197754
free:  0.2714560031890869
10000
sampling:  0.09296000003814697
gather:  2.1057279109954834
cache:  0.1679680049419403
transfer:  6.07916784286499
forward:  1.9201279878616333
backward:  3.7652480602264404
free:  0.4692800045013428
11000
sampling:  0.24377599358558655
gather:  3.4154560565948486
cache:  0.9514880180358887
transfer:  5.499263763427734
forward:  1.7670400142669678
backward:  5.476352214813232
free:  0.519648015499115
12000
sampling:  0.07347200065851212
gather:  0.08736000210046768
cache:  0.8253120183944702
transfer:  6.654655933380127
forward:  2.1933441162109375
backward:  2.641887903213501
free:  0.2168319970369339
13000
sampling:  0.06419199705123901
gather:  2.55184006690979
cache:  0.1250240057706833
transfer:  4.234687805175781
forward:  2.834239959716797
backward:  2.5353920459747314
free:  0.1656000018119812
14000
sampling:  0.13046400249004364
gather:  0.06374400109052658
cache:  0.8458240032196045
transfer:  6.374879837036133
forward:  2.102463960647583
backward:  5.338111877441406
free:  0.9517120122909546
15000
sampling:  0.09388799965381622
gather:  0.03968000039458275
cache:  0.091839998960495
transfer:  5.8178558349609375
forward:  1.9380160570144653
backward:  1.9220800399780273
free:  0.21187199652194977
16000
sampling:  0.16867199540138245
gather:  0.08934400230646133
cache:  0.15987199544906616
transfer:  5.9271039962768555
forward:  1.8649280071258545
backward:  1.3137919902801514
free:  0.3019520044326782
17000
sampling:  0.11292800307273865
gather:  0.04364800080657005
cache:  0.09219200164079666
transfer:  5.5305280685424805
forward:  1.8244800567626953
backward:  2.137120008468628
free:  0.3222399950027466
18000
sampling:  0.1297599971294403
gather:  3.1089279651641846
cache:  0.8344320058822632
transfer:  6.748991966247559
forward:  2.1827518939971924
backward:  6.312960147857666
free:  0.3718079924583435
19000
sampling:  0.12223999947309494
gather:  18.33171272277832
cache:  7.353631973266602
transfer:  8.316512107849121
forward:  2.053823947906494
backward:  2.6869759559631348
free:  0.40796801447868347
20000
sampling:  0.16099199652671814
gather:  12.500703811645508
cache:  3.1788480281829834
transfer:  10.832832336425781
forward:  2.016832113265991
backward:  1.511423945426941
free:  0.2199680060148239
21000
sampling:  0.1353279948234558
gather:  14.903327941894531
cache:  2.680864095687866
transfer:  7.575776100158691
forward:  2.006175994873047
backward:  1.7551360130310059
free:  0.2708800137042999
Step 3: Done
=========================== Total Stat ===========================
dataset: twitter_extended_6, sb-size: 21600, batch-size: 1000, nc-size: 45.0GB, fc-size: 50.0GB, zstd: False, khop: 1
Part 1: sb_sample_times pass_1_and_2_times pass_3_times
251.7279
1830.3430
114.4181
1761.7069
==================================================================
Part 2: inspect_time switch_time sampling_time gather_time cache_time transfer_time forward_time backward_time free_time
1970.0684
218.7988
47.1257
108.0143
15.5955
146.7117
55.0036
67.1148
8.3242
==================================================================
Current superbatch ended
Epoch 00, Loss: 0.0005, Approx. Train: 0.8643
Epoch time: 2962834.2965 ms
