Preparing dataset...
Done!

==============================
Running Epoch 0...
Running 0th superbatch of total 2 superbatches
Step 1: Superbatch Sample
[run_ginex.py] sb_sample time = 189.72738933563232
Step 1: Done
inspect_time = 207410.90625
Running 1th superbatch of total 2 superbatches
Step 1: Superbatch Sample
Loading ids...
Done!
Pass 1: calculating frequency and initial cache indices...
Done!
Pass 2: making two key data structures (iterptr & iters)...
Done!
pass_1_and_2 time = 39.13155460357666
[run_ginex.py] pass_1_and_2 time = 39.1316020488739
Pass 3: Computing changesets...
Done!
pass_3 time = 1460.1867728233337
[run_ginex.py] pass_3 time = 1460.1872622966766
[run_ginex.py] sb_sample time = 1526.7416083812714
Step 1: Done
inspect_time = 1585742.375
Step 2: Switch
Step 2: Done
Step 3: Main Loop
0
sampling:  0.12668800354003906
gather:  184.61331176757812
cache:  23.666912078857422
transfer:  261.73577880859375
forward:  346.59375
backward:  224.5560302734375
free:  29.246496200561523
1000
sampling:  0.09491200000047684
gather:  0.04608000069856644
cache:  0.08972799777984619
transfer:  18.065759658813477
forward:  2.291167974472046
backward:  2.1483519077301025
free:  4.3679680824279785
2000
sampling:  0.18006399273872375
gather:  49.710975646972656
cache:  3.925663948059082
transfer:  18.862783432006836
forward:  3.3550400733947754
backward:  2.3009281158447266
free:  4.448319911956787
3000
sampling:  0.20496000349521637
gather:  47.94918441772461
cache:  3.3715200424194336
transfer:  17.8437442779541
forward:  2.1677439212799072
backward:  2.683903932571411
free:  4.18998384475708
4000
sampling:  0.1815039962530136
gather:  45.754878997802734
cache:  1.5376960039138794
transfer:  20.93071937561035
forward:  2.5369279384613037
backward:  2.3152639865875244
free:  4.765920162200928
5000
sampling:  0.18137599527835846
gather:  34.170814514160156
cache:  2.316416025161743
transfer:  19.840576171875
forward:  2.4879679679870605
backward:  1.516543984413147
free:  4.5681281089782715
6000
sampling:  0.21568000316619873
gather:  32.93766403198242
cache:  6.157440185546875
transfer:  17.85318374633789
forward:  2.49289608001709
backward:  3.2972800731658936
free:  5.833471775054932
7000
sampling:  0.173567995429039
gather:  28.736095428466797
cache:  1.9291199445724487
transfer:  19.962400436401367
forward:  2.4136641025543213
backward:  2.9276158809661865
free:  4.953023910522461
8000
sampling:  0.19968000054359436
gather:  22.126911163330078
cache:  2.3516480922698975
transfer:  16.40345573425293
forward:  6.289567947387695
backward:  5.489664077758789
free:  5.795616149902344
9000
sampling:  0.14556799829006195
gather:  38.33087921142578
cache:  7.312511920928955
transfer:  20.110687255859375
forward:  2.515199899673462
backward:  2.5681920051574707
free:  3.736543893814087
10000
sampling:  0.15667200088500977
gather:  42.47395324707031
cache:  0.8654720187187195
transfer:  18.831584930419922
forward:  2.8268160820007324
backward:  4.780032157897949
free:  6.876863956451416
11000
sampling:  0.14787200093269348
gather:  39.02774429321289
cache:  7.2923197746276855
transfer:  15.41004753112793
forward:  2.105087995529175
backward:  2.698240041732788
free:  4.128896236419678
12000
sampling:  0.11423999816179276
gather:  30.201248168945312
cache:  0.7451519966125488
transfer:  20.016000747680664
forward:  2.175071954727173
backward:  2.1503679752349854
free:  4.632063865661621
13000
sampling:  0.18863999843597412
gather:  30.368032455444336
cache:  2.342655897140503
transfer:  19.468671798706055
forward:  2.5449600219726562
backward:  3.3669118881225586
free:  4.0695037841796875
14000
sampling:  0.12745599448680878
gather:  29.601791381835938
cache:  1.8192960023880005
transfer:  19.335424423217773
forward:  2.2713279724121094
backward:  2.144256114959717
free:  5.132607936859131
15000
sampling:  0.16515199840068817
gather:  37.11830520629883
cache:  6.0971198081970215
transfer:  19.640384674072266
forward:  2.597599983215332
backward:  2.2476799488067627
free:  4.647744178771973
16000
sampling:  0.1918720006942749
gather:  35.22163009643555
cache:  2.949120044708252
transfer:  17.458240509033203
forward:  2.337984085083008
backward:  6.774784088134766
free:  4.6569600105285645
17000
sampling:  0.16444799304008484
gather:  33.3455696105957
cache:  1.0223679542541504
transfer:  19.056991577148438
forward:  2.2056961059570312
backward:  2.717695951461792
free:  5.398015975952148
18000
sampling:  0.14723199605941772
gather:  31.46028709411621
cache:  1.2593599557876587
transfer:  16.13804817199707
forward:  2.12937593460083
backward:  3.289088010787964
free:  4.4205121994018555
19000
sampling:  0.2035519927740097
gather:  35.99251174926758
cache:  1.8367999792099
transfer:  18.408287048339844
forward:  5.383327960968018
backward:  3.2952001094818115
free:  5.723135948181152
20000
sampling:  0.16732800006866455
gather:  26.440895080566406
cache:  5.137279987335205
transfer:  17.24176025390625
forward:  2.540992021560669
backward:  5.345280170440674
free:  4.633471965789795
21000
sampling:  0.17740799486637115
gather:  40.07516860961914
cache:  2.408479928970337
transfer:  20.76838493347168
forward:  2.253312110900879
backward:  3.1057920455932617
free:  6.302591800689697
Step 3: Done
=========================== Total Stat ===========================
dataset: twitter_extended_6, sb-size: 21600, batch-size: 740, nc-size: 45.0GB, fc-size: 50.0GB, zstd: False, khop: 1
Part 1: sb_sample_times pass_1_and_2_times pass_3_times
189.7274
1526.7416
39.1316
1460.1873
==================================================================
Part 2: inspect_time switch_time sampling_time gather_time cache_time transfer_time forward_time backward_time free_time
1585.7424
84.9915
3.5685
711.1986
56.7832
396.1240
56.7272
66.2016
110.2208
==================================================================
Current superbatch ended
Epoch 00, Loss: 0.0002, Approx. Train: 0.6396
Epoch time: 3386660.4726 ms
