Preparing dataset...
Done!

==============================
Running Epoch 0...
Running 0th superbatch of total 5 superbatches
Step 1: Superbatch Sample
[run_ginex.py] sb_sample time = 77.64366841316223
Step 1: Done
inspect_time = 95189.1484375
Running 1th superbatch of total 5 superbatches
Step 1: Superbatch Sample
Loading ids...
Done!
Pass 1: calculating frequency and initial cache indices...
Done!
Pass 2: making two key data structures (iterptr & iters)...
Done!
pass_1_and_2 time = 24.2856662273407
[run_ginex.py] pass_1_and_2 time = 24.285710334777832
Pass 3: Computing changesets...
Done!
pass_3 time = 841.179372549057
[run_ginex.py] pass_3 time = 841.1794452667236
[run_ginex.py] sb_sample time = 892.6197645664215
Step 1: Done
inspect_time = 934517.0
Step 2: Switch
Step 2: Done
Step 3: Main Loop
0
sampling:  0.13196800649166107
gather:  55.50038528442383
cache:  15.678272247314453
transfer:  192.07241821289062
forward:  296.84112548828125
backward:  196.3909149169922
free:  36.2119026184082
1000
sampling:  0.12415999919176102
gather:  0.077504001557827
cache:  0.12940800189971924
transfer:  5.909311771392822
forward:  2.1825919151306152
backward:  2.0480000972747803
free:  4.687359809875488
2000
sampling:  0.12163200229406357
gather:  0.05753599852323532
cache:  0.10179200023412704
transfer:  4.965216159820557
forward:  1.1216959953308105
backward:  1.388543963432312
free:  3.644864082336426
3000
sampling:  0.15520000457763672
gather:  0.05558399856090546
cache:  0.09628800302743912
transfer:  7.134975910186768
forward:  3.164383888244629
backward:  2.9470720291137695
free:  1.726304054260254
4000
sampling:  0.07827199995517731
gather:  0.5758399963378906
cache:  1.8907519578933716
transfer:  7.0972161293029785
forward:  2.3355839252471924
backward:  3.7857279777526855
free:  1.997920036315918
5000
sampling:  0.06294400244951248
gather:  0.027327999472618103
cache:  0.06255999952554703
transfer:  4.988800048828125
forward:  1.0427520275115967
backward:  1.5083520412445068
free:  1.3167359828948975
6000
sampling:  0.12336000055074692
gather:  19.571680068969727
cache:  3.9059200286865234
transfer:  6.138304233551025
forward:  1.8791680335998535
backward:  3.5921919345855713
free:  2.2996160984039307
7000
sampling:  0.13711999356746674
gather:  18.242048263549805
cache:  1.9544960260391235
transfer:  8.966464042663574
forward:  3.492448091506958
backward:  4.50764799118042
free:  3.49836802482605
8000
sampling:  0.17257599532604218
gather:  12.031583786010742
cache:  4.605567932128906
transfer:  7.660031795501709
forward:  1.8539520502090454
backward:  2.1381120681762695
free:  3.010175943374634
9000
sampling:  0.1475519984960556
gather:  15.074463844299316
cache:  1.3099839687347412
transfer:  6.906271934509277
forward:  2.731328010559082
backward:  4.724736213684082
free:  3.470911979675293
10000
sampling:  0.20492799580097198
gather:  11.855039596557617
cache:  1.6057599782943726
transfer:  11.383968353271484
forward:  3.460479974746704
backward:  3.434528112411499
free:  3.5721919536590576
11000
sampling:  0.14681600034236908
gather:  11.230048179626465
cache:  3.0066559314727783
transfer:  9.677696228027344
forward:  3.2349119186401367
backward:  4.092927932739258
free:  2.990367889404297
12000
sampling:  0.1613440066576004
gather:  12.894144058227539
cache:  1.6804159879684448
transfer:  9.463616371154785
forward:  3.203104019165039
backward:  2.1688320636749268
free:  2.027168035507202
13000
sampling:  0.11980800330638885
gather:  13.004128456115723
cache:  1.4201279878616333
transfer:  6.304736137390137
forward:  1.7986880540847778
backward:  2.549760103225708
free:  2.969183921813965
14000
sampling:  0.14022399485111237
gather:  11.233280181884766
cache:  0.6152960062026978
transfer:  12.470175743103027
forward:  3.73907208442688
backward:  2.0828158855438232
free:  2.8671679496765137
15000
sampling:  0.13212800025939941
gather:  9.284192085266113
cache:  0.4869439899921417
transfer:  8.879487991333008
forward:  4.5381760597229
backward:  2.3562240600585938
free:  2.610719919204712
16000
sampling:  0.13526399433612823
gather:  9.956768035888672
cache:  0.6011840105056763
transfer:  10.07913589477539
forward:  3.691488027572632
backward:  3.234816074371338
free:  2.773344039916992
17000
sampling:  0.17228800058364868
gather:  11.871199607849121
cache:  3.8128321170806885
transfer:  10.844991683959961
forward:  2.1715199947357178
backward:  3.299328088760376
free:  3.4535040855407715
18000
sampling:  0.1555200070142746
gather:  11.609824180603027
cache:  1.5093120336532593
transfer:  6.519167900085449
forward:  2.359391927719116
backward:  5.2500481605529785
free:  3.772320032119751
19000
sampling:  0.17289599776268005
gather:  13.207008361816406
cache:  3.039328098297119
transfer:  6.881984233856201
forward:  4.492095947265625
backward:  4.349952220916748
free:  3.5912320613861084
20000
sampling:  0.2165440022945404
gather:  3.5229759216308594
cache:  1.697376012802124
transfer:  7.156064033508301
forward:  4.047008037567139
backward:  3.123199939727783
free:  0.36374399065971375
21000
sampling:  0.08585599809885025
gather:  3.6645760536193848
cache:  1.2599040269851685
transfer:  10.246272087097168
forward:  2.372767925262451
backward:  2.195456027984619
free:  0.30854400992393494
Step 3: Done
=========================== Total Stat ===========================
dataset: twitter_extended_6, sb-size: 21600, batch-size: 250, nc-size: 45.0GB, fc-size: 50.0GB, zstd: False, khop: 1
Part 1: sb_sample_times pass_1_and_2_times pass_3_times
77.6437
892.6198
24.2857
841.1794
==================================================================
Part 2: inspect_time switch_time sampling_time gather_time cache_time transfer_time forward_time backward_time free_time
934.5170
86.9447
3.2707
206.5982
40.5393
181.0591
68.3597
68.8829
54.3063
==================================================================
Current superbatch ended
Epoch 00, Loss: 0.0001, Approx. Train: 0.2161
Epoch time: 1835330.2779 ms
