Preparing dataset...
Done!

==============================
Running Epoch 0...
Running 0th superbatch of total 2 superbatches
Step 1: Superbatch Sample
[run_ginex.py] sb_sample time = 248.98593759536743
Step 1: Done
inspect_time = 266652.875
Running 1th superbatch of total 2 superbatches
Step 1: Superbatch Sample
Loading ids...
Done!
Pass 1: calculating frequency and initial cache indices...
Done!
Pass 2: making two key data structures (iterptr & iters)...
Done!
pass_1_and_2 time = 46.010798931121826
[run_ginex.py] pass_1_and_2 time = 46.01084756851196
Pass 3: Computing changesets...
Done!
pass_3 time = 866.8821048736572
[run_ginex.py] pass_3 time = 866.8828632831573
[run_ginex.py] sb_sample time = 931.854040145874
Step 1: Done
inspect_time = 1002520.75
Step 2: Switch
Step 2: Done
Step 3: Main Loop
0
sampling:  0.14000000059604645
gather:  349.1543884277344
cache:  15.083968162536621
transfer:  501.3958740234375
forward:  578.422119140625
backward:  264.0875549316406
free:  52.54844665527344
1000
sampling:  0.20895999670028687
gather:  56.029151916503906
cache:  6.143360137939453
transfer:  39.050785064697266
forward:  2.9700160026550293
backward:  1.7049599885940552
free:  9.053983688354492
2000
sampling:  0.19935999810695648
gather:  46.16294479370117
cache:  2.903712034225464
transfer:  44.238433837890625
forward:  2.9249279499053955
backward:  1.656831979751587
free:  9.369983673095703
3000
sampling:  0.13840000331401825
gather:  44.50352096557617
cache:  4.7684478759765625
transfer:  42.066593170166016
forward:  2.9072320461273193
backward:  1.6087039709091187
free:  8.870816230773926
4000
sampling:  0.1725119948387146
gather:  41.82175827026367
cache:  8.402624130249023
transfer:  43.314239501953125
forward:  2.946432113647461
backward:  1.6465920209884644
free:  9.320480346679688
5000
sampling:  0.11215999722480774
gather:  33.161983489990234
cache:  2.6466240882873535
transfer:  42.10268783569336
forward:  2.857151985168457
backward:  1.5892479419708252
free:  8.714688301086426
6000
sampling:  0.18211199343204498
gather:  42.932926177978516
cache:  1.9953919649124146
transfer:  40.09030532836914
forward:  3.141279935836792
backward:  1.8995200395584106
free:  9.149215698242188
7000
sampling:  0.1324480026960373
gather:  41.54848098754883
cache:  4.1135358810424805
transfer:  41.15580749511719
forward:  2.978015899658203
backward:  1.6588799953460693
free:  9.087167739868164
8000
sampling:  0.1488959938287735
gather:  41.2367057800293
cache:  2.7649600505828857
transfer:  41.89104080200195
forward:  2.881216049194336
backward:  1.7305599451065063
free:  8.832768440246582
9000
sampling:  0.17254400253295898
gather:  51.143489837646484
cache:  3.1653120517730713
transfer:  49.262847900390625
forward:  3.036223888397217
backward:  1.6998399496078491
free:  9.192447662353516
10000
sampling:  0.14681600034236908
gather:  43.08329772949219
cache:  9.301216125488281
transfer:  40.75222396850586
forward:  2.9691519737243652
backward:  1.6578559875488281
free:  9.206080436706543
11000
sampling:  0.1802240014076233
gather:  39.203582763671875
cache:  3.779167890548706
transfer:  41.97817611694336
forward:  2.8558719158172607
backward:  1.628159999847412
free:  9.082880020141602
12000
sampling:  0.18675200641155243
gather:  52.63779067993164
cache:  2.8038721084594727
transfer:  43.48019027709961
forward:  3.0654079914093018
backward:  1.661952018737793
free:  9.298527717590332
13000
sampling:  0.10204800218343735
gather:  36.436927795410156
cache:  3.2884159088134766
transfer:  41.65167999267578
forward:  2.96995210647583
backward:  1.748960018157959
free:  9.177663803100586
14000
sampling:  0.20188799500465393
gather:  46.76931381225586
cache:  9.289888381958008
transfer:  40.64204788208008
forward:  3.4230079650878906
backward:  1.605631947517395
free:  8.453760147094727
15000
sampling:  0.13769599795341492
gather:  38.21379089355469
cache:  3.11897611618042
transfer:  40.58822250366211
forward:  2.995136022567749
backward:  1.6711679697036743
free:  8.482048034667969
16000
sampling:  0.13734400272369385
gather:  32.92067337036133
cache:  2.6449921131134033
transfer:  38.74496078491211
forward:  3.081183910369873
backward:  1.8176000118255615
free:  9.227775573730469
17000
sampling:  0.15251199901103973
gather:  40.31657409667969
cache:  3.2934720516204834
transfer:  39.98198318481445
forward:  3.2514240741729736
backward:  1.6005120277404785
free:  8.049504280090332
18000
sampling:  0.15887999534606934
gather:  42.097984313964844
cache:  2.9694719314575195
transfer:  41.54719924926758
forward:  3.0568320751190186
backward:  1.8954240083694458
free:  8.945599555969238
19000
sampling:  0.18508799374103546
gather:  40.95052719116211
cache:  3.1507840156555176
transfer:  42.94303894042969
forward:  2.9461119174957275
backward:  1.652735948562622
free:  8.99392032623291
20000
sampling:  0.14268800616264343
gather:  44.78179168701172
cache:  3.7147839069366455
transfer:  40.5676155090332
forward:  2.9200000762939453
backward:  1.628159999847412
free:  8.922687530517578
21000
sampling:  0.20236800611019135
gather:  44.87481689453125
cache:  4.238048076629639
transfer:  41.3721923828125
forward:  3.0132479667663574
backward:  1.8780159950256348
free:  9.166655540466309
Step 3: Done
=========================== Total Stat ===========================
dataset: twitter_extended_6, sb-size: 21600, batch-size: 1000, nc-size: 45.0GB, fc-size: 50.0GB, zstd: False, khop: 1
Part 1: sb_sample_times pass_1_and_2_times pass_3_times
248.9859
931.8540
46.0108
866.8829
==================================================================
Part 2: inspect_time switch_time sampling_time gather_time cache_time transfer_time forward_time backward_time free_time
1002.5208
52.5796
3.7086
916.8862
85.2365
905.3650
65.3571
36.9117
196.8466
==================================================================
Current superbatch ended
Epoch 00, Loss: 0.0002, Approx. Train: 0.8643
Epoch time: 3622887.5635 ms
