Preparing dataset...
Done!

==============================
Running Epoch 0...
Running 0th superbatch of total 19 superbatches
Step 1: Superbatch Sample
[run_ginex.py] sb_sample time = 47.34713339805603
Step 1: Done
inspect_time = 64611.6484375
Running 1th superbatch of total 19 superbatches
Step 1: Superbatch Sample
Loading ids...
Done!
Pass 1: calculating frequency and initial cache indices...
Done!
Pass 2: making two key data structures (iterptr & iters)...
Done!
pass_1_and_2 time = 8.391494035720825
[run_ginex.py] pass_1_and_2 time = 8.391583442687988
Pass 3: Computing changesets...
Done!
pass_3 time = 209.18803119659424
[run_ginex.py] pass_3 time = 209.18809938430786
[run_ginex.py] sb_sample time = 257.8688488006592
Step 1: Done
inspect_time = 285502.28125
Step 2: Switch
Step 2: Done
Step 3: Main Loop
0
sampling:  0.1297920048236847
gather:  62.54150390625
cache:  23.097280502319336
transfer:  251.66831970214844
forward:  251.6378173828125
backward:  218.01983642578125
free:  27.9835205078125
1000
sampling:  0.12086399644613266
gather:  0.05827200040221214
cache:  0.14963200688362122
transfer:  7.297664165496826
forward:  1.6155840158462524
backward:  1.5912959575653076
free:  4.962495803833008
2000
sampling:  0.8933119773864746
gather:  0.5405439734458923
cache:  0.11379200220108032
transfer:  12.688287734985352
forward:  1.9050559997558594
backward:  2.5169920921325684
free:  3.09552001953125
3000
sampling:  0.047231998294591904
gather:  0.023455999791622162
cache:  0.058111999183893204
transfer:  7.658720016479492
forward:  1.6851840019226074
backward:  2.4842240810394287
free:  3.822240114212036
4000
sampling:  0.14908799529075623
gather:  21.942495346069336
cache:  2.3794240951538086
transfer:  13.449824333190918
forward:  3.852544069290161
backward:  4.282368183135986
free:  4.034048080444336
5000
sampling:  0.19286400079727173
gather:  17.53980827331543
cache:  6.829631805419922
transfer:  8.721407890319824
forward:  3.4916160106658936
backward:  4.21068811416626
free:  4.089600086212158
Step 3: Done
=========================== Total Stat ===========================
dataset: twitter_extended_6, sb-size: 5400, batch-size: 250, nc-size: 45.0GB, fc-size: 50.0GB, zstd: False, khop: 1
Part 1: sb_sample_times pass_1_and_2_times pass_3_times
47.3471
257.8688
8.3916
209.1881
==================================================================
Part 2: inspect_time switch_time sampling_time gather_time cache_time transfer_time forward_time backward_time free_time
285.5023
83.1876
0.7126
40.4163
7.1931
46.2519
13.5896
17.2703
18.9466
==================================================================
Current superbatch ended
Epoch 00, Loss: 0.0001, Approx. Train: 0.0540
Epoch time: 598092.9923 ms
