Preparing dataset...
Done!

==============================
Running Epoch 0...
Running 0th superbatch of total 16 superbatches
Step 1: Superbatch Sample
[run_ginex.py] sb_sample time = 96.07297134399414
Step 1: Done
inspect_time = 113353.171875
Running 1th superbatch of total 16 superbatches
Step 1: Superbatch Sample
Loading ids...
Done!
Pass 1: calculating frequency and initial cache indices...
Done!
Pass 2: making two key data structures (iterptr & iters)...
Done!
pass_1_and_2 time = 9.035245180130005
[run_ginex.py] pass_1_and_2 time = 9.035313367843628
Pass 3: Computing changesets...
Done!
pass_3 time = 66.73017978668213
[run_ginex.py] pass_3 time = 66.73025751113892
[run_ginex.py] sb_sample time = 116.104483127594
Step 1: Done
inspect_time = 143966.140625
Step 2: Switch
Step 2: Done
Step 3: Main Loop
0
sampling:  0.15625600516796112
gather:  161.3267822265625
cache:  16.290111541748047
transfer:  1042.59912109375
forward:  274.64599609375
backward:  191.6037139892578
free:  58.64726257324219
1000
sampling:  0.258976012468338
gather:  65.69513702392578
cache:  4.870975971221924
transfer:  57.14499282836914
forward:  9.271807670593262
backward:  6.072351932525635
free:  12.254655838012695
Step 3: Done
=========================== Total Stat ===========================
dataset: twitter_extended_6, sb-size: 1600, batch-size: 1000, nc-size: 45.0GB, fc-size: 50.0GB, zstd: False, khop: 1
Part 1: sb_sample_times pass_1_and_2_times pass_3_times
96.0730
116.1045
9.0353
66.7303
==================================================================
Part 2: inspect_time switch_time sampling_time gather_time cache_time transfer_time forward_time backward_time free_time
143.9661
83.9082
0.2428
73.1828
7.8955
91.9079
14.6561
9.5959
20.2375
==================================================================
Current superbatch ended
Epoch 00, Loss: 0.0002, Approx. Train: 0.0640
Epoch time: 567018.9254 ms
