Preparing dataset...
Done!

==============================
Running Epoch 0...
Running 0th superbatch of total 2 superbatches
Step 1: Superbatch Sample
[run_ginex.py] sb_sample time = 251.17715978622437
Step 1: Done
inspect_time = 268989.4375
Running 1th superbatch of total 2 superbatches
Step 1: Superbatch Sample
Loading ids...
Done!
Pass 1: calculating frequency and initial cache indices...
Done!
Pass 2: making two key data structures (iterptr & iters)...
Done!
pass_1_and_2 time = 48.190890073776245
[run_ginex.py] pass_1_and_2 time = 48.190937519073486
Pass 3: Computing changesets...
Done!
pass_3 time = 1367.6909718513489
[run_ginex.py] pass_3 time = 1367.6913676261902
[run_ginex.py] sb_sample time = 1435.08043050766
Step 1: Done
inspect_time = 1507603.75
Step 2: Switch
Step 2: Done
Step 3: Main Loop
0
sampling:  0.10636799782514572
gather:  200.93052673339844
cache:  35.7393913269043
transfer:  209.46060180664062
forward:  390.51544189453125
backward:  226.4647674560547
free:  17.559999465942383
1000
sampling:  0.2298240065574646
gather:  1.4351680278778076
cache:  0.7079359889030457
transfer:  21.90825653076172
forward:  2.0828158855438232
backward:  1.8677760362625122
free:  4.691199779510498
2000
sampling:  0.1483840048313141
gather:  58.245697021484375
cache:  2.3624958992004395
transfer:  24.273056030273438
forward:  2.572256088256836
backward:  1.9568639993667603
free:  6.752831935882568
3000
sampling:  0.10419200360774994
gather:  56.88671875
cache:  13.606847763061523
transfer:  21.469152450561523
forward:  2.3111679553985596
backward:  1.556480050086975
free:  5.151072025299072
4000
sampling:  0.1297920048236847
gather:  38.18870544433594
cache:  1.2788159847259521
transfer:  23.886367797851562
forward:  2.3720641136169434
backward:  2.0736000537872314
free:  6.109280109405518
5000
sampling:  0.15955199301242828
gather:  40.59395217895508
cache:  19.479232788085938
transfer:  25.291296005249023
forward:  2.615679979324341
backward:  1.9865599870681763
free:  4.951712131500244
6000
sampling:  0.20080000162124634
gather:  37.486209869384766
cache:  5.5089921951293945
transfer:  24.337888717651367
forward:  2.470304012298584
backward:  1.7479679584503174
free:  5.8921918869018555
7000
sampling:  0.15465599298477173
gather:  45.77427291870117
cache:  2.4467520713806152
transfer:  23.853984832763672
forward:  2.415231943130493
backward:  2.504703998565674
free:  5.628416061401367
8000
sampling:  0.21129600703716278
gather:  40.667903900146484
cache:  5.1387200355529785
transfer:  22.401567459106445
forward:  2.478271961212158
backward:  4.05401611328125
free:  5.827968120574951
9000
sampling:  0.2242240011692047
gather:  42.93961715698242
cache:  2.4730560779571533
transfer:  19.86591911315918
forward:  2.2412478923797607
backward:  3.4652159214019775
free:  11.356800079345703
10000
sampling:  0.17299200594425201
gather:  46.89564895629883
cache:  1.5596799850463867
transfer:  24.225088119506836
forward:  2.6627519130706787
backward:  1.793023943901062
free:  5.588064193725586
11000
sampling:  0.2645759880542755
gather:  46.157344818115234
cache:  3.3812479972839355
transfer:  24.288480758666992
forward:  2.4165759086608887
backward:  2.061311960220337
free:  5.784224033355713
12000
sampling:  0.18886399269104004
gather:  48.49980926513672
cache:  5.036479949951172
transfer:  25.40880012512207
forward:  2.4112000465393066
backward:  1.674239993095398
free:  5.19923210144043
13000
sampling:  0.15331199765205383
gather:  43.42844772338867
cache:  2.643615961074829
transfer:  25.35628890991211
forward:  2.5719680786132812
backward:  1.7838079929351807
free:  5.457215785980225
14000
sampling:  0.19616000354290009
gather:  40.06460952758789
cache:  1.6735039949417114
transfer:  23.029024124145508
forward:  2.7211520671844482
backward:  2.3808000087738037
free:  5.5261759757995605
15000
sampling:  0.14243200421333313
gather:  37.98419189453125
cache:  2.4970879554748535
transfer:  25.349279403686523
forward:  2.4730238914489746
backward:  1.6005120277404785
free:  4.674816131591797
16000
sampling:  0.20019200444221497
gather:  43.994815826416016
cache:  2.8516480922698975
transfer:  24.464767456054688
forward:  2.4682559967041016
backward:  2.521087884902954
free:  5.112224102020264
17000
sampling:  0.13593600690364838
gather:  41.88662338256836
cache:  1.137984037399292
transfer:  24.6167049407959
forward:  2.6054399013519287
backward:  2.9286398887634277
free:  5.849855899810791
18000
sampling:  0.210207998752594
gather:  44.23878479003906
cache:  2.196063995361328
transfer:  25.82099151611328
forward:  2.5025599002838135
backward:  1.831936001777649
free:  4.938720226287842
19000
sampling:  0.166143998503685
gather:  39.77382278442383
cache:  1.5077760219573975
transfer:  26.76838493347168
forward:  2.4948160648345947
backward:  1.632256031036377
free:  5.365695953369141
20000
sampling:  0.1895039975643158
gather:  58.646785736083984
cache:  2.2578558921813965
transfer:  29.226720809936523
forward:  2.7243199348449707
backward:  2.697216033935547
free:  5.812575817108154
21000
sampling:  0.16495999693870544
gather:  44.12761688232422
cache:  3.175391912460327
transfer:  23.579967498779297
forward:  2.260607957839966
backward:  1.4407360553741455
free:  5.354464054107666
Step 3: Done
=========================== Total Stat ===========================
dataset: twitter_extended_6, sb-size: 21600, batch-size: 1000, nc-size: 45.0GB, fc-size: 50.0GB, zstd: False, khop: 1
Part 1: sb_sample_times pass_1_and_2_times pass_3_times
251.2
1435.1
48.2
1367.7
==================================================================
Part 2: inspect_time switch_time sampling_time gather_time cache_time transfer_time forward_time backward_time free_time
1507.6037
89.9537
3.7242
919.2176
66.2119
515.7822
54.9947
50.2294
125.7959
==================================================================
Current superbatch ended
Epoch 00, Loss: 0.0002, Approx. Train: 0.8643
Epoch time: 3703853.1415 ms
