Preparing dataset...
Done!

==============================
Running Epoch 0...
Running 0th superbatch of total 2 superbatches
Step 1: Superbatch Sample
[run_ginex.py] sb_sample time = 251.86128115653992
Step 1: Done
inspect_time = 269517.875
Running 1th superbatch of total 2 superbatches
Step 1: Superbatch Sample
Loading ids...
Done!
Pass 1: calculating frequency and initial cache indices...
Done!
Pass 2: making two key data structures (iterptr & iters)...
Done!
pass_1_and_2 time = 54.43882155418396
[run_ginex.py] pass_1_and_2 time = 54.43886876106262
Pass 3: Computing changesets...
Done!
pass_3 time = 1714.6378273963928
[run_ginex.py] pass_3 time = 1714.6383216381073
[run_ginex.py] sb_sample time = 1781.3540382385254
Step 1: Done
inspect_time = 1860296.75
Step 2: Switch
Step 2: Done
Step 3: Main Loop
0
sampling:  0.12092799693346024
gather:  204.2248992919922
cache:  15.360544204711914
transfer:  284.03778076171875
forward:  497.85284423828125
backward:  282.02392578125
free:  18.958112716674805
1000
sampling:  0.20838400721549988
gather:  0.15228800475597382
cache:  1.0743680000305176
transfer:  14.602975845336914
forward:  3.9519360065460205
backward:  10.911744117736816
free:  2.0698559284210205
2000
sampling:  0.1090560033917427
gather:  0.4751040041446686
cache:  0.710207998752594
transfer:  9.823391914367676
forward:  1.9563519954681396
backward:  1.7888959646224976
free:  2.5748798847198486
3000
sampling:  0.0549440011382103
gather:  0.03171199932694435
cache:  0.060095999389886856
transfer:  7.8363518714904785
forward:  1.804352045059204
backward:  3.664896011352539
free:  3.846208095550537
4000
sampling:  0.1419840008020401
gather:  49.34284973144531
cache:  1.314560055732727
transfer:  13.910143852233887
forward:  2.4320321083068848
backward:  2.7207679748535156
free:  4.319712162017822
5000
sampling:  0.20374399423599243
gather:  53.31747055053711
cache:  1.7441600561141968
transfer:  14.502464294433594
forward:  3.8193280696868896
backward:  5.016575813293457
free:  4.847775936126709
6000
sampling:  0.20876799523830414
gather:  43.669761657714844
cache:  2.1541121006011963
transfer:  14.364607810974121
forward:  2.512671947479248
backward:  2.7566399574279785
free:  3.693984031677246
7000
sampling:  0.12070400267839432
gather:  36.97328186035156
cache:  4.227104187011719
transfer:  11.564543724060059
forward:  2.3978559970855713
backward:  4.451295852661133
free:  3.752608060836792
8000
sampling:  0.17590400576591492
gather:  41.477664947509766
cache:  2.7536959648132324
transfer:  12.912991523742676
forward:  2.090303897857666
backward:  3.460063934326172
free:  4.28000020980835
9000
sampling:  0.16950400173664093
gather:  29.37798309326172
cache:  5.836095809936523
transfer:  10.61894416809082
forward:  1.8644479513168335
backward:  3.008512020111084
free:  5.479872226715088
10000
sampling:  0.20950399339199066
gather:  30.34899139404297
cache:  0.8431040048599243
transfer:  12.195487976074219
forward:  3.0014400482177734
backward:  4.510752201080322
free:  4.824160099029541
11000
sampling:  0.13990400731563568
gather:  29.844032287597656
cache:  1.978592038154602
transfer:  12.220383644104004
forward:  1.9618560075759888
backward:  11.030559539794922
free:  3.7514560222625732
12000
sampling:  0.19855999946594238
gather:  24.536287307739258
cache:  1.7148480415344238
transfer:  12.714624404907227
forward:  2.475231885910034
backward:  4.255743980407715
free:  3.2435519695281982
13000
sampling:  0.16617600619792938
gather:  23.11555290222168
cache:  0.5585280060768127
transfer:  12.416576385498047
forward:  5.645535945892334
backward:  3.3269760608673096
free:  3.9811201095581055
14000
sampling:  0.20627200603485107
gather:  18.0666561126709
cache:  8.809856414794922
transfer:  10.462623596191406
forward:  1.9351999759674072
backward:  5.690368175506592
free:  3.659168004989624
15000
sampling:  0.19484800100326538
gather:  36.41622543334961
cache:  1.0871679782867432
transfer:  10.495871543884277
forward:  1.9544639587402344
backward:  5.020639896392822
free:  6.262656211853027
16000
sampling:  0.1634880006313324
gather:  29.422719955444336
cache:  3.5136959552764893
transfer:  12.399328231811523
forward:  2.4265921115875244
backward:  5.561344146728516
free:  3.6648640632629395
17000
sampling:  0.14259199798107147
gather:  32.94019317626953
cache:  0.6102079749107361
transfer:  15.086432456970215
forward:  2.3081281185150146
backward:  3.3771519660949707
free:  4.191648006439209
18000
sampling:  0.22313599288463593
gather:  27.11667251586914
cache:  3.992703914642334
transfer:  12.09558391571045
forward:  2.3614399433135986
backward:  2.421760082244873
free:  4.2802557945251465
19000
sampling:  0.1531199961900711
gather:  34.68159866333008
cache:  1.5571199655532837
transfer:  13.276384353637695
forward:  2.690016031265259
backward:  2.995232105255127
free:  4.044256210327148
20000
sampling:  0.21801599860191345
gather:  27.125343322753906
cache:  4.453792095184326
transfer:  13.300383567810059
forward:  2.444960117340088
backward:  4.005887985229492
free:  3.5514559745788574
21000
sampling:  0.15680000185966492
gather:  27.055967330932617
cache:  0.7205759882926941
transfer:  11.553791999816895
forward:  2.1765758991241455
backward:  2.687999963760376
free:  3.5443201065063477
Step 3: Done
=========================== Total Stat ===========================
dataset: twitter_extended_6, sb-size: 21600, batch-size: 1000, nc-size: 45.0GB, fc-size: 50.0GB, zstd: False, khop: 1
Part 1: sb_sample_times pass_1_and_2_times pass_3_times
251.8613
1781.3540
54.4389
1714.6383
==================================================================
Part 2: inspect_time switch_time sampling_time gather_time cache_time transfer_time forward_time backward_time free_time
1860.2967
146.4100
3.6056
604.4238
48.3713
271.2900
61.2051
71.4629
80.0087
==================================================================
Current superbatch ended
Epoch 00, Loss: 0.0004, Approx. Train: 0.8643
Epoch time: 3529446.0046 ms
