Preparing dataset...
Done!

==============================
Running Epoch 0...
Running 0th superbatch of total 19 superbatches
Step 1: Superbatch Sample
[run_ginex.py] sb_sample time = 88.94326519966125
Step 1: Done
inspect_time = 106274.640625
Running 1th superbatch of total 19 superbatches
Step 1: Superbatch Sample
Loading ids...
Done!
Pass 1: calculating frequency and initial cache indices...
Done!
Pass 2: making two key data structures (iterptr & iters)...
Done!
pass_1_and_2 time = 12.878041744232178
[run_ginex.py] pass_1_and_2 time = 12.878090381622314
Pass 3: Computing changesets...
Done!
pass_3 time = 213.33361625671387
[run_ginex.py] pass_3 time = 213.33370852470398
