Preparing dataset...
Done!

==============================
Running Epoch 0...
Running 0th superbatch of total 2 superbatches
Step 1: Superbatch Sample
[run_ginex.py] sb_sample time = 249.84310722351074
Step 1: Done
inspect_time = 267451.5
Running 1th superbatch of total 2 superbatches
Step 1: Superbatch Sample
Loading ids...
Done!
Pass 1: calculating frequency and initial cache indices...
Done!
Pass 2: making two key data structures (iterptr & iters)...
Done!
pass_1_and_2 time = 47.91480779647827
[run_ginex.py] pass_1_and_2 time = 47.91485810279846
Pass 3: Computing changesets...
Done!
pass_3 time = 1365.4424679279327
[run_ginex.py] pass_3 time = 1365.4456100463867
[run_ginex.py] sb_sample time = 1432.2383699417114
Step 1: Done
inspect_time = 1505187.75
Step 2: Switch
Step 2: Done
Step 3: Main Loop
0
sampling:  0.20713600516319275
gather:  239.440185546875
cache:  17.098527908325195
transfer:  285.1430358886719
forward:  639.45751953125
backward:  366.6329650878906
free:  51.43734359741211
1000
sampling:  0.045024000108242035
gather:  0.023264000192284584
cache:  0.09715200215578079
transfer:  22.572864532470703
forward:  2.0907840728759766
backward:  1.56876802444458
free:  5.091519832611084
2000
sampling:  0.1995840072631836
gather:  53.65961456298828
cache:  3.165663957595825
transfer:  23.468448638916016
forward:  2.4242238998413086
backward:  1.9967999458312988
free:  6.1254401206970215
3000
sampling:  0.17375999689102173
gather:  48.54297637939453
cache:  1.4658559560775757
transfer:  22.491872787475586
forward:  2.493727922439575
backward:  1.8749439716339111
free:  5.573535919189453
4000
sampling:  0.20201599597930908
gather:  39.444862365722656
cache:  2.273952007293701
transfer:  24.736608505249023
forward:  2.3032960891723633
backward:  1.4878720045089722
free:  5.393824100494385
5000
sampling:  0.1576319932937622
gather:  37.1333122253418
cache:  1.4719040393829346
transfer:  21.029823303222656
forward:  5.028927803039551
backward:  4.038656234741211
free:  5.697984218597412
6000
sampling:  0.19414399564266205
gather:  38.561119079589844
cache:  2.6097919940948486
transfer:  22.530527114868164
forward:  3.029792070388794
backward:  3.3566720485687256
free:  7.72819185256958
7000
sampling:  0.14761599898338318
gather:  40.439327239990234
cache:  14.742783546447754
transfer:  24.888320922851562
forward:  2.3942720890045166
backward:  1.8759679794311523
free:  5.36195182800293
8000
sampling:  0.20207999646663666
gather:  42.36956787109375
cache:  3.1912639141082764
transfer:  23.11577606201172
forward:  2.4179201126098633
backward:  1.8984960317611694
free:  4.938208103179932
9000
sampling:  0.17980800569057465
gather:  43.59382247924805
cache:  1.8112319707870483
transfer:  26.206592559814453
forward:  2.4615681171417236
backward:  1.8135039806365967
free:  5.231008052825928
10000
sampling:  0.21753600239753723
gather:  40.162654876708984
cache:  11.617440223693848
transfer:  25.87228775024414
forward:  2.333888053894043
backward:  1.5278079509735107
free:  5.2493438720703125
11000
sampling:  0.20678399503231049
gather:  44.01241683959961
cache:  1.920799970626831
transfer:  22.57142448425293
forward:  2.4857280254364014
backward:  3.118079900741577
free:  5.888095855712891
12000
sampling:  0.1706559956073761
gather:  38.214271545410156
cache:  2.8047358989715576
transfer:  24.465824127197266
forward:  2.690239906311035
backward:  1.9691519737243652
free:  5.625504016876221
13000
sampling:  0.13123199343681335
gather:  43.47068786621094
cache:  2.4523839950561523
transfer:  19.633407592773438
forward:  2.398240089416504
backward:  1.6209919452667236
free:  5.213535785675049
14000
sampling:  0.19855999946594238
gather:  42.16806411743164
cache:  2.149280071258545
transfer:  23.701759338378906
forward:  2.502943992614746
backward:  2.4483840465545654
free:  5.036928176879883
15000
sampling:  0.19337600469589233
gather:  43.745887756347656
cache:  1.0426239967346191
transfer:  26.714176177978516
forward:  2.4903359413146973
backward:  2.9327359199523926
free:  6.5187201499938965
16000
sampling:  0.18332800269126892
gather:  52.85590362548828
cache:  12.461343765258789
transfer:  21.476959228515625
forward:  2.284543991088867
backward:  1.9875839948654175
free:  5.074592113494873
17000
sampling:  0.17103999853134155
gather:  48.469825744628906
cache:  2.90447998046875
transfer:  22.5980167388916
forward:  2.391711950302124
backward:  2.3070719242095947
free:  4.6615681648254395
18000
sampling:  0.19574399292469025
gather:  44.38412857055664
cache:  2.664479970932007
transfer:  20.167455673217773
forward:  7.067903995513916
backward:  3.6065280437469482
free:  5.805024147033691
19000
sampling:  0.15772800147533417
gather:  42.96102523803711
cache:  10.186783790588379
transfer:  23.66655921936035
forward:  2.386751890182495
backward:  1.4028799533843994
free:  4.697152137756348
20000
sampling:  0.21516799926757812
gather:  44.76844787597656
cache:  1.8201279640197754
transfer:  23.09939193725586
forward:  2.491231918334961
backward:  2.220031976699829
free:  5.701663970947266
21000
sampling:  0.16492800414562225
gather:  45.610496520996094
cache:  1.7760000228881836
transfer:  23.831552505493164
forward:  2.3356480598449707
backward:  1.5708160400390625
free:  5.970623970031738
Step 3: Done
=========================== Total Stat ===========================
dataset: twitter_extended_6, sb-size: 21600, batch-size: 1000, nc-size: 45.0GB, fc-size: 50.0GB, zstd: False, khop: 1
Part 1: sb_sample_times pass_1_and_2_times pass_3_times
249.8431
1432.2384
47.9149
1365.4456
==================================================================
Part 2: inspect_time switch_time sampling_time gather_time cache_time transfer_time forward_time backward_time free_time
1505.1878
90.3021
3.6756
913.2686
65.1484
520.7748
55.0226
49.8545
125.8505
==================================================================
Current superbatch ended
Epoch 00, Loss: 0.0002, Approx. Train: 0.8643
Epoch time: 3700999.9325 ms
