Preparing dataset...
Done!

==============================
Running Epoch 0...
Running 0th superbatch of total 7 superbatches
Step 1: Superbatch Sample
[run_ginex.py] sb_sample time = 86.2767698764801
Step 1: Done
inspect_time = 104642.1171875
Running 1th superbatch of total 7 superbatches
Step 1: Superbatch Sample
Loading ids...
Done!
Pass 1: calculating frequency and initial cache indices...
Done!
Pass 2: making two key data structures (iterptr & iters)...
Done!
pass_1_and_2 time = 12.500383615493774
[run_ginex.py] pass_1_and_2 time = 12.500438690185547
Pass 3: Computing changesets...
Done!
pass_3 time = 213.1242916584015
[run_ginex.py] pass_3 time = 213.12436699867249
[run_ginex.py] sb_sample time = 264.6734745502472
Step 1: Done
inspect_time = 295987.78125
Step 2: Switch
Step 2: Done
Step 3: Main Loop
0
sampling:  0.10662399977445602
gather:  123.87391662597656
cache:  15.613375663757324
transfer:  172.49420166015625
forward:  325.7447509765625
backward:  210.7453155517578
free:  42.491329193115234
1000
sampling:  0.04867200180888176
gather:  0.024447999894618988
cache:  0.09228800237178802
transfer:  22.23004722595215
forward:  2.0568959712982178
backward:  1.2113920450210571
free:  5.11737585067749
2000
sampling:  0.18960000574588776
gather:  52.01216125488281
cache:  2.4431679248809814
transfer:  23.204063415527344
forward:  2.699615955352783
backward:  2.249727964401245
free:  6.057568073272705
3000
sampling:  0.19327999651432037
gather:  43.86921691894531
cache:  4.052351951599121
transfer:  20.66057586669922
forward:  2.546720027923584
backward:  2.9808640480041504
free:  6.517888069152832
4000
sampling:  0.21164800226688385
gather:  37.7902717590332
cache:  3.615936040878296
transfer:  22.784000396728516
forward:  2.4869439601898193
backward:  2.347007989883423
free:  5.861248016357422
5000
sampling:  0.09663999825716019
gather:  29.818784713745117
cache:  2.6107521057128906
transfer:  21.802303314208984
forward:  2.5348479747772217
backward:  1.7643519639968872
free:  5.2639360427856445
Step 3: Done
=========================== Total Stat ===========================
dataset: twitter_extended_6, sb-size: 5400, batch-size: 750, nc-size: 45.0GB, fc-size: 50.0GB, zstd: False, khop: 1
Part 1: sb_sample_times pass_1_and_2_times pass_3_times
86.2768
264.6735
12.5004
213.1244
==================================================================
Part 2: inspect_time switch_time sampling_time gather_time cache_time transfer_time forward_time backward_time free_time
295.9878
84.8952
0.7824
193.5477
15.2772
122.7255
13.8243
11.9499
32.3647
==================================================================
Current superbatch ended
Epoch 00, Loss: 0.0002, Approx. Train: 0.1620
Epoch time: 900674.8405 ms
