Preparing dataset...
Done!

==============================
Running Epoch 0...
Running 0th superbatch of total 63 superbatches
Step 1: Superbatch Sample
[run_ginex.py] sb_sample time = 44.42609190940857
Step 1: Done
inspect_time = 64161.4609375
Running 1th superbatch of total 63 superbatches
Step 1: Superbatch Sample
Loading ids...
Done!
Pass 1: calculating frequency and initial cache indices...
Done!
Pass 2: making two key data structures (iterptr & iters)...
Done!
pass_1_and_2 time = 2.390235662460327
[run_ginex.py] pass_1_and_2 time = 2.3902783393859863
Pass 3: Computing changesets...
Done!
pass_3 time = 46.67608189582825
[run_ginex.py] pass_3 time = 46.67616128921509
[run_ginex.py] sb_sample time = 90.46329092979431
Step 1: Done
inspect_time = 110672.5625
Step 2: Switch
Step 2: Done
Step 3: Main Loop
0
sampling:  0.14502400159835815
gather:  52.26115036010742
cache:  15.527584075927734
transfer:  217.1374053955078
forward:  211.97337341308594
backward:  197.05958557128906
free:  21.315839767456055
1000
sampling:  0.05084799975156784
gather:  0.021663999184966087
cache:  0.09504000097513199
transfer:  6.065824031829834
forward:  1.1076799631118774
backward:  1.652735948562622
free:  3.211168050765991
Step 3: Done
=========================== Total Stat ===========================
dataset: twitter_extended_6, sb-size: 1600, batch-size: 250, nc-size: 45.0GB, fc-size: 50.0GB, zstd: False, khop: 1
Part 1: sb_sample_times pass_1_and_2_times pass_3_times
44.4261
90.4633
2.3903
46.6762
==================================================================
Part 2: inspect_time switch_time sampling_time gather_time cache_time transfer_time forward_time backward_time free_time
110.6726
43.5452
0.1951
1.2785
0.7484
12.7894
3.5309
4.8573
5.6516
==================================================================
Current superbatch ended
Epoch 00, Loss: 0.0001, Approx. Train: 0.0160
Epoch time: 253514.8175 ms
