Preparing dataset...
Done!

==============================
Running Epoch 0...
Running 0th superbatch of total 9 superbatches
Step 1: Superbatch Sample
[run_ginex.py] sb_sample time = 69.92570924758911
Step 1: Done
inspect_time = 87432.1796875
Running 1th superbatch of total 9 superbatches
Step 1: Superbatch Sample
Loading ids...
Done!
Pass 1: calculating frequency and initial cache indices...
Done!
Pass 2: making two key data structures (iterptr & iters)...
Done!
pass_1_and_2 time = 14.910321950912476
[run_ginex.py] pass_1_and_2 time = 14.910375356674194
Pass 3: Computing changesets...
Done!
pass_3 time = 670.5303082466125
[run_ginex.py] pass_3 time = 670.5303905010223
[run_ginex.py] sb_sample time = 718.5504248142242
Step 1: Done
inspect_time = 752099.875
Step 2: Switch
Step 2: Done
Step 3: Main Loop
0
sampling:  0.1181119978427887
gather:  42.40127944946289
cache:  15.927040100097656
transfer:  183.6078643798828
forward:  292.3885498046875
backward:  234.09458923339844
free:  29.031551361083984
1000
sampling:  0.06774400174617767
gather:  0.03001599945127964
cache:  0.05552000179886818
transfer:  5.609344005584717
forward:  1.0651839971542358
backward:  2.125823974609375
free:  3.5107839107513428
2000
sampling:  0.12230399996042252
gather:  32.882591247558594
cache:  3.3454720973968506
transfer:  6.694399833679199
forward:  2.035167932510376
backward:  2.8876800537109375
free:  3.277343988418579
3000
sampling:  0.0952640026807785
gather:  25.456640243530273
cache:  1.9660160541534424
transfer:  5.591584205627441
forward:  1.2553600072860718
backward:  3.6290879249572754
free:  3.541248083114624
4000
sampling:  0.13235199451446533
gather:  19.749120712280273
cache:  0.9364799857139587
transfer:  8.308927536010742
forward:  2.9766080379486084
backward:  2.958336114883423
free:  4.14796781539917
5000
sampling:  0.1273919939994812
gather:  11.09398365020752
cache:  1.2015680074691772
transfer:  6.244192123413086
forward:  1.713088035583496
backward:  2.515968084335327
free:  2.924288034439087
6000
sampling:  0.19491200149059296
gather:  15.432671546936035
cache:  0.8598080277442932
transfer:  8.014016151428223
forward:  3.939743995666504
backward:  2.362368106842041
free:  3.050175905227661
7000
sampling:  0.09804800152778625
gather:  8.63145637512207
cache:  1.862879991531372
transfer:  9.554335594177246
forward:  5.338111877441406
backward:  3.1242239475250244
free:  2.730815887451172
8000
sampling:  0.10672000050544739
gather:  21.78112030029297
cache:  2.694272041320801
transfer:  6.7399678230285645
forward:  1.9471999406814575
backward:  1.943552017211914
free:  2.4235520362854004
9000
sampling:  0.12540799379348755
gather:  15.03667163848877
cache:  0.837440013885498
transfer:  6.6393280029296875
forward:  1.6165759563446045
backward:  1.8329600095748901
free:  0.23366400599479675
10000
sampling:  0.11129599809646606
gather:  14.298751831054688
cache:  0.9527680277824402
transfer:  6.717023849487305
forward:  1.4835200309753418
backward:  1.8974720239639282
free:  2.7642879486083984
11000
sampling:  0.1372160017490387
gather:  10.541728019714355
cache:  0.9872320294380188
transfer:  7.268127918243408
forward:  4.353184223175049
backward:  3.675136089324951
free:  4.833024024963379
12000
sampling:  0.11660800129175186
gather:  10.735551834106445
cache:  1.7771199941635132
transfer:  8.223520278930664
forward:  3.4996159076690674
backward:  2.993151903152466
free:  3.1792640686035156
13000
sampling:  0.10576000064611435
gather:  18.841472625732422
cache:  1.3094079494476318
transfer:  5.766528129577637
forward:  1.5822720527648926
backward:  2.3889920711517334
free:  3.0450239181518555
Step 3: Done
Total stat
752.0999
82.9907
1.5310
215.7038
28.4571
95.6425
32.4860
45.6941
42.5012
Epoch 00, Loss: 0.0001, Approx. Train: 0.1248
Epoch time: 1435344.9473 ms
