Preparing dataset...
Done!

==============================
Running Epoch 0...
Running 0th superbatch of total 2 superbatches
Step 1: Superbatch Sample
[run_ginex.py] sb_sample time = 399.73995542526245
Step 1: Done
inspect_time = 418550.71875
Running 1th superbatch of total 2 superbatches
Step 1: Superbatch Sample
Loading ids...
Done!
Pass 1: calculating frequency and initial cache indices...
Done!
Pass 2: making two key data structures (iterptr & iters)...
Done!
pass_1_and_2 time = 81.86818194389343
[run_ginex.py] pass_1_and_2 time = 81.8682291507721
Pass 3: Computing changesets...
Done!
pass_3 time = 1289.0768566131592
[run_ginex.py] pass_3 time = 1289.0773196220398
[run_ginex.py] sb_sample time = 1350.2348957061768
Step 1: Done
inspect_time = 1474455.625
Step 2: Switch
Step 2: Done
Step 3: Main Loop
0
sampling:  0.13417600095272064
gather:  220.1025848388672
cache:  15.527968406677246
transfer:  202.95376586914062
forward:  367.5893859863281
backward:  259.267578125
free:  46.06940841674805
1000
sampling:  0.15615999698638916
gather:  84.53401947021484
cache:  5.154911994934082
transfer:  28.797183990478516
forward:  2.3650879859924316
backward:  2.4289278984069824
free:  7.24886417388916
2000
sampling:  0.1823039948940277
gather:  87.1685791015625
cache:  4.170015811920166
transfer:  25.239456176757812
forward:  2.2991039752960205
backward:  1.5144959688186646
free:  6.822656154632568
3000
sampling:  0.2181439995765686
gather:  63.87593460083008
cache:  3.5039360523223877
transfer:  27.828800201416016
forward:  2.45632004737854
backward:  2.1667840480804443
free:  8.1430082321167
4000
sampling:  0.1807039976119995
gather:  69.83695983886719
cache:  3.7886719703674316
transfer:  30.443904876708984
forward:  2.489248037338257
backward:  1.7059839963912964
free:  7.078527927398682
5000
sampling:  0.1579200029373169
gather:  70.0203857421875
cache:  4.392640113830566
transfer:  37.60755157470703
forward:  2.443711996078491
backward:  1.5708160400390625
free:  7.081024169921875
6000
sampling:  0.14150400459766388
gather:  71.64617919921875
cache:  3.657855987548828
transfer:  30.713279724121094
forward:  2.3704960346221924
backward:  1.702944040298462
free:  7.313536167144775
7000
sampling:  0.15478399395942688
gather:  73.56163024902344
cache:  4.794144153594971
transfer:  30.150175094604492
forward:  2.352895975112915
backward:  1.736672043800354
free:  7.418911933898926
8000
sampling:  0.17903999984264374
gather:  67.48159790039062
cache:  4.716095924377441
transfer:  26.327871322631836
forward:  2.3302080631256104
backward:  1.5462720394134521
free:  6.907584190368652
9000
sampling:  0.15440000593662262
gather:  67.65046691894531
cache:  5.353439807891846
transfer:  30.964160919189453
forward:  2.3876800537109375
backward:  2.0398080348968506
free:  8.203935623168945
10000
sampling:  0.16889600455760956
gather:  74.5755844116211
cache:  4.359615802764893
transfer:  32.07187271118164
forward:  2.442944049835205
backward:  1.7592320442199707
free:  7.218624114990234
11000
sampling:  0.18572799861431122
gather:  68.19955444335938
cache:  4.356351852416992
transfer:  26.870559692382812
forward:  2.322848081588745
backward:  2.7074880599975586
free:  14.357983589172363
12000
sampling:  0.19676800072193146
gather:  99.21497344970703
cache:  3.464672088623047
transfer:  31.797279357910156
forward:  2.4739840030670166
backward:  1.6517119407653809
free:  7.452223777770996
13000
sampling:  0.1303360015153885
gather:  75.98886108398438
cache:  15.37228775024414
transfer:  25.66966438293457
forward:  2.3645761013031006
backward:  1.603551983833313
free:  7.029376029968262
14000
sampling:  0.281792014837265
gather:  63.18412780761719
cache:  10.291104316711426
transfer:  28.294336318969727
forward:  2.439743995666504
backward:  4.035615921020508
free:  10.720000267028809
15000
sampling:  0.08665599673986435
gather:  67.67657470703125
cache:  4.0865278244018555
transfer:  24.94553565979004
forward:  2.3454079627990723
backward:  1.558527946472168
free:  6.930880069732666
16000
sampling:  0.1626559942960739
gather:  71.55174255371094
cache:  5.367839813232422
transfer:  29.287519454956055
forward:  2.465536117553711
backward:  1.612831950187683
free:  7.425856113433838
17000
sampling:  0.5172479748725891
gather:  70.16809844970703
cache:  4.158559799194336
transfer:  31.621152877807617
forward:  2.430111885070801
backward:  1.6435519456863403
free:  6.951488018035889
18000
sampling:  0.24355199933052063
gather:  74.96514892578125
cache:  3.6342720985412598
transfer:  29.0482234954834
forward:  2.4499518871307373
backward:  1.7848320007324219
free:  6.868000030517578
19000
sampling:  0.09484799951314926
gather:  70.13737487792969
cache:  5.842559814453125
transfer:  25.945600509643555
forward:  2.303936004638672
backward:  1.5974400043487549
free:  7.635968208312988
20000
sampling:  0.1504960060119629
gather:  71.12806701660156
cache:  3.525791883468628
transfer:  30.27689552307129
forward:  2.3611199855804443
backward:  1.612831950187683
free:  7.098080158233643
21000
sampling:  0.22230400145053864
gather:  77.2108154296875
cache:  5.172736167907715
transfer:  28.91926383972168
forward:  2.4151039123535156
backward:  1.9240959882736206
free:  8.341792106628418
22000
sampling:  0.15030400454998016
gather:  72.09881591796875
cache:  4.1487040519714355
transfer:  28.28313636779785
forward:  2.417088031768799
backward:  1.8339840173721313
free:  6.879839897155762
23000
sampling:  0.21606400609016418
gather:  67.84627532958984
cache:  5.615039825439453
transfer:  28.09209632873535
forward:  2.530303955078125
backward:  2.781183958053589
free:  9.475968360900879
24000
sampling:  0.19075199961662292
gather:  74.96208190917969
cache:  3.455872058868408
transfer:  30.24928092956543
forward:  2.7100160121917725
backward:  2.5200319290161133
free:  8.686783790588379
25000
sampling:  0.144896000623703
gather:  64.67078399658203
cache:  3.601855993270874
transfer:  28.732576370239258
forward:  2.407327890396118
backward:  1.7070080041885376
free:  6.948480129241943
26000
sampling:  0.1483200043439865
gather:  71.26445007324219
cache:  4.195104122161865
transfer:  25.952608108520508
forward:  2.3983359336853027
backward:  1.8360639810562134
free:  6.6887359619140625
Step 3: Done
Total stat
1474.4556
87.2942
4.5710
1889.3013
144.3672
747.4698
63.5314
48.3793
195.1473
Epoch 00, Loss: 0.0002, Approx. Train: 0.9983
Epoch time: 5188402.6396 ms
