Preparing dataset...
Done!

==============================
Running Epoch 0...
Running 0th superbatch of total 2 superbatches
Step 1: Superbatch Sample
[run_ginex.py] sb_sample time = 415.2137236595154
Step 1: Done
inspect_time = 433197.9375
Running 1th superbatch of total 2 superbatches
Step 1: Superbatch Sample
Loading ids...
Done!
Pass 1: calculating frequency and initial cache indices...
Done!
Pass 2: making two key data structures (iterptr & iters)...
Done!
pass_1_and_2 time = 78.60228514671326
[run_ginex.py] pass_1_and_2 time = 78.60233807563782
Pass 3: Computing changesets...
Done!
pass_3 time = 618.0377216339111
[run_ginex.py] pass_3 time = 618.0378842353821
[run_ginex.py] sb_sample time = 696.6161577701569
Step 1: Done
inspect_time = 816416.375
Step 2: Switch
Step 2: Done
Step 3: Main Loop
0
sampling:  0.14614400267601013
gather:  364.6885070800781
cache:  30.509920120239258
transfer:  223.8603515625
forward:  310.0898132324219
backward:  201.565185546875
free:  48.373023986816406
1000
sampling:  0.20428800582885742
gather:  156.669921875
cache:  9.291935920715332
transfer:  51.9400634765625
forward:  3.7836480140686035
backward:  2.376703977584839
free:  13.108511924743652
2000
sampling:  0.17664000391960144
gather:  131.81100463867188
cache:  6.971551895141602
transfer:  52.51216125488281
forward:  3.755808115005493
backward:  2.3449599742889404
free:  12.928256034851074
3000
sampling:  0.19676800072193146
gather:  146.2881622314453
cache:  7.012415885925293
transfer:  54.46550369262695
forward:  3.874880075454712
backward:  2.4186880588531494
free:  13.198847770690918
4000
sampling:  0.1578879952430725
gather:  120.39651489257812
cache:  7.9225921630859375
transfer:  54.65270233154297
forward:  3.8031039237976074
backward:  2.358272075653076
free:  13.040831565856934
5000
sampling:  0.2168319970369339
gather:  135.59373474121094
cache:  7.122879981994629
transfer:  52.457279205322266
forward:  3.788800001144409
backward:  2.371583938598633
free:  13.048768043518066
6000
sampling:  0.20694400370121002
gather:  134.0568389892578
cache:  6.96281623840332
transfer:  55.58028793334961
forward:  3.8166720867156982
backward:  2.3808000087738037
free:  13.084671974182129
7000
sampling:  0.2287680059671402
gather:  133.4556427001953
cache:  8.434623718261719
transfer:  54.48310470581055
forward:  3.7674560546875
backward:  2.3613440990448
free:  13.15004825592041
8000
sampling:  0.17209599912166595
gather:  134.41529846191406
cache:  8.416319847106934
transfer:  54.974239349365234
forward:  3.7582719326019287
backward:  2.344928026199341
free:  13.049407958984375
9000
sampling:  0.20732800662517548
gather:  140.57676696777344
cache:  7.19049596786499
transfer:  53.17603302001953
forward:  3.7214720249176025
backward:  2.387968063354492
free:  13.385215759277344
10000
sampling:  0.21900799870491028
gather:  138.13487243652344
cache:  6.327455997467041
transfer:  55.66611099243164
forward:  3.819135904312134
backward:  2.3746559619903564
free:  13.32140827178955
11000
sampling:  0.17705599963665009
gather:  139.02732849121094
cache:  8.221695899963379
transfer:  53.869022369384766
forward:  3.8708479404449463
backward:  2.406399965286255
free:  13.43120002746582
12000
sampling:  0.18217599391937256
gather:  145.01731872558594
cache:  6.955008029937744
transfer:  53.709537506103516
forward:  3.8271360397338867
backward:  2.3981759548187256
free:  13.107583999633789
13000
sampling:  0.16579200327396393
gather:  137.85250854492188
cache:  9.894944190979004
transfer:  55.42252731323242
forward:  3.8071680068969727
backward:  2.401279926300049
free:  13.500864028930664
Step 3: Done
Total stat
816.4164
81.3368
2.3998
1821.1400
116.5547
722.7730
50.1598
31.2973
173.2782
Epoch 00, Loss: 0.0005, Approx. Train: 0.9983
Epoch time: 4292778.9285 ms
