Preparing dataset...
Done!

==============================
Running Epoch 0...
Running 0th superbatch of total 5 superbatches
Step 1: Superbatch Sample
[run_ginex.py] sb_sample time = 116.07255578041077
Step 1: Done
inspect_time = 133966.203125
Running 1th superbatch of total 5 superbatches
Step 1: Superbatch Sample
Loading ids...
Done!
Pass 1: calculating frequency and initial cache indices...
Done!
Pass 2: making two key data structures (iterptr & iters)...
Done!
pass_1_and_2 time = 22.101479053497314
[run_ginex.py] pass_1_and_2 time = 22.10153341293335
Pass 3: Computing changesets...
Done!
pass_3 time = 677.9075708389282
[run_ginex.py] pass_3 time = 677.9077298641205
[run_ginex.py] sb_sample time = 734.6715824604034
Step 1: Done
inspect_time = 774961.75
Step 2: Switch
Step 2: Done
Step 3: Main Loop
0
sampling:  0.12726399302482605
gather:  112.52957153320312
cache:  19.423583984375
transfer:  174.39398193359375
forward:  326.19122314453125
backward:  225.3957061767578
free:  31.81545639038086
1000
sampling:  0.12940800189971924
gather:  63.442623138427734
cache:  4.810527801513672
transfer:  12.628031730651855
forward:  1.8564800024032593
backward:  3.18668794631958
free:  4.143519878387451
2000
sampling:  0.09619200229644775
gather:  40.29679870605469
cache:  2.9885759353637695
transfer:  12.658656120300293
forward:  1.640064001083374
backward:  1.4254080057144165
free:  3.871936082839966
3000
sampling:  0.10444799810647964
gather:  24.91587257385254
cache:  2.6790719032287598
transfer:  14.288928031921387
forward:  1.8612480163574219
backward:  1.9650559425354004
free:  4.431488037109375
4000
sampling:  0.11667200177907944
gather:  39.729408264160156
cache:  2.404128074645996
transfer:  11.449151992797852
forward:  1.9422719478607178
backward:  2.8334081172943115
free:  3.9552319049835205
5000
sampling:  0.12108799815177917
gather:  42.33820724487305
cache:  1.7569600343704224
transfer:  12.938976287841797
forward:  1.6721919775009155
backward:  4.211711883544922
free:  7.864128112792969
6000
sampling:  0.09507200121879578
gather:  26.675552368164062
cache:  2.6138880252838135
transfer:  12.699392318725586
forward:  3.181567907333374
backward:  3.412992000579834
free:  4.570752143859863
7000
sampling:  0.10051199793815613
gather:  48.44025421142578
cache:  1.9041279554367065
transfer:  15.8820161819458
forward:  2.352479934692383
backward:  2.319391965866089
free:  4.82857608795166
8000
sampling:  0.09894400089979172
gather:  41.56310272216797
cache:  2.526911973953247
transfer:  15.963647842407227
forward:  2.3339200019836426
backward:  2.6736319065093994
free:  6.2817277908325195
9000
sampling:  0.11654400080442429
gather:  35.471553802490234
cache:  8.436256408691406
transfer:  13.256863594055176
forward:  2.292288064956665
backward:  2.9798080921173096
free:  4.351263999938965
10000
sampling:  0.11801599711179733
gather:  32.724159240722656
cache:  1.6537280082702637
transfer:  15.706111907958984
forward:  2.2666239738464355
backward:  3.3331520557403564
free:  4.66153621673584
11000
sampling:  0.08633600175380707
gather:  37.3623046875
cache:  1.6331199407577515
transfer:  13.010720252990723
forward:  1.733888030052185
backward:  2.8784639835357666
free:  5.353951930999756
12000
sampling:  0.12643200159072876
gather:  35.295326232910156
cache:  7.1108479499816895
transfer:  13.711520195007324
forward:  1.9317439794540405
backward:  2.2323200702667236
free:  5.106080055236816
13000
sampling:  0.12089599668979645
gather:  35.84150314331055
cache:  2.1031041145324707
transfer:  13.4835844039917
forward:  1.9272639751434326
backward:  2.5405759811401367
free:  4.894752025604248
Step 3: Done
Total stat
774.9618
82.6613
1.6378
488.5655
40.9286
180.9538
27.3678
36.6064
65.0545
Epoch 00, Loss: 0.0001, Approx. Train: 0.2496
Epoch time: 1889566.1533 ms
