Preparing dataset...
Done!

==============================
Running Epoch 0...
Running 0th superbatch of total 4 superbatches
Step 1: Superbatch Sample
[run_ginex.py] sb_sample time = 130.03379940986633
Step 1: Done
inspect_time = 148482.8125
Running 1th superbatch of total 4 superbatches
Step 1: Superbatch Sample
Loading ids...
Done!
Pass 1: calculating frequency and initial cache indices...
Done!
Pass 2: making two key data structures (iterptr & iters)...
Done!
pass_1_and_2 time = 21.84363317489624
[run_ginex.py] pass_1_and_2 time = 21.843701601028442
Pass 3: Computing changesets...
Done!
pass_3 time = 336.55445432662964
[run_ginex.py] pass_3 time = 336.5545766353607
[run_ginex.py] sb_sample time = 396.65288949012756
Step 1: Done
inspect_time = 436712.125
Step 2: Switch
Step 2: Done
Step 3: Main Loop
0
sampling:  0.1496639996767044
gather:  191.91253662109375
cache:  18.294431686401367
transfer:  79.56237030029297
forward:  318.7764892578125
backward:  206.91456604003906
free:  31.222463607788086
1000
sampling:  0.20297600328922272
gather:  89.7767333984375
cache:  4.25596809387207
transfer:  28.173919677734375
forward:  2.4370241165161133
backward:  2.1186559200286865
free:  7.2784318923950195
2000
sampling:  0.1818239986896515
gather:  88.9854736328125
cache:  4.725247859954834
transfer:  27.157472610473633
forward:  2.403872013092041
backward:  1.5953919887542725
free:  6.594848155975342
3000
sampling:  0.18185600638389587
gather:  59.074337005615234
cache:  3.4266560077667236
transfer:  28.353919982910156
forward:  2.641792058944702
backward:  1.9097599983215332
free:  7.512479782104492
4000
sampling:  0.18083199858665466
gather:  69.86573028564453
cache:  6.03385591506958
transfer:  29.628671646118164
forward:  2.4480319023132324
backward:  1.58515202999115
free:  6.865856170654297
5000
sampling:  0.1728000044822693
gather:  88.70931243896484
cache:  5.397759914398193
transfer:  29.017696380615234
forward:  2.5340800285339355
backward:  1.8483200073242188
free:  6.933216094970703
6000
sampling:  0.19334399700164795
gather:  68.91353607177734
cache:  4.030720233917236
transfer:  25.619680404663086
forward:  2.339456081390381
backward:  1.5104000568389893
free:  7.104063987731934
7000
sampling:  0.24118399620056152
gather:  79.75033569335938
cache:  6.506400108337402
transfer:  28.76959991455078
forward:  2.445215940475464
backward:  1.8248000144958496
free:  7.227903842926025
Step 3: Done
Total stat
436712.1250
83438.0234
1376.9155
530845.2512
41357.3739
201405.8133
17718.3316
13520.1160
54130.8574
Epoch 00, Loss: 0.0002, Approx. Train: 0.2743
Epoch time: 1562342.0382 ms
