Preparing dataset...
Done!

==============================
Running Epoch 0...
Running 0th superbatch of total 3 superbatches
Step 1: Superbatch Sample
[run_ginex.py] sb_sample time = 216.6549048423767
Step 1: Done
inspect_time = 237213.859375
Running 1th superbatch of total 3 superbatches
Step 1: Superbatch Sample
Loading ids...
Done!
Pass 1: calculating frequency and initial cache indices...
Done!
Pass 2: making two key data structures (iterptr & iters)...
Done!
pass_1_and_2 time = 40.32263970375061
[run_ginex.py] pass_1_and_2 time = 40.32268834114075
Pass 3: Computing changesets...
Done!
pass_3 time = 634.427695274353
[run_ginex.py] pass_3 time = 634.4278581142426
[run_ginex.py] sb_sample time = 712.1977729797363
Step 1: Done
inspect_time = 774875.8125
Step 2: Switch
Step 2: Done
Step 3: Main Loop
0
sampling:  0.1345919966697693
gather:  163.88697814941406
cache:  24.181087493896484
transfer:  161.20774841308594
forward:  299.0036926269531
backward:  185.5897674560547
free:  60.95167922973633
1000
sampling:  0.22169600427150726
gather:  85.20861053466797
cache:  4.260863780975342
transfer:  29.873184204101562
forward:  2.4132800102233887
backward:  2.037760019302368
free:  9.183456420898438
2000
sampling:  0.19760000705718994
gather:  81.37165069580078
cache:  7.0049920082092285
transfer:  30.325759887695312
forward:  2.41046404838562
backward:  1.8063039779663086
free:  7.106175899505615
3000
sampling:  0.21833600103855133
gather:  61.37308883666992
cache:  4.985087871551514
transfer:  32.113502502441406
forward:  2.3659839630126953
backward:  1.6035840511322021
free:  7.246816158294678
4000
sampling:  0.15795199573040009
gather:  68.86351776123047
cache:  4.500319957733154
transfer:  32.568607330322266
forward:  2.455904006958008
backward:  1.6885759830474854
free:  7.002560138702393
5000
sampling:  0.11081600189208984
gather:  67.60447692871094
cache:  16.661056518554688
transfer:  27.092960357666016
forward:  2.356895923614502
backward:  1.6189440488815308
free:  8.13856029510498
6000
sampling:  0.17375999689102173
gather:  71.7804183959961
cache:  9.559231758117676
transfer:  31.337791442871094
forward:  2.390687942504883
backward:  1.714176058769226
free:  6.741343975067139
7000
sampling:  0.1364160031080246
gather:  66.92201232910156
cache:  3.832319974899292
transfer:  27.886079788208008
forward:  2.3171520233154297
backward:  1.4510079622268677
free:  6.768352031707764
8000
sampling:  0.12240000069141388
gather:  62.31721496582031
cache:  3.354464054107666
transfer:  31.12873649597168
forward:  2.472287893295288
backward:  1.5677440166473389
free:  7.344799995422363
9000
sampling:  0.18057599663734436
gather:  71.54399871826172
cache:  4.926112174987793
transfer:  29.94166374206543
forward:  2.3214080333709717
backward:  1.6680959463119507
free:  6.745376110076904
10000
sampling:  0.15142400562763214
gather:  67.25686645507812
cache:  3.5761280059814453
transfer:  31.345535278320312
forward:  2.3644800186157227
backward:  1.6424959897994995
free:  6.846528053283691
11000
sampling:  0.2160000056028366
gather:  79.12675476074219
cache:  5.231328010559082
transfer:  31.771455764770508
forward:  2.5024960041046143
backward:  1.9199999570846558
free:  7.071231842041016
12000
sampling:  0.14796799421310425
gather:  69.94496154785156
cache:  3.5806078910827637
transfer:  30.32022476196289
forward:  2.3602559566497803
backward:  1.9087680578231812
free:  8.801919937133789
13000
sampling:  0.1510079950094223
gather:  61.124385833740234
cache:  5.475840091705322
transfer:  29.587583541870117
forward:  2.2946560382843018
backward:  3.1201279163360596
free:  12.346495628356934
Step 3: Done
Total stat
774.8758
81.8615
2.2939
928.4970
71.2700
400.2387
31.6051
23.0430
95.2505
Epoch 00, Loss: 0.0002, Approx. Train: 0.4991
Epoch time: 2704103.7304 ms
