Preparing dataset...
Done!

==============================
Running Epoch 0...
Running 0th superbatch of total 7 superbatches
Step 1: Superbatch Sample
[run_ginex.py] sb_sample time = 156.53273344039917
Step 1: Done
inspect_time = 174849.671875
Running 1th superbatch of total 7 superbatches
Step 1: Superbatch Sample
Loading ids...
Done!
Pass 1: calculating frequency and initial cache indices...
Done!
Pass 2: making two key data structures (iterptr & iters)...
Done!
pass_1_and_2 time = 18.646394968032837
[run_ginex.py] pass_1_and_2 time = 18.646443605422974
Pass 3: Computing changesets...
Done!
pass_3 time = 201.52493238449097
[run_ginex.py] pass_3 time = 201.52527332305908
[run_ginex.py] sb_sample time = 263.0535378456116
Step 1: Done
inspect_time = 300069.15625
Step 2: Switch
Step 2: Done
Step 3: Main Loop
0
sampling:  0.24374400079250336
gather:  389.315673828125
cache:  26.456159591674805
transfer:  129.15811157226562
forward:  244.752197265625
backward:  199.3318328857422
free:  28.108959197998047
1000
sampling:  0.19622400403022766
gather:  145.96697998046875
cache:  9.22755241394043
transfer:  48.40288162231445
forward:  3.675136089324951
backward:  2.3367679119110107
free:  12.239744186401367
2000
sampling:  0.20790399610996246
gather:  204.83670043945312
cache:  12.942912101745605
transfer:  49.39932632446289
forward:  3.7142720222473145
backward:  2.347007989883423
free:  12.492480278015137
3000
sampling:  0.157151997089386
gather:  176.81820678710938
cache:  13.408320426940918
transfer:  49.76185607910156
forward:  3.713376045227051
backward:  2.3306241035461426
free:  13.117600440979004
Step 3: Done
Total stat
300069.1562
91472.7734
632.6209
641101.2441
42890.3309
172222.8741
12812.5519
8035.3459
44300.0441
Epoch 00, Loss: 0.0003, Approx. Train: 0.1485
Epoch time: 1499725.9669 ms
