Preparing dataset...
Done!

==============================
Running Epoch 0...
Running 0th superbatch of total 3 superbatches
Step 1: Superbatch Sample
[run_ginex.py] sb_sample time = 332.47370743751526
Step 1: Done
inspect_time = 350787.875
Running 1th superbatch of total 3 superbatches
Step 1: Superbatch Sample
Loading ids...
Done!
Pass 1: calculating frequency and initial cache indices...
Done!
Pass 2: making two key data structures (iterptr & iters)...
Done!
pass_1_and_2 time = 49.28488063812256
[run_ginex.py] pass_1_and_2 time = 49.28493309020996
Pass 3: Computing changesets...
Done!
pass_3 time = 1039.8341858386993
[run_ginex.py] pass_3 time = 1039.8343575000763
[run_ginex.py] sb_sample time = 1117.26540350914
Step 1: Done
inspect_time = 1197362.0
Step 2: Switch
Step 2: Done
Step 3: Main Loop
0
sampling:  0.12508800625801086
gather:  216.83949279785156
cache:  22.65932846069336
transfer:  175.31210327148438
forward:  308.3685607910156
backward:  202.81036376953125
free:  46.30953598022461
1000
sampling:  0.17686399817466736
gather:  123.97708892822266
cache:  5.517248153686523
transfer:  30.035615921020508
forward:  2.397279977798462
backward:  1.7500159740447998
free:  7.430751800537109
2000
sampling:  0.1722240000963211
gather:  82.3427505493164
cache:  4.294591903686523
transfer:  28.746112823486328
forward:  2.434528112411499
backward:  1.7285120487213135
free:  6.962080001831055
3000
sampling:  0.1648000031709671
gather:  86.7300796508789
cache:  4.557024002075195
transfer:  26.68012809753418
forward:  2.2905280590057373
backward:  1.5196160078048706
free:  6.817535877227783
4000
sampling:  0.18464000523090363
gather:  94.8384017944336
cache:  5.876704216003418
transfer:  29.259008407592773
forward:  2.4697279930114746
backward:  2.323456048965454
free:  7.327968120574951
5000
sampling:  0.1565759927034378
gather:  87.28710174560547
cache:  3.9832959175109863
transfer:  29.603776931762695
forward:  2.337696075439453
backward:  2.023423910140991
free:  7.686399936676025
6000
sampling:  0.1865919977426529
gather:  93.05308532714844
cache:  6.232863903045654
transfer:  27.133407592773438
forward:  2.3444159030914307
backward:  1.7704960107803345
free:  7.689663887023926
7000
sampling:  0.18825599551200867
gather:  98.25558471679688
cache:  5.403007984161377
transfer:  27.528608322143555
forward:  2.3012800216674805
backward:  1.5626239776611328
free:  6.810719966888428
8000
sampling:  0.10921599715948105
gather:  85.62044525146484
cache:  14.490816116333008
transfer:  29.878080368041992
forward:  2.352735996246338
backward:  1.6578559875488281
free:  6.961376190185547
9000
sampling:  0.185248002409935
gather:  88.30435180664062
cache:  4.836383819580078
transfer:  27.143423080444336
forward:  2.2731199264526367
backward:  1.4837759733200073
free:  6.72979211807251
10000
sampling:  0.2264000028371811
gather:  88.6645736694336
cache:  5.841152191162109
transfer:  29.13974380493164
forward:  2.445728063583374
backward:  1.6311999559402466
free:  7.697311878204346
11000
sampling:  0.17657600343227386
gather:  119.42720031738281
cache:  4.762976169586182
transfer:  28.282175064086914
forward:  2.340224027633667
backward:  2.0602879524230957
free:  7.692512035369873
12000
sampling:  0.19155199825763702
gather:  97.43436431884766
cache:  5.33135986328125
transfer:  24.532384872436523
forward:  2.22108793258667
backward:  1.7551039457321167
free:  6.8471360206604
13000
sampling:  0.2141759991645813
gather:  97.88607788085938
cache:  4.361695766448975
transfer:  31.696992874145508
forward:  2.4025280475616455
backward:  1.6455680131912231
free:  7.086239814758301
14000
sampling:  0.20323200523853302
gather:  96.69302368164062
cache:  5.340479850769043
transfer:  30.917407989501953
forward:  2.422175884246826
backward:  1.7377279996871948
free:  6.946879863739014
15000
sampling:  0.14211200177669525
gather:  89.85791778564453
cache:  4.925824165344238
transfer:  26.338367462158203
forward:  2.3559679985046387
backward:  1.779744029045105
free:  6.664480209350586
Step 3: Done
Total stat
1197.3620
86.5860
2.8062
1549.9468
102.5114
455.2843
38.1720
29.4508
120.2505
Epoch 00, Loss: 0.0002, Approx. Train: 0.3601
Epoch time: 3999678.7257 ms
