Preparing dataset...
Done!

==============================
Running Epoch 0...
Running 0th superbatch of total 54 superbatches
Step 1: Superbatch Sample
[run_ginex.py] sb_sample time = 114.93343424797058
Step 1: Done
inspect_time = 132620.46875
Running 1th superbatch of total 54 superbatches
Step 1: Superbatch Sample
Loading ids...
Done!
Pass 1: calculating frequency and initial cache indices...
Done!
Pass 2: making two key data structures (iterptr & iters)...
Done!
pass_1_and_2 time = 11.004183292388916
[run_ginex.py] pass_1_and_2 time = 11.004243850708008
Pass 3: Computing changesets...
Done!
pass_3 time = 51.14607572555542
[run_ginex.py] pass_3 time = 51.1462938785553
[run_ginex.py] sb_sample time = 123.92475533485413
Step 1: Done
inspect_time = 153006.671875
Epoch 00, Loss: 0.0000, Approx. Train: 0.0000
Epoch time: 288132.6931 ms
