Preparing dataset...
Done!

==============================
Running Epoch 0...
Running 0th superbatch of total 2 superbatches
Step 1: Superbatch Sample
[run_ginex.py] sb_sample time = 635.6948690414429
Step 1: Done
inspect_time = 657065.0625
Running 1th superbatch of total 2 superbatches
Step 1: Superbatch Sample
Loading ids...
Done!
Pass 1: calculating frequency and initial cache indices...
Done!
Pass 2: making two key data structures (iterptr & iters)...
Done!
pass_1_and_2 time = 98.59625506401062
[run_ginex.py] pass_1_and_2 time = 98.59630703926086
Pass 3: Computing changesets...
Done!
pass_3 time = 2119.707221031189
[run_ginex.py] pass_3 time = 2119.707494497299
[run_ginex.py] sb_sample time = 2200.5217609405518
Step 1: Done
inspect_time = 2356771.75
Step 2: Switch
Step 2: Done
Step 3: Main Loop
0
sampling:  0.37564799189567566
gather:  288.6028747558594
cache:  0.7305279970169067
transfer:  222.1793212890625
forward:  364.94927978515625
backward:  226.79347229003906
free:  45.384639739990234
1000
sampling:  0.17417599260807037
gather:  114.65577697753906
cache:  5.815711975097656
transfer:  32.21392059326172
forward:  2.378335952758789
backward:  1.6035840511322021
free:  7.051199913024902
2000
sampling:  0.1494079977273941
gather:  67.12223815917969
cache:  3.76310396194458
transfer:  27.268224716186523
forward:  2.3744959831237793
backward:  1.9097599983215332
free:  6.827263832092285
3000
sampling:  0.1937599927186966
gather:  90.67308807373047
cache:  5.307424068450928
transfer:  30.146560668945312
forward:  2.3783679008483887
backward:  1.9404799938201904
free:  7.161888122558594
4000
sampling:  0.1533759981393814
gather:  95.72329711914062
cache:  4.492095947265625
transfer:  29.2542724609375
forward:  2.4108479022979736
backward:  1.56876802444458
free:  6.7981438636779785
5000
sampling:  0.18889600038528442
gather:  88.6707534790039
cache:  3.9409921169281006
transfer:  30.04694366455078
forward:  2.3039040565490723
backward:  1.5380480289459229
free:  6.609407901763916
6000
sampling:  0.11603199690580368
gather:  86.70457458496094
cache:  4.154047966003418
transfer:  28.331743240356445
forward:  2.3438398838043213
backward:  1.581055998802185
free:  6.55244779586792
7000
sampling:  0.14748799800872803
gather:  97.42486572265625
cache:  4.160384178161621
transfer:  26.862112045288086
forward:  2.2416319847106934
backward:  1.511423945426941
free:  6.9311041831970215
8000
sampling:  0.1732800006866455
gather:  91.81654357910156
cache:  4.620672225952148
transfer:  29.03433609008789
forward:  2.2902719974517822
backward:  1.6640000343322754
free:  8.596991539001465
9000
sampling:  0.15955199301242828
gather:  94.6236801147461
cache:  6.588223934173584
transfer:  31.307039260864258
forward:  2.462143898010254
backward:  1.9230719804763794
free:  7.295167922973633
10000
sampling:  0.13116799294948578
gather:  101.68924713134766
cache:  4.722080230712891
transfer:  30.885215759277344
forward:  2.363039970397949
backward:  1.6588799953460693
free:  8.341888427734375
11000
sampling:  0.23478400707244873
gather:  98.15382385253906
cache:  11.192255973815918
transfer:  30.284448623657227
forward:  2.3123838901519775
backward:  1.5349760055541992
free:  7.170688152313232
12000
sampling:  0.21932800114154816
gather:  94.7376937866211
cache:  8.625696182250977
transfer:  29.08380889892578
forward:  2.3475840091705322
backward:  1.6455680131912231
free:  6.819744110107422
13000
sampling:  0.19324800372123718
gather:  89.87763214111328
cache:  7.932447910308838
transfer:  29.1396484375
forward:  2.300992012023926
backward:  1.686527967453003
free:  6.825695991516113
14000
sampling:  0.19097599387168884
gather:  94.69657897949219
cache:  5.500576019287109
transfer:  27.924287796020508
forward:  2.3475520610809326
backward:  1.8718719482421875
free:  6.982624053955078
15000
sampling:  0.21055999398231506
gather:  90.1167984008789
cache:  5.136576175689697
transfer:  30.25017547607422
forward:  2.3545279502868652
backward:  1.9896320104599
free:  6.894400119781494
16000
sampling:  0.21449600160121918
gather:  103.05840301513672
cache:  4.181503772735596
transfer:  29.542783737182617
forward:  2.423743963241577
backward:  1.439743995666504
free:  7.099743843078613
17000
sampling:  0.16316799819469452
gather:  96.75587463378906
cache:  4.406432151794434
transfer:  29.179840087890625
forward:  2.343424081802368
backward:  1.6333119869232178
free:  7.1523518562316895
18000
sampling:  0.157151997089386
gather:  92.45609283447266
cache:  3.690176010131836
transfer:  30.3753604888916
forward:  2.3286080360412598
backward:  1.5503040552139282
free:  7.351903915405273
19000
sampling:  0.1554879993200302
gather:  94.15286254882812
cache:  4.959392070770264
transfer:  29.296159744262695
forward:  2.3952319622039795
backward:  1.5523840188980103
free:  6.9937920570373535
20000
sampling:  0.1599999964237213
gather:  94.58592224121094
cache:  12.93273639678955
transfer:  30.781408309936523
forward:  2.3087680339813232
backward:  1.4970879554748535
free:  7.1624321937561035
21000
sampling:  0.18303999304771423
gather:  96.39689636230469
cache:  3.967103958129883
transfer:  30.577760696411133
forward:  2.4061119556427
backward:  1.8176000118255615
free:  7.054175853729248
22000
sampling:  0.21779200434684753
gather:  90.20633697509766
cache:  5.852543830871582
transfer:  26.768224716186523
forward:  2.29532790184021
backward:  1.4028799533843994
free:  6.796224117279053
23000
sampling:  0.1700800061225891
gather:  90.31983947753906
cache:  5.725759983062744
transfer:  29.091487884521484
forward:  2.4056320190429688
backward:  1.5441919565200806
free:  7.057983875274658
24000
sampling:  0.22198399901390076
gather:  93.00032043457031
cache:  5.002687931060791
transfer:  29.086111068725586
forward:  2.362015962600708
backward:  1.745919942855835
free:  6.815040111541748
25000
sampling:  0.19475199282169342
gather:  94.19583892822266
cache:  3.9785919189453125
transfer:  32.761470794677734
forward:  2.377631902694702
backward:  1.6895999908447266
free:  7.29801607131958
26000
sampling:  0.2168000042438507
gather:  90.02422332763672
cache:  5.342976093292236
transfer:  29.741823196411133
forward:  2.31494402885437
backward:  1.6455680131912231
free:  7.723711967468262
27000
sampling:  0.2056960016489029
gather:  91.74508666992188
cache:  5.046624183654785
transfer:  27.447904586791992
forward:  2.2894399166107178
backward:  1.7356799840927124
free:  6.7236480712890625
28000
sampling:  0.1743360012769699
gather:  88.94818878173828
cache:  4.308095932006836
transfer:  28.495424270629883
forward:  2.3804800510406494
backward:  1.8462719917297363
free:  7.642528057098389
29000
sampling:  0.18172800540924072
gather:  87.89971160888672
cache:  4.240255832672119
transfer:  28.751935958862305
forward:  2.3238720893859863
backward:  1.504256010055542
free:  6.784192085266113
30000
sampling:  0.17945599555969238
gather:  96.8115234375
cache:  4.419839859008789
transfer:  29.723072052001953
forward:  2.3420801162719727
backward:  1.6957440376281738
free:  7.058176040649414
31000
sampling:  0.19631999731063843
gather:  96.69254302978516
cache:  6.445695877075195
transfer:  29.182783126831055
forward:  2.3360960483551025
backward:  1.7397760152816772
free:  6.719679832458496
Step 3: Done
Total stat
2356.7717
91.2698
5.6882
3026.5145
201.5700
941.5923
75.7682
57.2119
240.6301
Epoch 00, Loss: 0.0001, Approx. Train: 0.7203
Epoch time: 7784150.8088 ms
