Preparing dataset...
Done!

==============================
Running Epoch 0...
Running 0th superbatch of total 14 superbatches
Step 1: Superbatch Sample
[run_ginex.py] sb_sample time = 90.17527627944946
Step 1: Done
inspect_time = 110744.921875
Running 1th superbatch of total 14 superbatches
Step 1: Superbatch Sample
Loading ids...
Done!
Pass 1: calculating frequency and initial cache indices...
Done!
Pass 2: making two key data structures (iterptr & iters)...
Done!
pass_1_and_2 time = 10.12122368812561
[run_ginex.py] pass_1_and_2 time = 10.121273040771484
Pass 3: Computing changesets...
Done!
pass_3 time = 192.32097101211548
[run_ginex.py] pass_3 time = 192.32105469703674
[run_ginex.py] sb_sample time = 238.77152180671692
Step 1: Done
inspect_time = 267863.25
Epoch 00, Loss: 0.0000, Approx. Train: 0.0000
Epoch time: 381237.8998 ms
