Preparing dataset...
Done!

==============================
Running Epoch 0...
Running 0th superbatch of total 6 superbatches
Step 1: Superbatch Sample
[run_ginex.py] sb_sample time = 177.33708810806274
Step 1: Done
inspect_time = 195122.15625
Running 1th superbatch of total 6 superbatches
Step 1: Superbatch Sample
Loading ids...
Done!
Pass 1: calculating frequency and initial cache indices...
Done!
Pass 2: making two key data structures (iterptr & iters)...
Done!
pass_1_and_2 time = 27.08103084564209
[run_ginex.py] pass_1_and_2 time = 27.081080198287964
Pass 3: Computing changesets...
Done!
pass_3 time = 1118.7313995361328
[run_ginex.py] pass_3 time = 1118.7315611839294
[run_ginex.py] sb_sample time = 1178.0856592655182
Step 1: Done
inspect_time = 1223962.5
Step 2: Switch
Step 2: Done
Step 3: Main Loop
0
sampling:  0.12720000743865967
gather:  153.46170043945312
cache:  21.788063049316406
transfer:  184.84693908691406
forward:  300.84600830078125
backward:  250.56358337402344
free:  32.73356628417969
1000
sampling:  0.15331199765205383
gather:  86.9168930053711
cache:  5.736735820770264
transfer:  14.972384452819824
forward:  1.8339519500732422
backward:  2.822144031524658
free:  4.66867208480835
2000
sampling:  0.13449600338935852
gather:  65.62127685546875
cache:  2.2460479736328125
transfer:  15.223487854003906
forward:  2.34879994392395
backward:  2.998271942138672
free:  4.766784191131592
3000
sampling:  0.1480959951877594
gather:  49.461727142333984
cache:  2.5589759349823
transfer:  17.768831253051758
forward:  1.8725119829177856
backward:  1.9353599548339844
free:  3.9692800045013428
4000
sampling:  0.06915199756622314
gather:  33.49433517456055
cache:  1.9723199605941772
transfer:  12.655296325683594
forward:  1.770751953125
backward:  2.5763840675354004
free:  3.5719680786132812
5000
sampling:  0.11840000003576279
gather:  52.94172668457031
cache:  2.6321280002593994
transfer:  16.849824905395508
forward:  2.2896640300750732
backward:  2.8149759769439697
free:  4.585247993469238
6000
sampling:  0.1318719983100891
gather:  46.32720184326172
cache:  2.5494399070739746
transfer:  14.283583641052246
forward:  2.0640640258789062
backward:  2.5722880363464355
free:  5.225312232971191
7000
sampling:  0.14441600441932678
gather:  42.61692810058594
cache:  3.646143913269043
transfer:  14.151647567749023
forward:  1.945024013519287
backward:  2.415616035461426
free:  4.670752048492432
8000
sampling:  0.09004800021648407
gather:  53.249855041503906
cache:  2.4917120933532715
transfer:  15.060288429260254
forward:  2.5863358974456787
backward:  3.6618239879608154
free:  4.71014404296875
9000
sampling:  0.1048320010304451
gather:  53.43952178955078
cache:  4.02188777923584
transfer:  14.013983726501465
forward:  1.7879999876022339
backward:  2.026495933532715
free:  4.297632217407227
10000
sampling:  0.09408000111579895
gather:  43.33055877685547
cache:  7.794623851776123
transfer:  12.147135734558105
forward:  1.6773120164871216
backward:  2.25382399559021
free:  4.493120193481445
11000
sampling:  0.12697599828243256
gather:  49.54399871826172
cache:  2.4863040447235107
transfer:  14.451552391052246
forward:  1.9511359930038452
backward:  2.3306241035461426
free:  4.426976203918457
12000
sampling:  0.13209599256515503
gather:  56.96342468261719
cache:  2.1353919506073
transfer:  13.85308837890625
forward:  2.2837440967559814
backward:  2.2261440753936768
free:  4.935999870300293
13000
sampling:  0.1653439998626709
gather:  41.25056076049805
cache:  2.484639883041382
transfer:  14.474592208862305
forward:  2.543519973754883
backward:  2.0797441005706787
free:  4.8397440910339355
14000
sampling:  0.1297599971294403
gather:  46.3856315612793
cache:  2.1415998935699463
transfer:  11.935935974121094
forward:  1.579807996749878
backward:  2.865151882171631
free:  4.287199974060059
15000
sampling:  0.10665600001811981
gather:  47.58816146850586
cache:  2.4137918949127197
transfer:  12.649344444274902
forward:  1.9033600091934204
backward:  2.0858559608459473
free:  4.330336093902588
Step 3: Done
Total stat
1223.9625
88.3285
2.0997
796.4092
57.3335
225.3902
33.2777
43.5550
82.7310
Epoch 00, Loss: 0.0001, Approx. Train: 0.1801
Epoch time: 2818200.7644 ms
