Preparing dataset...
Done!

==============================
Running Epoch 0...
Running 0th superbatch of total 12 superbatches
Step 1: Superbatch Sample
[run_ginex.py] sb_sample time = 100.78724837303162
Step 1: Done
inspect_time = 118806.7578125
Running 1th superbatch of total 12 superbatches
Step 1: Superbatch Sample
Loading ids...
Done!
Pass 1: calculating frequency and initial cache indices...
Done!
Pass 2: making two key data structures (iterptr & iters)...
Done!
pass_1_and_2 time = 18.94532060623169
[run_ginex.py] pass_1_and_2 time = 18.945373058319092
Pass 3: Computing changesets...
Done!
pass_3 time = 1165.9214055538177
[run_ginex.py] pass_3 time = 1165.921490430832
[run_ginex.py] sb_sample time = 1213.67516040802
Step 1: Done
inspect_time = 1251038.125
Step 2: Switch
Step 2: Done
Step 3: Main Loop
0
sampling:  0.1223360002040863
gather:  74.2627182006836
cache:  15.244864463806152
transfer:  202.227783203125
forward:  289.78375244140625
backward:  208.0358428955078
free:  29.42790412902832
1000
sampling:  0.10153599828481674
gather:  0.04598399996757507
cache:  0.0828159973025322
transfer:  6.156864166259766
forward:  1.4334720373153687
backward:  2.042880058288574
free:  3.2177600860595703
2000
sampling:  0.12915199995040894
gather:  33.8350715637207
cache:  7.056096076965332
transfer:  7.033120155334473
forward:  1.6388479471206665
backward:  2.72489595413208
free:  3.717952013015747
3000
sampling:  0.09961599856615067
gather:  35.33894348144531
cache:  2.2764480113983154
transfer:  5.899360179901123
forward:  1.2959680557250977
backward:  3.309567928314209
free:  3.60316801071167
4000
sampling:  0.15680000185966492
gather:  26.348064422607422
cache:  4.079264163970947
transfer:  7.984799861907959
forward:  2.611423969268799
backward:  3.2819199562072754
free:  3.1003520488739014
5000
sampling:  0.09273599833250046
gather:  27.03152084350586
cache:  1.738271951675415
transfer:  7.398752212524414
forward:  2.04038405418396
backward:  3.676192045211792
free:  3.288640022277832
6000
sampling:  0.11449600011110306
gather:  20.724159240722656
cache:  1.4442880153656006
transfer:  7.998367786407471
forward:  1.8868160247802734
backward:  4.464640140533447
free:  3.6066880226135254
7000
sampling:  0.11356800049543381
gather:  22.371871948242188
cache:  8.101119995117188
transfer:  6.965856075286865
forward:  1.6606080532073975
backward:  2.0490241050720215
free:  3.0043840408325195
8000
sampling:  0.1186240017414093
gather:  17.928255081176758
cache:  1.766592025756836
transfer:  8.691391944885254
forward:  2.937664031982422
backward:  2.787328004837036
free:  2.8105599880218506
9000
sampling:  0.14377599954605103
gather:  24.15180778503418
cache:  2.3136959075927734
transfer:  6.870336055755615
forward:  2.7068159580230713
backward:  2.5364160537719727
free:  2.8779520988464355
10000
sampling:  0.08371199667453766
gather:  19.053056716918945
cache:  1.7984639406204224
transfer:  5.767648220062256
forward:  1.3477120399475098
backward:  5.089280128479004
free:  3.6712958812713623
11000
sampling:  0.08975999802350998
gather:  29.113311767578125
cache:  1.4807360172271729
transfer:  5.795360088348389
forward:  1.216480016708374
backward:  5.023744106292725
free:  4.41212797164917
12000
sampling:  0.17312000691890717
gather:  24.698144912719727
cache:  4.948160171508789
transfer:  6.625919818878174
forward:  1.8490240573883057
backward:  2.9327359199523926
free:  0.40729600191116333
13000
sampling:  0.0737600028514862
gather:  26.931840896606445
cache:  1.4369280338287354
transfer:  5.086175918579102
forward:  1.1782399415969849
backward:  2.4893438816070557
free:  2.2648959159851074
14000
sampling:  0.14070400595664978
gather:  21.958751678466797
cache:  1.9881600141525269
transfer:  6.638368129730225
forward:  2.0279040336608887
backward:  3.5297279357910156
free:  3.010688066482544
15000
sampling:  0.10627199709415436
gather:  21.018592834472656
cache:  3.209183931350708
transfer:  7.078783988952637
forward:  2.2653119564056396
backward:  4.060160160064697
free:  3.0322558879852295
Step 3: Done
Total stat
1251.0381
91.8606
1.7204
362.7304
38.2019
106.9332
34.5196
50.5218
51.4689
Epoch 00, Loss: 0.0000, Approx. Train: 0.0900
Epoch time: 2164044.7316 ms
