Preparing dataset...
Done!

==============================
Running Epoch 0...
Running 0th superbatch of total 2 superbatches
Step 1: Superbatch Sample
[run_ginex.py] sb_sample time = 645.4604909420013
Step 1: Done
inspect_time = 664102.9375
Running 1th superbatch of total 2 superbatches
Step 1: Superbatch Sample
Loading ids...
Done!
Pass 1: calculating frequency and initial cache indices...
Done!
Pass 2: making two key data structures (iterptr & iters)...
Done!
pass_1_and_2 time = 94.74726676940918
[run_ginex.py] pass_1_and_2 time = 94.74731826782227
Pass 3: Computing changesets...
Done!
pass_3 time = 1016.6889498233795
[run_ginex.py] pass_3 time = 1016.6891005039215
[run_ginex.py] sb_sample time = 1098.6528782844543
Step 1: Done
inspect_time = 1246520.625
Step 2: Switch
Step 2: Done
Step 3: Main Loop
0
sampling:  0.16124799847602844
gather:  403.83642578125
cache:  18.899168014526367
transfer:  258.5889587402344
forward:  325.6572265625
backward:  243.23890686035156
free:  49.25062561035156
1000
sampling:  0.1536960005760193
gather:  150.26646423339844
cache:  9.530271530151367
transfer:  58.30531311035156
forward:  3.7240641117095947
backward:  2.3255040645599365
free:  13.181792259216309
2000
sampling:  0.1722559928894043
gather:  183.38963317871094
cache:  10.237792015075684
transfer:  56.918495178222656
forward:  3.657088041305542
backward:  2.287616014480591
free:  12.332320213317871
3000
sampling:  0.2171200066804886
gather:  170.0431671142578
cache:  13.266816139221191
transfer:  57.53696060180664
forward:  3.6502718925476074
backward:  2.2865920066833496
free:  12.720640182495117
4000
sampling:  0.18803200125694275
gather:  161.64883422851562
cache:  11.500288009643555
transfer:  56.710975646972656
forward:  3.733664035797119
backward:  2.3091518878936768
free:  12.614272117614746
5000
sampling:  0.12880000472068787
gather:  179.60140991210938
cache:  11.46076774597168
transfer:  58.149566650390625
forward:  3.714751958847046
backward:  2.3132479190826416
free:  12.828319549560547
6000
sampling:  0.18505600094795227
gather:  177.71273803710938
cache:  12.232704162597656
transfer:  57.00627136230469
forward:  3.7024641036987305
backward:  2.3101119995117188
free:  12.869312286376953
7000
sampling:  0.16118399798870087
gather:  189.66082763671875
cache:  13.142239570617676
transfer:  59.209632873535156
forward:  3.7968320846557617
backward:  2.35315203666687
free:  12.970656394958496
8000
sampling:  0.1796800047159195
gather:  186.2046356201172
cache:  9.987360000610352
transfer:  58.08063888549805
forward:  3.7025599479675293
backward:  2.324512004852295
free:  13.778335571289062
9000
sampling:  0.18092800676822662
gather:  170.44834899902344
cache:  9.779264450073242
transfer:  58.607521057128906
forward:  3.73142409324646
backward:  2.3357439041137695
free:  13.033408164978027
10000
sampling:  0.15859200060367584
gather:  180.49932861328125
cache:  12.130720138549805
transfer:  59.465919494628906
forward:  3.729055881500244
backward:  2.349087953567505
free:  12.870400428771973
11000
sampling:  0.17257599532604218
gather:  835.8146362304688
cache:  15.475711822509766
transfer:  55.44636917114258
forward:  3.597856044769287
backward:  2.4166080951690674
free:  13.33852767944336
12000
sampling:  0.1607999950647354
gather:  176.3509063720703
cache:  11.58140754699707
transfer:  59.70604705810547
forward:  3.754591941833496
backward:  2.3316800594329834
free:  13.006688117980957
13000
sampling:  0.2173440009355545
gather:  179.57887268066406
cache:  10.378463745117188
transfer:  58.15523147583008
forward:  3.717600107192993
backward:  2.315295934677124
free:  12.692095756530762
14000
sampling:  0.21356800198554993
gather:  179.8350372314453
cache:  10.542911529541016
transfer:  57.33760070800781
forward:  3.7507519721984863
backward:  2.330656051635742
free:  13.022047996520996
15000
sampling:  0.21011200547218323
gather:  182.10934448242188
cache:  11.742239952087402
transfer:  59.30361557006836
forward:  3.7215681076049805
backward:  2.312191963195801
free:  13.771871566772461
Step 3: Done
Total stat
1246.5206
87.9098
2.9272
2908.3685
185.2964
934.5830
59.7161
37.6393
209.4373
Epoch 00, Loss: 0.0003, Approx. Train: 0.7203
Epoch time: 6374616.3120 ms
