Preparing dataset...
Done!

==============================
Running Epoch 0...
Running 0th superbatch of total 42 superbatches
Step 1: Superbatch Sample
[run_ginex.py] sb_sample time = 68.69174790382385
Step 1: Done
inspect_time = 85945.9296875
Running 1th superbatch of total 42 superbatches
Step 1: Superbatch Sample
Loading ids...
Done!
Pass 1: calculating frequency and initial cache indices...
Done!
Pass 2: making two key data structures (iterptr & iters)...
Done!
pass_1_and_2 time = 2.601210594177246
[run_ginex.py] pass_1_and_2 time = 2.601273775100708
Pass 3: Computing changesets...
Done!
pass_3 time = 20.052684545516968
[run_ginex.py] pass_3 time = 20.05278253555298
[run_ginex.py] sb_sample time = 67.66285228729248
Step 1: Done
inspect_time = 88155.78125
Step 2: Switch
Step 2: Done
Step 3: Main Loop
0
sampling:  0.09216000139713287
gather:  135.05491638183594
cache:  10.971424102783203
transfer:  131.61727905273438
forward:  386.1759338378906
backward:  222.5438690185547
free:  35.60764694213867
Step 3: Done
Total stat
88155.7812
79908.3672
54.6209
63117.3017
6210.1852
24234.6243
1914.2912
1181.8680
6219.6366
Epoch 00, Loss: 0.0003, Approx. Train: 0.0238
Epoch time: 361323.2269 ms
