Preparing dataset...
Done!

==============================
Running Epoch 0...
Running 0th superbatch of total 2 superbatches
Step 1: Superbatch Sample
[run_ginex.py] sb_sample time = 1361.0459196567535
Step 1: Done
inspect_time = 1379376.125
Running 1th superbatch of total 2 superbatches
Step 1: Superbatch Sample
Loading ids...
Done!
Pass 1: calculating frequency and initial cache indices...
Done!
Pass 2: making two key data structures (iterptr & iters)...
Done!
pass_1_and_2 time = 93.15382027626038
[run_ginex.py] pass_1_and_2 time = 93.15387058258057
Pass 3: Computing changesets...
Done!
pass_3 time = 772.1586740016937
[run_ginex.py] pass_3 time = 772.1594276428223
[run_ginex.py] sb_sample time = 842.7289099693298
Step 1: Done
inspect_time = 983167.125
Step 2: Switch
Step 2: Done
Step 3: Main Loop
0
sampling:  0.15324799716472626
gather:  257.8991394042969
cache:  21.520479202270508
transfer:  255.43341064453125
forward:  315.134521484375
backward:  201.92562866210938
free:  54.53571319580078
1000
sampling:  0.1297920048236847
gather:  153.80758666992188
cache:  14.806048393249512
transfer:  44.36323165893555
forward:  3.0039360523223877
backward:  1.9128320217132568
free:  11.426719665527344
2000
sampling:  0.15007999539375305
gather:  116.24310302734375
cache:  8.822624206542969
transfer:  41.612159729003906
forward:  3.013983964920044
backward:  1.8749439716339111
free:  11.589599609375
3000
sampling:  0.0968639999628067
gather:  99.70944213867188
cache:  13.078432083129883
transfer:  41.34076690673828
forward:  3.0118401050567627
backward:  1.8411519527435303
free:  11.442815780639648
4000
sampling:  0.09980800002813339
gather:  121.95439910888672
cache:  15.855711936950684
transfer:  41.818782806396484
forward:  3.01363205909729
backward:  1.9097599983215332
free:  11.398207664489746
5000
sampling:  0.12937599420547485
gather:  108.3466567993164
cache:  8.198880195617676
transfer:  41.398399353027344
forward:  3.0160319805145264
backward:  1.903615951538086
free:  11.760255813598633
6000
sampling:  0.13731199502944946
gather:  110.4455337524414
cache:  15.138175964355469
transfer:  41.012481689453125
forward:  3.014240026473999
backward:  1.8647040128707886
free:  11.636128425598145
7000
sampling:  0.15132799744606018
gather:  111.18099212646484
cache:  10.052160263061523
transfer:  42.71807861328125
forward:  3.015360116958618
backward:  1.8944319486618042
free:  11.562496185302734
8000
sampling:  0.16208000481128693
gather:  118.14236450195312
cache:  17.238399505615234
transfer:  45.22585678100586
forward:  3.060512065887451
backward:  1.9067200422286987
free:  11.726143836975098
9000
sampling:  0.11203200370073318
gather:  106.57123565673828
cache:  10.768159866333008
transfer:  44.51919937133789
forward:  3.031264066696167
backward:  1.9486720561981201
free:  11.622591972351074
10000
sampling:  0.1178240031003952
gather:  108.46463775634766
cache:  9.065823554992676
transfer:  42.01087951660156
forward:  3.0150399208068848
backward:  1.8677760362625122
free:  11.614848136901855
11000
sampling:  0.12240000069141388
gather:  123.57743835449219
cache:  9.464256286621094
transfer:  41.9027214050293
forward:  3.0092480182647705
backward:  1.9016000032424927
free:  11.521151542663574
12000
sampling:  0.12064000219106674
gather:  106.21250915527344
cache:  8.118592262268066
transfer:  40.34195327758789
forward:  2.967967987060547
backward:  1.9046399593353271
free:  11.290111541748047
13000
sampling:  0.12387199699878693
gather:  117.8842544555664
cache:  9.15129566192627
transfer:  43.1627197265625
forward:  3.0148799419403076
backward:  1.8892799615859985
free:  11.619903564453125
14000
sampling:  0.13020800054073334
gather:  113.71753692626953
cache:  9.991999626159668
transfer:  41.87091064453125
forward:  3.014080047607422
backward:  1.8708479404449463
free:  12.24783992767334
15000
sampling:  0.12940800189971924
gather:  117.14835357666016
cache:  10.026016235351562
transfer:  42.90009689331055
forward:  3.0257279872894287
backward:  1.9353920221328735
free:  11.168224334716797
16000
sampling:  0.15254400670528412
gather:  117.43968200683594
cache:  11.227231979370117
transfer:  41.95772933959961
forward:  2.992000102996826
backward:  2.2231359481811523
free:  12.263615608215332
17000
sampling:  0.12118399888277054
gather:  116.5393295288086
cache:  9.201663970947266
transfer:  41.308319091796875
forward:  3.0132479667663574
backward:  1.8647040128707886
free:  11.387776374816895
Step 3: Done
Total stat
983.1671
79.5468
2.2783
2030.8399
178.7562
757.4925
53.6901
33.5496
207.2331
Epoch 00, Loss: 0.0003, Approx. Train: 0.7985
Epoch time: 5756762.9867 ms
