Preparing dataset...
Done!

==============================
Running Epoch 0...
Running 0th superbatch of total 5 superbatches
Step 1: Superbatch Sample
[run_ginex.py] sb_sample time = 87.76100134849548
Step 1: Done
inspect_time = 105069.3359375
Running 1th superbatch of total 5 superbatches
Step 1: Superbatch Sample
Loading ids...
Done!
Pass 1: calculating frequency and initial cache indices...
Done!
Pass 2: making two key data structures (iterptr & iters)...
Done!
pass_1_and_2 time = 18.21040678024292
[run_ginex.py] pass_1_and_2 time = 18.211352825164795
Pass 3: Computing changesets...
Done!
pass_3 time = 485.1187379360199
[run_ginex.py] pass_3 time = 485.1188175678253
[run_ginex.py] sb_sample time = 535.9740519523621
Step 1: Done
inspect_time = 572350.0625
Step 2: Switch
Step 2: Done
Step 3: Main Loop
0
sampling:  0.17500799894332886
gather:  56.61500930786133
cache:  16.494272232055664
transfer:  202.98605346679688
forward:  283.87548828125
backward:  272.9912414550781
free:  25.14147186279297
1000
sampling:  0.04102399945259094
gather:  0.021983999758958817
cache:  0.049984000623226166
transfer:  8.134592056274414
forward:  1.3814719915390015
backward:  2.6746881008148193
free:  5.562272071838379
2000
sampling:  0.2011840045452118
gather:  0.5804479718208313
cache:  1.0839680433273315
transfer:  11.948351860046387
forward:  3.563647985458374
backward:  3.9383039474487305
free:  4.2297282218933105
3000
sampling:  0.18332800269126892
gather:  31.643871307373047
cache:  7.13369607925415
transfer:  11.557087898254395
forward:  2.3015360832214355
backward:  3.1744000911712646
free:  4.760704040527344
4000
sampling:  0.13420799374580383
gather:  29.40959930419922
cache:  2.6851840019226074
transfer:  14.36950397491455
forward:  3.677311897277832
backward:  4.203519821166992
free:  6.559904098510742
5000
sampling:  0.1398400068283081
gather:  33.81273651123047
cache:  1.2876160144805908
transfer:  13.69968032836914
forward:  6.187808036804199
backward:  4.1943039894104
free:  5.232895851135254
6000
sampling:  0.20720000565052032
gather:  30.63599967956543
cache:  7.269279956817627
transfer:  12.889951705932617
forward:  2.4970240592956543
backward:  2.067456007003784
free:  3.975231885910034
7000
sampling:  0.1581760048866272
gather:  24.068960189819336
cache:  0.8946880102157593
transfer:  14.67852783203125
forward:  4.783775806427002
backward:  4.429823875427246
free:  5.9154558181762695
8000
sampling:  0.16937600076198578
gather:  19.769088745117188
cache:  1.7364799976348877
transfer:  15.337984085083008
forward:  2.001312017440796
backward:  1.4704639911651611
free:  3.2522239685058594
9000
sampling:  0.23110400140285492
gather:  29.996671676635742
cache:  1.8717119693756104
transfer:  12.211584091186523
forward:  3.518944025039673
backward:  3.808255910873413
free:  3.8537919521331787
10000
sampling:  0.13763199746608734
gather:  27.730207443237305
cache:  2.1286399364471436
transfer:  14.061535835266113
forward:  2.474015951156616
backward:  2.7904319763183594
free:  3.690176010131836
11000
sampling:  0.1769919991493225
gather:  24.227840423583984
cache:  2.1274240016937256
transfer:  12.55459213256836
forward:  2.009887933731079
backward:  3.4119999408721924
free:  5.622399806976318
12000
sampling:  0.15830400586128235
gather:  20.279264450073242
cache:  3.8986239433288574
transfer:  13.769984245300293
forward:  2.4291839599609375
backward:  1.6875840425491333
free:  3.70086407661438
Step 3: Done
Total stat
572.3501
84.3809
1.8827
253.8817
28.3985
161.4762
36.8519
41.1209
52.7524
Epoch 00, Loss: 0.0001, Approx. Train: 0.2481
Epoch time: 1395329.1447 ms
