Preparing dataset...
Done!

==============================
Running Epoch 0...
Running 0th superbatch of total 2 superbatches
Step 1: Superbatch Sample
[run_ginex.py] sb_sample time = 284.3180100917816
Step 1: Done
inspect_time = 302100.5
Running 1th superbatch of total 2 superbatches
Step 1: Superbatch Sample
Loading ids...
Done!
Pass 1: calculating frequency and initial cache indices...
Done!
Pass 2: making two key data structures (iterptr & iters)...
Done!
pass_1_and_2 time = 54.67827391624451
[run_ginex.py] pass_1_and_2 time = 54.678961515426636
Pass 3: Computing changesets...
Done!
pass_3 time = 1613.1931030750275
[run_ginex.py] pass_3 time = 1613.1933724880219
[run_ginex.py] sb_sample time = 1672.026051044464
Step 1: Done
inspect_time = 1753139.0
Step 2: Switch
Step 2: Done
Step 3: Main Loop
0
sampling:  0.11817599833011627
gather:  206.44268798828125
cache:  29.455455780029297
transfer:  194.43731689453125
forward:  392.7017517089844
backward:  254.85414123535156
free:  45.33302307128906
1000
sampling:  0.18585599958896637
gather:  0.29814401268959045
cache:  0.5806400179862976
transfer:  20.951904296875
forward:  2.3245439529418945
backward:  1.698815941810608
free:  5.931168079376221
2000
sampling:  0.1863359957933426
gather:  58.942623138427734
cache:  3.9633920192718506
transfer:  22.558591842651367
forward:  2.5388801097869873
backward:  2.3808000087738037
free:  6.006239891052246
3000
sampling:  0.16729600727558136
gather:  50.18511962890625
cache:  1.8502720594406128
transfer:  22.742176055908203
forward:  2.5163519382476807
backward:  2.6398720741271973
free:  5.666399955749512
4000
sampling:  0.17180800437927246
gather:  44.381343841552734
cache:  1.566912055015564
transfer:  24.725311279296875
forward:  2.499903917312622
backward:  2.1329920291900635
free:  5.3891520500183105
5000
sampling:  0.1648000031709671
gather:  40.722591400146484
cache:  1.0678399801254272
transfer:  23.76323127746582
forward:  2.5171520709991455
backward:  2.445312023162842
free:  6.060480117797852
6000
sampling:  0.18892799317836761
gather:  33.10291290283203
cache:  2.0739519596099854
transfer:  24.09929656982422
forward:  2.3624320030212402
backward:  1.4161920547485352
free:  5.566559791564941
7000
sampling:  0.1865600049495697
gather:  48.358848571777344
cache:  4.816160202026367
transfer:  24.395423889160156
forward:  2.588927984237671
backward:  2.0049920082092285
free:  5.421631813049316
8000
sampling:  0.21264000236988068
gather:  44.57551956176758
cache:  1.8287359476089478
transfer:  21.266016006469727
forward:  2.499295949935913
backward:  2.0316479206085205
free:  5.540544033050537
9000
sampling:  0.15667200088500977
gather:  42.71567916870117
cache:  1.0943679809570312
transfer:  26.413055419921875
forward:  2.5723841190338135
backward:  2.133023977279663
free:  6.276288032531738
10000
sampling:  0.20291200280189514
gather:  51.6940803527832
cache:  2.4846079349517822
transfer:  23.964351654052734
forward:  2.4679999351501465
backward:  1.9988479614257812
free:  5.703487873077393
11000
sampling:  0.14684799313545227
gather:  45.477535247802734
cache:  2.1364800930023193
transfer:  23.390655517578125
forward:  2.4214720726013184
backward:  1.8247679471969604
free:  5.6478400230407715
12000
sampling:  0.18220800161361694
gather:  45.1945915222168
cache:  1.4487680196762085
transfer:  30.89740753173828
forward:  2.4852800369262695
backward:  2.368544101715088
free:  6.867487907409668
13000
sampling:  0.15891200304031372
gather:  47.43065643310547
cache:  2.1159679889678955
transfer:  21.464704513549805
forward:  2.34499192237854
backward:  1.8093760013580322
free:  4.80185604095459
14000
sampling:  0.14860799908638
gather:  39.421504974365234
cache:  2.337183952331543
transfer:  25.186975479125977
forward:  2.4314239025115967
backward:  2.138079881668091
free:  5.96073579788208
15000
sampling:  0.09980800002813339
gather:  36.53046417236328
cache:  10.241312026977539
transfer:  22.39740753173828
forward:  2.3664960861206055
backward:  1.610751986503601
free:  4.998816013336182
16000
sampling:  0.19808000326156616
gather:  45.57270431518555
cache:  4.02623987197876
transfer:  23.761184692382812
forward:  2.702847957611084
backward:  3.309567928314209
free:  5.41107177734375
17000
sampling:  0.18000000715255737
gather:  55.388126373291016
cache:  1.835968017578125
transfer:  23.671615600585938
forward:  2.5111680030822754
backward:  2.414623975753784
free:  6.538496017456055
18000
sampling:  0.17052799463272095
gather:  44.006656646728516
cache:  3.832159996032715
transfer:  21.564319610595703
forward:  2.4279680252075195
backward:  2.244607925415039
free:  4.944608211517334
19000
sampling:  0.17059199512004852
gather:  57.9189453125
cache:  1.4955840110778809
transfer:  22.680896759033203
forward:  2.5669119358062744
backward:  2.768928050994873
free:  6.748960018157959
20000
sampling:  0.14454400539398193
gather:  48.09503936767578
cache:  1.455839991569519
transfer:  25.093759536743164
forward:  2.595616102218628
backward:  1.861664056777954
free:  5.867231845855713
21000
sampling:  0.19103999435901642
gather:  43.20966339111328
cache:  1.2378560304641724
transfer:  18.5532169342041
forward:  5.059135913848877
backward:  7.972832202911377
free:  8.117823600769043
22000
sampling:  0.19782400131225586
gather:  42.52912139892578
cache:  1.3038079738616943
transfer:  24.128095626831055
forward:  2.715104103088379
backward:  2.9040958881378174
free:  6.051072120666504
23000
sampling:  0.19206400215625763
gather:  45.88115310668945
cache:  2.167327880859375
transfer:  22.632736206054688
forward:  2.473151922225952
backward:  2.1360321044921875
free:  5.961088180541992
24000
sampling:  0.1531199961900711
gather:  40.66476821899414
cache:  1.3702720403671265
transfer:  23.38287925720215
forward:  2.292288064956665
backward:  1.3957120180130005
free:  5.309919834136963
Step 3: Done
Total stat
1753.1390
88.9120
4.2839
1068.8965
74.5954
565.1499
63.7644
60.7446
149.2682
Epoch 00, Loss: 0.0002, Approx. Train: 0.9923
Epoch time: 4251377.5716 ms
