Preparing dataset...
Done!

==============================
Running Epoch 0...
Running 0th superbatch of total 9 superbatches
Step 1: Superbatch Sample
[run_ginex.py] sb_sample time = 55.08988380432129
Step 1: Done
inspect_time = 72402.3125
Running 1th superbatch of total 9 superbatches
Step 1: Superbatch Sample
Loading ids...
Done!
Pass 1: calculating frequency and initial cache indices...
Done!
Pass 2: making two key data structures (iterptr & iters)...
Done!
pass_1_and_2 time = 16.136125802993774
[run_ginex.py] pass_1_and_2 time = 16.136176347732544
Pass 3: Computing changesets...
Done!
pass_3 time = 479.9074709415436
[run_ginex.py] pass_3 time = 479.9075446128845
[run_ginex.py] sb_sample time = 528.8776228427887
Step 1: Done
inspect_time = 563062.8125
Step 2: Switch
Step 2: Done
Step 3: Main Loop
0
sampling:  0.14422400295734406
gather:  42.63558578491211
cache:  21.50979232788086
transfer:  130.88198852539062
forward:  350.63427734375
backward:  225.080322265625
free:  28.684831619262695
1000
sampling:  0.09596800059080124
gather:  0.04950400069355965
cache:  0.13519999384880066
transfer:  6.615935802459717
forward:  3.447904109954834
backward:  2.0797441005706787
free:  2.0550079345703125
2000
sampling:  0.14975999295711517
gather:  0.08771199733018875
cache:  0.15007999539375305
transfer:  6.099264144897461
forward:  1.9188159704208374
backward:  2.954240083694458
free:  0.29129600524902344
3000
sampling:  0.15574400126934052
gather:  1.6877119541168213
cache:  3.8855679035186768
transfer:  6.821663856506348
forward:  2.5774080753326416
backward:  5.017600059509277
free:  2.462143898010254
4000
sampling:  0.09849599748849869
gather:  0.5440959930419922
cache:  0.16892799735069275
transfer:  4.572256088256836
forward:  1.072767972946167
backward:  4.256768226623535
free:  4.122591972351074
5000
sampling:  0.15401600301265717
gather:  0.07788799703121185
cache:  0.1799360066652298
transfer:  7.215551853179932
forward:  1.826751947402954
backward:  2.663424015045166
free:  2.532576084136963
6000
sampling:  0.19516800343990326
gather:  16.131776809692383
cache:  0.9805120229721069
transfer:  7.796832084655762
forward:  3.235680103302002
backward:  3.0453760623931885
free:  2.6531200408935547
7000
sampling:  0.12467200309038162
gather:  13.656096458435059
cache:  1.853760004043579
transfer:  7.607744216918945
forward:  2.2576959133148193
backward:  6.2566399574279785
free:  4.087456226348877
8000
sampling:  0.17027199268341064
gather:  15.558112144470215
cache:  2.5527679920196533
transfer:  10.576064109802246
forward:  2.7500479221343994
backward:  1.721343994140625
free:  1.949728012084961
9000
sampling:  0.15891200304031372
gather:  15.435263633728027
cache:  1.2747199535369873
transfer:  10.863967895507812
forward:  3.9545600414276123
backward:  3.758080005645752
free:  2.8296639919281006
10000
sampling:  0.15347200632095337
gather:  17.733983993530273
cache:  2.484544038772583
transfer:  7.041664123535156
forward:  4.138304233551025
backward:  2.8282880783081055
free:  2.5925118923187256
11000
sampling:  0.1504639983177185
gather:  11.702943801879883
cache:  1.9903359413146973
transfer:  8.545151710510254
forward:  3.046175956726074
backward:  3.4293758869171143
free:  2.974368095397949
12000
sampling:  0.19177600741386414
gather:  13.344127655029297
cache:  4.3594560623168945
transfer:  7.652895927429199
forward:  3.514496088027954
backward:  4.014080047607422
free:  3.5425920486450195
Step 3: Done
Total stat
563.0628
81.6714
1.7737
112.1373
20.6930
96.3429
36.0016
40.4680
32.3268
Epoch 00, Loss: 0.0001, Approx. Train: 0.1240
Epoch time: 1107629.8838 ms
