Preparing dataset...
Done!

==============================
Running Epoch 0...
Running 0th superbatch of total 2 superbatches
Step 1: Superbatch Sample
[run_ginex.py] sb_sample time = 104.04057574272156
Step 1: Done
inspect_time = 123386.7578125
Running 1th superbatch of total 2 superbatches
Step 1: Superbatch Sample
Loading ids...
Done!
Pass 1: calculating frequency and initial cache indices...
Done!
Pass 2: making two key data structures (iterptr & iters)...
Done!
pass_1_and_2 time = 16.48409938812256
[run_ginex.py] pass_1_and_2 time = 16.484158039093018
Pass 3: Computing changesets...
Done!
pass_3 time = 496.1974925994873
[run_ginex.py] pass_3 time = 496.19756865501404
[run_ginex.py] sb_sample time = 550.3597059249878
Step 1: Done
inspect_time = 585706.3125
Step 2: Switch
Step 2: Done
Step 3: Main Loop
0
sampling:  0.12272000312805176
gather:  75.04659271240234
cache:  25.64633560180664
transfer:  214.49839782714844
forward:  316.9831848144531
backward:  218.86976623535156
free:  23.67078399658203
1000
sampling:  0.07846400141716003
gather:  0.043007999658584595
cache:  0.1281919926404953
transfer:  9.403840065002441
forward:  4.207712173461914
backward:  4.002816200256348
free:  3.4468159675598145
2000
sampling:  0.05990400165319443
gather:  0.02691200003027916
cache:  0.06207999959588051
transfer:  10.493535995483398
forward:  1.9072320461273193
backward:  2.1196799278259277
free:  2.308608055114746
3000
sampling:  0.08134400099515915
gather:  1.9920639991760254
cache:  1.0622400045394897
transfer:  13.057600021362305
forward:  1.8434560298919678
backward:  2.297856092453003
free:  2.3805439472198486
4000
sampling:  0.14079999923706055
gather:  26.892831802368164
cache:  2.5823678970336914
transfer:  10.329343795776367
forward:  2.223615884780884
backward:  2.8487679958343506
free:  3.1107521057128906
5000
sampling:  0.12863999605178833
gather:  23.861888885498047
cache:  2.026400089263916
transfer:  13.841535568237305
forward:  3.5172479152679443
backward:  3.2368640899658203
free:  3.454591989517212
6000
sampling:  0.132192000746727
gather:  16.964000701904297
cache:  0.8193600177764893
transfer:  12.440544128417969
forward:  2.4388160705566406
backward:  4.629504203796387
free:  0.4391680061817169
7000
sampling:  0.18799999356269836
gather:  22.49852752685547
cache:  0.678272008895874
transfer:  11.33836841583252
forward:  2.642944097518921
backward:  2.7494399547576904
free:  3.2726080417633057
8000
sampling:  0.08329600095748901
gather:  22.884767532348633
cache:  1.5053119659423828
transfer:  7.886816024780273
forward:  2.020512104034424
backward:  3.0115840435028076
free:  4.88483190536499
9000
sampling:  0.12319999933242798
gather:  16.974815368652344
cache:  1.858944058418274
transfer:  12.239007949829102
forward:  3.7649919986724854
backward:  2.3603200912475586
free:  3.5066559314727783
10000
sampling:  0.15615999698638916
gather:  18.963584899902344
cache:  0.6563519835472107
transfer:  11.537280082702637
forward:  4.054751873016357
backward:  3.017728090286255
free:  3.1844160556793213
11000
sampling:  0.10367999970912933
gather:  17.33350372314453
cache:  1.8267840147018433
transfer:  9.00051212310791
forward:  4.891136169433594
backward:  4.761631965637207
free:  5.308864116668701
12000
sampling:  0.11683200299739838
gather:  16.14303970336914
cache:  2.123744010925293
transfer:  11.49839973449707
forward:  2.4853439331054688
backward:  5.542912006378174
free:  3.630496025085449
Step 3: Done
Total stat
585.7063
81.5795
1.8993
207.7226
27.6499
143.1090
41.8334
40.3865
42.9013
Epoch 00, Loss: 0.0002, Approx. Train: 0.5121
Epoch time: 1354714.4239 ms
