Preparing dataset...
Done!

==============================
Running Epoch 0...
Running 0th superbatch of total 3 superbatches
Step 1: Superbatch Sample
[run_ginex.py] sb_sample time = 153.7730393409729
Step 1: Done
inspect_time = 171403.703125
Running 1th superbatch of total 3 superbatches
Step 1: Superbatch Sample
Loading ids...
Done!
Pass 1: calculating frequency and initial cache indices...
Done!
Pass 2: making two key data structures (iterptr & iters)...
Done!
pass_1_and_2 time = 27.905524730682373
[run_ginex.py] pass_1_and_2 time = 27.90557622909546
Pass 3: Computing changesets...
Done!
pass_3 time = 658.2746639251709
[run_ginex.py] pass_3 time = 658.2754056453705
[run_ginex.py] sb_sample time = 721.4897933006287
Step 1: Done
inspect_time = 767135.4375
Step 2: Switch
Step 2: Done
Step 3: Main Loop
0
sampling:  0.1260479986667633
gather:  197.62623596191406
cache:  23.646879196166992
transfer:  194.79795837402344
forward:  314.9801940917969
backward:  244.31922912597656
free:  32.338558197021484
1000
sampling:  0.05881600081920624
gather:  0.042080000042915344
cache:  0.061664000153541565
transfer:  20.57302474975586
forward:  2.1145598888397217
backward:  1.661952018737793
free:  4.76416015625
2000
sampling:  0.1934719979763031
gather:  65.2126693725586
cache:  3.1853439807891846
transfer:  24.157567977905273
forward:  2.7886719703674316
backward:  3.0566399097442627
free:  7.16809606552124
3000
sampling:  0.17548799514770508
gather:  46.810462951660156
cache:  3.0850560665130615
transfer:  23.299455642700195
forward:  2.4506239891052246
backward:  1.7233920097351074
free:  5.200448036193848
4000
sampling:  0.14428800344467163
gather:  41.71945571899414
cache:  5.361792087554932
transfer:  22.35433578491211
forward:  2.590656042098999
backward:  2.2661120891571045
free:  5.418367862701416
5000
sampling:  0.1408960074186325
gather:  32.72742462158203
cache:  3.7864320278167725
transfer:  22.214176177978516
forward:  2.6000640392303467
backward:  2.032639980316162
free:  5.997504234313965
6000
sampling:  0.15702399611473083
gather:  37.899070739746094
cache:  2.577728033065796
transfer:  23.257247924804688
forward:  2.5936319828033447
backward:  1.844223976135254
free:  5.990816116333008
7000
sampling:  0.18163199722766876
gather:  49.952640533447266
cache:  1.445855975151062
transfer:  23.055328369140625
forward:  2.559936046600342
backward:  2.667520046234131
free:  5.388576030731201
8000
sampling:  0.20643199980258942
gather:  44.731136322021484
cache:  2.6295359134674072
transfer:  22.064640045166016
forward:  2.613759994506836
backward:  1.9824639558792114
free:  6.31990385055542
9000
sampling:  0.15855999290943146
gather:  38.52659225463867
cache:  4.064320087432861
transfer:  19.544384002685547
forward:  2.3866240978240967
backward:  3.796992063522339
free:  5.544576168060303
10000
sampling:  0.1777919977903366
gather:  37.700958251953125
cache:  1.6847679615020752
transfer:  24.360448837280273
forward:  2.453023910522461
backward:  1.751039981842041
free:  5.204927921295166
11000
sampling:  0.1783359944820404
gather:  37.895809173583984
cache:  2.1616640090942383
transfer:  20.573152542114258
forward:  2.2931199073791504
backward:  2.420736074447632
free:  6.853119850158691
12000
sampling:  0.1878719925880432
gather:  34.00787353515625
cache:  2.546560049057007
transfer:  24.938016891479492
forward:  2.4133119583129883
backward:  1.9783680438995361
free:  5.042912006378174
Step 3: Done
Total stat
767.1354
82.8532
2.1117
537.4028
36.8415
283.6171
31.7533
29.7277
72.9980
Epoch 00, Loss: 0.0002, Approx. Train: 0.4961
Epoch time: 2075908.8643 ms
