Preparing dataset...
Done!

==============================
Running Epoch 0...
Running 0th superbatch of total 2 superbatches
Step 1: Superbatch Sample
[run_ginex.py] sb_sample time = 291.5195379257202
Step 1: Done
inspect_time = 310650.125
Running 1th superbatch of total 2 superbatches
Step 1: Superbatch Sample
Loading ids...
Done!
Pass 1: calculating frequency and initial cache indices...
Done!
Pass 2: making two key data structures (iterptr & iters)...
Done!
pass_1_and_2 time = 47.19307231903076
[run_ginex.py] pass_1_and_2 time = 47.19312334060669
Pass 3: Computing changesets...
Done!
pass_3 time = 625.4976189136505
[run_ginex.py] pass_3 time = 625.4979243278503
[run_ginex.py] sb_sample time = 684.8603448867798
Step 1: Done
inspect_time = 756420.0
Step 2: Switch
Step 2: Done
Step 3: Main Loop
0
sampling:  0.11414399743080139
gather:  368.2224426269531
cache:  14.351200103759766
transfer:  145.14735412597656
forward:  375.5943298339844
backward:  263.4618835449219
free:  45.618751525878906
1000
sampling:  0.1167680025100708
gather:  99.38796997070312
cache:  16.293088912963867
transfer:  33.21980667114258
forward:  3.5828158855438232
backward:  2.1616640090942383
free:  7.962240219116211
2000
sampling:  0.22521600127220154
gather:  72.78380584716797
cache:  3.4286720752716064
transfer:  38.32825469970703
forward:  3.756671905517578
backward:  2.1637120246887207
free:  8.417920112609863
3000
sampling:  0.1685439944267273
gather:  60.299232482910156
cache:  2.133280038833618
transfer:  41.906494140625
forward:  3.5826239585876465
backward:  2.1729280948638916
free:  7.909952163696289
4000
sampling:  0.20179200172424316
gather:  80.79801940917969
cache:  2.458143949508667
transfer:  38.24969482421875
forward:  3.645087957382202
backward:  2.153503894805908
free:  8.261728286743164
5000
sampling:  0.19340799748897552
gather:  72.1069107055664
cache:  5.7236480712890625
transfer:  40.412288665771484
forward:  3.5083200931549072
backward:  2.1934080123901367
free:  7.1617279052734375
6000
sampling:  0.14953599870204926
gather:  85.55228424072266
cache:  2.1145920753479004
transfer:  36.618560791015625
forward:  3.57260799407959
backward:  2.1288959980010986
free:  8.207327842712402
7000
sampling:  0.15804800391197205
gather:  71.54326629638672
cache:  2.1440958976745605
transfer:  41.94784164428711
forward:  3.568000078201294
backward:  2.1585919857025146
free:  7.325215816497803
8000
sampling:  0.18908800184726715
gather:  69.63785552978516
cache:  12.782655715942383
transfer:  38.44569778442383
forward:  3.5941760540008545
backward:  2.1432321071624756
free:  7.691936016082764
9000
sampling:  0.13356800377368927
gather:  85.73152160644531
cache:  14.842559814453125
transfer:  36.543968200683594
forward:  3.5598719120025635
backward:  2.116607904434204
free:  8.485024452209473
10000
sampling:  0.1576640009880066
gather:  72.86646270751953
cache:  2.908735990524292
transfer:  40.278785705566406
forward:  3.5828800201416016
backward:  2.1237759590148926
free:  8.021408081054688
11000
sampling:  0.197952002286911
gather:  61.95158386230469
cache:  2.271807909011841
transfer:  40.02985763549805
forward:  3.5800321102142334
backward:  2.170880079269409
free:  8.372032165527344
12000
sampling:  0.18822400271892548
gather:  65.99910736083984
cache:  15.978272438049316
transfer:  40.62086486816406
forward:  3.519615888595581
backward:  2.155519962310791
free:  7.649151802062988
Step 3: Done
Total stat
756.4200
83.5553
2.3104
923.7394
53.2274
486.4514
44.8328
26.8136
102.4228
Epoch 00, Loss: 0.0004, Approx. Train: 0.9923
Epoch time: 2844544.4567 ms
