Preparing dataset...
Done!

==============================
Running Epoch 0...
Running 0th superbatch of total 3 superbatches
Step 1: Superbatch Sample
[run_ginex.py] sb_sample time = 215.14985942840576
Step 1: Done
inspect_time = 233338.703125
Running 1th superbatch of total 3 superbatches
Step 1: Superbatch Sample
Loading ids...
Done!
Pass 1: calculating frequency and initial cache indices...
Done!
Pass 2: making two key data structures (iterptr & iters)...
Done!
pass_1_and_2 time = 43.19272518157959
[run_ginex.py] pass_1_and_2 time = 43.19277310371399
Pass 3: Computing changesets...
Done!
pass_3 time = 208.60086178779602
[run_ginex.py] pass_3 time = 208.60130429267883
[run_ginex.py] sb_sample time = 275.7809145450592
Step 1: Done
inspect_time = 337499.6875
Step 2: Switch
Step 2: Done
Step 3: Main Loop
0
sampling:  0.0987199991941452
gather:  131.8738250732422
cache:  0.043455999344587326
transfer:  120.12397003173828
forward:  356.4185485839844
backward:  175.71942138671875
free:  14.729408264160156
1000
sampling:  0.15955199301242828
gather:  87.13442993164062
cache:  0.35817599296569824
transfer:  29.124191284179688
forward:  2.7395520210266113
backward:  1.9087680578231812
free:  0.20496000349521637
2000
sampling:  0.30268800258636475
gather:  82.49878692626953
cache:  0.0628800019621849
transfer:  30.332927703857422
forward:  2.4053120613098145
backward:  1.9527679681777954
free:  0.32681599259376526
3000
sampling:  0.3285439908504486
gather:  53.813438415527344
cache:  0.09987200051546097
transfer:  31.168224334716797
forward:  2.511647939682007
backward:  2.768928050994873
free:  0.28224000334739685
4000
sampling:  0.1425279974937439
gather:  67.73600006103516
cache:  0.3714880049228668
transfer:  29.43881607055664
forward:  2.5110719203948975
backward:  2.955264091491699
free:  0.23030400276184082
5000
sampling:  0.08326400071382523
gather:  71.74867248535156
cache:  0.023744000121951103
transfer:  28.045536041259766
forward:  2.433664083480835
backward:  1.6302080154418945
free:  0.21775999665260315
6000
sampling:  0.33001598715782166
gather:  71.9616928100586
cache:  0.515392005443573
transfer:  28.901567459106445
forward:  2.406496047973633
backward:  1.56876802444458
free:  0.20073600113391876
7000
sampling:  0.3115200102329254
gather:  71.8538589477539
cache:  0.03872000053524971
transfer:  25.79756736755371
forward:  2.467679977416992
backward:  1.8585599660873413
free:  0.28095999360084534
8000
sampling:  0.18489600718021393
gather:  74.38960266113281
cache:  0.07926400005817413
transfer:  29.788543701171875
forward:  2.4098238945007324
backward:  1.968127965927124
free:  0.2602880001068115
9000
sampling:  0.3702079951763153
gather:  74.09308624267578
cache:  0.04819199815392494
transfer:  30.410175323486328
forward:  2.4310081005096436
backward:  1.786911964416504
free:  0.208639994263649
10000
sampling:  0.29398399591445923
gather:  71.27362823486328
cache:  0.40403199195861816
transfer:  29.189983367919922
forward:  2.4536640644073486
backward:  1.9466240406036377
free:  0.2703680098056793
11000
sampling:  0.1674879938364029
gather:  70.42486572265625
cache:  0.3731519877910614
transfer:  29.01296043395996
forward:  2.3829760551452637
backward:  1.5001599788665771
free:  0.24156799912452698
12000
sampling:  0.18400000035762787
gather:  69.20499420166016
cache:  0.3838079869747162
transfer:  29.843711853027344
forward:  2.4363839626312256
backward:  1.6189440488815308
free:  0.2051199972629547
13000
sampling:  0.24953599274158478
gather:  79.07263946533203
cache:  0.15455999970436096
transfer:  31.046367645263672
forward:  2.5272960662841797
backward:  2.540544033050537
free:  0.26950401067733765
Step 3: Done
Total stat
337.4997
84.6191
2.7408
949.2067
48.7825
377.3053
33.1343
25.9066
104.6447
Epoch 00, Loss: 0.0002, Approx. Train: 0.4991
Epoch time: 2236615.1798 ms
