Preparing dataset...
Done!

==============================
Running Epoch 0...
Running 0th superbatch of total 3 superbatches
Step 1: Superbatch Sample
[run_ginex.py] sb_sample time = 215.1409900188446
Step 1: Done
inspect_time = 232964.75
Running 1th superbatch of total 3 superbatches
Step 1: Superbatch Sample
Loading ids...
Done!
Pass 1: calculating frequency and initial cache indices...
Done!
Pass 2: making two key data structures (iterptr & iters)...
Done!
pass_1_and_2 time = 52.910149812698364
[run_ginex.py] pass_1_and_2 time = 52.91022992134094
Pass 3: Computing changesets...
Done!
pass_3 time = 106.23073410987854
[run_ginex.py] pass_3 time = 106.23083782196045
[run_ginex.py] sb_sample time = 258.9415934085846
Step 1: Done
inspect_time = 334653.46875
Step 2: Switch
Step 2: Done
Step 3: Main Loop
0
sampling:  0.09062399715185165
gather:  195.13180541992188
cache:  0.0390079990029335
transfer:  124.69407653808594
forward:  314.2496337890625
backward:  217.65528869628906
free:  4.00105619430542
1000
sampling:  0.2417600005865097
gather:  80.29350280761719
cache:  0.07727999985218048
transfer:  29.398880004882812
forward:  2.3749120235443115
backward:  1.8503680229187012
free:  0.25913599133491516
2000
sampling:  0.27801600098609924
gather:  80.77884674072266
cache:  0.06643199920654297
transfer:  29.45315170288086
forward:  2.5042240619659424
backward:  2.0029759407043457
free:  0.2799679934978485
3000
sampling:  0.17238399386405945
gather:  77.43705749511719
cache:  0.06972800195217133
transfer:  30.34979248046875
forward:  2.4169280529022217
backward:  2.0326719284057617
free:  0.22976000607013702
4000
sampling:  0.16998399794101715
gather:  59.38003158569336
cache:  0.03519999980926514
transfer:  29.56924819946289
forward:  2.414047956466675
backward:  2.5538558959960938
free:  0.2656640112400055
5000
sampling:  0.23747199773788452
gather:  76.30976104736328
cache:  0.19116799533367157
transfer:  29.706016540527344
forward:  2.4117119312286377
backward:  2.5712640285491943
free:  0.35491201281547546
6000
sampling:  0.2375359982252121
gather:  80.72265625
cache:  0.07964800298213959
transfer:  25.66873550415039
forward:  2.425663948059082
backward:  2.436095952987671
free:  0.21529600024223328
7000
sampling:  0.16883200407028198
gather:  77.14252471923828
cache:  0.16383999586105347
transfer:  29.431903839111328
forward:  2.4462718963623047
backward:  2.3336639404296875
free:  0.26495999097824097
8000
sampling:  0.18220800161361694
gather:  55.17084884643555
cache:  0.0880960002541542
transfer:  28.436735153198242
forward:  2.4584639072418213
backward:  1.8770240545272827
free:  0.2702080011367798
9000
sampling:  0.21475200355052948
gather:  71.77497863769531
cache:  0.05215999856591225
transfer:  29.578048706054688
forward:  2.487936019897461
backward:  2.8344318866729736
free:  0.39103999733924866
10000
sampling:  0.22035199403762817
gather:  67.09696197509766
cache:  0.19968000054359436
transfer:  28.31603240966797
forward:  2.5094079971313477
backward:  2.5477120876312256
free:  0.363647997379303
11000
sampling:  0.24585600197315216
gather:  83.77954864501953
cache:  0.09200000017881393
transfer:  29.874879837036133
forward:  2.548543930053711
backward:  2.7259199619293213
free:  0.33155199885368347
12000
sampling:  0.2765440046787262
gather:  55.5359992980957
cache:  0.05571199953556061
transfer:  29.05411148071289
forward:  2.3519680500030518
backward:  1.774623990058899
free:  0.2624000012874603
13000
sampling:  0.14931200444698334
gather:  78.99836730957031
cache:  0.05990400165319443
transfer:  29.335519790649414
forward:  2.3841919898986816
backward:  2.185215950012207
free:  0.34115201234817505
Step 3: Done
Total stat
334.6535
77.0954
3.7881
958.7977
41.5632
385.6654
32.7800
27.7833
139.6241
Epoch 00, Loss: 0.0003, Approx. Train: 0.4991
Epoch time: 2274454.1113 ms
