Preparing dataset...
Done!

==============================
Running Epoch 0...
Running 0th superbatch of total 3 superbatches
Step 1: Superbatch Sample
[run_ginex.py] sb_sample time = 214.88722038269043
Step 1: Done
inspect_time = 232624.65625
Running 1th superbatch of total 3 superbatches
Step 1: Superbatch Sample
Loading ids...
Done!
Pass 1: calculating frequency and initial cache indices...
Done!
Pass 2: making two key data structures (iterptr & iters)...
Done!
pass_1_and_2 time = 87.40234923362732
[run_ginex.py] pass_1_and_2 time = 87.40242671966553
Pass 3: Computing changesets...
Done!
pass_3 time = 137.71577143669128
[run_ginex.py] pass_3 time = 137.71593523025513
[run_ginex.py] sb_sample time = 253.24470806121826
Step 1: Done
inspect_time = 364401.9375
Step 2: Switch
Step 2: Done
Step 3: Main Loop
0
sampling:  0.09126400202512741
gather:  190.49026489257812
cache:  0.03699199855327606
transfer:  86.89209747314453
forward:  270.18487548828125
backward:  176.19049072265625
free:  5.678368091583252
1000
sampling:  0.30720001459121704
gather:  243.68038940429688
cache:  0.06627199798822403
transfer:  123.4393310546875
forward:  2.7073280811309814
backward:  4.318175792694092
free:  1.2780799865722656
2000
sampling:  0.15404799580574036
gather:  125.23219299316406
cache:  0.1303039938211441
transfer:  31.809951782226562
forward:  2.390079975128174
backward:  1.76636803150177
free:  0.27430400252342224
3000
sampling:  0.2993600070476532
gather:  117.8114242553711
cache:  0.06719999760389328
transfer:  30.534591674804688
forward:  2.469759941101074
backward:  2.4791040420532227
free:  0.2836480140686035
4000
sampling:  0.2988480031490326
gather:  121.05593872070312
cache:  0.1125119999051094
transfer:  27.91414451599121
forward:  2.486272096633911
backward:  1.8780159950256348
free:  0.21651199460029602
5000
sampling:  0.16896000504493713
gather:  147.1486358642578
cache:  0.14511999487876892
transfer:  31.73321533203125
forward:  2.5643200874328613
backward:  3.230720043182373
free:  0.4145599901676178
6000
sampling:  0.25113600492477417
gather:  382.34295654296875
cache:  0.0899839997291565
transfer:  35.63020706176758
forward:  2.418463945388794
backward:  3.8440959453582764
free:  0.6588799953460693
7000
sampling:  0.2800000011920929
gather:  124.79122924804688
cache:  0.3776000142097473
transfer:  31.282304763793945
forward:  2.4172160625457764
backward:  1.8534079790115356
free:  0.290336012840271
8000
sampling:  0.17932799458503723
gather:  114.90367889404297
cache:  0.08204799890518188
transfer:  32.25529479980469
forward:  2.4801599979400635
backward:  2.001919984817505
free:  0.2961600124835968
9000
sampling:  0.18358400464057922
gather:  109.14230346679688
cache:  0.05347200110554695
transfer:  28.685823440551758
forward:  2.5069758892059326
backward:  1.7592639923095703
free:  0.26425600051879883
10000
sampling:  0.3593280017375946
gather:  124.23391723632812
cache:  0.08553600311279297
transfer:  29.105152130126953
forward:  2.516576051712036
backward:  2.088992118835449
free:  0.5268800258636475
11000
sampling:  0.24751999974250793
gather:  339.7896728515625
cache:  0.08278399705886841
transfer:  37.05430221557617
forward:  3.1682560443878174
backward:  3.308511972427368
free:  0.49404799938201904
12000
sampling:  0.28009599447250366
gather:  121.07638549804688
cache:  0.07203199714422226
transfer:  33.42281723022461
forward:  2.815295934677124
backward:  1.9056960344314575
free:  0.2974399924278259
13000
sampling:  0.2189439982175827
gather:  107.0370864868164
cache:  0.1143679991364479
transfer:  32.57107162475586
forward:  2.502336025238037
backward:  2.0193281173706055
free:  0.23731200397014618
Step 3: Done
Total stat
364.4019
73.9612
12.2868
2318.0983
977.0907
469.7837
121.6775
107.3641
127.7971
Epoch 00, Loss: 0.0002, Approx. Train: 0.4991
Epoch time: 4860975.5192 ms
