Preparing dataset...
Done!

==============================
Running Epoch 0...
Running 0th superbatch of total 3 superbatches
Step 1: Superbatch Sample
[run_ginex.py] sb_sample time = 215.63584518432617
Step 1: Done
inspect_time = 233391.25
Running 1th superbatch of total 3 superbatches
Step 1: Superbatch Sample
Loading ids...
Done!
Pass 1: calculating frequency and initial cache indices...
Done!
Pass 2: making two key data structures (iterptr & iters)...
Done!
pass_1_and_2 time = 47.650126218795776
[run_ginex.py] pass_1_and_2 time = 47.650217056274414
Pass 3: Computing changesets...
Done!
pass_3 time = 115.90587401390076
[run_ginex.py] pass_3 time = 115.90601205825806
[run_ginex.py] sb_sample time = 259.28022480010986
Step 1: Done
inspect_time = 329293.90625
Step 2: Switch
Step 2: Done
Step 3: Main Loop
0
sampling:  0.14022399485111237
gather:  171.45126342773438
cache:  0.05648000165820122
transfer:  119.35526275634766
forward:  273.3038635253906
backward:  218.57180786132812
free:  4.705920219421387
1000
sampling:  0.1549759954214096
gather:  93.76025390625
cache:  0.13184000551700592
transfer:  30.643360137939453
forward:  2.4439680576324463
backward:  1.8298879861831665
free:  0.24937599897384644
2000
sampling:  0.3592959940433502
gather:  75.62509155273438
cache:  0.05273599922657013
transfer:  28.840543746948242
forward:  2.432800054550171
backward:  2.254848003387451
free:  0.26211199164390564
3000
sampling:  0.11929599940776825
gather:  68.05958557128906
cache:  0.06380800157785416
transfer:  26.434175491333008
forward:  2.4000000953674316
backward:  1.5523840188980103
free:  0.2272000014781952
4000
sampling:  0.33263999223709106
gather:  53.03129577636719
cache:  0.09459199756383896
transfer:  29.639711380004883
forward:  2.468287944793701
backward:  1.8605760335922241
free:  0.26956799626350403
5000
sampling:  0.14931200444698334
gather:  72.00153350830078
cache:  0.02380800060927868
transfer:  23.84467124938965
forward:  2.3639039993286133
backward:  1.506335973739624
free:  0.2186879962682724
6000
sampling:  0.23769600689411163
gather:  74.21695709228516
cache:  0.22569599747657776
transfer:  31.52908706665039
forward:  2.427072048187256
backward:  1.5636800527572632
free:  0.20998400449752808
7000
sampling:  0.20838400721549988
gather:  87.06269073486328
cache:  1.0110399723052979
transfer:  33.71539306640625
forward:  2.7979519367218018
backward:  2.326495885848999
free:  0.2743360102176666
8000
sampling:  0.15174399316310883
gather:  62.09641647338867
cache:  0.1143679991364479
transfer:  28.691551208496094
forward:  2.300384044647217
backward:  1.4479360580444336
free:  0.21724799275398254
9000
sampling:  0.21782399713993073
gather:  67.63641357421875
cache:  0.05180799961090088
transfer:  29.963104248046875
forward:  2.434623956680298
backward:  1.5513919591903687
free:  0.21980799734592438
10000
sampling:  0.16579200327396393
gather:  63.694496154785156
cache:  0.056063998490571976
transfer:  27.611167907714844
forward:  2.4096319675445557
backward:  1.8831679821014404
free:  0.21398399770259857
11000
sampling:  0.2006080001592636
gather:  80.94166564941406
cache:  0.05004800111055374
transfer:  29.92300796508789
forward:  2.5051839351654053
backward:  1.7571840286254883
free:  0.22303999960422516
12000
sampling:  0.2639999985694885
gather:  62.748191833496094
cache:  0.18960000574588776
transfer:  26.520383834838867
forward:  2.332223892211914
backward:  2.096127986907959
free:  0.24240000545978546
13000
sampling:  0.30025601387023926
gather:  69.63935852050781
cache:  0.07292799651622772
transfer:  28.938432693481445
forward:  2.4484479427337646
backward:  2.3624000549316406
free:  0.2709439992904663
Step 3: Done
Total stat
329.2939
77.6614
3.0901
949.4943
42.4600
387.9642
32.3325
26.5563
137.9957
Epoch 00, Loss: 0.0002, Approx. Train: 0.4991
Epoch time: 2259119.4582 ms
