Preparing dataset...
Done!

==============================
Running Epoch 0...
Running 0th superbatch of total 3 superbatches
Step 1: Superbatch Sample
[run_ginex.py] sb_sample time = 215.87243270874023
Step 1: Done
inspect_time = 233980.34375
Running 1th superbatch of total 3 superbatches
Step 1: Superbatch Sample
Loading ids...
Done!
Pass 1: calculating frequency and initial cache indices...
Done!
Pass 2: making two key data structures (iterptr & iters)...
Done!
pass_1_and_2 time = 44.821534156799316
[run_ginex.py] pass_1_and_2 time = 44.821582078933716
Pass 3: Computing changesets...
Done!
pass_3 time = 145.949960231781
[run_ginex.py] pass_3 time = 145.95072650909424
[run_ginex.py] sb_sample time = 253.22715997695923
Step 1: Done
inspect_time = 318748.875
Step 2: Switch
Step 2: Done
Step 3: Main Loop
0
sampling:  0.09059199690818787
gather:  161.17884826660156
cache:  0.03888000175356865
transfer:  127.6819839477539
forward:  319.1978759765625
backward:  209.90567016601562
free:  4.921535968780518
1000
sampling:  0.29651200771331787
gather:  82.92937469482422
cache:  0.5347200036048889
transfer:  29.606048583984375
forward:  2.4081919193267822
backward:  1.7223999500274658
free:  0.3198080062866211
2000
sampling:  0.1311360001564026
gather:  86.64205169677734
cache:  0.4902079999446869
transfer:  30.2806396484375
forward:  2.420703887939453
backward:  1.6046080589294434
free:  0.20182399451732635
3000
sampling:  0.1640319973230362
gather:  66.29580688476562
cache:  0.04848000034689903
transfer:  29.969472885131836
forward:  2.466655969619751
backward:  1.9517120122909546
free:  0.21590399742126465
4000
sampling:  0.20057600736618042
gather:  66.97337341308594
cache:  0.588703989982605
transfer:  29.840543746948242
forward:  2.4342401027679443
backward:  2.1412160396575928
free:  0.2539199888706207
5000
sampling:  0.14480000734329224
gather:  58.590782165527344
cache:  0.49318400025367737
transfer:  29.070655822753906
forward:  2.317823886871338
backward:  1.7480000257492065
free:  0.26102399826049805
6000
sampling:  0.21113599836826324
gather:  73.30284881591797
cache:  0.06460800021886826
transfer:  30.823936462402344
forward:  2.435744047164917
backward:  1.921023964881897
free:  0.27369600534439087
7000
sampling:  0.35334399342536926
gather:  65.70438385009766
cache:  0.055456001311540604
transfer:  26.394784927368164
forward:  2.3541760444641113
backward:  1.9742720127105713
free:  0.2768639922142029
8000
sampling:  0.12332800030708313
gather:  66.4675521850586
cache:  0.06764800101518631
transfer:  25.655519485473633
forward:  2.36678409576416
backward:  1.9138879776000977
free:  0.21807999908924103
9000
sampling:  0.15132799744606018
gather:  61.967105865478516
cache:  0.023744000121951103
transfer:  25.64022445678711
forward:  2.3623359203338623
backward:  1.4878720045089722
free:  0.2088959962129593
10000
sampling:  0.38729599118232727
gather:  73.56204986572266
cache:  0.2120320051908493
transfer:  29.276735305786133
forward:  2.522304058074951
backward:  2.762752056121826
free:  0.36633598804473877
11000
sampling:  0.38044801354408264
gather:  79.87612915039062
cache:  0.036928001791238785
transfer:  28.26915168762207
forward:  2.481951951980591
backward:  2.407423973083496
free:  0.28860801458358765
12000
sampling:  0.18614399433135986
gather:  64.38646697998047
cache:  0.06063999980688095
transfer:  32.49913787841797
forward:  2.38972806930542
backward:  1.7243839502334595
free:  0.2290239930152893
13000
sampling:  0.194240003824234
gather:  62.277217864990234
cache:  0.06355199962854385
transfer:  29.4520320892334
forward:  2.423520088195801
backward:  2.110464096069336
free:  0.2587839961051941
Step 3: Done
Total stat
318.7489
81.6746
2.7875
939.6999
44.1818
387.6938
32.1304
25.8364
125.5311
Epoch 00, Loss: 0.0002, Approx. Train: 0.4991
Epoch time: 2230456.9287 ms
