Preparing dataset...
Done!

==============================
Running Epoch 0...
Running 0th superbatch of total 3 superbatches
Step 1: Superbatch Sample
[run_ginex.py] sb_sample time = 212.09420585632324
Step 1: Done
inspect_time = 229837.171875
Running 1th superbatch of total 3 superbatches
Step 1: Superbatch Sample
Loading ids...
Done!
Pass 1: calculating frequency and initial cache indices...
Done!
Pass 2: making two key data structures (iterptr & iters)...
Done!
pass_1_and_2 time = 63.47376799583435
[run_ginex.py] pass_1_and_2 time = 63.47381281852722
Pass 3: Computing changesets...
Done!
pass_3 time = 111.75962567329407
[run_ginex.py] pass_3 time = 111.75981521606445
[run_ginex.py] sb_sample time = 254.57511806488037
Step 1: Done
inspect_time = 340786.59375
Step 2: Switch
Step 2: Done
Step 3: Main Loop
0
sampling:  0.08790399879217148
gather:  155.43673706054688
cache:  0.0398080013692379
transfer:  137.67453002929688
forward:  289.1476135253906
backward:  201.1392059326172
free:  4.4115519523620605
1000
sampling:  0.38073599338531494
gather:  90.04361724853516
cache:  0.056352000683546066
transfer:  30.303552627563477
forward:  2.454495906829834
backward:  2.161695957183838
free:  0.2688640058040619
2000
sampling:  0.23500800132751465
gather:  81.65510559082031
cache:  0.24499200284481049
transfer:  31.429088592529297
forward:  2.3951680660247803
backward:  1.9066879749298096
free:  0.25865599513053894
3000
sampling:  0.29971200227737427
gather:  56.20524978637695
cache:  0.06988800317049026
transfer:  30.382015228271484
forward:  2.4827520847320557
backward:  2.3408639430999756
free:  0.22172799706459045
4000
sampling:  0.18489600718021393
gather:  66.20140838623047
cache:  0.05894400179386139
transfer:  29.12428855895996
forward:  2.439743995666504
backward:  2.748415946960449
free:  0.3851200044155121
5000
sampling:  0.21404799818992615
gather:  66.50531005859375
cache:  0.07027199864387512
transfer:  30.531679153442383
forward:  2.895263910293579
backward:  2.0766398906707764
free:  0.30348798632621765
6000
sampling:  0.16415999829769135
gather:  69.38658905029297
cache:  0.06371200084686279
transfer:  29.345439910888672
forward:  2.447103977203369
backward:  1.7295360565185547
free:  0.27209600806236267
7000
sampling:  0.2536639869213104
gather:  70.9692153930664
cache:  0.24182400107383728
transfer:  31.491296768188477
forward:  2.4527359008789062
backward:  1.8248000144958496
free:  0.24377599358558655
8000
sampling:  0.2763200104236603
gather:  41.00310516357422
cache:  0.1138560026884079
transfer:  34.34076690673828
forward:  2.4220800399780273
backward:  1.772544026374817
free:  0.2184000015258789
9000
sampling:  0.21990400552749634
gather:  64.98713684082031
cache:  0.286655992269516
transfer:  28.792287826538086
forward:  2.502784013748169
backward:  2.84879994392395
free:  0.3609279990196228
10000
sampling:  0.16873599588871002
gather:  82.18758392333984
cache:  0.08220800012350082
transfer:  28.644895553588867
forward:  2.449120044708252
backward:  2.0992000102996826
free:  0.38710400462150574
11000
sampling:  0.22988800704479218
gather:  73.20995330810547
cache:  0.06176000088453293
transfer:  31.144128799438477
forward:  2.3925440311431885
backward:  1.8022079467773438
free:  0.30559998750686646
12000
sampling:  0.2226240038871765
gather:  82.54803466796875
cache:  0.0578560009598732
transfer:  29.139968872070312
forward:  2.508352041244507
backward:  2.199552059173584
free:  0.5737280249595642
13000
sampling:  0.1244800016283989
gather:  75.58000183105469
cache:  0.9534720182418823
transfer:  30.156160354614258
forward:  2.9510080814361572
backward:  2.240511894226074
free:  0.2552320063114166
Step 3: Done
Total stat
340.7866
75.9475
5.3518
985.3617
41.5677
400.9356
41.0969
33.7845
133.0886
Epoch 00, Loss: 0.0002, Approx. Train: 0.4991
Epoch time: 2328463.0933 ms
