Preparing dataset...
Done!

==============================
Running Epoch 0...
Running 0th superbatch of total 3 superbatches
Step 1: Superbatch Sample
[run_ginex.py] sb_sample time = 331.01517629623413
Step 1: Done
inspect_time = 349033.5
Running 1th superbatch of total 3 superbatches
Step 1: Superbatch Sample
Loading ids...
Done!
Pass 1: calculating frequency and initial cache indices...
Done!
Pass 2: making two key data structures (iterptr & iters)...
Done!
pass_1_and_2 time = 58.501710176467896
[run_ginex.py] pass_1_and_2 time = 58.501757860183716
Pass 3: Computing changesets...
Done!
pass_3 time = 157.36150002479553
[run_ginex.py] pass_3 time = 157.36161637306213
[run_ginex.py] sb_sample time = 378.13299322128296
Step 1: Done
inspect_time = 467471.0
Step 2: Switch
Step 2: Done
Step 3: Main Loop
0
sampling:  0.08851200342178345
gather:  244.87753295898438
cache:  0.041280001401901245
transfer:  228.47401428222656
forward:  356.37738037109375
backward:  210.78016662597656
free:  13.326432228088379
1000
sampling:  0.2687999904155731
gather:  118.82524871826172
cache:  0.06265600025653839
transfer:  31.435935974121094
forward:  2.3584320545196533
backward:  2.027519941329956
free:  0.24268800020217896
2000
sampling:  0.18432000279426575
gather:  65.14892578125
cache:  0.026784000918269157
transfer:  27.211519241333008
forward:  2.3863039016723633
backward:  1.910815954208374
free:  0.22915199398994446
3000
sampling:  0.11670400202274323
gather:  87.06813049316406
cache:  0.1011200025677681
transfer:  27.95471954345703
forward:  2.4499518871307373
backward:  2.0828158855438232
free:  0.21209600567817688
4000
sampling:  0.16704000532627106
gather:  99.44239807128906
cache:  0.14035199582576752
transfer:  28.59107208251953
forward:  2.4157440662384033
backward:  2.2896640300750732
free:  0.2759999930858612
5000
sampling:  0.24566400051116943
gather:  92.42733001708984
cache:  0.12137600034475327
transfer:  31.123775482177734
forward:  2.4598400592803955
backward:  2.6562559604644775
free:  0.2677440047264099
6000
sampling:  0.17980800569057465
gather:  74.978271484375
cache:  0.07206399738788605
transfer:  26.60918426513672
forward:  2.3681280612945557
backward:  2.1032960414886475
free:  0.24848000705242157
7000
sampling:  0.2133760005235672
gather:  91.05680084228516
cache:  0.19625599682331085
transfer:  31.364255905151367
forward:  2.4072959423065186
backward:  1.716223955154419
free:  0.19468800723552704
8000
sampling:  0.23286400735378265
gather:  86.35910034179688
cache:  0.029983999207615852
transfer:  25.202943801879883
forward:  2.339200019836426
backward:  2.076672077178955
free:  0.21148799359798431
9000
sampling:  0.2803199887275696
gather:  83.63215637207031
cache:  0.15007999539375305
transfer:  30.149919509887695
forward:  2.3803839683532715
backward:  1.8350080251693726
free:  0.19993600249290466
10000
sampling:  0.15193599462509155
gather:  83.95760345458984
cache:  0.17049600183963776
transfer:  26.38323211669922
forward:  2.4254400730133057
backward:  1.994752049446106
free:  0.21609599888324738
11000
sampling:  0.355648010969162
gather:  108.57353973388672
cache:  0.07468800246715546
transfer:  31.407615661621094
forward:  2.455967903137207
backward:  1.921023964881897
free:  0.1976960003376007
12000
sampling:  0.21862399578094482
gather:  82.87081909179688
cache:  0.04684799909591675
transfer:  29.22083282470703
forward:  2.3353281021118164
backward:  1.7295360565185547
free:  0.245728000998497
13000
sampling:  0.19200000166893005
gather:  93.98563385009766
cache:  0.08374399691820145
transfer:  31.38387107849121
forward:  2.3426880836486816
backward:  1.6178879737854004
free:  0.2101760059595108
14000
sampling:  0.24723200500011444
gather:  93.86406707763672
cache:  0.06611199676990509
transfer:  29.7475528717041
forward:  2.4007039070129395
backward:  1.6250879764556885
free:  0.21036800742149353
15000
sampling:  0.22351999580860138
gather:  99.10467529296875
cache:  0.06835199892520905
transfer:  31.768735885620117
forward:  2.4076480865478516
backward:  1.8657280206680298
free:  0.2643199861049652
Step 3: Done
Total stat
467.4710
82.9368
3.5847
1540.8257
62.7237
481.1634
39.2134
31.8899
168.5763
Epoch 00, Loss: 0.0001, Approx. Train: 0.3601
Epoch time: 3276324.4710 ms
