Preparing dataset...
Done!

==============================
Running Epoch 0...
Running 0th superbatch of total 3 superbatches
Step 1: Superbatch Sample
[run_ginex.py] sb_sample time = 333.0258581638336
Step 1: Done
inspect_time = 351047.75
Running 1th superbatch of total 3 superbatches
Step 1: Superbatch Sample
Loading ids...
Done!
Pass 1: calculating frequency and initial cache indices...
Done!
Pass 2: making two key data structures (iterptr & iters)...
Done!
pass_1_and_2 time = 107.2048110961914
[run_ginex.py] pass_1_and_2 time = 107.20490074157715
Pass 3: Computing changesets...
Done!
pass_3 time = 164.04822707176208
[run_ginex.py] pass_3 time = 164.04833459854126
[run_ginex.py] sb_sample time = 377.5400803089142
Step 1: Done
inspect_time = 517970.03125
Step 2: Switch
Step 2: Done
Step 3: Main Loop
0
sampling:  0.09507200121879578
gather:  162.45408630371094
cache:  0.03846399858593941
transfer:  120.09027099609375
forward:  251.92137145996094
backward:  184.64767456054688
free:  3.952224016189575
1000
sampling:  0.25414401292800903
gather:  344.6424255371094
cache:  0.06560000032186508
transfer:  35.56585693359375
forward:  2.3604159355163574
backward:  5.006336212158203
free:  0.20147199928760529
2000
sampling:  0.1533759981393814
gather:  123.51667022705078
cache:  0.1207360029220581
transfer:  31.327167510986328
forward:  2.444927930831909
backward:  2.619391918182373
free:  0.286080002784729
3000
sampling:  0.289792001247406
gather:  142.2969207763672
cache:  0.06147199869155884
transfer:  32.4477424621582
forward:  2.4507200717926025
backward:  2.4432640075683594
free:  0.22537599503993988
4000
sampling:  0.17110399901866913
gather:  159.45094299316406
cache:  0.10335999727249146
transfer:  32.162750244140625
forward:  2.372447967529297
backward:  1.7704960107803345
free:  0.21452799439430237
5000
sampling:  0.24995200335979462
gather:  157.3492431640625
cache:  0.06032000109553337
transfer:  31.81395149230957
forward:  2.436959981918335
backward:  1.7182400226593018
free:  0.2197439968585968
6000
sampling:  0.2526400089263916
gather:  307.86627197265625
cache:  0.05920000001788139
transfer:  36.04985427856445
forward:  2.4283199310302734
backward:  1.7817599773406982
free:  0.8481919765472412
7000
sampling:  0.2633279860019684
gather:  137.094970703125
cache:  0.25279998779296875
transfer:  31.47977638244629
forward:  2.330944061279297
backward:  1.955839991569519
free:  0.2333119958639145
8000
sampling:  0.2520959973335266
gather:  136.96441650390625
cache:  0.08191999793052673
transfer:  31.706111907958984
forward:  2.402559995651245
backward:  1.6025279760360718
free:  0.21571199595928192
9000
sampling:  0.24134400486946106
gather:  156.39170837402344
cache:  0.10499200224876404
transfer:  31.98201560974121
forward:  2.3569600582122803
backward:  2.7555840015411377
free:  0.7821760177612305
10000
sampling:  0.1382399946451187
gather:  164.4851837158203
cache:  0.0719359964132309
transfer:  30.979711532592773
forward:  2.3653759956359863
backward:  2.7616961002349854
free:  0.3978239893913269
11000
sampling:  0.2393600046634674
gather:  395.36322021484375
cache:  0.060095999389886856
transfer:  34.84281539916992
forward:  2.3155839443206787
backward:  1.706015944480896
free:  1.6679680347442627
12000
sampling:  0.11209599673748016
gather:  0.06537599861621857
cache:  0.034143999218940735
transfer:  33.40188980102539
forward:  2.443135976791382
backward:  1.988576054573059
free:  0.24265600740909576
13000
sampling:  0.44595199823379517
gather:  134.95846557617188
cache:  0.11763200163841248
transfer:  31.264671325683594
forward:  2.316864013671875
backward:  1.8309439420700073
free:  0.2773120105266571
14000
sampling:  0.27052798867225647
gather:  151.16969299316406
cache:  0.10214400291442871
transfer:  32.532318115234375
forward:  2.3934719562530518
backward:  2.8303680419921875
free:  0.6753280162811279
15000
sampling:  0.22892799973487854
gather:  155.20880126953125
cache:  0.1125119999051094
transfer:  32.27872085571289
forward:  2.418976068496704
backward:  1.891327977180481
free:  0.2604160010814667
Step 3: Done
Total stat
517.9700
76.6665
22.5519
3227.0437
1380.8939
597.1566
192.1108
174.0493
139.0553
Epoch 00, Loss: 0.0001, Approx. Train: 0.3601
Epoch time: 6744692.2271 ms
