Preparing dataset...
Done!

==============================
Running Epoch 0...
Running 0th superbatch of total 3 superbatches
Step 1: Superbatch Sample
[run_ginex.py] sb_sample time = 332.33178544044495
Step 1: Done
inspect_time = 350394.96875
Running 1th superbatch of total 3 superbatches
Step 1: Superbatch Sample
Loading ids...
Done!
Pass 1: calculating frequency and initial cache indices...
Done!
Pass 2: making two key data structures (iterptr & iters)...
Done!
pass_1_and_2 time = 54.772536516189575
[run_ginex.py] pass_1_and_2 time = 54.77262735366821
Pass 3: Computing changesets...
Done!
pass_3 time = 250.34053254127502
[run_ginex.py] pass_3 time = 250.3406641483307
[run_ginex.py] sb_sample time = 376.2525894641876
Step 1: Done
inspect_time = 460373.25
Step 2: Switch
Step 2: Done
Step 3: Main Loop
0
sampling:  0.10278400033712387
gather:  185.19593811035156
cache:  0.0382080003619194
transfer:  116.54009246826172
forward:  280.57061767578125
backward:  215.01443481445312
free:  4.435103893280029
1000
sampling:  0.23375999927520752
gather:  114.2820816040039
cache:  0.09833600372076035
transfer:  30.767295837402344
forward:  2.3464319705963135
backward:  1.6619199514389038
free:  0.23020799458026886
2000
sampling:  0.25548800826072693
gather:  76.56489562988281
cache:  0.10147199779748917
transfer:  28.478687286376953
forward:  2.2908480167388916
backward:  1.6076799631118774
free:  0.23600000143051147
3000
sampling:  0.27561599016189575
gather:  98.36211395263672
cache:  0.10579200088977814
transfer:  30.011232376098633
forward:  2.378335952758789
backward:  2.1759679317474365
free:  0.2571200132369995
4000
sampling:  0.17283199727535248
gather:  102.4702377319336
cache:  0.1143679991364479
transfer:  28.957183837890625
forward:  2.4381120204925537
backward:  2.012160062789917
free:  0.19871999323368073
5000
sampling:  0.36083200573921204
gather:  80.46310424804688
cache:  0.05011200159788132
transfer:  28.91766357421875
forward:  2.381376028060913
backward:  2.165760040283203
free:  0.21011200547218323
6000
sampling:  0.26073598861694336
gather:  86.12230682373047
cache:  0.09625600278377533
transfer:  29.19273567199707
forward:  2.392575979232788
backward:  1.8114559650421143
free:  0.20956799387931824
7000
sampling:  0.2356799989938736
gather:  90.86115264892578
cache:  0.06400000303983688
transfer:  27.912063598632812
forward:  2.4216320514678955
backward:  2.9562559127807617
free:  0.3303999900817871
8000
sampling:  0.24665600061416626
gather:  89.41827392578125
cache:  0.05049600079655647
transfer:  29.038816452026367
forward:  2.3656959533691406
backward:  2.0090880393981934
free:  0.2558079957962036
9000
sampling:  0.2747200131416321
gather:  92.55532836914062
cache:  0.17932799458503723
transfer:  27.797088623046875
forward:  2.32694411277771
backward:  2.673664093017578
free:  0.37363201379776
10000
sampling:  0.20796799659729004
gather:  92.54271697998047
cache:  0.06147199869155884
transfer:  31.841951370239258
forward:  2.4991679191589355
backward:  1.8698559999465942
free:  0.27033600211143494
11000
sampling:  0.21731199324131012
gather:  96.98767852783203
cache:  0.057472001761198044
transfer:  29.041536331176758
forward:  2.4391040802001953
backward:  1.9599679708480835
free:  0.2332800030708313
12000
sampling:  0.1464959979057312
gather:  87.58528137207031
cache:  0.08489599823951721
transfer:  28.343807220458984
forward:  2.361151933670044
backward:  1.6332800388336182
free:  0.21411199867725372
13000
sampling:  0.3259519934654236
gather:  101.90303802490234
cache:  0.06639999896287918
transfer:  29.28803253173828
forward:  2.385727882385254
backward:  2.1053760051727295
free:  0.24368000030517578
14000
sampling:  0.15670399367809296
gather:  98.68643188476562
cache:  0.0652799978852272
transfer:  30.505599975585938
forward:  2.4715840816497803
backward:  1.7367039918899536
free:  0.21087999641895294
15000
sampling:  0.20636799931526184
gather:  89.96099090576172
cache:  0.06665600091218948
transfer:  29.48758316040039
forward:  2.412384033203125
backward:  1.9558720588684082
free:  0.20902399718761444
Step 3: Done
Total stat
460.3732
83.0636
3.5181
1539.1117
65.1762
466.5601
38.6067
31.8799
151.2709
Epoch 00, Loss: 0.0001, Approx. Train: 0.3601
Epoch time: 3237692.7373 ms
