Preparing dataset...
Done!

==============================
Running Epoch 0...
Running 0th superbatch of total 3 superbatches
Step 1: Superbatch Sample
[run_ginex.py] sb_sample time = 329.92948961257935
Step 1: Done
inspect_time = 347948.28125
Running 1th superbatch of total 3 superbatches
Step 1: Superbatch Sample
Loading ids...
Done!
Pass 1: calculating frequency and initial cache indices...
Done!
Pass 2: making two key data structures (iterptr & iters)...
Done!
pass_1_and_2 time = 52.569061040878296
[run_ginex.py] pass_1_and_2 time = 52.569130659103394
Pass 3: Computing changesets...
Done!
pass_3 time = 317.1465666294098
[run_ginex.py] pass_3 time = 317.14666056632996
[run_ginex.py] sb_sample time = 394.88516569137573
Step 1: Done
inspect_time = 478147.34375
Step 2: Switch
Step 2: Done
Step 3: Main Loop
0
sampling:  0.10262399911880493
gather:  229.01312255859375
cache:  0.04835199937224388
transfer:  201.37872314453125
forward:  277.1619567871094
backward:  201.78121948242188
free:  4.756864070892334
1000
sampling:  0.26361599564552307
gather:  126.39456176757812
cache:  0.08364800363779068
transfer:  30.8636474609375
forward:  2.3398399353027344
backward:  1.6189119815826416
free:  0.22124800086021423
2000
sampling:  0.23475199937820435
gather:  80.04515075683594
cache:  0.06950400024652481
transfer:  29.548992156982422
forward:  2.3768320083618164
backward:  1.7561919689178467
free:  0.24473600089550018
3000
sampling:  0.2088959962129593
gather:  93.46556854248047
cache:  0.10208000242710114
transfer:  30.445823669433594
forward:  2.3618879318237305
backward:  1.7694400548934937
free:  0.26473599672317505
4000
sampling:  0.2535040080547333
gather:  104.87468719482422
cache:  0.1807679980993271
transfer:  30.743135452270508
forward:  2.3524160385131836
backward:  1.6548160314559937
free:  0.23136000335216522
5000
sampling:  0.18063999712467194
gather:  94.36713409423828
cache:  0.1560640037059784
transfer:  30.099327087402344
forward:  2.3625919818878174
backward:  1.9199999570846558
free:  0.26467201113700867
6000
sampling:  0.22144000232219696
gather:  92.56694030761719
cache:  0.3503359854221344
transfer:  28.982208251953125
forward:  2.464031934738159
backward:  2.2722558975219727
free:  0.266431987285614
7000
sampling:  0.30831998586654663
gather:  96.58943939208984
cache:  0.11264000087976456
transfer:  31.904672622680664
forward:  2.380095958709717
backward:  1.9189759492874146
free:  0.49910399317741394
8000
sampling:  0.17520000040531158
gather:  100.9271011352539
cache:  0.0660799965262413
transfer:  29.824832916259766
forward:  2.2949440479278564
backward:  1.6005120277404785
free:  0.28572800755500793
9000
sampling:  0.21558399498462677
gather:  88.3403549194336
cache:  0.046911999583244324
transfer:  27.770591735839844
forward:  2.407007932662964
backward:  2.8498239517211914
free:  0.3238080143928528
10000
sampling:  0.25971201062202454
gather:  112.44742584228516
cache:  0.16448000073432922
transfer:  31.24300765991211
forward:  2.465951919555664
backward:  2.7371840476989746
free:  0.2226559966802597
11000
sampling:  0.29583999514579773
gather:  87.66233825683594
cache:  0.06956800073385239
transfer:  27.751232147216797
forward:  2.361311912536621
backward:  1.8810880184173584
free:  0.1860799938440323
12000
sampling:  0.179967999458313
gather:  76.74198150634766
cache:  0.11606399714946747
transfer:  29.75606346130371
forward:  2.290976047515869
backward:  1.7879359722137451
free:  0.24368000030517578
13000
sampling:  0.14902399480342865
gather:  87.86115264892578
cache:  0.053599998354911804
transfer:  25.72332763671875
forward:  2.446079969406128
backward:  2.5743680000305176
free:  0.334879994392395
14000
sampling:  0.22963200509548187
gather:  95.09209442138672
cache:  0.06735999882221222
transfer:  29.525728225708008
forward:  2.386431932449341
backward:  1.9251519441604614
free:  0.2014079988002777
15000
sampling:  0.17219200730323792
gather:  95.19554901123047
cache:  0.8229439854621887
transfer:  28.11676788330078
forward:  2.3394880294799805
backward:  1.9179840087890625
free:  0.22601599991321564
Step 3: Done
Total stat
478.1473
84.3211
3.3507
1533.1710
70.7770
465.0759
38.4074
30.9983
127.8943
Epoch 00, Loss: 0.0001, Approx. Train: 0.3601
Epoch time: 3226699.5566 ms
