Preparing dataset...
Done!

==============================
Running Epoch 0...
Running 0th superbatch of total 3 superbatches
Step 1: Superbatch Sample
[run_ginex.py] sb_sample time = 330.34842467308044
Step 1: Done
inspect_time = 348387.34375
Running 1th superbatch of total 3 superbatches
Step 1: Superbatch Sample
Loading ids...
Done!
Pass 1: calculating frequency and initial cache indices...
Done!
Pass 2: making two key data structures (iterptr & iters)...
Done!
pass_1_and_2 time = 78.89017605781555
[run_ginex.py] pass_1_and_2 time = 78.89025259017944
Pass 3: Computing changesets...
Done!
pass_3 time = 138.9238851070404
[run_ginex.py] pass_3 time = 138.9240357875824
[run_ginex.py] sb_sample time = 373.9870345592499
Step 1: Done
inspect_time = 484515.75
Step 2: Switch
Step 2: Done
Step 3: Main Loop
0
sampling:  0.09139200299978256
gather:  170.52359008789062
cache:  0.037408001720905304
transfer:  112.0183334350586
forward:  293.8421630859375
backward:  209.4571533203125
free:  14.319199562072754
1000
sampling:  0.26371198892593384
gather:  124.23600006103516
cache:  0.06723199784755707
transfer:  29.955839157104492
forward:  2.414815902709961
backward:  1.6609280109405518
free:  0.19952000677585602
2000
sampling:  0.15212799608707428
gather:  74.32093048095703
cache:  0.05209600180387497
transfer:  30.379871368408203
forward:  2.3417279720306396
backward:  1.7960959672927856
free:  0.29126399755477905
3000
sampling:  0.2733120024204254
gather:  102.62022399902344
cache:  0.08604799956083298
transfer:  30.151264190673828
forward:  2.4533119201660156
backward:  2.4964799880981445
free:  0.3065919876098633
4000
sampling:  0.31811198592185974
gather:  102.94064331054688
cache:  0.050624001771211624
transfer:  29.873695373535156
forward:  2.506783962249756
backward:  1.9711999893188477
free:  0.22300800681114197
5000
sampling:  0.3224639892578125
gather:  106.99996948242188
cache:  0.23078399896621704
transfer:  28.594144821166992
forward:  3.092927932739258
backward:  3.2972800731658936
free:  0.22595199942588806
6000
sampling:  0.27823999524116516
gather:  99.0513916015625
cache:  0.13702400028705597
transfer:  31.53811264038086
forward:  2.4193921089172363
backward:  1.649664044380188
free:  0.20758399367332458
7000
sampling:  0.37881600856781006
gather:  89.8117446899414
cache:  0.036639999598264694
transfer:  30.328031539916992
forward:  2.3146560192108154
backward:  1.7674239873886108
free:  0.2752639949321747
8000
sampling:  0.05459199845790863
gather:  0.03830400109291077
cache:  0.014527999795973301
transfer:  42.5467529296875
forward:  17.84809684753418
backward:  1.6824320554733276
free:  0.20553599298000336
9000
sampling:  0.2032639980316162
gather:  115.64681243896484
cache:  0.11315199732780457
transfer:  31.09503936767578
forward:  2.3743999004364014
backward:  1.7541120052337646
free:  0.24860799312591553
10000
sampling:  0.18403199315071106
gather:  105.68710327148438
cache:  0.19260799884796143
transfer:  33.07561492919922
forward:  2.407423973083496
backward:  1.810431957244873
free:  0.2503040134906769
11000
sampling:  0.15638400614261627
gather:  93.49046325683594
cache:  0.11804799735546112
transfer:  28.988544464111328
forward:  2.438528060913086
backward:  2.677759885787964
free:  0.22118400037288666
12000
sampling:  0.4535999894142151
gather:  104.78121948242188
cache:  0.05910399928689003
transfer:  31.259103775024414
forward:  2.346112012863159
backward:  2.103327989578247
free:  0.24940800666809082
13000
sampling:  0.1937599927186966
gather:  110.04013061523438
cache:  0.11433599889278412
transfer:  30.840831756591797
forward:  2.4626240730285645
backward:  4.019199848175049
free:  0.3771840035915375
14000
sampling:  0.22646400332450867
gather:  95.91792297363281
cache:  0.05628800019621849
transfer:  29.225343704223633
forward:  2.4327359199523926
backward:  1.8749439716339111
free:  0.28281599283218384
15000
sampling:  0.14867199957370758
gather:  94.69026947021484
cache:  0.05603199824690819
transfer:  32.57478332519531
forward:  2.4849600791931152
backward:  2.3787519931793213
free:  0.3086400032043457
Step 3: Done
Total stat
484.5158
79.0337
6.3001
1693.1979
65.9356
503.4821
91.3115
67.0707
139.2857
Epoch 00, Loss: 0.0001, Approx. Train: 0.3601
Epoch time: 3530451.0758 ms
