Preparing dataset...
Done!

==============================
Running Epoch 0...
Running 0th superbatch of total 3 superbatches
Step 1: Superbatch Sample
[run_ginex.py] sb_sample time = 338.02274227142334
Step 1: Done
inspect_time = 356012.59375
Running 1th superbatch of total 3 superbatches
Step 1: Superbatch Sample
Loading ids...
Done!
Pass 1: calculating frequency and initial cache indices...
Done!
Pass 2: making two key data structures (iterptr & iters)...
Done!
pass_1_and_2 time = 65.10150718688965
[run_ginex.py] pass_1_and_2 time = 65.10158777236938
Pass 3: Computing changesets...
Done!
pass_3 time = 137.6483826637268
[run_ginex.py] pass_3 time = 137.6485059261322
[run_ginex.py] sb_sample time = 378.2726559638977
Step 1: Done
inspect_time = 475754.21875
Step 2: Switch
Step 2: Done
Step 3: Main Loop
0
sampling:  0.09353599697351456
gather:  197.13392639160156
cache:  0.040063999593257904
transfer:  110.07500457763672
forward:  293.3392333984375
backward:  185.6215057373047
free:  4.633471965789795
1000
sampling:  0.2990399897098541
gather:  115.69725036621094
cache:  0.09452799707651138
transfer:  32.11872100830078
forward:  2.4111359119415283
backward:  1.7346559762954712
free:  0.18457600474357605
2000
sampling:  0.14508800208568573
gather:  77.22505950927734
cache:  0.06220800057053566
transfer:  31.135711669921875
forward:  2.4407999515533447
backward:  1.5667519569396973
free:  0.2576639950275421
3000
sampling:  0.1391039937734604
gather:  85.75244903564453
cache:  0.056703999638557434
transfer:  30.416032791137695
forward:  2.418368101119995
backward:  2.476032018661499
free:  0.3362559974193573
4000
sampling:  0.20387199521064758
gather:  84.42899322509766
cache:  0.07718399912118912
transfer:  26.772127151489258
forward:  2.3070719242095947
backward:  2.495487928390503
free:  0.3447040021419525
5000
sampling:  0.11804799735546112
gather:  99.30707550048828
cache:  0.08867199718952179
transfer:  30.499807357788086
forward:  2.3505918979644775
backward:  1.7418240308761597
free:  0.2511039972305298
6000
sampling:  0.17139199376106262
gather:  93.61756896972656
cache:  0.088639996945858
transfer:  30.21062469482422
forward:  2.3381121158599854
backward:  1.8248000144958496
free:  0.24687999486923218
7000
sampling:  0.23318399488925934
gather:  107.13549041748047
cache:  0.26015999913215637
transfer:  29.817888259887695
forward:  2.3562240600585938
backward:  2.0531198978424072
free:  0.26044800877571106
8000
sampling:  0.17951999604701996
gather:  76.44435119628906
cache:  0.04278400167822838
transfer:  28.228992462158203
forward:  2.3439040184020996
backward:  1.427456021308899
free:  0.25830399990081787
9000
sampling:  0.2568640112876892
gather:  89.41603088378906
cache:  0.17043200135231018
transfer:  29.506240844726562
forward:  2.3944320678710938
backward:  2.2568960189819336
free:  0.27353599667549133
10000
sampling:  0.36825600266456604
gather:  96.3950424194336
cache:  0.050303999334573746
transfer:  29.388032913208008
forward:  2.425920009613037
backward:  2.2814719676971436
free:  0.21289600431919098
11000
sampling:  0.1515199989080429
gather:  96.69721221923828
cache:  0.16972799599170685
transfer:  30.064863204956055
forward:  2.5002241134643555
backward:  1.7971199750900269
free:  0.22511999309062958
12000
sampling:  0.14108799397945404
gather:  69.84041595458984
cache:  0.03526400029659271
transfer:  28.22470474243164
forward:  2.3374080657958984
backward:  2.2344000339508057
free:  0.3099200129508972
13000
sampling:  0.16489599645137787
gather:  92.58611297607422
cache:  0.07539200037717819
transfer:  29.41423988342285
forward:  2.4568960666656494
backward:  3.934175968170166
free:  0.3728640079498291
14000
sampling:  0.1960960030555725
gather:  90.16738891601562
cache:  0.08195199817419052
transfer:  30.051488876342773
forward:  2.3730878829956055
backward:  2.6224958896636963
free:  0.35545599460601807
15000
sampling:  0.18160000443458557
gather:  104.83724975585938
cache:  0.09120000153779984
transfer:  27.73535919189453
forward:  2.2674560546875
backward:  1.6783360242843628
free:  0.21296000480651855
Step 3: Done
Total stat
475.7542
80.9598
4.5789
1547.4396
60.3633
483.1510
42.6223
32.5529
169.2563
Epoch 00, Loss: 0.0001, Approx. Train: 0.3601
Epoch time: 3302454.8481 ms
