Preparing dataset...
Done!

==============================
Running Epoch 0...
Running 0th superbatch of total 3 superbatches
Step 1: Superbatch Sample
[run_ginex.py] sb_sample time = 693.3985505104065
Step 1: Done
inspect_time = 710763.625
Running 1th superbatch of total 3 superbatches
Step 1: Superbatch Sample
Loading ids...
Done!
Pass 1: calculating frequency and initial cache indices...
Done!
Pass 2: making two key data structures (iterptr & iters)...
Done!
pass_1_and_2 time = 47.454206705093384
[run_ginex.py] pass_1_and_2 time = 47.45425295829773
Pass 3: Computing changesets...
Done!
pass_3 time = 142.10076355934143
[run_ginex.py] pass_3 time = 142.10089349746704
[run_ginex.py] sb_sample time = 729.4629724025726
Step 1: Done
inspect_time = 802857.625
Step 2: Switch
Step 2: Done
Step 3: Main Loop
0
sampling:  0.09446399658918381
gather:  198.17823791503906
cache:  0.038943998515605927
transfer:  170.95315551757812
forward:  323.51531982421875
backward:  202.967041015625
free:  7.062047958374023
1000
sampling:  0.14342400431632996
gather:  158.82809448242188
cache:  0.05375999957323074
transfer:  45.28412628173828
forward:  3.017119884490967
backward:  1.9159040451049805
free:  0.20416000485420227
2000
sampling:  0.12831999361515045
gather:  114.76182556152344
cache:  0.035232000052928925
transfer:  43.46985626220703
forward:  2.9996800422668457
backward:  1.8718719482421875
free:  0.20207999646663666
3000
sampling:  0.09750399738550186
gather:  107.0367660522461
cache:  0.031968001276254654
transfer:  42.88576126098633
forward:  3.021375894546509
backward:  1.873952031135559
free:  0.22111999988555908
4000
sampling:  0.6828479766845703
gather:  115.01990509033203
cache:  0.03936000168323517
transfer:  43.25151824951172
forward:  2.9696319103240967
backward:  1.8678079843521118
free:  0.22659200429916382
5000
sampling:  0.10572800040245056
gather:  111.4452133178711
cache:  0.029311999678611755
transfer:  43.428768157958984
forward:  3.4759039878845215
backward:  1.910815954208374
free:  0.20457600057125092
6000
sampling:  0.5695359706878662
gather:  114.10902404785156
cache:  0.035360001027584076
transfer:  43.59231948852539
forward:  2.9986560344696045
backward:  1.8687679767608643
free:  0.1982080042362213
7000
sampling:  0.12015999853610992
gather:  123.75049591064453
cache:  0.030912000685930252
transfer:  42.99718475341797
forward:  2.986560106277466
backward:  1.910815954208374
free:  0.22761599719524384
8000
sampling:  0.1478080004453659
gather:  116.97539520263672
cache:  0.07657600194215775
transfer:  43.45849609375
forward:  3.0051519870758057
backward:  1.9107840061187744
free:  0.20870399475097656
Step 3: Done
Total stat
802.8576
77.5209
1.5796
1017.7876
71.3065
385.0782
26.8786
16.8193
115.3571
Epoch 00, Loss: 0.0003, Approx. Train: 0.3992
Epoch time: 3244202.1904 ms
