Preparing dataset...
Done!

==============================
Running Epoch 0...
Running 0th superbatch of total 3 superbatches
Step 1: Superbatch Sample
[run_ginex.py] sb_sample time = 157.04252099990845
Step 1: Done
inspect_time = 174517.5625
Running 1th superbatch of total 3 superbatches
Step 1: Superbatch Sample
Loading ids...
Done!
Pass 1: calculating frequency and initial cache indices...
Done!
Pass 2: making two key data structures (iterptr & iters)...
Done!
pass_1_and_2 time = 37.81898355484009
[run_ginex.py] pass_1_and_2 time = 37.819029092788696
Pass 3: Computing changesets...
Done!
pass_3 time = 123.49348425865173
[run_ginex.py] pass_3 time = 123.4937789440155
[run_ginex.py] sb_sample time = 186.69322299957275
Step 1: Done
inspect_time = 243086.203125
Step 2: Switch
Step 2: Done
Step 3: Main Loop
0
sampling:  0.09193599969148636
gather:  156.17861938476562
cache:  0.037567999213933945
transfer:  127.06924438476562
forward:  268.71038818359375
backward:  209.57180786132812
free:  17.694623947143555
1000
sampling:  0.03788800165057182
gather:  0.01635199971497059
cache:  0.010015999898314476
transfer:  21.491392135620117
forward:  2.040287971496582
backward:  1.7940479516983032
free:  0.1557759940624237
2000
sampling:  0.14880000054836273
gather:  55.6874885559082
cache:  0.14262400567531586
transfer:  26.116863250732422
forward:  2.781696081161499
backward:  3.2081921100616455
free:  0.3994559943675995
3000
sampling:  0.4615679979324341
gather:  52.77747344970703
cache:  0.06473600119352341
transfer:  22.390399932861328
forward:  2.636672019958496
backward:  2.593791961669922
free:  0.3665919899940491
4000
sampling:  0.2510719895362854
gather:  48.00076675415039
cache:  0.1273919939994812
transfer:  25.01900863647461
forward:  2.3817920684814453
backward:  1.8513920307159424
free:  0.24371199309825897
5000
sampling:  0.23119999468326569
gather:  42.401153564453125
cache:  0.11081600189208984
transfer:  24.47395133972168
forward:  2.480959892272949
backward:  2.935839891433716
free:  0.3919360041618347
6000
sampling:  0.2181120067834854
gather:  39.00649642944336
cache:  1.1588159799575806
transfer:  20.638208389282227
forward:  2.6158719062805176
backward:  2.528223991394043
free:  0.35411199927330017
7000
sampling:  0.26499199867248535
gather:  54.40409469604492
cache:  0.17417599260807037
transfer:  25.62428855895996
forward:  2.5376319885253906
backward:  1.7541439533233643
free:  0.24432000517845154
8000
sampling:  0.1337919980287552
gather:  27.59846305847168
cache:  0.02723200060427189
transfer:  16.69910430908203
forward:  2.466559886932373
backward:  4.9213762283325195
free:  0.5573760271072388
9000
sampling:  0.440095990896225
gather:  46.813663482666016
cache:  0.0615679994225502
transfer:  25.547040939331055
forward:  2.3468799591064453
backward:  1.5913280248641968
free:  0.22115199267864227
10000
sampling:  0.1319040060043335
gather:  47.83686447143555
cache:  0.1337279975414276
transfer:  24.128768920898438
forward:  2.521183967590332
backward:  2.291680097579956
free:  0.290367990732193
11000
sampling:  0.2221119999885559
gather:  46.84288024902344
cache:  0.14300799369812012
transfer:  26.66057586669922
forward:  2.447999954223633
backward:  3.8440639972686768
free:  0.30112001299858093
12000
sampling:  0.18195199966430664
gather:  48.97817611694336
cache:  0.061664000153541565
transfer:  32.75212860107422
forward:  3.17523193359375
backward:  1.9527679681777954
free:  0.22252799570560455
Step 3: Done
Total stat
243.0862
77.5621
3.8109
539.4177
14.9602
304.0946
33.1735
31.2021
71.8490
Epoch 00, Loss: 0.0003, Approx. Train: 0.4961
Epoch time: 1535390.0237 ms
