Preparing dataset...
Done!

==============================
Running Epoch 0...
Running 0th superbatch of total 3 superbatches
Step 1: Superbatch Sample
[run_ginex.py] sb_sample time = 156.0093424320221
Step 1: Done
inspect_time = 173485.15625
Running 1th superbatch of total 3 superbatches
Step 1: Superbatch Sample
Loading ids...
Done!
Pass 1: calculating frequency and initial cache indices...
Done!
Pass 2: making two key data structures (iterptr & iters)...
Done!
pass_1_and_2 time = 30.18535304069519
[run_ginex.py] pass_1_and_2 time = 30.1854088306427
Pass 3: Computing changesets...
Done!
pass_3 time = 159.14777207374573
[run_ginex.py] pass_3 time = 159.147855758667
[run_ginex.py] sb_sample time = 222.09281706809998
Step 1: Done
inspect_time = 270330.59375
Step 2: Switch
Step 2: Done
Step 3: Main Loop
0
sampling:  0.09030400216579437
gather:  168.955078125
cache:  0.03862399980425835
transfer:  147.46524047851562
forward:  301.072265625
backward:  227.230712890625
free:  14.617119789123535
1000
sampling:  0.06015999987721443
gather:  0.37164801359176636
cache:  0.015615999698638916
transfer:  19.127872467041016
forward:  2.2484800815582275
backward:  1.6312320232391357
free:  0.17497600615024567
2000
sampling:  0.29737600684165955
gather:  56.05033493041992
cache:  0.07772800326347351
transfer:  22.966976165771484
forward:  2.624703884124756
backward:  3.362816095352173
free:  0.39664000272750854
3000
sampling:  0.2808319926261902
gather:  46.418495178222656
cache:  0.07971200346946716
transfer:  23.515071868896484
forward:  2.4617919921875
backward:  2.674720048904419
free:  0.2959040105342865
4000
sampling:  0.25753599405288696
gather:  45.25833511352539
cache:  1.0010559558868408
transfer:  23.03843116760254
forward:  2.476991891860962
backward:  2.3716158866882324
free:  0.25699201226234436
5000
sampling:  0.27059200406074524
gather:  38.0241584777832
cache:  0.09558399766683578
transfer:  24.98899269104004
forward:  2.3768959045410156
backward:  1.5595200061798096
free:  0.22300800681114197
6000
sampling:  0.4902079999446869
gather:  34.86195373535156
cache:  0.5217919945716858
transfer:  23.97760009765625
forward:  2.399616003036499
backward:  1.6906239986419678
free:  0.22300800681114197
7000
sampling:  0.25516799092292786
gather:  43.78351974487305
cache:  0.23059199750423431
transfer:  24.189664840698242
forward:  2.533440113067627
backward:  1.7049280405044556
free:  0.2518720030784607
8000
sampling:  0.19183999300003052
gather:  44.55545425415039
cache:  0.18278400599956512
transfer:  33.031742095947266
forward:  2.6493120193481445
backward:  2.4627199172973633
free:  0.24566400051116943
9000
sampling:  0.3440000116825104
gather:  46.393409729003906
cache:  0.06678400188684464
transfer:  23.482112884521484
forward:  2.5979840755462646
backward:  1.8759679794311523
free:  0.2513279914855957
10000
sampling:  0.28563201427459717
gather:  39.00640106201172
cache:  0.07683199644088745
transfer:  24.46361541748047
forward:  2.4291839599609375
backward:  2.1422080993652344
free:  0.2953599989414215
11000
sampling:  0.35971200466156006
gather:  46.04316711425781
cache:  0.0639680027961731
transfer:  25.07391929626465
forward:  2.4287679195404053
backward:  1.7070399522781372
free:  0.26153600215911865
12000
sampling:  0.1645440012216568
gather:  35.45692825317383
cache:  0.08086399734020233
transfer:  22.071487426757812
forward:  2.5372800827026367
backward:  4.100128173828125
free:  0.32761600613594055
Step 3: Done
Total stat
270.3306
79.8290
3.1247
530.4305
19.0207
299.9311
32.5756
32.2001
79.5117
Epoch 00, Loss: 0.0003, Approx. Train: 0.4961
Epoch time: 1563153.7468 ms
