Preparing dataset...
Done!

==============================
Running Epoch 0...
Running 0th superbatch of total 3 superbatches
Step 1: Superbatch Sample
[run_ginex.py] sb_sample time = 155.99630737304688
Step 1: Done
inspect_time = 173543.03125
Running 1th superbatch of total 3 superbatches
Step 1: Superbatch Sample
Loading ids...
Done!
Pass 1: calculating frequency and initial cache indices...
Done!
Pass 2: making two key data structures (iterptr & iters)...
Done!
pass_1_and_2 time = 30.05086588859558
[run_ginex.py] pass_1_and_2 time = 30.050954580307007
Pass 3: Computing changesets...
Done!
pass_3 time = 238.88232684135437
[run_ginex.py] pass_3 time = 238.88241028785706
[run_ginex.py] sb_sample time = 302.2614462375641
Step 1: Done
inspect_time = 350296.53125
Step 2: Switch
Step 2: Done
Step 3: Main Loop
0
sampling:  0.09136000275611877
gather:  208.88275146484375
cache:  0.0395519994199276
transfer:  153.87554931640625
forward:  298.45831298828125
backward:  217.18016052246094
free:  5.061567783355713
1000
sampling:  0.04089599847793579
gather:  0.02505600079894066
cache:  0.01027199998497963
transfer:  16.42643165588379
forward:  2.220128059387207
backward:  2.672640085220337
free:  0.2606399953365326
2000
sampling:  0.4501439929008484
gather:  59.88380813598633
cache:  0.07532799988985062
transfer:  22.049983978271484
forward:  2.6854400634765625
backward:  2.875391960144043
free:  0.3031359910964966
3000
sampling:  0.23296000063419342
gather:  53.89324951171875
cache:  0.08502399921417236
transfer:  26.055519104003906
forward:  2.4677441120147705
backward:  3.6669440269470215
free:  1.1439679861068726
4000
sampling:  0.44377601146698
gather:  38.40214538574219
cache:  0.05459199845790863
transfer:  23.482208251953125
forward:  2.5019519329071045
backward:  2.800640106201172
free:  0.35763201117515564
5000
sampling:  0.29151999950408936
gather:  40.271968841552734
cache:  0.2547839879989624
transfer:  32.09299087524414
forward:  2.280128002166748
backward:  1.4469120502471924
free:  0.20284800231456757
6000
sampling:  0.19126400351524353
gather:  29.862943649291992
cache:  0.7886080145835876
transfer:  18.474592208862305
forward:  2.5096640586853027
backward:  6.770688056945801
free:  0.5586240291595459
7000
sampling:  0.2163199931383133
gather:  52.61065673828125
cache:  0.1008640006184578
transfer:  27.307424545288086
forward:  2.520832061767578
backward:  4.531199932098389
free:  0.3789759874343872
8000
sampling:  0.319487988948822
gather:  50.078975677490234
cache:  0.2598080039024353
transfer:  23.485919952392578
forward:  2.4387519359588623
backward:  2.12172794342041
free:  0.26470398902893066
9000
sampling:  0.5305920243263245
gather:  40.76249694824219
cache:  0.3160319924354553
transfer:  29.463232040405273
forward:  3.3307840824127197
backward:  2.955264091491699
free:  0.2632960081100464
10000
sampling:  0.25065600872039795
gather:  46.14672088623047
cache:  0.17334400117397308
transfer:  24.482784271240234
forward:  2.357088088989258
backward:  1.7182719707489014
free:  0.24208000302314758
11000
sampling:  0.2574079930782318
gather:  51.46489715576172
cache:  0.15907199680805206
transfer:  23.920703887939453
forward:  2.459359884262085
backward:  2.0930559635162354
free:  0.2694399952888489
12000
sampling:  0.2632319927215576
gather:  45.76883316040039
cache:  0.07072000205516815
transfer:  25.007232666015625
forward:  2.385727882385254
backward:  1.6660480499267578
free:  0.2319680005311966
Step 3: Done
Total stat
350.2965
85.9107
3.0845
529.4575
22.8309
297.3101
32.4451
32.2504
73.8479
Epoch 00, Loss: 0.0002, Approx. Train: 0.4961
Epoch time: 1646785.9340 ms
