Preparing dataset...
Done!

==============================
Running Epoch 0...
Running 0th superbatch of total 3 superbatches
Step 1: Superbatch Sample
[run_ginex.py] sb_sample time = 155.68274021148682
Step 1: Done
inspect_time = 173147.296875
Running 1th superbatch of total 3 superbatches
Step 1: Superbatch Sample
Loading ids...
Done!
Pass 1: calculating frequency and initial cache indices...
Done!
Pass 2: making two key data structures (iterptr & iters)...
Done!
pass_1_and_2 time = 31.143927812576294
[run_ginex.py] pass_1_and_2 time = 31.143978357315063
Pass 3: Computing changesets...
Done!
pass_3 time = 134.88734769821167
[run_ginex.py] pass_3 time = 134.88743948936462
[run_ginex.py] sb_sample time = 198.05842661857605
Step 1: Done
inspect_time = 247330.078125
Step 2: Switch
Step 2: Done
Step 3: Main Loop
0
sampling:  0.0912960022687912
gather:  195.56224060058594
cache:  0.03968000039458275
transfer:  136.51434326171875
forward:  357.2373046875
backward:  226.2989044189453
free:  4.275167942047119
1000
sampling:  0.03593600168824196
gather:  0.0163199994713068
cache:  0.009664000011980534
transfer:  21.304960250854492
forward:  1.9866559505462646
backward:  1.2042239904403687
free:  0.21772800385951996
2000
sampling:  0.1754560023546219
gather:  59.66707229614258
cache:  0.31679999828338623
transfer:  24.830463409423828
forward:  2.4346559047698975
backward:  2.9583680629730225
free:  0.3142080008983612
3000
sampling:  0.3035520017147064
gather:  50.9771842956543
cache:  0.08627200126647949
transfer:  22.08038330078125
forward:  2.495296001434326
backward:  2.29584002494812
free:  0.3318080008029938
4000
sampling:  0.26444798707962036
gather:  39.60377502441406
cache:  0.10259199887514114
transfer:  29.02627182006836
forward:  4.316671848297119
backward:  2.213887929916382
free:  0.29305601119995117
5000
sampling:  0.17033599317073822
gather:  36.75436782836914
cache:  0.0597120001912117
transfer:  26.69139289855957
forward:  2.4291200637817383
backward:  1.9906560182571411
free:  0.28012800216674805
6000
sampling:  0.5072320103645325
gather:  39.3197135925293
cache:  0.028672000393271446
transfer:  20.282400131225586
forward:  2.3961920738220215
backward:  2.6982719898223877
free:  0.38364800810813904
7000
sampling:  0.14681600034236908
gather:  54.00559997558594
cache:  0.07804799824953079
transfer:  24.62735939025879
forward:  2.9235520362854004
backward:  3.0412800312042236
free:  0.28198400139808655
8000
sampling:  0.259552001953125
gather:  39.60812759399414
cache:  0.06563200056552887
transfer:  24.799583435058594
forward:  2.5430400371551514
backward:  2.0695040225982666
free:  0.2582719922065735
9000
sampling:  0.2510400116443634
gather:  40.72169494628906
cache:  0.10262399911880493
transfer:  24.17740821838379
forward:  2.6467840671539307
backward:  2.0633280277252197
free:  0.29737600684165955
10000
sampling:  0.24755200743675232
gather:  32.85472106933594
cache:  0.16521599888801575
transfer:  22.795551300048828
forward:  2.6335039138793945
backward:  2.8897600173950195
free:  0.3402880132198334
11000
sampling:  0.23676800727844238
gather:  51.055233001708984
cache:  0.10179200023412704
transfer:  22.052352905273438
forward:  2.502079963684082
backward:  5.7784318923950195
free:  0.2776319980621338
12000
sampling:  0.24905599653720856
gather:  40.31683349609375
cache:  0.0872960016131401
transfer:  27.00057601928711
forward:  2.4277760982513428
backward:  3.0218560695648193
free:  0.7049279808998108
Step 3: Done
Total stat
247.3301
79.3117
3.1410
529.6058
16.9582
304.0887
32.3599
31.4431
88.5654
Epoch 00, Loss: 0.0002, Approx. Train: 0.4961
Epoch time: 1546688.2119 ms
