Preparing dataset...
Done!

==============================
Running Epoch 0...
Running 0th superbatch of total 3 superbatches
Step 1: Superbatch Sample
[run_ginex.py] sb_sample time = 156.11456513404846
Step 1: Done
inspect_time = 173544.921875
Running 1th superbatch of total 3 superbatches
Step 1: Superbatch Sample
Loading ids...
Done!
Pass 1: calculating frequency and initial cache indices...
Done!
Pass 2: making two key data structures (iterptr & iters)...
Done!
pass_1_and_2 time = 33.73551082611084
[run_ginex.py] pass_1_and_2 time = 33.7355580329895
Pass 3: Computing changesets...
Done!
pass_3 time = 125.00467252731323
[run_ginex.py] pass_3 time = 125.00488877296448
[run_ginex.py] sb_sample time = 190.167631149292
Step 1: Done
inspect_time = 242172.75
Step 2: Switch
Step 2: Done
Step 3: Main Loop
0
sampling:  0.09785600006580353
gather:  177.75149536132812
cache:  0.03964800015091896
transfer:  122.14307403564453
forward:  221.7008056640625
backward:  189.92434692382812
free:  4.010591983795166
1000
sampling:  0.03471999987959862
gather:  0.019872000440955162
cache:  0.010208000428974628
transfer:  18.918399810791016
forward:  2.2180800437927246
backward:  2.6060800552368164
free:  0.2714560031890869
2000
sampling:  0.337119996547699
gather:  52.753089904785156
cache:  1.1243840456008911
transfer:  24.849760055541992
forward:  2.420736074447632
backward:  1.9016000032424927
free:  0.25625601410865784
3000
sampling:  0.18035200238227844
gather:  55.17091369628906
cache:  0.09516800194978714
transfer:  26.116352081298828
forward:  2.400576114654541
backward:  1.614848017692566
free:  0.23350399732589722
4000
sampling:  0.12044800072908401
gather:  36.3757438659668
cache:  0.025312000885605812
transfer:  19.79193687438965
forward:  2.3683199882507324
backward:  4.132863998413086
free:  0.5107839703559875
5000
sampling:  0.14416000247001648
gather:  38.14931106567383
cache:  0.7481279969215393
transfer:  34.225215911865234
forward:  2.5127999782562256
backward:  1.8482880592346191
free:  0.19068799912929535
6000
sampling:  0.2682560086250305
gather:  39.10812759399414
cache:  0.04601600021123886
transfer:  23.722431182861328
forward:  2.456928014755249
backward:  2.829279899597168
free:  0.28406399488449097
7000
sampling:  0.3355199992656708
gather:  47.6016960144043
cache:  0.0878399983048439
transfer:  22.645727157592773
forward:  2.4777920246124268
backward:  1.988576054573059
free:  0.3253119885921478
8000
sampling:  0.1642560064792633
gather:  36.1110725402832
cache:  0.07283200323581696
transfer:  23.500703811645508
forward:  2.7072958946228027
backward:  2.423840045928955
free:  0.365664005279541
9000
sampling:  0.20268799364566803
gather:  38.096031188964844
cache:  0.20230400562286377
transfer:  21.27257537841797
forward:  2.428352117538452
backward:  4.522975921630859
free:  0.5424960255622864
10000
sampling:  0.2528960108757019
gather:  39.877567291259766
cache:  0.29254400730133057
transfer:  35.79155349731445
forward:  2.4382081031799316
backward:  2.3286080360412598
free:  0.1985280066728592
11000
sampling:  0.2396160066127777
gather:  44.362335205078125
cache:  1.1958400011062622
transfer:  32.40198516845703
forward:  2.8288960456848145
backward:  2.889695882797241
free:  0.26627200841903687
12000
sampling:  0.22940799593925476
gather:  38.981056213378906
cache:  0.08182399719953537
transfer:  21.461759567260742
forward:  2.5090560913085938
backward:  6.411263942718506
free:  0.4160960018634796
Step 3: Done
Total stat
242.1728
78.2537
3.3387
526.3472
15.9318
311.7226
32.1460
30.3346
80.3606
Epoch 00, Loss: 0.0002, Approx. Train: 0.4961
Epoch time: 1535240.5307 ms
