Preparing dataset...
Done!

==============================
Running Epoch 0...
Running 0th superbatch of total 3 superbatches
Step 1: Superbatch Sample
[run_ginex.py] sb_sample time = 155.25057339668274
Step 1: Done
inspect_time = 172693.828125
Running 1th superbatch of total 3 superbatches
Step 1: Superbatch Sample
Loading ids...
Done!
Pass 1: calculating frequency and initial cache indices...
Done!
Pass 2: making two key data structures (iterptr & iters)...
Done!
pass_1_and_2 time = 46.435752868652344
[run_ginex.py] pass_1_and_2 time = 46.43584585189819
Pass 3: Computing changesets...
Done!
pass_3 time = 129.60437893867493
[run_ginex.py] pass_3 time = 129.6044602394104
[run_ginex.py] sb_sample time = 191.18211483955383
Step 1: Done
inspect_time = 256343.859375
Step 2: Switch
Step 2: Done
Step 3: Main Loop
0
sampling:  0.09017600119113922
gather:  153.15858459472656
cache:  0.03923200070858002
transfer:  109.80467224121094
forward:  288.8858947753906
backward:  194.06130981445312
free:  3.5707199573516846
1000
sampling:  0.038015998899936676
gather:  0.017023999243974686
cache:  0.010208000428974628
transfer:  14.224287986755371
forward:  2.127232074737549
backward:  1.7070080041885376
free:  0.22976000607013702
2000
sampling:  0.29600000381469727
gather:  58.42185592651367
cache:  0.08803199976682663
transfer:  27.59760093688965
forward:  2.7831039428710938
backward:  3.224575996398926
free:  0.2942720055580139
3000
sampling:  0.17081600427627563
gather:  78.27568054199219
cache:  0.12934400141239166
transfer:  24.90127944946289
forward:  2.573215961456299
backward:  2.4576001167297363
free:  0.25600001215934753
4000
sampling:  0.23455999791622162
gather:  53.319007873535156
cache:  0.9019520282745361
transfer:  25.345983505249023
forward:  2.603872060775757
backward:  2.7555840015411377
free:  0.3700160086154938
5000
sampling:  0.13840000331401825
gather:  39.22671890258789
cache:  0.527679979801178
transfer:  31.69638442993164
forward:  2.3681280612945557
backward:  1.4612480401992798
free:  0.25763198733329773
6000
sampling:  0.6076160073280334
gather:  49.4813117980957
cache:  1.0422719717025757
transfer:  20.491968154907227
forward:  15.521696090698242
backward:  4.580351829528809
free:  0.40515199303627014
7000
sampling:  0.2577280104160309
gather:  50.17228698730469
cache:  0.11535999923944473
transfer:  24.303680419921875
forward:  2.616352081298828
backward:  3.067903995513916
free:  0.3153280019760132
8000
sampling:  0.22115199267864227
gather:  48.11529541015625
cache:  0.10851199924945831
transfer:  24.923519134521484
forward:  2.5393600463867188
backward:  1.947648048400879
free:  0.2943040132522583
9000
sampling:  0.2776319980621338
gather:  57.10515213012695
cache:  0.07321599870920181
transfer:  32.73936080932617
forward:  3.4291200637817383
backward:  2.8979198932647705
free:  0.3799999952316284
10000
sampling:  0.2611519992351532
gather:  42.14547348022461
cache:  0.0936959981918335
transfer:  31.464191436767578
forward:  4.467135906219482
backward:  2.33571195602417
free:  0.24508799612522125
11000
sampling:  0.3118079900741577
gather:  138.1285400390625
cache:  0.14483200013637543
transfer:  30.8175048828125
forward:  2.735680103302002
backward:  4.133887767791748
free:  0.28307199478149414
12000
sampling:  0.30134400725364685
gather:  50.35142517089844
cache:  0.19411200284957886
transfer:  25.071552276611328
forward:  2.5591681003570557
backward:  2.036736011505127
free:  0.22566400468349457
Step 3: Done
Total stat
256.3439
76.2707
3.2517
696.1185
54.5061
320.8518
53.4555
51.3020
73.4433
Epoch 00, Loss: 0.0002, Approx. Train: 0.4961
Epoch time: 1803518.3163 ms
