Preparing dataset...
Done!

==============================
Running Epoch 0...
Running 0th superbatch of total 8 superbatches
Step 1: Superbatch Sample
[run_ginex.py] sb_sample time = 76.9018771648407
Step 1: Done
inspect_time = 94594.21875
Running 1th superbatch of total 8 superbatches
Step 1: Superbatch Sample
Loading ids...
Done!
Pass 1: calculating frequency and initial cache indices...
Done!
Pass 2: making two key data structures (iterptr & iters)...
Done!
pass_1_and_2 time = 10.278753280639648
[run_ginex.py] pass_1_and_2 time = 10.278799533843994
Pass 3: Computing changesets...
Done!
pass_3 time = 157.76729607582092
[run_ginex.py] pass_3 time = 157.76737999916077
[run_ginex.py] sb_sample time = 206.32653284072876
Step 1: Done
inspect_time = 236066.3125
Epoch 00, Loss: 0.0000, Approx. Train: 0.0000
Epoch time: 332350.8747 ms
