Preparing dataset...
Done!

==============================
Running Epoch 0...
Running 0th superbatch of total 27 superbatches
Step 1: Superbatch Sample
[run_ginex.py] sb_sample time = 191.43596839904785
Step 1: Done
inspect_time = 209147.75
Running 1th superbatch of total 27 superbatches
Step 1: Superbatch Sample
Loading ids...
Done!
Pass 1: calculating frequency and initial cache indices...
Done!
Pass 2: making two key data structures (iterptr & iters)...
Done!
pass_1_and_2 time = 21.43778419494629
[run_ginex.py] pass_1_and_2 time = 21.437955856323242
Pass 3: Computing changesets...
Done!
pass_3 time = 203.70146822929382
[run_ginex.py] pass_3 time = 203.70170879364014
[run_ginex.py] sb_sample time = 275.97016620635986
Step 1: Done
inspect_time = 315487.1875
Epoch 00, Loss: 0.0000, Approx. Train: 0.0000
Epoch time: 527303.5600 ms
