Preparing dataset...
Done!

==============================
Running Epoch 0...
Running 0th superbatch of total 54 superbatches
Step 1: Superbatch Sample
[run_ginex.py] sb_sample time = 107.51751708984375
Step 1: Done
inspect_time = 125204.734375
Running 1th superbatch of total 54 superbatches
Step 1: Superbatch Sample
Loading ids...
Done!
Pass 1: calculating frequency and initial cache indices...
Done!
Pass 2: making two key data structures (iterptr & iters)...
Done!
pass_1_and_2 time = 11.367828369140625
[run_ginex.py] pass_1_and_2 time = 11.367892265319824
Pass 3: Computing changesets...
Done!
pass_3 time = 194.838933467865
[run_ginex.py] pass_3 time = 194.83901834487915
[run_ginex.py] sb_sample time = 241.41903567314148
Step 1: Done
inspect_time = 271542.4375
Epoch 00, Loss: 0.0000, Approx. Train: 0.0000
Epoch time: 399382.5796 ms
