Preparing dataset...
Done!

==============================
Running Epoch 0...
Running 0th superbatch of total 27 superbatches
Step 1: Superbatch Sample
[run_ginex.py] sb_sample time = 202.42108631134033
Step 1: Done
inspect_time = 220190.359375
Running 1th superbatch of total 27 superbatches
Step 1: Superbatch Sample
Loading ids...
Done!
Pass 1: calculating frequency and initial cache indices...
Done!
Pass 2: making two key data structures (iterptr & iters)...
Done!
pass_1_and_2 time = 21.96003818511963
[run_ginex.py] pass_1_and_2 time = 21.960084915161133
Pass 3: Computing changesets...
Done!
pass_3 time = 107.26258325576782
[run_ginex.py] pass_3 time = 107.26319694519043
[run_ginex.py] sb_sample time = 236.0403389930725
Step 1: Done
inspect_time = 276152.25
Epoch 00, Loss: 0.0000, Approx. Train: 0.0000
Epoch time: 498988.2958 ms
