Preparing dataset...
Done!

==============================
Running Epoch 0...
Running 0th superbatch of total 11 superbatches
Step 1: Superbatch Sample
[run_ginex.py] sb_sample time = 759.6106033325195
Step 1: Done
inspect_time = 776941.0
Running 1th superbatch of total 11 superbatches
Step 1: Superbatch Sample
Loading ids...
Done!
Pass 1: calculating frequency and initial cache indices...
Done!
Pass 2: making two key data structures (iterptr & iters)...
Done!
pass_1_and_2 time = 46.01440978050232
[run_ginex.py] pass_1_and_2 time = 46.014496088027954
Pass 3: Computing changesets...
Done!
pass_3 time = 106.3133544921875
[run_ginex.py] pass_3 time = 106.31378436088562
[run_ginex.py] sb_sample time = 799.810221195221
Step 1: Done
inspect_time = 871173.3125
Epoch 00, Loss: 0.0000, Approx. Train: 0.0000
Epoch time: 1649412.9155 ms
