Preparing dataset...
Done!

==============================
Running Epoch 0...
Running 0th superbatch of total 21 superbatches
Step 1: Superbatch Sample
[run_ginex.py] sb_sample time = 389.8394331932068
Step 1: Done
inspect_time = 407342.90625
Running 1th superbatch of total 21 superbatches
Step 1: Superbatch Sample
Loading ids...
Done!
Pass 1: calculating frequency and initial cache indices...
Done!
Pass 2: making two key data structures (iterptr & iters)...
Done!
pass_1_and_2 time = 21.682806968688965
[run_ginex.py] pass_1_and_2 time = 21.68374228477478
Pass 3: Computing changesets...
Done!
pass_3 time = 94.37371468544006
[run_ginex.py] pass_3 time = 94.37407279014587
[run_ginex.py] sb_sample time = 406.6832814216614
Step 1: Done
inspect_time = 446226.46875
Epoch 00, Loss: 0.0000, Approx. Train: 0.0000
Epoch time: 854800.2393 ms
