Preparing dataset...
Done!

==============================
Running Epoch 0...
Running 0th superbatch of total 42 superbatches
Step 1: Superbatch Sample
[run_ginex.py] sb_sample time = 66.87805128097534
Step 1: Done
inspect_time = 84110.734375
Running 1th superbatch of total 42 superbatches
Step 1: Superbatch Sample
Loading ids...
Done!
Pass 1: calculating frequency and initial cache indices...
Done!
Pass 2: making two key data structures (iterptr & iters)...
Done!
pass_1_and_2 time = 4.768248796463013
[run_ginex.py] pass_1_and_2 time = 4.768333673477173
Pass 3: Computing changesets...
Done!
pass_3 time = 75.92306756973267
[run_ginex.py] pass_3 time = 75.92313265800476
[run_ginex.py] sb_sample time = 119.26454973220825
Step 1: Done
inspect_time = 142004.515625
Epoch 00, Loss: 0.0000, Approx. Train: 0.0000
Epoch time: 227541.0030 ms
