Preparing dataset...
Done!

==============================
Running Epoch 0...
Running 0th superbatch of total 2 superbatches
Step 1: Superbatch Sample
[run_ginex.py] sb_sample time = 247.80318140983582
Step 1: Done
inspect_time = 265604.875
Running 1th superbatch of total 2 superbatches
Step 1: Superbatch Sample
Loading ids...
Done!
Pass 1: calculating frequency and initial cache indices...
Done!
Pass 2: making two key data structures (iterptr & iters)...
Done!
pass_1_and_2 time = 51.07933187484741
[run_ginex.py] pass_1_and_2 time = 51.07942342758179
Pass 3: Computing changesets...
Done!
pass_3 time = 283.76151752471924
[run_ginex.py] pass_3 time = 283.7619032859802
[run_ginex.py] sb_sample time = 354.971239566803
Step 1: Done
inspect_time = 432341.9375
Step 2: Switch
Step 2: Done
Step 3: Main Loop
0
sampling:  0.09286399930715561
gather:  223.49945068359375
cache:  0.03830400109291077
transfer:  172.1409912109375
forward:  293.086181640625
backward:  226.16371154785156
free:  6.065824031829834
1000
sampling:  0.30156800150871277
gather:  77.99616241455078
cache:  0.0862400010228157
transfer:  30.861568450927734
forward:  2.4046719074249268
backward:  1.598464012145996
free:  0.1940159946680069
2000
sampling:  0.23129600286483765
gather:  82.5341796875
cache:  0.7783679962158203
transfer:  31.136287689208984
forward:  2.4352641105651855
backward:  1.5134719610214233
free:  0.20851199328899384
3000
sampling:  0.21439999341964722
gather:  67.7076187133789
cache:  0.1058880016207695
transfer:  32.38105773925781
forward:  2.360032081604004
backward:  1.6158720254898071
free:  0.20099200308322906
4000
sampling:  0.17270399630069733
gather:  68.16729736328125
cache:  0.09372799843549728
transfer:  32.66476821899414
forward:  2.4060800075531006
backward:  1.7674239873886108
free:  0.21958400309085846
5000
sampling:  0.23891200125217438
gather:  72.33734130859375
cache:  0.06438399851322174
transfer:  29.895488739013672
forward:  2.38918399810791
backward:  1.8954240083694458
free:  0.225055992603302
6000
sampling:  0.1886720061302185
gather:  73.86943817138672
cache:  0.17641599476337433
transfer:  33.55904006958008
forward:  2.4948480129241943
backward:  1.6926720142364502
free:  0.21385599672794342
7000
sampling:  0.20291200280189514
gather:  67.9730224609375
cache:  0.06774400174617767
transfer:  28.855968475341797
forward:  2.450495958328247
backward:  2.4739840030670166
free:  0.21926400065422058
8000
sampling:  0.21484799683094025
gather:  65.5494384765625
cache:  0.07711999863386154
transfer:  32.40265655517578
forward:  2.3624000549316406
backward:  1.6947200298309326
free:  0.2779519855976105
9000
sampling:  0.28963199257850647
gather:  64.12012481689453
cache:  0.04540799930691719
transfer:  29.852191925048828
forward:  2.3094398975372314
backward:  1.6803840398788452
free:  0.21638399362564087
10000
sampling:  0.2035519927740097
gather:  65.44518280029297
cache:  0.08092799782752991
transfer:  29.75507164001465
forward:  2.4318718910217285
backward:  1.768447995185852
free:  0.20099200308322906
11000
sampling:  0.12511999905109406
gather:  65.63481903076172
cache:  0.036639999598264694
transfer:  28.518911361694336
forward:  2.3861119747161865
backward:  1.8339840173721313
free:  0.22435200214385986
12000
sampling:  0.23686400055885315
gather:  61.14815902709961
cache:  0.10719999670982361
transfer:  30.96259117126465
forward:  2.3447680473327637
backward:  1.6721919775009155
free:  0.21376000344753265
13000
sampling:  0.38499200344085693
gather:  70.4876480102539
cache:  0.07158400118350983
transfer:  33.82361602783203
forward:  2.398560047149658
backward:  1.4254080057144165
free:  0.21513600647449493
14000
sampling:  0.18041600286960602
gather:  88.20342254638672
cache:  0.07417599856853485
transfer:  32.21865463256836
forward:  2.3442881107330322
backward:  1.6844799518585205
free:  0.2186879962682724
15000
sampling:  0.11552000045776367
gather:  77.98416137695312
cache:  0.05164799839258194
transfer:  30.298368453979492
forward:  2.4459519386291504
backward:  2.634752035140991
free:  0.2587200105190277
Step 3: Done
=========================== Total Stat ===========================
dataset: friendster_extended, sb-size: 15600, batch-size: 1000, nc-size: 45.0GB, fc-size: 50.0GB, zstd: False, khop: 4
Part 1: sb_sample_times pass_1_and_2_times pass_3_times
247.8
355.0
51.1
283.8
==================================================================
Part 2: inspect_time switch_time sampling_time gather_time cache_time transfer_time forward_time backward_time free_time
432.3419
83.8857
3.3159
1108.0728
57.7967
482.5338
37.6994
28.8370
122.7890
==================================================================
Current superbatch ended
Epoch 00, Loss: 0.0002, Approx. Train: 0.5944
Epoch time: 2669407.4335 ms
