Preparing dataset...
Done!

==============================
Running Epoch 0...
Running 0th superbatch of total 2 superbatches
Step 1: Superbatch Sample
[run_ginex.py] sb_sample time = 249.35896468162537
Step 1: Done
inspect_time = 267198.46875
Running 1th superbatch of total 2 superbatches
Step 1: Superbatch Sample
Loading ids...
Done!
Pass 1: calculating frequency and initial cache indices...
Done!
Pass 2: making two key data structures (iterptr & iters)...
Done!
pass_1_and_2 time = 49.81081771850586
[run_ginex.py] pass_1_and_2 time = 49.81089639663696
Pass 3: Computing changesets...
Done!
pass_3 time = 427.7258276939392
[run_ginex.py] pass_3 time = 427.72640442848206
[run_ginex.py] sb_sample time = 497.5107436180115
Step 1: Done
inspect_time = 573699.0
Step 2: Switch
Step 2: Done
Step 3: Main Loop
0
sampling:  0.08687999844551086
gather:  191.6078338623047
cache:  0.04041599854826927
transfer:  203.8645477294922
forward:  323.6133728027344
backward:  225.73670959472656
free:  5.7776641845703125
1000
sampling:  0.61353600025177
gather:  89.91238403320312
cache:  0.053727999329566956
transfer:  30.612607955932617
forward:  2.432192087173462
backward:  1.7961280345916748
free:  0.20934399962425232
2000
sampling:  0.2566719949245453
gather:  85.98662567138672
cache:  0.4394879937171936
transfer:  29.623231887817383
forward:  2.9123520851135254
backward:  2.159615993499756
free:  0.23398399353027344
3000
sampling:  0.12134400010108948
gather:  67.88761901855469
cache:  0.08739200234413147
transfer:  29.41302490234375
forward:  2.4807679653167725
backward:  1.4643199443817139
free:  0.2250239998102188
4000
sampling:  0.18620799481868744
gather:  70.24845123291016
cache:  0.13913600146770477
transfer:  29.188447952270508
forward:  2.4869439601898193
backward:  1.6773120164871216
free:  0.21113599836826324
5000
sampling:  0.2178560048341751
gather:  69.14921569824219
cache:  0.0939520001411438
transfer:  28.092544555664062
forward:  2.449536085128784
backward:  2.2364161014556885
free:  0.2513279914855957
6000
sampling:  0.13289600610733032
gather:  65.03314971923828
cache:  0.10044799745082855
transfer:  29.44451141357422
forward:  2.739135980606079
backward:  1.9271680116653442
free:  0.273824006319046
7000
sampling:  0.23148800432682037
gather:  77.14134216308594
cache:  0.06374400109052658
transfer:  28.86419105529785
forward:  2.510848045349121
backward:  1.926144003868103
free:  0.19862399995326996
8000
sampling:  0.1743360012769699
gather:  55.85676956176758
cache:  0.4020799994468689
transfer:  28.295135498046875
forward:  2.5072638988494873
backward:  1.9281920194625854
free:  0.2593280076980591
9000
sampling:  0.27644801139831543
gather:  75.12322998046875
cache:  0.8553919792175293
transfer:  30.781696319580078
forward:  2.4891200065612793
backward:  2.096127986907959
free:  0.27804800868034363
10000
sampling:  0.14499199390411377
gather:  65.25234985351562
cache:  0.0920960009098053
transfer:  28.438751220703125
forward:  2.629568099975586
backward:  1.7551360130310059
free:  0.2163199931383133
11000
sampling:  0.26707199215888977
gather:  73.6629409790039
cache:  0.09318400174379349
transfer:  27.94281578063965
forward:  2.404128074645996
backward:  1.418239951133728
free:  0.19648000597953796
12000
sampling:  0.16438399255275726
gather:  63.37948989868164
cache:  0.06947200000286102
transfer:  26.256576538085938
forward:  2.439840078353882
backward:  3.3208320140838623
free:  0.22435200214385986
13000
sampling:  0.1491200029850006
gather:  65.46031951904297
cache:  0.08198399841785431
transfer:  30.22857666015625
forward:  2.3980159759521484
backward:  1.908735990524292
free:  0.2688960134983063
14000
sampling:  0.23827199637889862
gather:  68.1776351928711
cache:  0.05478399991989136
transfer:  32.3232307434082
forward:  3.0683200359344482
backward:  2.195456027984619
free:  0.30902400612831116
15000
sampling:  0.24076800048351288
gather:  68.06822204589844
cache:  0.22124800086021423
transfer:  28.472320556640625
forward:  2.3855040073394775
backward:  2.1586239337921143
free:  0.25088000297546387
Step 3: Done
=========================== Total Stat ===========================
dataset: friendster_extended, sb-size: 15600, batch-size: 1000, nc-size: 45.0GB, fc-size: 50.0GB, zstd: False, khop: 2
Part 1: sb_sample_times pass_1_and_2_times pass_3_times
249.4
497.5
49.8
427.7
==================================================================
Part 2: inspect_time switch_time sampling_time gather_time cache_time transfer_time forward_time backward_time free_time
573.6990
86.9792
3.1136
1139.2101
67.9727
445.6309
38.1353
29.9060
115.9263
==================================================================
Current superbatch ended
Epoch 00, Loss: 0.0003, Approx. Train: 0.5944
Epoch time: 2824716.7909 ms
