Preparing dataset...
Done!

==============================
Running Epoch 0...
Running 0th superbatch of total 3 superbatches
Step 1: Superbatch Sample
[run_ginex.py] sb_sample time = 336.0198428630829
Step 1: Done
inspect_time = 354049.65625
Running 1th superbatch of total 3 superbatches
Step 1: Superbatch Sample
Loading ids...
Done!
Pass 1: calculating frequency and initial cache indices...
Done!
Pass 2: making two key data structures (iterptr & iters)...
Done!
pass_1_and_2 time = 57.660656213760376
[run_ginex.py] pass_1_and_2 time = 57.6607027053833
Pass 3: Computing changesets...
Done!
pass_3 time = 164.2943606376648
[run_ginex.py] pass_3 time = 164.29446387290955
[run_ginex.py] sb_sample time = 378.16305351257324
Step 1: Done
inspect_time = 467212.59375
Step 2: Switch
Step 2: Done
Step 3: Main Loop
0
sampling:  0.09148799628019333
gather:  197.02630615234375
cache:  0.03753599897027016
transfer:  158.4930877685547
forward:  306.8070983886719
backward:  192.88882446289062
free:  14.351167678833008
1000
sampling:  0.2560639977455139
gather:  114.17593383789062
cache:  0.05196800082921982
transfer:  25.033472061157227
forward:  2.3268799781799316
backward:  1.945631980895996
free:  0.1936960071325302
2000
sampling:  0.1351040005683899
gather:  83.71405029296875
cache:  0.10601600259542465
transfer:  31.411359786987305
forward:  2.528575897216797
backward:  1.949728012084961
free:  0.28115200996398926
3000
sampling:  0.24297599494457245
gather:  91.3700180053711
cache:  0.1610880047082901
transfer:  30.764896392822266
forward:  2.293503999710083
backward:  1.4633280038833618
free:  0.21024000644683838
4000
sampling:  0.20528000593185425
gather:  92.23725128173828
cache:  0.0514880008995533
transfer:  28.418527603149414
forward:  2.467679977416992
backward:  2.059295892715454
free:  0.22819200158119202
5000
sampling:  0.5965440273284912
gather:  80.26742553710938
cache:  0.05443200096487999
transfer:  30.883007049560547
forward:  2.3683199882507324
backward:  1.7756160497665405
free:  0.2563520073890686
6000
sampling:  0.19811199605464935
gather:  92.498046875
cache:  0.06982400268316269
transfer:  30.187744140625
forward:  2.4691200256347656
backward:  1.949728012084961
free:  0.22652800381183624
7000
sampling:  0.23535999655723572
gather:  86.29280090332031
cache:  0.05244800075888634
transfer:  28.445920944213867
forward:  2.355423927307129
backward:  1.880031943321228
free:  0.2521919906139374
8000
sampling:  0.4336000084877014
gather:  92.67603302001953
cache:  0.04790399968624115
transfer:  27.61801528930664
forward:  2.431328058242798
backward:  2.1534719467163086
free:  0.21091200411319733
9000
sampling:  0.17609600722789764
gather:  97.13795471191406
cache:  0.10156799852848053
transfer:  31.120447158813477
forward:  2.3957440853118896
backward:  1.9865920543670654
free:  0.26633599400520325
10000
sampling:  0.15347200632095337
gather:  96.49027252197266
cache:  0.28537601232528687
transfer:  29.139968872070312
forward:  2.394848108291626
backward:  2.144256114959717
free:  0.2359679937362671
11000
sampling:  0.24697600305080414
gather:  97.48115539550781
cache:  0.1260479986667633
transfer:  29.762048721313477
forward:  2.371135950088501
backward:  1.839136004447937
free:  0.24460799992084503
12000
sampling:  0.19577600061893463
gather:  87.16089630126953
cache:  0.114656001329422
transfer:  33.0847053527832
forward:  2.6118080615997314
backward:  1.81660795211792
free:  0.2061759978532791
13000
sampling:  0.23868800699710846
gather:  88.56591796875
cache:  0.08835200220346451
transfer:  29.90764808654785
forward:  2.3940160274505615
backward:  1.8258240222930908
free:  0.287200003862381
14000
sampling:  0.2428160011768341
gather:  95.8568344116211
cache:  0.05164799839258194
transfer:  27.953472137451172
forward:  2.429824113845825
backward:  2.8446719646453857
free:  0.2207999974489212
15000
sampling:  0.3129279911518097
gather:  102.90755462646484
cache:  0.05552000179886818
transfer:  33.76124954223633
forward:  2.418207883834839
backward:  2.049056053161621
free:  0.28092798590660095
Step 3: Done
=========================== Total Stat ===========================
dataset: ogbn_papers_extended, sb-size: 16000, batch-size: 1000, nc-size: 45.0GB, fc-size: 50.0GB, zstd: False, khop: 14
Part 1: sb_sample_times pass_1_and_2_times pass_3_times
336.0198
378.1631
57.6607
164.2945
==================================================================
Part 2: inspect_time switch_time sampling_time gather_time cache_time transfer_time forward_time backward_time free_time
467.2126
84.6706
3.6355
1542.1574
62.8016
475.2868
39.2101
32.5527
164.2127
==================================================================
Current superbatch ended
Epoch 00, Loss: 0.0001, Approx. Train: 0.3601
Epoch time: 3275230.0169 ms
