Preparing dataset...
Done!

==============================
Running Epoch 0...
Running 0th superbatch of total 3 superbatches
Step 1: Superbatch Sample
[run_ginex.py] sb_sample time = 695.0077722072601
Step 1: Done
inspect_time = 712412.1875
Running 1th superbatch of total 3 superbatches
Step 1: Superbatch Sample
Loading ids...
Done!
Pass 1: calculating frequency and initial cache indices...
Done!
Pass 2: making two key data structures (iterptr & iters)...
Done!
pass_1_and_2 time = 46.11475586891174
[run_ginex.py] pass_1_and_2 time = 46.11479949951172
1.000000
1.000000
1.000000
1.000000
1.000000
1.000000
1.000000
1.000000
1.000000
1.000000
1.000000
1.000000
1.000000
1.000000
1.000000
1.000000
1.000000
1.000000
1.000000
1.000000
1.000000
1.000000
1.000000
1.000000
1.000000
1.000000
1.000000
1.000000
1.000000
1.000000
1.000000
1.000000
1.000000
1.000000
1.000000
1.000000
1.000000
1.000000
1.000000
1.000000
1.000000
1.000000
1.000000
1.000000
1.000000
1.000000
1.000000
1.000000
1.000000
1.000000
1.000000
1.000000
1.000000
1.000000
1.000000
1.000000
1.000000
1.000000
1.000000
1.000000
1.000000
1.000000
1.000000
1.000000
1.000000
1.000000
1.000000
1.000000
1.000000
1.000000
1.000000
1.000000
1.000000
1.000000
1.000000
1.000000
1.000000
1.000000
1.000000
1.000000
1.000000
1.000000
1.000000
1.000000
1.000000
1.000000
1.000000
1.000000
1.000000
1.000000
1.000000
1.000000
1.000000
1.000000
1.000000
1.000000
1.000000
1.000000
1.000000
1.000000
1.000000
1.000000
1.000000
1.000000
1.000000
1.000000
1.000000
1.000000
1.000000
1.000000
1.000000
1.000000
1.000000
1.000000
1.000000
1.000000
1.000000
1.000000
1.000000
1.000000
1.000000
1.000000
1.000000
1.000000
1.000000
1.000000
1.000000
1.000000
1.000000
1.000000
1.000000
1.000000
1.000000
1.000000
1.000000
1.000000
1.000000
1.000000
1.000000
1.000000
1.000000
1.000000
1.000000
1.000000
1.000000
1.000000
1.000000
1.000000
1.000000
1.000000
1.000000
1.000000
1.000000
1.000000
1.000000
1.000000
1.000000
1.000000
1.000000
1.000000
1.000000
1.000000
1.000000
1.000000
1.000000
1.000000
1.000000
1.000000
1.000000
1.000000
1.000000
1.000000
1.000000
1.000000
1.000000
1.000000
1.000000
1.000000
1.000000
1.000000
1.000000
1.000000
1.000000
1.000000
1.000000
1.000000
1.000000
1.000000
1.000000
1.000000
1.000000
1.000000
1.000000
1.000000
1.000000
1.000000
1.000000
1.000000
0.600085
0.272184
0.274113
0.274053
0.273600
0.275177
0.276599
0.277437
0.278460
0.278929
0.283472
0.283193
0.282640
0.282778
0.283521
0.286055
0.286402
0.287499
0.288625
0.291423
0.290914
0.292351
0.292298
0.294794
0.296161
0.294754
0.296788
0.296932
0.299978
0.301656
0.300673
0.301530
0.302163
0.305400
0.304913
0.306165
0.306167
0.308140
0.309050
0.308136
0.310427
0.312404
0.311579
0.315163
0.315176
0.316053
0.315632
0.318369
0.318834
0.321387
0.320094
0.321672
0.321538
0.323450
0.325166
0.324650
0.327331
0.328826
0.327129
0.327752
0.331368
0.330187
0.331450
0.333174
0.334055
0.334386
0.335284
0.338445
0.338579
0.339778
0.340298
0.340123
0.341098
0.342285
0.343348
0.344297
0.345684
0.346493
0.346065
0.346036
0.348885
0.349304
0.350338
0.351412
0.351486
0.352257
0.353439
0.354780
0.355610
0.354238
0.357056
0.357193
0.357870
0.358829
0.361826
0.361967
0.363598
0.365540
0.364331
0.363959
0.365323
0.367715
0.367531
0.367378
0.369776
0.370005
0.372031
0.373815
0.371067
0.374247
0.375106
0.376381
0.376956
0.379887
0.379164
0.378326
0.380278
0.378810
0.381529
0.383362
0.383369
0.383376
0.387881
0.385483
0.387594
0.388155
0.388949
0.391045
0.388722
0.390809
0.391396
0.391702
0.391938
0.395678
0.393545
0.395304
0.396064
0.395894
0.398728
0.401255
0.400420
0.402500
0.400899
0.402910
0.403771
0.404004
0.404309
0.405519
0.405777
0.406806
0.408269
0.407539
0.409086
0.410475
0.411055
0.412227
0.412127
0.412823
0.413817
0.413759
0.416496
0.417831
0.415971
0.420394
0.419058
0.420922
0.421752
0.423285
0.422667
0.422476
0.423510
0.424665
0.424588
0.425472
0.427146
0.426190
0.428066
0.431113
0.430216
0.428712
0.431670
0.431251
0.430929
0.434797
0.432705
0.433768
0.436194
0.435146
0.435756
0.437270
0.438306
0.438186
0.440031
0.440361
0.441336
0.442856
0.442312
0.441454
0.445017
0.444869
0.445274
0.446683
0.445904
0.447309
0.447699
0.450324
0.448929
0.448165
0.451709
0.452611
0.453420
0.453118
0.455760
0.455574
0.457844
0.455636
0.456598
0.459303
0.459880
0.459999
0.459716
0.460090
0.462529
0.461901
0.460882
0.463373
0.463984
0.465275
0.464734
0.466648
0.466137
0.467189
0.469917
0.470411
0.467537
0.471342
0.472627
0.472501
0.472767
0.472010
0.473475
0.475152
0.474618
0.475376
0.474900
0.477530
0.477637
0.479179
0.479334
0.479153
0.479792
0.481013
0.482601
0.480357
0.482074
0.483295
0.486145
0.487840
0.484619
0.486878
0.486902
0.488485
0.487907
0.488484
0.490082
0.487373
0.492649
0.491713
0.493350
0.490566
0.493082
0.494185
0.494869
0.495721
0.496249
0.496994
0.500224
0.498817
0.498351
0.501547
0.501064
0.500053
0.501590
0.502373
0.504739
0.503185
0.503602
0.504314
0.504360
0.506798
0.506939
0.506976
0.506464
0.508668
0.508662
0.508426
0.510373
0.510495
0.512198
0.511312
0.511335
0.512359
0.514249
0.513680
0.513589
0.515460
0.515850
0.516723
0.517758
0.520156
0.518881
0.518395
0.519860
0.517680
0.521600
0.521266
0.522021
0.523435
0.523971
0.524232
0.526138
0.524844
0.526554
0.526752
0.526339
0.528348
0.527927
0.528419
0.531063
0.530378
0.532652
0.529334
0.530686
0.531010
0.532747
0.533026
0.534017
0.532979
0.535538
0.535302
0.537009
0.538510
0.537453
0.537784
0.538625
0.538141
0.540334
0.539729
0.541808
0.541930
0.544175
0.541774
0.542539
0.543368
0.542549
0.544368
0.545860
0.546503
0.547139
0.547220
0.548938
0.550267
0.549262
0.549204
0.550379
0.551412
0.552419
0.551539
0.551794
0.553402
0.552568
0.555149
0.552474
0.554418
0.555706
0.555153
0.556746
0.557334
0.556351
0.558038
0.559006
0.561682
0.560548
0.560320
0.560597
0.561325
0.562006
0.563944
0.563816
0.562863
0.563565
0.563771
0.566505
0.565972
0.567193
0.566959
0.567018
0.565289
0.568054
0.569299
0.569068
0.570589
0.570101
0.571078
0.572036
0.572635
0.571658
0.573766
0.572463
0.575589
0.576487
0.574485
0.574974
0.577264
0.576389
0.575320
0.578427
0.578597
0.579473
0.577945
0.580658
0.579235
0.580630
0.580660
0.581331
0.582578
0.581661
0.582937
0.584429
0.583251
0.585256
0.586092
0.586746
0.586462
0.588272
0.587937
0.587571
0.590208
0.589512
0.588636
0.589334
0.590866
0.591663
0.590276
0.592185
0.592127
0.596184
0.592822
0.593425
0.595598
0.595329
0.595003
0.595466
0.595932
0.595973
0.596020
0.597507
0.596341
0.600071
0.598161
0.598963
0.599552
0.601805
0.601547
0.600115
0.601770
0.602937
0.603854
0.604405
0.603580
0.603379
0.605569
0.604635
0.605917
0.605449
0.605322
0.606036
0.607704
0.608473
0.609383
0.607354
0.609652
0.610908
0.612062
0.610396
0.610962
0.611067
0.612055
0.611179
0.614082
0.612195
0.614337
0.615267
0.613971
0.614438
0.614933
0.616776
0.615565
0.616998
0.617281
0.618797
0.619079
0.619399
0.619349
0.619078
0.619626
0.620460
0.620228
0.621509
0.621693
0.621405
0.621669
0.622085
0.622440
0.623945
0.623766
0.626226
0.626327
0.626237
0.626358
0.628759
0.627515
0.629333
0.626435
0.627079
0.629330
0.630029
0.629731
0.629776
0.632368
0.629362
0.632623
0.631245
0.632821
0.633237
0.631946
0.634849
0.634515
0.637074
0.635039
0.635967
0.636500
0.637598
0.636406
0.638789
0.637319
0.637199
0.640394
0.637261
0.638994
0.640576
0.640929
0.641506
0.639429
0.642037
0.641778
0.643486
0.642509
0.642336
0.644652
0.643774
0.645424
0.643771
0.644127
0.646956
0.646277
0.645666
0.647306
0.646648
0.647452
0.647595
0.648699
0.649950
0.648995
0.651355
0.649954
0.649901
0.650850
0.652460
0.652030
0.651134
0.653075
0.651263
0.652303
0.653476
0.655478
0.654051
0.655850
0.655113
0.654006
0.656024
0.656555
0.658204
0.656679
0.657442
0.658961
0.659006
0.658324
0.656779
0.659790
0.659888
0.660190
0.659877
0.660790
0.661080
0.662661
0.662556
0.662322
0.663946
0.661772
0.664863
0.663718
0.664454
0.664101
0.666141
0.664200
0.665738
0.666577
0.665659
0.666252
0.665943
0.668804
0.668896
0.668106
0.668579
0.670177
0.669912
0.668969
0.670643
0.671650
0.671482
0.670582
0.672130
0.672474
0.671668
0.674077
0.673152
0.675156
0.674296
0.674306
0.673050
0.676607
0.674694
0.676003
0.675253
0.675809
0.677846
0.676562
0.677209
0.678467
0.677777
0.679099
0.679447
0.680438
0.679647
0.679620
0.680875
0.682569
0.680903
0.682252
0.680986
0.681700
0.681996
0.682736
0.683942
0.684077
0.683785
0.685471
0.682879
0.686583
0.685315
0.686981
0.686856
0.685539
0.686346
0.687154
0.688256
0.687266
0.689144
0.688361
0.687627
0.688892
0.690477
0.689053
0.691383
0.689943
0.691050
0.691048
0.692667
0.692537
0.693438
0.692372
0.692273
0.694054
0.694496
0.694239
0.693996
0.694100
0.695298
0.694374
0.694647
0.695760
0.696505
0.697006
0.695605
0.696155
0.696907
0.697779
0.698675
0.699121
0.699862
0.698948
0.699980
0.701575
0.700561
0.701373
0.700939
0.701506
0.701389
0.701635
0.701735
0.702432
0.702676
0.701790
0.703789
0.704947
0.703208
0.702297
0.704779
0.706749
0.705566
0.705420
0.707050
0.707427
0.707034
0.707617
0.706044
0.709500
0.708126
0.708577
0.709529
0.708543
0.709734
0.708298
0.709256
0.709730
0.712576
0.711647
0.711033
0.710982
0.711112
0.711984
0.713102
0.712671
0.713176
0.712355
0.712529
0.714419
0.715231
0.716390
0.713911
0.716006
0.715187
0.716530
0.715904
0.716027
0.716788
0.717054
0.717151
0.716624
0.719124
0.716070
0.718673
0.717873
0.719402
0.721294
0.721012
0.719613
0.719679
0.719607
0.719929
0.720278
0.720127
0.722285
0.721880
0.721951
0.724228
0.723104
0.722960
0.723037
0.723382
0.723571
0.723941
0.723880
0.724387
0.725306
0.724960
0.725941
0.726589
0.726099
0.725902
0.697091
0.514065
0.514738
0.515887
0.513557
0.513673
0.515568
0.514322
0.513040
0.516224
0.514850
0.516765
0.517714
0.516839
0.517419
0.517198
0.517804
0.518567
0.519331
0.519804
0.519487
0.520430
0.520297
0.518904
0.522307
0.521101
0.520927
0.521482
0.524077
0.520432
0.522972
0.523754
0.523570
0.523891
0.524623
0.522462
0.524746
0.522751
0.524921
0.524146
0.525146
0.524370
0.525148
0.528426
0.527035
0.527635
0.527314
0.528670
0.528946
0.527116
0.527162
0.527778
0.528641
0.527769
0.531809
0.530265
0.532391
0.532794
0.532220
0.531607
0.530834
0.529680
0.532243
0.530219
0.532014
0.532604
0.532800
0.531940
0.532025
0.533798
0.532959
0.534603
0.533902
0.536127
0.536002
0.536295
0.535605
0.535005
0.537709
0.537243
0.536117
0.540109
0.540193
0.535417
0.538397
0.539098
0.537542
0.540288
0.541200
0.539686
0.541778
0.538557
0.541297
0.540523
0.541556
0.541525
0.540112
0.542828
0.542105
0.542474
0.542426
0.542364
0.543013
0.542993
0.543903
0.541811
0.545891
0.544066
0.544919
0.544494
0.545812
0.546109
0.546456
0.546820
0.547507
0.548286
0.548161
0.548212
0.549278
0.548196
0.549260
0.550622
0.549637
0.548714
0.547749
0.550123
0.549692
0.549191
0.551437
0.550525
0.551328
0.551599
0.552495
0.553795
0.552708
0.553383
0.553255
0.552971
0.551412
0.553157
0.553984
0.555057
0.555243
0.553638
0.555490
0.554515
0.555036
0.554905
0.554970
0.555541
0.556239
0.557364
0.556562
0.557957
0.558677
0.558174
0.558768
0.558167
0.558036
0.559317
0.559308
0.561197
0.559301
0.559874
0.559431
0.561240
0.562502
0.561334
0.563707
0.561418
0.562838
0.562340
0.562267
0.564372
0.565296
0.562857
0.565832
0.564706
0.565021
0.564388
0.564716
0.565263
0.567378
0.566074
0.564705
0.567704
0.567710
0.567546
0.564243
0.566541
0.566516
0.565806
0.565919
0.568323
0.569002
0.570006
0.568773
0.568853
0.569993
0.569472
0.569478
0.572051
0.572911
0.571655
0.571297
0.570074
0.572298
0.571346
0.570016
0.570877
0.573916
0.573450
0.573015
0.572469
0.573749
0.573934
0.574537
0.573851
0.574926
0.576420
0.576563
0.574930
0.576303
0.576374
0.575405
0.574448
0.576944
0.577081
0.578101
0.579580
0.577924
0.576812
0.578674
0.582473
0.578747
0.579163
0.579848
0.579176
0.579803
0.579665
0.577565
0.579465
0.579175
0.580008
0.583109
0.583669
0.579826
0.581725
0.582753
0.581189
0.582159
0.582031
0.583693
0.584024
0.583175
0.584823
0.583716
0.586501
0.585109
0.585834
0.587118
0.584757
0.586563
0.584117
0.586524
0.587116
0.588017
0.588874
0.588659
0.589784
0.587120
0.587600
0.589815
0.588550
0.587130
0.588682
0.588497
0.589993
0.589714
0.590887
0.589362
0.590163
0.589968
0.591864
0.591160
0.592553
0.591526
0.591561
0.590915
0.592477
0.593076
0.593096
0.594494
0.595642
0.595644
0.596307
0.592969
0.595067
0.593376
0.593552
0.595098
0.594356
0.594355
0.593635
0.595758
0.597941
0.596075
0.596044
0.596085
0.597858
0.598210
0.599109
0.598213
0.597297
0.600568
0.596298
0.599338
0.596900
0.599996
0.599054
0.599782
0.601031
0.600185
0.603449
0.601787
0.602243
0.600080
0.603008
0.601843
0.603410
0.603315
0.603657
0.602607
0.603311
0.601590
0.603274
0.602195
0.605264
0.604275
0.605244
0.604510
0.605498
0.606431
0.604630
0.606571
0.605707
0.604972
0.605865
0.606463
0.606501
0.605305
0.607856
0.606897
0.607223
0.607805
0.606196
0.609479
0.606183
0.610080
0.609616
0.610756
0.608914
0.610713
0.610534
0.613077
0.610841
0.611826
0.610682
0.610604
0.613512
0.612677
0.612046
0.611508
0.613127
0.614599
0.611424
0.614065
0.613963
0.615162
0.615708
0.614034
0.614140
0.612724
0.613523
0.614575
0.615419
0.614913
0.615353
0.615399
0.614474
0.616741
0.615673
0.615103
0.615720
0.616823
0.616635
0.616763
0.618766
0.618341
0.618575
0.618198
0.617505
0.617894
0.618150
0.618618
0.620137
0.618320
0.619726
0.619763
0.622870
0.620533
0.620436
0.619932
0.621744
0.623709
0.622976
0.621649
0.624486
0.622424
0.623432
0.621550
0.624075
0.621654
0.623700
0.623701
0.623734
0.624631
0.624873
0.626825
0.625636
0.625240
0.624668
0.625674
0.625968
0.626231
0.626617
0.628111
0.627551
0.628238
0.627341
0.628662
0.628511
0.626663
0.627262
0.628402
0.626855
0.628899
0.628279
0.629633
0.630162
0.629550
0.629765
0.630757
0.630912
0.631452
0.631231
0.630872
0.631088
0.632382
0.631139
0.631751
0.631533
0.633031
0.633915
0.633395
0.632912
0.631168
0.633535
0.630791
0.634648
0.636184
0.634524
0.635294
0.636186
0.632879
0.634144
0.635943
0.635781
0.636379
0.636217
0.636928
0.637768
0.637096
0.637404
0.637453
0.638160
0.636862
0.637254
0.639598
0.638403
0.637678
0.638047
0.639307
0.639122
0.639200
0.638630
0.638743
0.638761
0.639242
0.638975
0.640457
0.640408
0.639922
0.642035
0.641715
0.641015
0.641145
0.640774
0.642768
0.642160
0.642340
0.642647
0.642046
0.642260
0.644187
0.644531
0.643515
0.644871
0.645023
0.644826
0.644771
0.643448
0.646273
0.644830
0.644147
0.645142
0.644451
0.645669
0.646644
0.647469
0.647117
0.646209
0.647442
0.646364
0.648985
0.646136
0.648325
0.648529
0.647591
0.648659
0.647380
0.648935
0.648053
0.648897
0.648883
0.650234
0.650893
0.649455
0.650491
0.649967
0.649806
0.650334
0.648544
0.652694
0.651980
0.651112
0.650932
0.650787
0.650298
0.653229
0.652326
0.653228
0.653197
0.653201
0.652167
0.653821
0.652914
0.653836
0.653128
0.653446
0.655280
0.655759
0.654634
0.655164
0.654855
0.655274
0.655807
0.655071
0.655883
0.657856
0.656951
0.655590
0.656256
0.656413
0.660005
0.657661
0.655082
0.658986
0.656630
0.659339
0.659831
0.656935
0.659837
0.659287
0.658048
0.659711
0.659938
0.659641
0.659858
0.658486
0.660190
0.661396
0.660798
0.660757
0.660787
0.659774
0.661150
0.661156
0.662120
0.661409
0.660453
0.660735
0.662280
0.665424
0.662192
0.662215
0.663390
0.666212
0.662685
0.664936
0.663859
0.663321
0.664114
0.662879
0.663880
0.663303
0.665683
0.664892
0.664909
0.666453
0.667053
0.667934
0.666675
0.666355
0.666265
0.666198
0.666971
0.667581
0.668513
0.668626
0.667952
0.668452
0.668961
0.669186
0.668871
0.667117
0.667399
0.668931
0.669592
0.669752
0.668778
0.668727
0.670397
0.669943
0.671079
0.669474
0.670295
0.672167
0.670697
0.672084
0.671712
0.670652
0.671250
0.672073
0.674448
0.671620
0.671051
0.673049
0.672691
0.673704
0.672444
0.674049
0.672496
0.675073
0.674035
0.676388
0.674333
0.674372
0.675694
0.674884
0.674990
0.674765
0.676749
0.675805
0.676591
0.673844
0.675835
0.676238
0.675778
0.676292
0.675666
0.676831
0.676436
0.676187
0.676464
0.678638
0.676668
0.677525
0.677765
0.679076
0.678887
0.680608
0.679724
0.679144
0.680590
0.679468
0.679700
0.679469
0.679666
0.619418
0.554364
0.554135
0.555648
0.557013
0.555185
0.554016
0.554094
0.556522
0.555440
0.553334
0.555113
0.556218
0.555342
0.556874
0.556258
0.557477
0.555790
0.556480
0.558178
0.556979
0.557964
0.558414
0.558805
0.558698
0.560006
0.558016
0.558719
0.558563
0.556927
0.559801
0.558786
0.559928
0.561308
0.559780
0.561093
0.561070
0.559372
0.559525
0.559972
0.561864
0.562409
0.563569
0.561977
0.561141
0.559084
0.561747
0.563844
0.563323
0.563744
0.563101
0.561881
0.563063
0.564445
0.563458
0.565081
0.564578
0.566494
0.566927
0.564490
0.562316
0.564446
0.565077
0.564645
0.566444
0.565761
0.565563
0.565389
0.567259
0.567454
0.568234
0.565529
0.565763
0.563755
0.566325
0.567777
0.565833
0.566766
0.567523
0.568326
0.567752
0.568073
0.569271
0.569075
0.570815
0.569681
0.565567
0.569812
0.569562
0.568668
0.570053
0.569062
0.571025
0.570712
0.571408
0.571609
0.573507
0.574354
0.571821
0.571309
0.570773
0.571536
0.573878
0.572690
0.572665
0.572624
0.571909
0.573580
0.574091
0.574222
0.575028
0.576213
0.573636
0.573449
0.575597
0.573327
0.573264
0.576343
0.573786
0.574118
0.576053
0.574510
0.575320
0.574697
0.577350
0.578013
0.577798
0.576665
0.576046
0.576719
0.576150
0.576463
0.578529
0.577481
0.578211
0.576889
0.576004
0.577856
0.578722
0.579302
0.578300
0.578318
0.579036
0.579525
0.579707
0.579684
0.581090
0.579353
0.579366
0.579795
0.579087
0.580722
0.580842
0.578233
0.580807
0.581060
0.581187
0.581932
0.578894
0.581759
0.582151
0.583890
0.581177
0.582599
0.581658
0.580529
0.581944
0.583572
0.583690
0.583819
0.583321
0.585911
0.584043
0.582410
0.583381
0.586808
0.586411
0.584354
0.585332
0.586244
0.584696
0.586554
0.584006
0.586658
0.585035
0.584821
0.584518
0.585903
0.586789
0.586667
0.588380
0.586201
0.587802
0.586820
0.587480
0.588128
0.589153
0.589091
0.587789
0.586685
0.589739
0.588150
0.589361
0.591039
0.589117
0.591063
0.590008
0.589794
0.589002
0.591517
0.588082
0.590709
0.592428
0.590370
0.589335
0.592684
0.593004
0.592892
0.592887
0.593527
0.592102
0.590378
0.592159
0.591670
0.593453
0.593108
0.594526
0.594047
0.593857
0.595609
0.594652
0.595592
0.593150
0.598152
0.595008
0.594616
0.594320
0.595815
0.595038
0.595718
0.593509
0.595221
0.595568
0.596722
0.595949
0.595970
0.594678
0.595724
0.593697
0.596264
0.597568
0.596046
0.595933
0.595661
0.597870
0.596313
0.597588
0.596180
0.598723
0.598399
0.598847
0.597860
0.598627
0.599952
0.597856
0.598993
0.601370
0.599339
0.600267
0.600296
0.600254
0.598262
0.601656
0.601529
0.602592
0.602220
0.601409
0.602777
0.602197
0.602588
0.602325
0.601319
0.604691
0.602932
0.600918
0.604219
0.604469
0.603032
0.604063
0.604802
0.603658
0.602516
0.603452
0.604642
0.604502
0.604365
0.604492
0.603984
0.604280
0.603293
0.606350
0.605533
0.606022
0.604156
0.607502
0.605291
0.604558
0.606310
0.606211
0.605186
0.605128
0.606808
0.605978
0.605273
0.606700
0.606289
0.606217
0.606887
0.609868
0.609600
0.607426
0.605060
0.606042
0.608289
0.607951
0.609242
0.609041
0.609352
0.610852
0.611713
0.609755
0.612865
0.611462
0.610004
0.612520
0.611946
0.611956
0.609520
0.611599
0.613054
0.610867
0.611312
0.612840
0.611966
0.612060
0.610731
0.612582
0.613462
0.612030
0.612284
0.611991
0.613358
0.614581
0.612178
0.614133
0.610823
0.614163
0.612947
0.614417
0.614371
0.615704
0.614674
0.613268
0.614509
0.614574
0.613578
0.613162
0.613920
0.615195
0.614583
0.616979
0.616258
0.615565
0.615426
0.616691
0.615772
0.616728
0.615493
0.615481
0.617399
0.617477
0.615823
0.617748
0.618293
0.616197
0.616358
0.620015
0.617422
0.619287
0.618503
0.617411
0.616409
0.619785
0.619082
0.618478
0.617735
0.618747
0.618351
0.619507
0.619429
0.619770
0.618011
0.620777
0.620588
0.621183
0.619415
0.620265
0.619832
0.621095
0.622646
0.622240
0.622325
0.620833
0.621720
0.622984
0.621616
0.622658
0.623218
0.622320
0.623426
0.622493
0.622342
0.623664
0.621878
0.624403
0.623682
0.622968
0.624136
0.622520
0.626099
0.625279
0.627268
0.624128
0.627210
0.624682
0.626108
0.625090
0.623991
0.624343
0.625547
0.626348
0.626570
0.627179
0.626624
0.626842
0.626432
0.625954
0.628087
0.629331
0.627197
0.627407
0.628108
0.628768
0.628039
0.626848
0.627803
0.627868
0.628931
0.628166
0.628009
0.628294
0.629663
0.628334
0.629170
0.630679
0.628242
0.632779
0.630279
0.628991
0.632136
0.630113
0.629596
0.630851
0.631585
0.633326
0.630466
0.631979
0.631679
0.632297
0.631522
0.632845
0.632558
0.633287
0.631598
0.633441
0.632263
0.633314
0.633473
0.632618
0.632676
0.633239
0.632978
0.633772
0.633280
0.631585
0.634205
0.635354
0.636182
0.635677
0.635029
0.633604
0.633691
0.633068
0.635655
0.635091
0.636838
0.635980
0.635860
0.636200
0.636597
0.635245
0.635566
0.637090
0.637727
0.636483
0.636577
0.637461
0.640629
0.640807
0.637101
0.636409
0.637349
0.636485
0.638622
0.640486
0.637984
0.637755
0.640794
0.639989
0.639317
0.641236
0.637840
0.638143
0.636934
0.638753
0.639506
0.638661
0.638617
0.637881
0.640733
0.640696
0.639713
0.640024
0.639841
0.642955
0.641947
0.642754
0.640222
0.641710
0.640851
0.640220
0.639997
0.641693
0.642370
0.642305
0.642365
0.641106
0.643139
0.641331
0.641781
0.641626
0.642954
0.643280
0.643211
0.644813
0.644560
0.644572
0.644299
0.644797
0.645690
0.644644
0.643648
0.643303
0.645037
0.644341
0.647010
0.645101
0.645057
0.644270
0.646268
0.645830
0.645953
0.647566
0.648778
0.647720
0.650216
0.647271
0.646413
0.646054
0.647209
0.647842
0.644426
0.646334
0.646599
0.649400
0.647017
0.647374
0.647636
0.647671
0.648932
0.649332
0.648844
0.650192
0.651373
0.646805
0.647809
0.649854
0.649123
0.649404
0.650924
0.651186
0.649158
0.650678
0.651216
0.649834
0.649789
0.648882
0.652045
0.650478
0.649701
0.650528
0.649690
0.651437
0.651480
0.651110
0.648866
0.650844
0.651267
0.652789
0.652736
0.652331
0.652614
0.652990
0.652763
0.651283
0.652122
0.653679
0.651170
0.652920
0.653079
0.653500
0.655805
0.656071
0.653723
0.652803
0.653330
0.655246
0.654198
0.654437
0.654479
0.654690
0.655365
0.656199
0.655734
0.654071
0.655024
0.656006
0.656789
0.657923
0.656786
0.657378
0.658407
0.656262
0.655205
0.656164
0.657673
0.657755
0.658588
0.657154
0.657368
0.656800
0.656425
0.657561
0.657156
0.657626
0.658498
0.658831
0.659976
0.655846
0.658062
0.656409
0.658872
0.657321
0.658307
0.658927
0.659851
0.658752
0.658870
0.659078
0.659464
0.661093
0.661451
0.661849
0.660820
0.662821
0.660236
0.660317
0.658055
0.659746
0.634605
0.572079
0.570333
0.571144
0.570117
0.572312
0.570837
0.571299
0.573147
0.571189
0.571736
0.574413
0.571515
0.572579
0.570928
0.572972
0.572804
0.573386
0.573164
0.571939
0.572738
0.573429
0.574637
0.573370
0.574998
0.573001
0.573973
0.575151
0.574440
0.575538
0.576230
0.576151
0.576165
0.575628
0.576909
0.574871
0.576528
0.576068
0.576016
0.576155
0.574098
0.576425
0.574952
0.576875
0.576621
0.576460
0.575848
0.576749
0.577998
0.577199
0.577546
0.575601
0.576416
0.578832
0.577672
0.578924
0.578670
0.577472
0.579714
0.579200
0.579310
0.579385
0.579417
0.579633
0.580322
0.578019
0.579168
0.578255
0.577700
0.578979
0.580400
0.579625
0.581257
0.580908
0.582765
0.581019
0.581610
0.581300
0.581294
0.581615
0.581701
0.580828
0.582187
0.580211
0.580400
0.581128
0.581630
0.583522
0.582230
0.582931
0.582085
0.583118
0.584277
0.583203
0.585184
0.584175
0.584031
0.583101
0.583462
0.584420
0.586849
0.584292
0.583988
0.583838
0.585123
0.585441
0.586342
0.586489
0.584734
0.585594
0.585275
0.585303
0.584663
0.584082
0.585325
0.586086
0.583492
0.584162
0.586374
0.585551
0.585872
0.586871
0.587543
0.588552
0.587993
0.587786
0.584766
0.587349
0.588529
0.588152
0.588995
0.588997
0.589367
0.589657
0.588587
0.588003
0.588530
0.590153
0.587803
0.591435
0.591451
0.588147
0.590233
0.587754
0.590211
0.591851
0.590958
0.588626
0.588023
0.590026
0.590061
0.589235
0.590367
0.590219
0.592999
0.589257
0.590330
0.592569
0.591748
0.591518
0.591536
0.593165
0.593658
0.591185
0.589829
0.591997
0.593120
0.592012
0.593025
0.592372
0.591786
0.592521
0.594655
0.592540
0.592629
0.593754
0.593642
0.594221
0.592512
0.593752
0.591892
0.594578
0.593450
0.596589
0.592821
0.597414
0.596772
0.596156
0.592781
0.593233
0.593033
0.594156
0.595606
0.595661
0.594214
0.594831
0.594084
0.596666
0.597808
0.593055
0.593976
0.598762
0.593768
0.594297
0.593942
0.596560
0.595447
0.597176
0.596870
0.599018
0.597273
0.598133
0.597236
0.596815
0.599149
0.596620
0.596705
0.596637
0.596076
0.598783
0.599174
0.598365
0.600065
0.599379
0.599416
0.598605
0.599136
0.600293
0.599782
0.600203
0.602226
0.599701
0.601006
0.600258
0.600962
0.601998
0.601608
0.602800
0.602848
0.602289
0.603076
0.601494
0.602776
0.601845
0.603366
0.601696
0.601157
0.602572
0.603445
0.602948
0.604767
0.606624
0.602826
0.603478
0.603612
0.602337
0.603921
0.603990
0.605703
0.605751
0.605385
0.603520
0.603862
0.602932
0.604914
0.605996
0.604664
0.605961
0.604293
0.604334
0.605233
0.604962
0.605644
0.606004
0.605129
0.605464
0.605460
0.605657
0.605303
0.603539
0.605941
0.605107
0.608420
0.606536
0.604911
0.607580
0.605847
0.606190
0.606599
0.607760
0.606394
0.607154
0.605635
0.608142
0.608240
0.609139
0.608918
0.606814
0.606480
0.608225
0.608173
0.608207
0.608733
0.607882
0.608050
0.608304
0.607689
0.609949
0.609758
0.608527
0.609663
0.609057
0.612276
0.609268
0.612156
0.611673
0.610909
0.611363
0.610892
0.611882
0.611240
0.609942
0.610905
0.610680
0.611239
0.611732
0.612947
0.611991
0.614163
0.612152
0.611120
0.611543
0.612699
0.611598
0.610493
0.614090
0.613375
0.612007
0.611229
0.610206
0.612388
0.610456
0.611961
0.612154
0.611710
0.613795
0.613435
0.613211
0.615095
0.616082
0.614963
0.614212
0.612943
0.614429
0.614635
0.614275
0.615076
0.612091
0.612759
0.614055
0.613719
0.615154
0.614824
0.613910
0.616611
0.615791
0.616025
0.616602
0.616049
0.618202
0.616589
0.617274
0.615960
0.616120
0.616436
0.617203
0.618072
0.614617
0.616059
0.618290
0.618413
0.617745
0.615969
0.617461
0.616838
0.618042
0.619855
0.620236
0.619118
0.620184
0.619530
0.618697
0.619245
0.619917
0.618781
0.618435
0.618057
0.618525
0.620769
0.618751
0.618680
0.619480
0.620783
0.621065
0.617851
0.620527
0.620220
0.622055
0.621763
0.618757
0.620312
0.618909
0.619592
0.620507
0.619644
0.619782
0.622945
0.621010
0.621507
0.621957
0.622758
0.621038
0.623655
0.623318
0.619966
0.622629
0.623546
0.622018
0.623260
0.622880
0.622479
0.622927
0.621812
0.623624
0.621442
0.623160
0.623482
0.624021
0.624705
0.623593
0.625382
0.623910
0.624245
0.625388
0.625840
0.625445
0.625077
0.625105
0.627398
0.626284
0.625543
0.626399
0.625600
0.624014
0.626164
0.625595
0.625944
0.624575
0.627493
0.627030
0.625500
0.626040
0.626883
0.625784
0.627336
0.625697
0.627030
0.626434
0.629885
0.628920
0.627557
0.628248
0.627180
0.627876
0.626556
0.627453
0.626490
0.626945
0.628502
0.627100
0.627727
0.628491
0.628505
0.629978
0.629255
0.628116
0.629805
0.628736
0.628695
0.627818
0.628907
0.628805
0.629923
0.630798
0.631611
0.630544
0.631882
0.631588
0.630646
0.631592
0.631513
0.630772
0.632801
0.631472
0.631235
0.633253
0.632832
0.632838
0.630595
0.631496
0.632382
0.632329
0.633698
0.632621
0.632294
0.632884
0.631416
0.631174
0.635654
0.631537
0.631717
0.633437
0.632761
0.634335
0.634371
0.631541
0.633514
0.631482
0.631064
0.634881
0.634848
0.633569
0.635403
0.633570
0.636516
0.634652
0.635697
0.634657
0.636072
0.635677
0.633244
0.636185
0.635459
0.635481
0.635579
0.635821
0.638565
0.638364
0.635239
0.635073
0.636509
0.635140
0.636573
0.636300
0.636347
0.637206
0.640492
0.638545
0.636065
0.635903
0.636105
0.636449
0.637040
0.639695
0.640315
0.638789
0.638587
0.637186
0.635984
0.637356
0.639214
0.639503
0.640142
0.638161
0.639526
0.638869
0.640613
0.640812
0.641877
0.640351
0.638819
0.639264
0.639759
0.638588
0.638616
0.637696
0.637760
0.638091
0.639650
0.640357
0.641168
0.640663
0.640056
0.641429
0.639274
0.641481
0.639197
0.640370
0.640759
0.639980
0.640564
0.640753
0.641461
0.639995
0.640853
0.639931
0.641005
0.643008
0.643266
0.642976
0.642965
0.643975
0.640360
0.642075
0.642412
0.642322
0.642504
0.642184
0.643325
0.643893
0.644704
0.643320
0.644445
0.642637
0.644803
0.643063
0.644227
0.643615
0.644626
0.645197
0.645903
0.644201
0.643445
0.646041
0.643615
0.645135
0.644100
0.644904
0.644097
0.644891
0.645965
0.646269
0.645192
0.647094
0.645708
0.645701
0.646214
0.647958
0.648602
0.646769
0.646290
0.646371
0.647132
0.647732
0.648055
0.648988
0.647988
0.648256
0.646311
0.647417
0.646531
0.647473
0.647362
0.646581
0.648487
0.648134
0.647865
0.646715
0.647690
0.646664
0.649037
0.646514
0.648699
0.649493
0.648285
0.650158
0.646772
0.647029
0.649276
0.647849
0.650968
0.650304
0.649159
0.651784
0.651396
0.652188
0.649828
0.650760
0.649260
0.650062
0.649287
0.650605
0.651849
0.649442
0.650962
0.649975
0.601903
0.583438
0.581835
0.580702
0.579855
0.578316
0.580722
0.581606
0.582457
0.578989
0.581584
0.579528
0.581823
0.581656
0.582168
0.582807
0.581794
0.580500
0.584921
0.582980
0.583557
0.583782
0.582106
0.583015
0.583808
0.583728
0.584082
0.584634
0.583533
0.583391
0.583105
0.584897
0.584705
0.585059
0.583571
0.585979
0.583255
0.584456
0.586001
0.586556
0.585999
0.585123
0.585274
0.586168
0.587069
0.585079
0.583528
0.584708
0.583857
0.583454
0.583412
0.584911
0.586295
0.585217
0.584507
0.584491
0.585419
0.585668
0.586731
0.588492
0.586568
0.586529
0.587454
0.588385
0.587763
0.587177
0.588158
0.587387
0.587140
0.587838
0.588585
0.588511
0.588275
0.590907
0.591615
0.587819
0.590118
0.590958
0.591292
0.587480
0.588513
0.589243
0.592016
0.591959
0.592450
0.589260
0.591726
0.589668
0.590712
0.590595
0.589317
0.589201
0.588082
0.588325
0.589304
0.590343
0.591465
0.590991
0.590972
0.591991
0.591137
0.590050
0.591462
0.590740
0.591506
0.590052
0.593093
0.591384
0.592857
0.594319
0.592634
0.591824
0.594736
0.590075
0.591655
0.593468
0.592225
0.592295
0.591478
0.590417
0.593285
0.596043
0.592344
0.592923
0.593341
0.592452
0.592814
0.592572
0.592860
0.594013
0.592125
0.593899
0.593824
0.596183
0.593359
0.595310
0.595508
0.595510
0.596106
0.595737
0.594880
0.593429
0.593401
0.594498
0.594972
0.594971
0.594831
0.595962
0.594560
0.593492
0.596208
0.594910
0.596732
0.597926
0.596046
0.594933
0.594613
0.595487
0.596600
0.595161
0.595182
0.595438
0.595600
0.595840
0.598346
0.599174
0.596795
0.598839
0.597058
0.599271
0.599434
0.597873
0.595799
0.595670
0.595209
0.594359
0.597800
0.597705
0.596756
0.597206
0.598756
0.598701
0.600125
0.599572
0.599581
0.599366
0.598405
0.599170
0.597728
0.598782
0.599532
0.600191
0.599826
0.599286
0.601014
0.600029
0.599432
0.603140
0.601375
0.598245
0.600166
0.599494
0.601406
0.602525
0.602438
0.600588
0.600920
0.603707
0.600952
0.603357
0.602812
0.604142
0.602178
0.600993
0.603943
0.602262
0.602244
0.601361
0.602445
0.603950
0.604685
0.605629
0.601740
0.605602
0.604633
0.602871
0.602227
0.603379
0.603734
0.604812
0.605561
0.605363
0.604797
0.603930
0.603436
0.605013
0.603836
0.604309
0.604068
0.604536
0.604604
0.605500
0.605470
0.605635
0.604228
0.606377
0.607026
0.604323
0.606432
0.607135
0.604684
0.605552
0.605542
0.604757
0.605305
0.603464
0.604477
0.606812
0.608406
0.606944
0.607422
0.606164
0.606667
0.607395
0.604474
0.607352
0.607473
0.606409
0.605715
0.607596
0.606004
0.607714
0.606690
0.607141
0.608867
0.607340
0.609511
0.607146
0.608391
0.607844
0.608081
0.609351
0.608422
0.610568
0.607398
0.607224
0.606185
0.607676
0.609459
0.608415
0.608720
0.609134
0.609392
0.608871
0.606800
0.609724
0.609487
0.608984
0.612140
0.611010
0.613431
0.612314
0.611262
0.611733
0.612573
0.612411
0.610248
0.609372
0.610868
0.609839
0.610003
0.610938
0.611118
0.610769
0.610204
0.612236
0.612065
0.612107
0.612095
0.612938
0.613217
0.614137
0.614678
0.611728
0.611509
0.612222
0.613090
0.610842
0.610669
0.610356
0.613023
0.611225
0.612123
0.610611
0.611260
0.612852
0.615009
0.612313
0.612471
0.612545
0.612382
0.613008
0.612587
0.615644
0.613630
0.615336
0.613696
0.613984
0.613522
0.614393
0.612649
0.613822
0.614365
0.614064
0.612778
0.613964
0.613403
0.615164
0.616717
0.616034
0.614866
0.616099
0.615465
0.615919
0.615885
0.618393
0.615704
0.617251
0.617147
0.616296
0.618250
0.616190
0.616963
0.616613
0.615290
0.614493
0.615734
0.615847
0.616676
0.617522
0.618346
0.618827
0.617903
0.617757
0.615115
0.616861
0.617895
0.619358
0.617906
0.616664
0.618941
0.619398
0.618316
0.619770
0.621116
0.620059
0.617703
0.618289
0.617106
0.617128
0.618421
0.619650
0.618995
0.620258
0.619017
0.620327
0.618884
0.619138
0.619834
0.619054
0.621970
0.621190
0.621060
0.620469
0.620588
0.620568
0.621362
0.620987
0.619385
0.619549
0.619599
0.621512
0.619511
0.619622
0.621122
0.620908
0.622851
0.624510
0.623634
0.622109
0.622600
0.619846
0.622147
0.623341
0.620743
0.622088
0.622309
0.620980
0.621109
0.622926
0.622349
0.623844
0.624071
0.622716
0.623275
0.623281
0.623135
0.622777
0.622285
0.623638
0.622091
0.623833
0.624013
0.625211
0.625866
0.624797
0.625362
0.624475
0.623912
0.624187
0.623833
0.623927
0.624914
0.625202
0.624688
0.626237
0.624990
0.625221
0.625750
0.625465
0.628354
0.626684
0.627229
0.626484
0.625209
0.624447
0.624711
0.625598
0.626421
0.625595
0.624891
0.627509
0.628500
0.627986
0.625738
0.627026
0.626828
0.625620
0.627294
0.628643
0.627342
0.629247
0.627389
0.628542
0.628466
0.629091
0.627114
0.625213
0.626651
0.627705
0.627542
0.628837
0.629068
0.628459
0.626986
0.626960
0.627411
0.628904
0.628881
0.628957
0.628549
0.626711
0.627531
0.629296
0.629642
0.628730
0.627506
0.627221
0.628074
0.627814
0.628898
0.630141
0.630582
0.631805
0.631958
0.631160
0.630872
0.632130
0.630663
0.629479
0.631319
0.629135
0.631454
0.630696
0.629919
0.633355
0.629281
0.630868
0.630385
0.631115
0.633053
0.633404
0.632495
0.630846
0.631886
0.632674
0.633850
0.631574
0.632575
0.631153
0.630927
0.632169
0.632774
0.631363
0.634005
0.631712
0.631682
0.632891
0.631518
0.633809
0.632224
0.635592
0.633850
0.631384
0.632453
0.633728
0.633407
0.635289
0.635400
0.633531
0.634269
0.634529
0.634836
0.637088
0.634414
0.635302
0.635438
0.635543
0.635218
0.635204
0.634233
0.634958
0.635960
0.635645
0.636800
0.636832
0.637981
0.636097
0.635636
0.635283
0.637184
0.636906
0.637156
0.636358
0.636329
0.637337
0.637011
0.637218
0.633927
0.635420
0.635990
0.638053
0.637510
0.637691
0.637034
0.637925
0.637040
0.634822
0.636746
0.639083
0.638798
0.638056
0.638122
0.640457
0.638285
0.636321
0.636587
0.638397
0.637627
0.641541
0.639003
0.640239
0.641271
0.637321
0.638785
0.639477
0.640000
0.639095
0.640238
0.640577
0.641950
0.639091
0.639222
0.637858
0.638602
0.639496
0.637255
0.636962
0.639479
0.640037
0.638553
0.641223
0.640309
0.641235
0.639043
0.641010
0.641626
0.641137
0.641890
0.637909
0.641321
0.641052
0.640247
0.640202
0.640435
0.640121
0.641463
0.639838
0.641371
0.639696
0.640257
0.641146
0.639444
0.640778
0.641269
0.643152
0.642873
0.643078
0.644586
0.643760
0.644544
0.641854
0.642689
0.642182
0.641560
0.641568
0.641761
0.643240
0.643465
0.643042
0.644073
0.641863
0.642621
0.641864
0.644006
0.641706
0.644108
0.644149
0.643499
0.645492
0.645464
0.643720
0.643552
0.644604
0.644643
0.587064
0.587176
0.589476
0.588840
0.588061
0.585768
0.588310
0.587528
0.586251
0.587507
0.588708
0.589845
0.589157
0.590838
0.590052
0.588833
0.588902
0.590665
0.591136
0.591974
0.591481
0.591383
0.588804
0.590461
0.588662
0.588743
0.589370
0.591615
0.589509
0.591113
0.590457
0.588580
0.587176
0.587289
0.589058
0.587603
0.589287
0.590064
0.589949
0.590706
0.591350
0.589616
0.590908
0.591178
0.592223
0.592111
0.590199
0.591329
0.591043
0.591128
0.592202
0.591106
0.591704
0.592266
0.590440
0.591167
0.592284
0.595278
0.593156
0.592233
0.593674
0.591106
0.592723
0.592012
0.591796
0.592910
0.591311
0.591787
0.590905
0.592530
0.592039
0.591020
0.593222
0.590529
0.593085
0.592161
0.590482
0.592640
0.592529
0.593169
0.594155
0.593847
0.593930
0.594494
0.595273
0.594195
0.592723
0.597542
0.595578
0.596129
0.594244
0.595225
0.595494
0.595957
0.596600
0.596217
0.593587
0.594328
0.595462
0.595864
0.594175
0.593765
0.593956
0.595333
0.595091
0.594754
0.596216
0.597097
0.594361
0.596406
0.595653
0.595949
0.595265
0.595088
0.596611
0.596682
0.596745
0.598295
0.595991
0.596956
0.597524
0.596663
0.596437
0.599096
0.596251
0.597650
0.598701
0.599150
0.598086
0.595954
0.594334
0.595273
0.599264
0.596957
0.598057
0.597114
0.595675
0.598677
0.597605
0.598683
0.598443
0.597207
0.595517
0.599652
0.597674
0.597508
0.600127
0.601628
0.599363
0.599890
0.599990
0.597909
0.600126
0.600677
0.601596
0.601291
0.600220
0.601210
0.598232
0.598439
0.599063
0.600401
0.601663
0.600761
0.600371
0.602416
0.599683
0.600261
0.602041
0.599961
0.600237
0.600910
0.601934
0.599806
0.601989
0.602820
0.601371
0.602348
0.601752
0.602041
0.603395
0.604304
0.602488
0.601957
0.601816
0.602941
0.601424
0.601174
0.601780
0.604362
0.602311
0.602877
0.602936
0.603195
0.604186
0.602034
0.605479
0.604373
0.603314
0.603320
0.605715
0.604930
0.604818
0.604708
0.603821
0.604206
0.603744
0.603924
0.603119
0.604798
0.601372
0.602919
0.606091
0.603011
0.608443
0.605278
0.604394
0.606455
0.606372
0.606228
0.605647
0.605388
0.606246
0.606115
0.605449
0.604408
0.604000
0.605393
0.604841
0.602454
0.607103
0.604192
0.604024
0.606651
0.605834
0.606099
0.606590
0.606749
0.605942
0.605614
0.605975
0.604922
0.605474
0.608120
0.607710
0.607495
0.604612
0.606300
0.608685
0.608645
0.607229
0.607531
0.607345
0.606983
0.607743
0.607841
0.606676
0.608605
0.608253
0.609372
0.610396
0.608080
0.608728
0.606564
0.606924
0.609232
0.605912
0.608235
0.608095
0.608000
0.608859
0.609060
0.609350
0.608252
0.607764
0.607621
0.608273
0.608624
0.607525
0.609572
0.610142
0.609720
0.612538
0.611538
0.610349
0.609852
0.612133
0.613096
0.612160
0.610950
0.612714
0.610164
0.610821
0.612348
0.608973
0.609563
0.609439
0.609649
0.610659
0.609950
0.609884
0.610416
0.610574
0.609038
0.612570
0.612875
0.612961
0.613015
0.611362
0.612545
0.613930
0.612253
0.613440
0.612892
0.612769
0.615035
0.611186
0.609212
0.609628
0.611336
0.611136
0.611385
0.610256
0.611200
0.612171
0.611213
0.611902
0.613087
0.612992
0.611961
0.610917
0.613193
0.611930
0.612196
0.612761
0.612746
0.612998
0.613729
0.614435
0.612635
0.612275
0.615310
0.613844
0.613113
0.614266
0.613803
0.614316
0.612055
0.613569
0.614158
0.614157
0.614633
0.615114
0.614089
0.613809
0.614562
0.611979
0.614065
0.615239
0.616503
0.614760
0.615008
0.614586
0.615773
0.616841
0.614749
0.616450
0.618654
0.618484
0.617932
0.616430
0.616683
0.619495
0.617586
0.615052
0.615756
0.616831
0.616414
0.618138
0.617024
0.618578
0.618551
0.619347
0.616201
0.617615
0.616059
0.616543
0.616653
0.617733
0.617808
0.618267
0.617758
0.617628
0.617349
0.619878
0.618274
0.618863
0.617369
0.618273
0.620093
0.619449
0.618670
0.617154
0.616678
0.618140
0.620361
0.618486
0.619703
0.618877
0.619781
0.620144
0.619112
0.618149
0.619181
0.620013
0.619206
0.618652
0.619869
0.620363
0.618769
0.618957
0.622188
0.621158
0.623828
0.621713
0.620185
0.620606
0.619701
0.620966
0.619329
0.619709
0.619423
0.620443
0.622031
0.622412
0.620716
0.619775
0.621778
0.623347
0.622590
0.621052
0.622142
0.625159
0.621966
0.622971
0.621874
0.622046
0.621228
0.621788
0.623242
0.622401
0.624260
0.621718
0.621691
0.622693
0.621633
0.622857
0.622249
0.624481
0.623956
0.625310
0.625014
0.623392
0.625414
0.622319
0.623879
0.622921
0.624236
0.623999
0.626042
0.624567
0.624615
0.624665
0.624168
0.624436
0.623551
0.625041
0.624890
0.623780
0.623111
0.625112
0.624283
0.624646
0.624500
0.624542
0.624466
0.626556
0.624239
0.625142
0.624891
0.625101
0.627699
0.627236
0.626636
0.626816
0.626772
0.625462
0.625364
0.624902
0.625618
0.626798
0.624857
0.624870
0.627245
0.625190
0.628164
0.628605
0.628517
0.628247
0.625835
0.627828
0.628255
0.626549
0.626984
0.626704
0.627429
0.627071
0.628740
0.628965
0.628765
0.628655
0.627788
0.627788
0.628279
0.627350
0.628838
0.628118
0.626260
0.627861
0.627775
0.625362
0.626797
0.627260
0.628067
0.629370
0.629152
0.629814
0.626596
0.628224
0.628725
0.630181
0.629848
0.628681
0.627158
0.628578
0.628471
0.626976
0.628878
0.630202
0.628089
0.628578
0.628787
0.630974
0.630604
0.630644
0.630874
0.629919
0.632524
0.631294
0.632659
0.631295
0.632622
0.628821
0.629932
0.630157
0.630534
0.631150
0.630690
0.631184
0.632001
0.631064
0.631556
0.630412
0.630563
0.630068
0.633311
0.632119
0.633296
0.630832
0.631808
0.632099
0.632051
0.631804
0.632372
0.629269
0.631182
0.632251
0.632076
0.633417
0.632992
0.632643
0.630557
0.634983
0.632870
0.633729
0.632962
0.633281
0.632362
0.632475
0.632838
0.634220
0.631848
0.631157
0.633788
0.634102
0.633597
0.633389
0.633855
0.634389
0.633552
0.634417
0.634500
0.634875
0.635895
0.634674
0.635827
0.635360
0.634777
0.633768
0.634613
0.634161
0.635871
0.634993
0.633227
0.635635
0.635481
0.636350
0.635411
0.633268
0.637256
0.636052
0.636616
0.635907
0.635290
0.638036
0.635690
0.635831
0.635923
0.635136
0.636293
0.636626
0.636522
0.635983
0.636269
0.634856
0.637291
0.635451
0.636631
0.638904
0.638611
0.637539
0.637909
0.638433
0.636910
0.636636
0.635854
0.637691
0.636470
0.638767
0.638575
0.638009
0.637847
0.637885
0.639570
0.637643
0.636563
0.638382
0.638244
0.638632
0.638582
0.638391
0.637795
0.638220
0.638608
0.640811
0.639888
0.637583
0.638593
0.640016
0.637829
0.639747
0.641054
0.640953
0.640772
0.640957
0.638995
0.639190
0.638431
0.637411
0.638295
0.636327
0.637042
0.638867
0.639799
0.629332
0.592971
0.592056
0.591691
0.592896
0.593878
0.592759
0.592133
0.593170
0.593251
0.594455
0.596184
0.592266
0.593789
0.592960
0.592588
0.592964
0.590537
0.591829
0.591016
0.592969
0.591081
0.593369
0.591019
0.591017
0.593605
0.595019
0.593976
0.593208
0.592843
0.594456
0.591063
0.592562
0.592507
0.592219
0.593719
0.594863
0.592455
0.591617
0.592396
0.592939
0.595819
0.594731
0.596922
0.596161
0.594164
0.595847
0.595682
0.594750
0.595348
0.595717
0.595152
0.594941
0.593882
0.596269
0.593809
0.593332
0.592995
0.594767
0.594786
0.594126
0.594032
0.596178
0.595861
0.596198
0.594820
0.596286
0.596019
0.596000
0.597527
0.596907
0.596779
0.596351
0.593583
0.595742
0.597741
0.595551
0.597057
0.596692
0.595456
0.597156
0.596815
0.598059
0.598590
0.597622
0.597614
0.598257
0.598535
0.592786
0.595564
0.596394
0.596535
0.596698
0.597118
0.596723
0.596810
0.596916
0.596407
0.597216
0.597163
0.598040
0.598570
0.597159
0.599643
0.596164
0.598643
0.598813
0.598521
0.596991
0.599493
0.599664
0.599241
0.597386
0.600569
0.598237
0.601522
0.598315
0.599560
0.599250
0.601499
0.600339
0.601199
0.600004
0.599106
0.598979
0.599844
0.600621
0.601515
0.600280
0.601753
0.599453
0.599222
0.600449
0.599421
0.601335
0.602205
0.601745
0.602529
0.601473
0.602256
0.601736
0.603213
0.601379
0.601813
0.603810
0.600314
0.601206
0.601232
0.601305
0.601084
0.601281
0.601266
0.602308
0.602059
0.602243
0.603631
0.601292
0.601380
0.602093
0.602268
0.603629
0.603825
0.603487
0.603554
0.603952
0.604012
0.605386
0.603244
0.604525
0.604862
0.601877
0.603337
0.602884
0.602316
0.603928
0.605459
0.603837
0.602119
0.602912
0.601867
0.605048
0.604042
0.601794
0.602200
0.602895
0.603471
0.604779
0.604011
0.603410
0.604999
0.604925
0.605130
0.605865
0.604134
0.603720
0.606064
0.606831
0.606343
0.605936
0.604893
0.605248
0.604398
0.605547
0.602954
0.604496
0.604689
0.606625
0.607637
0.606059
0.605069
0.606270
0.604977
0.606269
0.607080
0.605716
0.607354
0.605536
0.606335
0.608489
0.606634
0.606317
0.606747
0.605852
0.606084
0.607062
0.606918
0.605233
0.605215
0.607443
0.608038
0.607134
0.606987
0.609305
0.606108
0.605773
0.608124
0.607132
0.609376
0.609048
0.604986
0.606663
0.608373
0.608271
0.606982
0.609659
0.607297
0.606580
0.607180
0.607340
0.607754
0.606984
0.608265
0.608998
0.609551
0.609111
0.609811
0.609418
0.610276
0.607934
0.609297
0.607280
0.606639
0.608489
0.609378
0.608127
0.609877
0.609234
0.608870
0.609906
0.611190
0.610595
0.610102
0.611647
0.608825
0.612060
0.610235
0.612433
0.610898
0.610374
0.613453
0.608835
0.611228
0.610763
0.608198
0.610254
0.609427
0.610209
0.610888
0.610210
0.609259
0.612287
0.611727
0.611657
0.612049
0.611430
0.612009
0.611864
0.612442
0.610527
0.613925
0.613029
0.610987
0.612198
0.613969
0.613103
0.611708
0.612005
0.611405
0.610359
0.609020
0.613298
0.611547
0.610647
0.611714
0.609901
0.611464
0.611760
0.612014
0.612747
0.612842
0.611565
0.612626
0.613514
0.612969
0.613420
0.611879
0.611818
0.612319
0.612898
0.611704
0.613154
0.614575
0.614533
0.615259
0.616187
0.612901
0.614135
0.615114
0.614312
0.613424
0.613330
0.612823
0.614664
0.612957
0.615253
0.614912
0.615167
0.615502
0.616189
0.614467
0.615015
0.612237
0.614635
0.614841
0.615090
0.614813
0.613820
0.615756
0.616119
0.615007
0.613642
0.613986
0.616824
0.617585
0.614980
0.617090
0.616705
0.618164
0.617579
0.616874
0.617087
0.619084
0.617607
0.619891
0.615489
0.619893
0.619192
0.617100
0.616337
0.615801
0.615382
0.615783
0.617939
0.617916
0.617792
0.619882
0.616713
0.616193
0.615254
0.617321
0.616569
0.617878
0.616115
0.616158
0.620275
0.616564
0.617883
0.617584
0.616359
0.618925
0.619189
0.619287
0.620155
0.618932
0.617787
0.617561
0.618639
0.618161
0.617548
0.617353
0.618531
0.619006
0.618347
0.620241
0.620381
0.620013
0.620123
0.620442
0.617045
0.619330
0.619402
0.619493
0.619894
0.619234
0.619867
0.618249
0.619965
0.621559
0.619773
0.620441
0.620599
0.620330
0.620927
0.620784
0.621870
0.621287
0.620480
0.621477
0.622036
0.617412
0.620737
0.621585
0.619875
0.621079
0.622276
0.620825
0.621268
0.622443
0.622843
0.622591
0.623075
0.620019
0.620236
0.621637
0.620871
0.622798
0.623448
0.621513
0.624868
0.621156
0.621170
0.621369
0.621183
0.622005
0.623879
0.625229
0.623790
0.622619
0.620812
0.620497
0.622300
0.622504
0.625243
0.624902
0.623085
0.625248
0.624606
0.624242
0.624927
0.622999
0.624315
0.625579
0.621377
0.622933
0.621544
0.623464
0.626145
0.622962
0.624442
0.625916
0.624915
0.624719
0.625499
0.624234
0.623303
0.627038
0.623090
0.626166
0.624909
0.623508
0.626175
0.625358
0.625137
0.625082
0.626108
0.627260
0.624295
0.624844
0.627083
0.624683
0.625883
0.625424
0.625642
0.627095
0.626204
0.627129
0.625018
0.627704
0.626511
0.624884
0.626045
0.626241
0.627491
0.627004
0.626287
0.624141
0.626547
0.624420
0.625358
0.626781
0.626715
0.626526
0.628469
0.630710
0.628382
0.628659
0.629318
0.628566
0.627212
0.628441
0.629153
0.624616
0.626486
0.626813
0.627837
0.627396
0.629817
0.627801
0.626189
0.627863
0.629122
0.625437
0.627867
0.627523
0.626129
0.626499
0.626716
0.627167
0.626233
0.627103
0.627557
0.627776
0.629166
0.629672
0.629740
0.628753
0.631404
0.629153
0.628771
0.626879
0.629188
0.626565
0.628218
0.628959
0.628191
0.628587
0.627400
0.629288
0.628271
0.629843
0.628249
0.630629
0.629086
0.630125
0.628463
0.630989
0.631363
0.630738
0.631632
0.630651
0.631080
0.631620
0.631444
0.632536
0.631868
0.627642
0.630612
0.630453
0.630120
0.630186
0.630997
0.630472
0.631467
0.630745
0.631343
0.632500
0.630067
0.629740
0.630578
0.630176
0.631296
0.632811
0.633094
0.629777
0.631991
0.630777
0.630525
0.632662
0.631875
0.632058
0.631611
0.631873
0.631649
0.633357
0.632185
0.634754
0.633081
0.633257
0.632461
0.634655
0.633599
0.632905
0.633162
0.634399
0.634307
0.631741
0.633041
0.632888
0.633978
0.632472
0.632678
0.633205
0.634018
0.631172
0.633226
0.633820
0.635502
0.633664
0.634866
0.632616
0.633974
0.633295
0.634734
0.635992
0.635498
0.634756
0.635077
0.633695
0.634200
0.634923
0.634633
0.634974
0.632841
0.634876
0.635265
0.636162
0.636398
0.634581
0.636040
0.634197
0.634600
0.635078
0.635379
0.638127
0.636574
0.634831
0.635089
0.636338
0.636296
0.637801
0.636586
0.634966
0.634446
0.634529
0.635763
0.636284
0.636462
0.637628
0.635835
0.637016
0.637736
0.636319
0.637237
0.636725
0.626332
0.594436
0.593120
0.596099
0.597214
0.595509
0.595787
0.593705
0.593282
0.594057
0.593789
0.595910
0.594697
0.596055
0.595625
0.594782
0.594753
0.594261
0.595123
0.593287
0.596208
0.593864
0.595666
0.596800
0.596156
0.595455
0.595447
0.596009
0.597984
0.595719
0.595055
0.596877
0.595867
0.596351
0.596735
0.597886
0.594877
0.596706
0.596870
0.597175
0.597525
0.598151
0.597972
0.597140
0.597276
0.598378
0.598408
0.597627
0.596861
0.597159
0.598293
0.599320
0.597685
0.595713
0.594975
0.597637
0.597114
0.596122
0.597077
0.598300
0.598438
0.597657
0.598045
0.598398
0.597273
0.595673
0.595827
0.598848
0.598657
0.598211
0.597007
0.598199
0.598231
0.600519
0.599366
0.598602
0.599822
0.598934
0.601081
0.599726
0.600121
0.600824
0.599494
0.600775
0.599455
0.601419
0.601300
0.603133
0.598266
0.597995
0.598592
0.598901
0.598809
0.599921
0.601949
0.599457
0.599949
0.600053
0.600358
0.599943
0.602461
0.601163
0.601741
0.601138
0.600843
0.601617
0.603810
0.602425
0.603126
0.603202
0.603731
0.605193
0.602087
0.602947
0.603626
0.600753
0.600057
0.600467
0.602643
0.602639
0.601048
0.601717
0.603332
0.601791
0.602749
0.603195
0.603036
0.601195
0.601605
0.603915
0.601422
0.604420
0.605549
0.603300
0.601727
0.601353
0.603378
0.603214
0.603556
0.603161
0.603809
0.602586
0.600759
0.600607
0.602190
0.602390
0.603947
0.603748
0.605316
0.601662
0.603697
0.604848
0.603670
0.602142
0.602024
0.603261
0.601502
0.602314
0.602057
0.603296
0.606359
0.603312
0.605976
0.605397
0.604129
0.605448
0.605570
0.605642
0.606625
0.607093
0.605559
0.603857
0.605484
0.606902
0.606513
0.606418
0.605434
0.606979
0.604482
0.606548
0.604437
0.604856
0.603774
0.605876
0.607129
0.604228
0.605651
0.607095
0.603589
0.606441
0.605652
0.606241
0.608013
0.605619
0.605731
0.605473
0.609511
0.605686
0.606497
0.606053
0.609070
0.605565
0.606441
0.604179
0.605776
0.604469
0.603814
0.606408
0.604751
0.606291
0.607056
0.608369
0.606686
0.607012
0.607772
0.606623
0.607964
0.607232
0.606611
0.606983
0.607293
0.608186
0.605579
0.607811
0.606891
0.607858
0.608514
0.606485
0.606796
0.606770
0.607000
0.607378
0.606405
0.607866
0.608359
0.608903
0.606901
0.610327
0.609632
0.609530
0.611796
0.610986
0.611256
0.608583
0.607376
0.607048
0.608030
0.609203
0.610343
0.609529
0.610307
0.608964
0.608242
0.609643
0.609902
0.611100
0.611351
0.608688
0.609209
0.609208
0.610558
0.609982
0.611068
0.610318
0.610059
0.607325
0.611352
0.610344
0.608611
0.610906
0.609310
0.610508
0.611127
0.612232
0.609924
0.608424
0.609755
0.610008
0.609047
0.610695
0.610618
0.611903
0.611510
0.611987
0.610458
0.611637
0.612060
0.611189
0.614246
0.611425
0.612304
0.611004
0.614192
0.612417
0.614509
0.612679
0.612649
0.614416
0.614736
0.611737
0.610744
0.609171
0.610772
0.612132
0.613222
0.611046
0.611492
0.611151
0.611650
0.612967
0.610603
0.610306
0.612786
0.613009
0.612351
0.612800
0.613428
0.610565
0.611469
0.611301
0.611667
0.611209
0.613047
0.614278
0.614080
0.613453
0.614627
0.613478
0.613784
0.613628
0.615493
0.614425
0.613894
0.614659
0.614100
0.613068
0.613505
0.615504
0.614292
0.612898
0.614663
0.612939
0.615992
0.616312
0.616939
0.614363
0.613388
0.614199
0.614756
0.615100
0.614150
0.615680
0.613855
0.612289
0.614920
0.615897
0.616444
0.617132
0.614761
0.612944
0.616496
0.614154
0.616148
0.615227
0.617662
0.615652
0.615310
0.615355
0.615620
0.616163
0.618476
0.616414
0.617763
0.616720
0.618614
0.617157
0.616058
0.618968
0.618023
0.617403
0.618459
0.615936
0.615738
0.616040
0.617359
0.616521
0.616962
0.617770
0.619517
0.616035
0.617287
0.615102
0.616635
0.616318
0.617367
0.617631
0.616246
0.616703
0.618391
0.616764
0.616308
0.617519
0.617716
0.616887
0.618654
0.619147
0.617257
0.619941
0.618887
0.618897
0.619344
0.619866
0.618115
0.616239
0.618354
0.618633
0.619107
0.618829
0.620157
0.619637
0.618525
0.619546
0.620987
0.618982
0.619932
0.616935
0.618428
0.619203
0.620016
0.619460
0.619679
0.621858
0.619677
0.620837
0.620036
0.620764
0.620029
0.618737
0.619107
0.619624
0.621044
0.619318
0.619787
0.621468
0.621973
0.621242
0.618953
0.622884
0.621496
0.621196
0.620832
0.621357
0.620081
0.620604
0.622553
0.622577
0.621476
0.621584
0.620273
0.621527
0.621131
0.621007
0.620520
0.622111
0.621819
0.623270
0.622629
0.620850
0.623949
0.622316
0.623636
0.622942
0.623954
0.619901
0.620399
0.622134
0.621638
0.621549
0.622018
0.623277
0.623174
0.623181
0.622566
0.622452
0.622777
0.620944
0.620627
0.621802
0.623633
0.623322
0.624175
0.625367
0.624563
0.624736
0.625332
0.623426
0.624492
0.624481
0.622867
0.623420
0.622748
0.621960
0.622291
0.624551
0.624696
0.624062
0.625740
0.624416
0.624697
0.626356
0.622322
0.624636
0.625264
0.624233
0.625394
0.624010
0.625597
0.624795
0.625778
0.625483
0.625207
0.625305
0.625574
0.625363
0.627390
0.625803
0.625885
0.625906
0.624959
0.623932
0.625274
0.627117
0.624885
0.627548
0.626640
0.627580
0.626113
0.627032
0.626358
0.626195
0.625490
0.624917
0.624463
0.626571
0.625500
0.626064
0.625885
0.624799
0.626366
0.625670
0.625143
0.624986
0.628584
0.627382
0.627337
0.627975
0.628046
0.626960
0.627353
0.627094
0.628770
0.628286
0.628890
0.629562
0.626004
0.626367
0.627530
0.627884
0.625502
0.627579
0.628215
0.629809
0.627253
0.628337
0.626505
0.627816
0.627708
0.627793
0.628848
0.628180
0.627282
0.625642
0.627389
0.625292
0.626465
0.626516
0.629202
0.628138
0.626933
0.629149
0.629093
0.630910
0.627865
0.630149
0.629810
0.630845
0.627789
0.626229
0.628238
0.627513
0.629733
0.627674
0.627495
0.626752
0.629215
0.626099
0.629269
0.628332
0.629240
0.629423
0.628974
0.628582
0.628337
0.630288
0.629879
0.628089
0.629739
0.630610
0.630702
0.631656
0.629500
0.629698
0.628523
0.629901
0.630981
0.630026
0.631920
0.629212
0.630655
0.631342
0.630696
0.629224
0.630029
0.630165
0.629914
0.629660
0.629879
0.632189
0.631401
0.631039
0.630050
0.629822
0.630211
0.630496
0.629661
0.631399
0.630831
0.630929
0.630519
0.631682
0.631432
0.632445
0.633714
0.631278
0.632750
0.631818
0.632351
0.633186
0.631822
0.631924
0.632873
0.633453
0.632578
0.632368
0.631052
0.633682
0.632520
0.633760
0.632667
0.633808
0.632959
0.632049
0.633754
0.636213
0.634400
0.633842
0.632426
0.632825
0.633264
0.633797
0.633159
0.632387
0.631834
0.632219
0.632615
0.633177
0.634493
0.634595
0.634690
0.634518
0.635712
0.634886
0.632677
0.632365
0.597923
0.597427
0.598165
0.597320
0.596224
0.598199
0.597583
0.597907
0.596025
0.597379
0.597592
0.597714
0.595957
0.596053
0.596284
0.596913
0.596317
0.597521
0.597122
0.596714
0.597364
0.598325
0.598409
0.595361
0.597604
0.597239
0.597199
0.597173
0.596999
0.597721
0.598904
0.599687
0.599098
0.599019
0.596060
0.599350
0.600104
0.600047
0.599972
0.599186
0.599090
0.600490
0.599778
0.599056
0.601308
0.597676
0.599277
0.600964
0.600595
0.599225
0.599656
0.598750
0.600614
0.600777
0.601579
0.600028
0.599428
0.600007
0.600461
0.601720
0.600343
0.599547
0.601888
0.602025
0.599015
0.602333
0.600030
0.600815
0.599995
0.601223
0.599098
0.602746
0.600694
0.600783
0.600901
0.600611
0.601888
0.603124
0.603472
0.603071
0.603761
0.602904
0.602976
0.601332
0.600736
0.602632
0.600847
0.602476
0.603058
0.602106
0.602156
0.602037
0.603762
0.602106
0.600911
0.601623
0.602122
0.603026
0.602039
0.603664
0.603769
0.602539
0.602357
0.603943
0.602726
0.606412
0.603531
0.602956
0.604230
0.603933
0.602319
0.602909
0.604773
0.600965
0.602464
0.603468
0.603203
0.604135
0.601454
0.603162
0.604944
0.603655
0.604775
0.602706
0.605418
0.603054
0.603129
0.602172
0.601105
0.602606
0.604605
0.601918
0.603738
0.604861
0.605546
0.604590
0.605208
0.605441
0.606761
0.605746
0.606228
0.603999
0.606646
0.604875
0.605571
0.605925
0.605004
0.604521
0.607296
0.605888
0.604688
0.607020
0.605542
0.606461
0.606939
0.606095
0.606392
0.606389
0.606263
0.604745
0.606801
0.606478
0.605491
0.605206
0.606932
0.606916
0.606038
0.606382
0.606510
0.604684
0.603982
0.605602
0.604493
0.604051
0.605397
0.606340
0.605657
0.606921
0.606120
0.606050
0.608002
0.606241
0.603734
0.605339
0.605828
0.603996
0.604061
0.604705
0.606480
0.607185
0.605467
0.606870
0.608450
0.607945
0.609086
0.609168
0.605350
0.607902
0.607817
0.608535
0.608140
0.607282
0.607657
0.607705
0.608119
0.607579
0.608182
0.608408
0.609711
0.608178
0.609110
0.607977
0.606727
0.606262
0.609577
0.607815
0.607926
0.610204
0.606371
0.607752
0.607145
0.609204
0.609268
0.608778
0.611402
0.609526
0.612516
0.609443
0.609978
0.610091
0.607806
0.606445
0.608281
0.609469
0.607450
0.608892
0.608133
0.608927
0.607347
0.609514
0.611079
0.610951
0.610150
0.612100
0.608200
0.609410
0.607261
0.610265
0.610261
0.609572
0.608684
0.610927
0.610770
0.609310
0.610836
0.611571
0.612134
0.610742
0.612017
0.610097
0.610849
0.612039
0.612092
0.611154
0.610537
0.610569
0.610843
0.610085
0.610511
0.609825
0.611982
0.613885
0.610583
0.612749
0.611578
0.611476
0.610838
0.612379
0.611218
0.612219
0.611099
0.613430
0.611260
0.612160
0.610782
0.612848
0.613935
0.612052
0.613520
0.614518
0.613521
0.612296
0.612361
0.614302
0.614697
0.611383
0.612381
0.612937
0.613674
0.611642
0.612531
0.611505
0.610205
0.610183
0.611950
0.611527
0.611300
0.611841
0.612136
0.613809
0.613454
0.613181
0.612461
0.612058
0.610448
0.612683
0.612702
0.613860
0.614865
0.614037
0.614439
0.611787
0.614035
0.612690
0.614123
0.614126
0.613199
0.614610
0.615684
0.614730
0.615156
0.614856
0.614124
0.614752
0.615769
0.613344
0.613694
0.612919
0.614523
0.614693
0.616141
0.615322
0.613890
0.614358
0.614703
0.614845
0.614192
0.613628
0.615857
0.615303
0.615544
0.614501
0.616921
0.616226
0.617108
0.616129
0.615894
0.614620
0.613814
0.614579
0.614846
0.614050
0.616915
0.614578
0.615929
0.617467
0.616622
0.617285
0.617250
0.613651
0.614783
0.617747
0.617665
0.617196
0.616450
0.616909
0.618634
0.618944
0.617548
0.616654
0.616039
0.618621
0.617859
0.618129
0.618274
0.618105
0.617251
0.617003
0.616069
0.618447
0.616271
0.617128
0.618933
0.617045
0.616230
0.616010
0.617330
0.616537
0.615869
0.616187
0.618865
0.615920
0.618487
0.616641
0.617846
0.616807
0.615668
0.617969
0.616797
0.618296
0.618375
0.618350
0.618703
0.621784
0.618771
0.620172
0.618784
0.618874
0.617359
0.616715
0.618170
0.618595
0.618543
0.620613
0.621167
0.621020
0.619006
0.618732
0.618442
0.619215
0.616390
0.616464
0.619524
0.619428
0.618845
0.619321
0.619495
0.620922
0.618129
0.620398
0.623420
0.621033
0.619444
0.620102
0.617425
0.621478
0.620964
0.621662
0.620540
0.619102
0.620329
0.620249
0.620449
0.621108
0.620441
0.621069
0.621626
0.624270
0.620631
0.620893
0.622905
0.621322
0.621560
0.621742
0.621258
0.621240
0.621518
0.622120
0.621384
0.622103
0.619873
0.622910
0.620742
0.620888
0.621973
0.622755
0.622752
0.621277
0.623225
0.620694
0.623050
0.622015
0.622154
0.623032
0.621650
0.623185
0.621962
0.623834
0.623472
0.624099
0.622546
0.621933
0.621868
0.622484
0.623319
0.622896
0.623534
0.621185
0.623367
0.621234
0.623185
0.622843
0.623074
0.623688
0.622304
0.623841
0.623783
0.623411
0.624139
0.623488
0.625893
0.625087
0.625227
0.626337
0.622415
0.621811
0.622195
0.624221
0.622544
0.624510
0.624924
0.624663
0.622423
0.624530
0.625446
0.626560
0.626175
0.623998
0.623242
0.622605
0.621787
0.623320
0.624639
0.625932
0.627421
0.623517
0.625648
0.624030
0.623491
0.624061
0.624355
0.625121
0.626770
0.625911
0.624227
0.625467
0.624408
0.624638
0.626170
0.623474
0.623864
0.623680
0.623842
0.623519
0.626181
0.625092
0.625826
0.626165
0.626321
0.628244
0.627112
0.625896
0.625792
0.625451
0.627107
0.626330
0.626058
0.626191
0.627248
0.625947
0.625259
0.624441
0.624835
0.623956
0.625546
0.623886
0.626358
0.628950
0.628895
0.627101
0.629144
0.628090
0.629691
0.626313
0.627997
0.627562
0.626280
0.629155
0.629152
0.628264
0.626489
0.627213
0.628515
0.627253
0.627961
0.626041
0.627468
0.627539
0.627100
0.628734
0.627997
0.628724
0.629223
0.629181
0.627019
0.627568
0.626089
0.625813
0.625813
0.626978
0.627379
0.628032
0.627664
0.628860
0.627469
0.627245
0.627291
0.627418
0.630278
0.630611
0.628391
0.629580
0.630364
0.632475
0.626385
0.627460
0.626907
0.628147
0.627751
0.628694
0.629815
0.629416
0.626861
0.627147
0.628541
0.628731
0.627621
0.628885
0.629522
0.629556
0.626369
0.627211
0.629315
0.628755
0.630137
0.632047
0.629718
0.631123
0.630508
0.631465
0.630414
0.629960
0.630883
0.630159
0.628162
0.629472
0.631006
0.629994
0.628696
0.631046
0.630773
0.632118
0.627582
0.629108
0.629932
0.629680
0.629245
0.629331
0.628878
0.630585
0.631498
0.629713
0.632115
0.631013
0.631412
0.631270
0.630014
0.630480
0.628847
0.629547
0.632524
0.631168
0.630622
0.629748
0.632757
0.632698
0.631207
0.633322
0.631440
0.633060
0.631025
0.630036
0.627984
0.598780
0.599686
0.599891
0.600808
0.600324
0.597506
0.596865
0.599873
0.599215
0.602170
0.598849
0.598435
0.598420
0.598343
0.599382
0.598784
0.599265
0.601014
0.600240
0.599157
0.600859
0.598993
0.600679
0.600607
0.602021
0.600147
0.599981
0.601266
0.600592
0.600927
0.600389
0.600621
0.601642
0.602153
0.601978
0.602826
0.599344
0.601017
0.601028
0.601122
0.599917
0.599858
0.602258
0.600474
0.599439
0.603037
0.601222
0.601985
0.601613
0.602470
0.600848
0.602731
0.604051
0.603942
0.602415
0.602277
0.599111
0.602547
0.601745
0.602318
0.603817
0.602399
0.603366
0.600671
0.602897
0.600884
0.603266
0.602816
0.602401
0.603013
0.602539
0.602131
0.604617
0.603298
0.604288
0.605882
0.603088
0.603814
0.605568
0.603648
0.602906
0.603734
0.602450
0.601670
0.600580
0.603868
0.605220
0.602748
0.604188
0.600800
0.603866
0.604853
0.603462
0.604185
0.604172
0.605497
0.605057
0.605228
0.606016
0.601750
0.601436
0.603002
0.603700
0.600932
0.603485
0.602272
0.602515
0.603219
0.604636
0.604508
0.606247
0.604727
0.604918
0.606414
0.604498
0.605165
0.606123
0.604166
0.604922
0.606222
0.606186
0.604223
0.605198
0.606357
0.603745
0.604550
0.604396
0.605930
0.604967
0.607605
0.605161
0.608237
0.607329
0.606525
0.608501
0.607315
0.607260
0.605363
0.607529
0.608287
0.608303
0.605511
0.606366
0.604757
0.605805
0.606570
0.608403
0.606959
0.603043
0.606409
0.606041
0.605159
0.604766
0.605259
0.604741
0.605975
0.604809
0.605452
0.607239
0.606234
0.606981
0.606219
0.606550
0.606710
0.605712
0.605941
0.605801
0.606041
0.605683
0.608142
0.606278
0.607212
0.608045
0.606209
0.606860
0.606868
0.606972
0.606234
0.608246
0.606046
0.608542
0.608050
0.609778
0.607606
0.606604
0.606900
0.608141
0.608805
0.606590
0.608180
0.608061
0.608231
0.609255
0.609051
0.604970
0.607310
0.607928
0.610669
0.607771
0.608297
0.607078
0.608817
0.607037
0.610040
0.607188
0.606801
0.608059
0.608444
0.608191
0.608867
0.607790
0.608255
0.607511
0.609770
0.611603
0.610187
0.610478
0.608877
0.608832
0.608485
0.607688
0.605652
0.608218
0.608780
0.610240
0.609738
0.611035
0.608691
0.609181
0.610282
0.609187
0.611495
0.609689
0.609546
0.609936
0.611195
0.611433
0.611730
0.609906
0.610674
0.611628
0.610084
0.610887
0.609821
0.611453
0.611659
0.610802
0.609103
0.610938
0.610492
0.610679
0.611511
0.611056
0.609291
0.611301
0.610583
0.612401
0.611209
0.610863
0.611513
0.611060
0.611769
0.613977
0.611246
0.612842
0.612708
0.612846
0.610010
0.610214
0.612755
0.611662
0.612176
0.612067
0.611072
0.612777
0.611506
0.611787
0.613005
0.611152
0.612546
0.612209
0.612715
0.612118
0.613756
0.614352
0.614368
0.611817
0.614243
0.613604
0.612434
0.612053
0.612737
0.611639
0.608595
0.610933
0.612172
0.610818
0.612041
0.612257
0.612676
0.610079
0.611452
0.612329
0.612637
0.612875
0.612681
0.610587
0.611691
0.612717
0.612522
0.614242
0.614878
0.613545
0.614908
0.615001
0.612458
0.613884
0.613854
0.613240
0.614492
0.612666
0.614034
0.614907
0.611389
0.614165
0.615389
0.614944
0.614515
0.613956
0.614268
0.614931
0.613502
0.613358
0.613932
0.613461
0.616714
0.615581
0.616292
0.615704
0.617071
0.612971
0.615842
0.614595
0.615673
0.614943
0.614335
0.614239
0.614930
0.614982
0.615505
0.613801
0.616846
0.615266
0.615505
0.617496
0.616370
0.614865
0.615810
0.614219
0.614050
0.616036
0.615197
0.616538
0.615142
0.615603
0.616404
0.618659
0.616131
0.618439
0.617168
0.614395
0.617513
0.615557
0.617945
0.616514
0.617562
0.615146
0.618039
0.617364
0.618447
0.618035
0.618166
0.616590
0.617707
0.617187
0.616503
0.616335
0.618353
0.618359
0.618458
0.619147
0.616127
0.617103
0.615959
0.616922
0.617306
0.617227
0.617007
0.617819
0.618926
0.616397
0.616925
0.617161
0.617222
0.617889
0.617555
0.617106
0.616998
0.618161
0.618750
0.617999
0.616539
0.619228
0.619259
0.618237
0.619039
0.618543
0.617092
0.618008
0.619944
0.619026
0.617620
0.620444
0.618842
0.618401
0.619113
0.618315
0.617819
0.619896
0.620278
0.618812
0.619666
0.619768
0.620040
0.620958
0.619529
0.617234
0.616326
0.619412
0.618781
0.619662
0.619038
0.621838
0.620224
0.618364
0.616999
0.618883
0.618250
0.617972
0.618268
0.619859
0.620295
0.621300
0.621516
0.620427
0.620517
0.619953
0.619362
0.622365
0.620742
0.622434
0.620253
0.620652
0.621939
0.620614
0.621851
0.620481
0.619948
0.620247
0.620698
0.622171
0.621509
0.623498
0.621943
0.622159
0.621308
0.620587
0.621430
0.621173
0.622452
0.621686
0.620941
0.620297
0.621341
0.620981
0.621932
0.621500
0.621327
0.621841
0.622325
0.621943
0.622767
0.621514
0.620766
0.620718
0.622929
0.622798
0.622352
0.622855
0.623818
0.621913
0.623256
0.623356
0.623687
0.621598
0.623013
0.622868
0.622043
0.622964
0.622774
0.622210
0.622062
0.622876
0.621854
0.622567
0.622950
0.623168
0.623922
0.624355
0.623587
0.623472
0.622743
0.621838
0.623684
0.622378
0.625029
0.622563
0.625134
0.622306
0.624781
0.625822
0.623609
0.626382
0.624863
0.621657
0.623374
0.622811
0.624842
0.626652
0.624887
0.624788
0.625446
0.623313
0.623425
0.624903
0.625488
0.624556
0.624498
0.623995
0.623501
0.623639
0.623911
0.625681
0.625491
0.625338
0.625581
0.627807
0.623698
0.622826
0.622890
0.623389
0.624427
0.625315
0.624382
0.624195
0.626084
0.622842
0.621848
0.623999
0.624147
0.623526
0.625077
0.625309
0.626045
0.623647
0.626715
0.624625
0.625049
0.626764
0.626766
0.628561
0.626629
0.626791
0.627794
0.625578
0.626966
0.627268
0.626575
0.626175
0.626113
0.625790
0.625146
0.626787
0.625499
0.627300
0.626655
0.626047
0.626657
0.625958
0.625663
0.627392
0.628542
0.626384
0.627421
0.628234
0.627903
0.628477
0.626684
0.627679
0.627856
0.626595
0.628237
0.628203
0.627513
0.626989
0.627129
0.629669
0.625896
0.627364
0.626326
0.626970
0.629205
0.627490
0.627029
0.627634
0.629913
0.628352
0.627650
0.627256
0.628301
0.628792
0.625170
0.625449
0.625913
0.625371
0.628733
0.626615
0.628528
0.627098
0.626517
0.627882
0.628300
0.626681
0.627776
0.627658
0.629327
0.628211
0.628500
0.627300
0.628243
0.629969
0.627643
0.628477
0.626709
0.626835
0.627390
0.627595
0.629128
0.629307
0.626045
0.627414
0.628175
0.628084
0.629299
0.630114
0.629724
0.628924
0.628494
0.628136
0.628001
0.629170
0.628195
0.629235
0.631049
0.628559
0.628749
0.628379
0.629836
0.628986
0.630592
0.631650
0.631575
0.629739
0.628769
0.630016
0.629787
0.631930
0.630588
0.630922
0.631509
0.630959
0.629079
0.605673
0.599205
0.601689
0.602403
0.601258
0.600619
0.599903
0.600664
0.598424
0.599593
0.600024
0.599830
0.599893
0.599557
0.601009
0.602383
0.601933
0.601591
0.600510
0.601745
0.600873
0.600277
0.602594
0.601141
0.602907
0.602426
0.601775
0.600628
0.602134
0.601374
0.599313
0.600327
0.602616
0.602527
0.601142
0.602592
0.601511
0.601615
0.601639
0.603155
0.604334
0.603889
0.602602
0.602851
0.603174
0.601564
0.601744
0.603331
0.605380
0.605101
0.605125
0.603784
0.603050
0.603635
0.604048
0.605949
0.602507
0.601977
0.601946
0.602818
0.603263
0.604953
0.605089
0.603307
0.603257
0.603570
0.603868
0.604764
0.602218
0.603848
0.606223
0.605333
0.605414
0.604206
0.602100
0.602347
0.602724
0.603425
0.602682
0.601631
0.602468
0.603619
0.604307
0.602457
0.603520
0.602978
0.604112
0.603441
0.604389
0.604971
0.604520
0.604997
0.605110
0.604798
0.606637
0.604914
0.605129
0.606271
0.608351
0.605894
0.607039
0.606135
0.604664
0.603053
0.602604
0.605236
0.603466
0.604796
0.604125
0.604334
0.605811
0.606604
0.604874
0.606471
0.606323
0.608636
0.608149
0.607733
0.606939
0.607413
0.607712
0.607711
0.607288
0.607339
0.605177
0.605790
0.607665
0.606102
0.605853
0.604833
0.607080
0.603938
0.605541
0.605864
0.605628
0.606433
0.605547
0.606269
0.604821
0.605668
0.607601
0.606848
0.605470
0.604954
0.605180
0.605423
0.606234
0.604349
0.605498
0.606864
0.606883
0.606491
0.607704
0.605907
0.608133
0.606434
0.605551
0.606325
0.606860
0.605846
0.607686
0.607877
0.609648
0.607330
0.609541
0.608248
0.607682
0.609051
0.609533
0.607024
0.606968
0.609790
0.609471
0.606770
0.609397
0.607623
0.607457
0.608171
0.606319
0.608510
0.606508
0.607580
0.609998
0.607080
0.605859
0.608242
0.609362
0.608989
0.606288
0.607860
0.610481
0.608706
0.608383
0.610641
0.609045
0.608689
0.607996
0.606523
0.609232
0.607508
0.609716
0.610741
0.609252
0.609273
0.612260
0.610533
0.608958
0.607714
0.606796
0.607965
0.609172
0.610956
0.607813
0.610692
0.608612
0.606695
0.609392
0.610592
0.610312
0.610100
0.611929
0.607338
0.609057
0.609749
0.611035
0.612431
0.611295
0.611005
0.611612
0.610042
0.611867
0.612964
0.611248
0.609786
0.610439
0.609701
0.610309
0.610374
0.609997
0.611838
0.609408
0.611893
0.611439
0.611391
0.610894
0.611061
0.613090
0.611908
0.611163
0.612483
0.611115
0.609216
0.611299
0.610630
0.611343
0.613049
0.613514
0.613376
0.611379
0.611253
0.610430
0.610672
0.611013
0.610959
0.611700
0.613209
0.612693
0.611592
0.612472
0.611884
0.612794
0.612282
0.611107
0.612373
0.611058
0.612433
0.612329
0.610697
0.612890
0.613438
0.613488
0.614454
0.613180
0.612261
0.612953
0.609648
0.609995
0.611412
0.612475
0.612611
0.612213
0.611425
0.613791
0.611228
0.612682
0.611092
0.612024
0.611522
0.612432
0.610173
0.611477
0.614066
0.613691
0.612531
0.612336
0.613707
0.613666
0.612875
0.611870
0.614760
0.615325
0.615597
0.614482
0.614611
0.611603
0.614296
0.614594
0.611864
0.613443
0.613383
0.613180
0.613705
0.612910
0.614085
0.613887
0.613346
0.613352
0.612550
0.614363
0.615423
0.615932
0.613477
0.614217
0.615387
0.614414
0.615983
0.616551
0.614950
0.615071
0.613169
0.615073
0.615500
0.614002
0.615319
0.614250
0.615401
0.615468
0.616472
0.616378
0.614680
0.614089
0.614692
0.615105
0.616594
0.615157
0.616571
0.616513
0.613852
0.614647
0.614309
0.613779
0.617446
0.615565
0.614894
0.615306
0.616633
0.616331
0.616718
0.617423
0.616379
0.617403
0.614875
0.616417
0.616332
0.615877
0.615195
0.617112
0.618073
0.618121
0.617701
0.617786
0.615924
0.616474
0.617700
0.616190
0.616767
0.615214
0.616829
0.617395
0.616324
0.616584
0.617102
0.616256
0.617966
0.618078
0.620382
0.616353
0.618038
0.618061
0.616366
0.618661
0.619009
0.617969
0.616537
0.617902
0.617363
0.614304
0.615790
0.616430
0.615330
0.617472
0.617060
0.617284
0.617806
0.615617
0.617880
0.618906
0.616503
0.618203
0.618125
0.617355
0.619216
0.618977
0.619615
0.618892
0.619844
0.619222
0.620023
0.618999
0.617662
0.618802
0.619246
0.618427
0.618694
0.618727
0.619637
0.616366
0.619703
0.616928
0.618550
0.619560
0.620775
0.620340
0.620684
0.619319
0.619160
0.617106
0.618578
0.618319
0.619797
0.621159
0.619922
0.619729
0.619717
0.618756
0.616672
0.618906
0.619187
0.619910
0.619090
0.620094
0.619022
0.621891
0.620587
0.616812
0.618630
0.616868
0.619887
0.621262
0.619153
0.621341
0.622490
0.622260
0.622725
0.623028
0.620637
0.620103
0.621543
0.621347
0.621952
0.621085
0.621428
0.620438
0.622703
0.622745
0.621791
0.619833
0.621715
0.621909
0.622155
0.622036
0.621105
0.620992
0.622463
0.621432
0.621003
0.621436
0.621248
0.621668
0.620329
0.621621
0.621630
0.623408
0.622200
0.620940
0.623525
0.621377
0.621909
0.619805
0.620889
0.622033
0.622976
0.622603
0.621358
0.622910
0.622624
0.623415
0.621780
0.621863
0.622592
0.623686
0.623574
0.620207
0.623207
0.623218
0.623164
0.623575
0.621490
0.622146
0.621215
0.623755
0.621440
0.622916
0.622916
0.623912
0.622664
0.621807
0.625733
0.623490
0.621816
0.623119
0.624498
0.622675
0.622488
0.625400
0.623578
0.624629
0.624364
0.623622
0.622871
0.622530
0.622955
0.623714
0.622349
0.622092
0.622565
0.622950
0.624764
0.624537
0.624627
0.626984
0.625824
0.625801
0.624335
0.627367
0.624202
0.625782
0.625253
0.626473
0.623363
0.623797
0.623717
0.622617
0.621868
0.623824
0.624128
0.623101
0.624369
0.624648
0.623683
0.623455
0.624848
0.623769
0.625565
0.624268
0.624069
0.623762
0.623700
0.624747
0.622905
0.625116
0.624809
0.624537
0.624708
0.623855
0.624644
0.624172
0.625984
0.625806
0.625041
0.627316
0.625874
0.626453
0.626222
0.625342
0.627804
0.626370
0.629278
0.629096
0.626320
0.627156
0.627454
0.626630
0.628350
0.625040
0.626004
0.625660
0.627936
0.626625
0.628178
0.626171
0.626766
0.626499
0.627568
0.625596
0.625637
0.627121
0.626678
0.627542
0.626588
0.628353
0.628301
0.626587
0.629084
0.628310
0.629901
0.626159
0.626463
0.629141
0.627782
0.629185
0.627730
0.627517
0.626286
0.628275
0.628387
0.626328
0.629593
0.628984
0.628569
0.627741
0.626295
0.629012
0.627173
0.629284
0.628037
0.627964
0.627979
0.627658
0.627410
0.626673
0.627226
0.626370
0.627098
0.627239
0.626020
0.624982
0.625504
0.625894
0.627064
0.628898
0.627736
0.626430
0.626415
0.626966
0.628178
0.627827
0.626328
0.629120
0.628153
0.628489
0.628132
0.627657
0.628211
0.627394
0.628622
0.627783
0.629969
0.627915
0.626598
0.628784
0.628268
0.621850
0.600325
0.601529
0.601820
0.602645
0.603036
0.600274
0.601772
0.601178
0.601861
0.601861
0.602069
0.601549
0.603655
0.604613
0.605294
0.602768
0.604173
0.603361
0.603371
0.603427
0.602071
0.603076
0.605365
0.605121
0.603710
0.604157
0.605581
0.604832
0.604947
0.603848
0.602773
0.601734
0.604256
0.602090
0.603723
0.604249
0.605767
0.604499
0.602096
0.603842
0.601543
0.605762
0.604253
0.602221
0.604897
0.604393
0.606416
0.604556
0.602945
0.605826
0.603384
0.604507
0.602332
0.604876
0.602639
0.603969
0.604178
0.603617
0.603635
0.603989
0.605704
0.604927
0.602865
0.604591
0.605124
0.606931
0.605525
0.607482
0.605819
0.604585
0.604217
0.605204
0.604202
0.605928
0.606774
0.606169
0.606770
0.605919
0.605966
0.604745
0.603473
0.604329
0.603709
0.603441
0.604622
0.606989
0.606715
0.606258
0.605488
0.605927
0.603230
0.604903
0.605487
0.607269
0.606455
0.605480
0.607165
0.608101
0.607755
0.607691
0.608972
0.606183
0.606804
0.607331
0.607066
0.606430
0.606881
0.605690
0.609103
0.606026
0.607528
0.605594
0.606327
0.607288
0.605462
0.606901
0.608135
0.604347
0.607597
0.604494
0.605280
0.605902
0.603199
0.605542
0.608328
0.607310
0.605016
0.607095
0.608448
0.606401
0.607098
0.604757
0.607798
0.605784
0.604261
0.604859
0.606418
0.606219
0.606213
0.606815
0.606405
0.607304
0.606239
0.606575
0.608853
0.607779
0.609120
0.607082
0.607824
0.609427
0.607156
0.608202
0.609688
0.608755
0.609327
0.606601
0.608000
0.609212
0.608970
0.607302
0.609195
0.607040
0.608019
0.609124
0.608913
0.608492
0.606538
0.605717
0.609311
0.607327
0.606223
0.609214
0.607586
0.608763
0.609501
0.608434
0.610227
0.610001
0.609343
0.609672
0.608133
0.608681
0.607312
0.608215
0.609592
0.608214
0.608270
0.608679
0.608411
0.609060
0.607691
0.608215
0.608631
0.608058
0.608152
0.606920
0.608317
0.610563
0.609096
0.610478
0.609883
0.610269
0.610883
0.608944
0.610244
0.610371
0.609389
0.608825
0.609688
0.611504
0.610012
0.610169
0.609767
0.610901
0.610533
0.610022
0.611640
0.612076
0.612058
0.611733
0.609593
0.611448
0.609030
0.610336
0.610089
0.608999
0.608680
0.611255
0.610868
0.609261
0.611427
0.611159
0.611635
0.610591
0.610841
0.609658
0.610568
0.612811
0.611299
0.610133
0.611626
0.611901
0.610086
0.610182
0.611360
0.609797
0.611751
0.612217
0.611179
0.612984
0.611842
0.611420
0.608488
0.609553
0.611561
0.611297
0.611514
0.611852
0.614013
0.613267
0.612703
0.613591
0.613266
0.611466
0.613647
0.612045
0.611223
0.609866
0.613316
0.611203
0.614977
0.612871
0.614174
0.611833
0.612988
0.612940
0.612268
0.610688
0.612994
0.610815
0.611912
0.612401
0.610631
0.613009
0.613903
0.611864
0.612274
0.612994
0.610630
0.611106
0.611161
0.610104
0.611432
0.613205
0.613042
0.612060
0.612872
0.612823
0.612597
0.613032
0.613712
0.614424
0.612537
0.612705
0.615200
0.614324
0.614763
0.614204
0.612202
0.613126
0.612440
0.612808
0.612270
0.612432
0.615951
0.611941
0.615481
0.612499
0.614159
0.614343
0.613828
0.612561
0.614222
0.614793
0.614650
0.614208
0.615172
0.614600
0.614946
0.615699
0.613103
0.615347
0.615923
0.616156
0.614919
0.613611
0.616369
0.615673
0.614951
0.615088
0.613897
0.615114
0.613966
0.614392
0.616275
0.615576
0.615735
0.615925
0.616346
0.614674
0.616015
0.615612
0.615880
0.615694
0.615389
0.614423
0.612736
0.614493
0.615341
0.613067
0.617070
0.616885
0.615625
0.617751
0.614088
0.615280
0.612654
0.616598
0.616995
0.615086
0.614760
0.613866
0.614693
0.616755
0.616395
0.615686
0.616061
0.615630
0.616465
0.617252
0.617579
0.618104
0.618100
0.616040
0.615194
0.617697
0.616975
0.618260
0.616711
0.617561
0.618503
0.617102
0.615862
0.617956
0.618180
0.616795
0.616978
0.618053
0.617956
0.618095
0.617219
0.619625
0.617476
0.620270
0.618762
0.617878
0.619026
0.619030
0.618340
0.615662
0.615446
0.618464
0.615923
0.618568
0.618743
0.617875
0.619422
0.618032
0.620260
0.616383
0.618699
0.618077
0.617362
0.617342
0.616747
0.616250
0.618118
0.618438
0.619144
0.618121
0.619043
0.618218
0.620341
0.618687
0.619942
0.619272
0.617466
0.618447
0.618652
0.617906
0.618946
0.621039
0.620468
0.620492
0.619754
0.619313
0.618360
0.619671
0.619352
0.619759
0.620237
0.621109
0.621609
0.619666
0.619126
0.620676
0.617632
0.620343
0.620357
0.619737
0.619435
0.619460
0.617586
0.617351
0.618883
0.618249
0.617663
0.618747
0.619851
0.619881
0.619267
0.619630
0.620808
0.620599
0.619282
0.619053
0.618697
0.621448
0.620362
0.618836
0.619602
0.621739
0.621031
0.621507
0.621183
0.622304
0.620641
0.621895
0.622530
0.619458
0.621183
0.619705
0.621414
0.621330
0.621193
0.621959
0.621893
0.621510
0.622778
0.621210
0.620182
0.620964
0.622158
0.622152
0.620026
0.622480
0.620670
0.620531
0.621504
0.621861
0.620841
0.619289
0.619805
0.621678
0.621051
0.623367
0.621480
0.623912
0.624892
0.624259
0.621887
0.621337
0.622391
0.621167
0.622821
0.619911
0.619222
0.622115
0.622534
0.622208
0.623527
0.622770
0.621843
0.622762
0.621677
0.622029
0.622745
0.622954
0.622232
0.622879
0.622950
0.623839
0.622989
0.622057
0.621220
0.622555
0.621631
0.620934
0.623214
0.623395
0.623418
0.624059
0.622976
0.621979
0.624916
0.625143
0.621570
0.622991
0.621622
0.624045
0.623155
0.624754
0.624033
0.624080
0.624615
0.623796
0.622708
0.623004
0.624153
0.625284
0.624313
0.624769
0.623644
0.625334
0.624140
0.625834
0.624778
0.624745
0.625684
0.624548
0.626183
0.624654
0.626180
0.626430
0.628772
0.624547
0.624550
0.625389
0.625289
0.625041
0.622505
0.624015
0.624849
0.626317
0.624701
0.624312
0.624215
0.622589
0.623799
0.622814
0.625476
0.624901
0.624526
0.624952
0.623434
0.623350
0.622536
0.624085
0.623616
0.622458
0.624788
0.624012
0.624572
0.623647
0.625371
0.625636
0.625430
0.625213
0.624992
0.626370
0.624726
0.626463
0.627137
0.626560
0.627070
0.627073
0.626472
0.625384
0.626611
0.627385
0.625959
0.626496
0.629383
0.627571
0.626986
0.627742
0.628146
0.624454
0.626805
0.624978
0.626821
0.627669
0.624607
0.627063
0.628121
0.626805
0.626361
0.628250
0.628076
0.626962
0.626837
0.625865
0.627053
0.627338
0.627411
0.625932
0.628197
0.627498
0.628008
0.627031
0.626259
0.627036
0.627280
0.628159
0.626620
0.628926
0.627062
0.627938
0.628221
0.626948
0.628582
0.627596
0.629138
0.629985
0.630869
0.625198
0.626539
0.627768
0.627075
0.627053
0.627448
0.629097
0.628196
0.629185
0.629198
0.629887
0.628707
0.629056
0.629335
0.627369
0.626706
0.627482
0.613960
0.604604
0.606302
0.600354
0.602439
0.601143
0.602389
0.602337
0.603729
0.602604
0.603284
0.604475
0.605031
0.605994
0.602182
0.603324
0.601290
0.603647
0.604462
0.604671
0.603213
0.603171
0.603054
0.605677
0.603595
0.603556
0.603175
0.601692
0.602980
0.602479
0.603134
0.604236
0.604046
0.601851
0.602941
0.602468
0.603456
0.605726
0.603078
0.603586
0.603789
0.604931
0.605652
0.607050
0.606089
0.607488
0.606251
0.605468
0.605572
0.605526
0.605054
0.604786
0.605913
0.605980
0.604908
0.604936
0.606372
0.605236
0.602128
0.603320
0.603229
0.605458
0.604857
0.604965
0.605630
0.607435
0.605772
0.606122
0.603404
0.605834
0.606151
0.605478
0.607813
0.607667
0.605132
0.606941
0.605990
0.607186
0.606777
0.607896
0.608545
0.608256
0.608624
0.608456
0.608368
0.607369
0.608622
0.606563
0.607213
0.605126
0.608184
0.607200
0.607723
0.606851
0.605898
0.604993
0.606302
0.605693
0.603586
0.603064
0.604631
0.603392
0.605284
0.605001
0.605881
0.606562
0.607348
0.604493
0.607067
0.603737
0.607316
0.608216
0.607099
0.606075
0.605820
0.604306
0.605585
0.605363
0.606498
0.606922
0.606985
0.607359
0.607165
0.608829
0.607677
0.607582
0.606006
0.606572
0.608080
0.607884
0.609388
0.607557
0.609385
0.608835
0.607836
0.607386
0.607104
0.607315
0.609081
0.605757
0.607013
0.607102
0.608495
0.609015
0.607047
0.608263
0.606893
0.609520
0.609493
0.609768
Pass 3: Computing changesets...
Done!
pass_3 time = 384.3006806373596
[run_ginex.py] pass_3 time = 384.30091381073
[run_ginex.py] sb_sample time = 719.25705742836
Step 1: Done
inspect_time = 791330.75
Step 2: Switch
Step 2: Done
Step 3: Main Loop
0
sampling:  0.11535999923944473
gather:  276.8836975097656
cache:  35.819679260253906
transfer:  267.50244140625
forward:  448.3199157714844
backward:  193.6486358642578
free:  56.762847900390625
1000
sampling:  0.15398399531841278
gather:  155.96231079101562
cache:  19.633216857910156
transfer:  44.514015197753906
forward:  2.9770560264587402
backward:  1.847264051437378
free:  12.356767654418945
2000
sampling:  0.10374400019645691
gather:  116.4936294555664
cache:  10.303263664245605
transfer:  40.83107376098633
forward:  3.017632007598877
backward:  1.9425599575042725
free:  12.501376152038574
3000
sampling:  0.1125440001487732
gather:  99.8511962890625
cache:  9.208352088928223
transfer:  39.88905715942383
forward:  2.9942400455474854
backward:  1.8637440204620361
free:  11.444704055786133
4000
sampling:  0.1302720010280609
gather:  118.06639862060547
cache:  10.225279808044434
transfer:  42.171295166015625
forward:  3.0148799419403076
backward:  1.866752028465271
free:  11.564384460449219
5000
sampling:  0.11827199906110764
gather:  105.53584289550781
cache:  13.604928016662598
transfer:  40.09324645996094
forward:  2.9796159267425537
backward:  1.9066879749298096
free:  11.33340835571289
6000
sampling:  0.12720000743865967
gather:  122.10297393798828
cache:  10.026144027709961
transfer:  43.71433639526367
forward:  3.0125439167022705
backward:  1.8647040128707886
free:  11.575872421264648
7000
sampling:  0.08662399649620056
gather:  102.49533081054688
cache:  8.120415687561035
transfer:  41.00143814086914
forward:  3.1835200786590576
backward:  1.9865599870681763
free:  13.422176361083984
8000
sampling:  0.19011199474334717
gather:  132.4550018310547
cache:  10.732831954956055
transfer:  46.940128326416016
forward:  2.990112066268921
backward:  1.8688000440597534
free:  11.663616180419922
Step 3: Done
=========================== Total Stat ===========================
dataset: ogbn_products_extended, sb-size: 8800, batch-size: 1000, nc-size: 45.0GB, fc-size: 50.0GB, zstd: False, khop: 1
Part 1: sb_sample_times pass_1_and_2_times pass_3_times
695.0078
719.2571
46.1148
384.3009
==================================================================
Part 2: inspect_time switch_time sampling_time gather_time cache_time transfer_time forward_time backward_time free_time
791.3307
82.7972
1.1538
1023.2329
89.9870
376.3322
27.0773
16.8840
103.4809
==================================================================
Current superbatch ended
Epoch 00, Loss: 0.0003, Approx. Train: 0.3992
Epoch time: 3251711.7550 ms
