Preparing dataset...
Done!

==============================
Running Epoch 0...
Running 0th superbatch of total 3 superbatches
Step 1: Superbatch Sample
[run_ginex.py] sb_sample time = 694.2478582859039
Step 1: Done
inspect_time = 711839.0625
Running 1th superbatch of total 3 superbatches
Step 1: Superbatch Sample
Loading ids...
Done!
Pass 1: calculating frequency and initial cache indices...
Done!
Pass 2: making two key data structures (iterptr & iters)...
Done!
pass_1_and_2 time = 58.648303747177124
[run_ginex.py] pass_1_and_2 time = 58.64838242530823
Pass 3: Computing changesets...
Done!
pass_3 time = 89.8293309211731
[run_ginex.py] pass_3 time = 89.82972455024719
[run_ginex.py] sb_sample time = 725.874324798584
Step 1: Done
inspect_time = 811584.0
Step 2: Switch
Step 2: Done
Step 3: Main Loop
0
sampling:  0.08972799777984619
gather:  259.21429443359375
cache:  0.037567999213933945
transfer:  206.1367950439453
forward:  258.9689636230469
backward:  192.932861328125
free:  5.067327976226807
1000
sampling:  0.4628799855709076
gather:  127.05165100097656
cache:  0.023615999147295952
transfer:  46.28617477416992
forward:  3.007904052734375
backward:  1.861631989479065
free:  0.211776003241539
2000
sampling:  0.12144000083208084
gather:  114.866943359375
cache:  0.044256001710891724
transfer:  44.18627166748047
forward:  3.0074241161346436
backward:  1.8995200395584106
free:  0.19948799908161163
3000
sampling:  0.3521600067615509
gather:  104.99366760253906
cache:  0.0289280004799366
transfer:  44.50950241088867
forward:  2.998687982559204
backward:  1.8596160411834717
free:  0.19948799908161163
4000
sampling:  0.10262399911880493
gather:  100.3587875366211
cache:  0.020576000213623047
transfer:  42.920223236083984
forward:  3.0034561157226562
backward:  1.9026240110397339
free:  0.19500799477100372
5000
sampling:  0.10822399705648422
gather:  104.35897827148438
cache:  0.05503999814391136
transfer:  44.965152740478516
forward:  2.982912063598633
backward:  1.8626879453659058
free:  0.20287999510765076
6000
sampling:  0.14399999380111694
gather:  128.54013061523438
cache:  0.03497600182890892
transfer:  44.770721435546875
forward:  3.0045759677886963
backward:  1.8206720352172852
free:  0.2287680059671402
7000
sampling:  0.15119999647140503
gather:  110.75247955322266
cache:  0.044544000178575516
transfer:  45.46003341674805
forward:  3.001823902130127
backward:  1.8176000118255615
free:  0.21782399713993073
8000
sampling:  0.1839040070772171
gather:  104.31059265136719
cache:  0.052960000932216644
transfer:  45.94044876098633
forward:  2.9983999729156494
backward:  1.8636800050735474
free:  0.2083519995212555
Step 3: Done
=========================== Total Stat ===========================
dataset: ogbn_products_extended, sb-size: 8800, batch-size: 1000, nc-size: 45.0GB, fc-size: 50.0GB, zstd: False, khop: 32
Part 1: sb_sample_times pass_1_and_2_times pass_3_times
694.2
725.9
58.6
89.8
==================================================================
Part 2: inspect_time switch_time sampling_time gather_time cache_time transfer_time forward_time backward_time free_time
811.5840
75.6423
3.6340
1037.9174
64.4902
402.3738
26.8428
16.8875
145.8271
==================================================================
Current superbatch ended
Epoch 00, Loss: 0.0003, Approx. Train: 0.3992
Epoch time: 3316753.7246 ms
