Preparing dataset...
Done!

==============================
Running Epoch 0...
Running 0th superbatch of total 3 superbatches
Step 1: Superbatch Sample
[run_ginex.py] sb_sample time = 696.4011654853821
Step 1: Done
inspect_time = 713820.625
Running 1th superbatch of total 3 superbatches
Step 1: Superbatch Sample
Loading ids...
Done!
Pass 1: calculating frequency and initial cache indices...
Done!
Pass 2: making two key data structures (iterptr & iters)...
Done!
pass_1_and_2 time = 100.06878709793091
[run_ginex.py] pass_1_and_2 time = 100.0688579082489
1.000000
1.000000
1.000000
1.000000
1.000000
1.000000
1.000000
1.000000
1.000000
1.000000
1.000000
1.000000
1.000000
1.000000
1.000000
1.000000
1.000000
1.000000
1.000000
1.000000
1.000000
1.000000
1.000000
1.000000
1.000000
1.000000
1.000000
1.000000
1.000000
1.000000
1.000000
1.000000
1.000000
1.000000
1.000000
1.000000
1.000000
1.000000
1.000000
1.000000
1.000000
1.000000
1.000000
1.000000
1.000000
1.000000
1.000000
1.000000
1.000000
1.000000
1.000000
1.000000
1.000000
1.000000
1.000000
1.000000
1.000000
1.000000
1.000000
1.000000
1.000000
1.000000
1.000000
1.000000
1.000000
1.000000
1.000000
1.000000
1.000000
1.000000
1.000000
1.000000
1.000000
1.000000
1.000000
1.000000
1.000000
1.000000
1.000000
1.000000
1.000000
1.000000
1.000000
1.000000
1.000000
1.000000
1.000000
1.000000
1.000000
1.000000
1.000000
1.000000
1.000000
1.000000
1.000000
1.000000
1.000000
1.000000
1.000000
1.000000
1.000000
1.000000
1.000000
1.000000
1.000000
1.000000
1.000000
1.000000
1.000000
1.000000
1.000000
1.000000
1.000000
1.000000
1.000000
1.000000
1.000000
1.000000
1.000000
1.000000
1.000000
1.000000
1.000000
1.000000
1.000000
1.000000
1.000000
1.000000
0.655453
0.653243
0.654871
0.650564
0.647719
0.653041
0.655244
0.652317
0.654025
0.657298
0.651299
0.651604
0.656672
0.651098
0.649649
0.651080
0.652322
0.652120
0.654504
0.652161
0.654265
0.656865
0.653339
0.649091
0.652331
0.654302
0.653915
0.653276
0.650405
0.654856
0.655432
0.653629
0.651480
0.652219
0.652359
0.649308
0.656955
0.651909
0.654123
0.650497
0.650842
0.652865
0.656161
0.650791
0.652383
0.649625
0.650582
0.650795
0.650185
0.652340
0.650729
0.654697
0.651784
0.652281
0.650158
0.648323
0.651532
0.650476
0.651427
0.647634
0.651714
0.652746
0.650468
0.651951
0.651374
0.648317
0.657048
0.649635
0.647247
0.646196
0.653902
0.650172
0.650866
0.653973
0.652962
0.652264
0.653580
0.651097
0.649549
0.645496
0.653083
0.654450
0.654860
0.650331
0.652240
0.650632
0.650537
0.651239
0.649356
0.653448
0.651104
0.653238
0.653005
0.655981
0.649586
0.656508
0.651806
0.650072
0.655603
0.646063
0.650872
0.654572
0.651985
0.655518
0.650295
0.653456
0.652130
0.651826
0.647070
0.656211
0.650962
0.655993
0.651856
0.656421
0.654468
0.655701
0.651568
0.655060
0.647710
0.650338
0.652083
0.652867
0.654622
0.653154
0.652108
0.653049
0.653459
0.652980
0.326949
0.326891
0.327696
0.328085
0.327947
0.327099
0.326915
0.327816
0.327358
0.328543
0.328318
0.327428
0.328726
0.327924
0.329088
0.327377
0.327247
0.328185
0.328725
0.327098
0.328611
0.328436
0.327984
0.327414
0.328031
0.327371
0.327806
0.327215
0.328374
0.327498
0.329143
0.327905
0.328319
0.328730
0.327223
0.327292
0.327290
0.327622
0.327624
0.328377
0.328671
0.328824
0.328520
0.326681
0.327694
0.326963
0.327713
0.328994
0.328420
0.328752
0.327629
0.327752
0.329654
0.326934
0.326975
0.327986
0.327112
0.326386
0.328665
0.327093
0.327768
0.328773
0.328237
0.328182
0.326087
0.328562
0.327717
0.328067
0.326747
0.328327
0.328309
0.328666
0.326784
0.326858
0.328030
0.328144
0.328091
0.327604
0.326460
0.327021
0.327956
0.326889
0.327491
0.326926
0.326790
0.327367
0.326929
0.326603
0.326691
0.327709
0.326370
0.327509
0.327253
0.326902
0.326710
0.325358
0.327769
0.326102
0.327311
0.326696
0.327686
0.327191
0.327187
0.326243
0.327702
0.327869
0.326884
0.327035
0.325871
0.328478
0.325448
0.326180
0.325884
0.325602
0.326650
0.328152
0.325646
0.327524
0.325490
0.326574
0.326517
0.326828
0.328181
0.325496
0.327127
0.326607
0.327346
0.326983
0.436160
0.436523
0.436281
0.435550
0.434372
0.433613
0.434895
0.433160
0.435807
0.435102
0.436232
0.435924
0.436161
0.434221
0.434628
0.435846
0.435038
0.436634
0.435838
0.435990
0.435285
0.436460
0.434168
0.434168
0.436262
0.436081
0.435703
0.436633
0.436387
0.435518
0.433239
0.433469
0.436614
0.435820
0.433069
0.436460
0.433806
0.434751
0.436819
0.438088
0.437085
0.434707
0.434985
0.438145
0.436079
0.436589
0.436453
0.435325
0.434699
0.437487
0.436850
0.435802
0.435581
0.434946
0.435344
0.434551
0.435765
0.434609
0.435620
0.434430
0.434003
0.434742
0.435499
0.434555
0.433420
0.433853
0.435748
0.435952
0.434800
0.435041
0.436393
0.433584
0.436271
0.435548
0.434591
0.435400
0.434988
0.434905
0.436789
0.435932
0.434699
0.434982
0.433517
0.434141
0.434059
0.435263
0.433584
0.435557
0.434525
0.434129
0.435348
0.435410
0.435095
0.434548
0.432833
0.433345
0.433491
0.435024
0.434579
0.435804
0.436133
0.433837
0.432692
0.435665
0.434587
0.433040
0.435909
0.433348
0.435268
0.433332
0.434882
0.435707
0.435076
0.435152
0.435168
0.433585
0.434082
0.434115
0.434104
0.433279
0.436496
0.436114
0.432922
0.436205
0.433232
0.435192
0.434395
0.434431
0.521958
0.522035
0.520722
0.522521
0.523239
0.523381
0.521623
0.519734
0.521263
0.520715
0.521678
0.521432
0.521648
0.521300
0.521373
0.520178
0.519999
0.521689
0.522596
0.520164
0.520016
0.524343
0.522143
0.520747
0.521905
0.520280
0.521578
0.521890
0.520534
0.521047
0.522682
0.521696
0.521168
0.522720
0.521089
0.520288
0.522393
0.523279
0.521151
0.522184
0.521032
0.520521
0.522228
0.521860
0.522191
0.521280
0.523169
0.522124
0.521641
0.521290
0.522314
0.521259
0.519617
0.523373
0.520573
0.520161
0.521514
0.520996
0.520025
0.522735
0.521380
0.521370
0.521348
0.522288
0.521777
0.522553
0.521693
0.521337
0.523945
0.522471
0.521801
0.523147
0.520137
0.521860
0.521663
0.523320
0.521229
0.522218
0.521071
0.520794
0.520791
0.521312
0.521857
0.520008
0.522090
0.521982
0.521657
0.522021
0.520710
0.522238
0.522565
0.521093
0.521849
0.521215
0.523330
0.521508
0.522109
0.521912
0.523702
0.522647
0.519056
0.520746
0.521531
0.523438
0.519292
0.522006
0.520432
0.521383
0.520167
0.521658
0.523453
0.521935
0.522753
0.522742
0.520393
0.520118
0.522852
0.522554
0.522338
0.520762
0.521500
0.520335
0.521626
0.522761
0.522104
0.522016
0.521994
0.521815
0.593334
0.593314
0.590613
0.592305
0.590453
0.590757
0.592900
0.591054
0.592650
0.591966
0.590552
0.592216
0.592102
0.592184
0.592276
0.592656
0.591888
0.592771
0.592116
0.593069
0.591559
0.591905
0.594524
0.591013
0.590712
0.593371
0.592321
0.592706
0.591224
0.593016
0.591388
0.591436
0.591074
0.592843
0.592015
0.590653
0.590995
0.591400
0.590566
0.591077
0.591622
0.591690
0.592548
0.592233
0.591558
0.591253
0.593926
0.592402
0.590715
0.591337
0.591367
0.593676
0.588816
0.592648
0.592413
0.593290
0.592368
0.591181
0.591419
0.590814
0.593555
0.591396
0.593497
0.591440
0.591659
0.592216
0.590991
0.589818
0.593541
0.592757
0.592883
0.593792
0.592566
0.592161
0.594733
0.593260
0.593439
0.593028
0.594392
0.594329
0.593133
0.592773
0.593457
0.592815
0.592807
0.593290
0.592190
0.593077
0.592705
0.594168
0.593085
0.592176
0.593214
0.591278
0.593104
0.592627
0.593880
0.591709
0.593239
0.593568
0.591219
0.592745
0.593326
0.593512
0.593814
0.593562
0.591191
0.592676
0.593183
0.592544
0.593103
0.591821
0.592123
0.592769
0.593729
0.593564
0.594787
0.593210
0.592823
0.593433
0.590961
0.592381
0.591666
0.592554
0.594098
0.592584
0.593237
0.591515
0.652321
0.651184
0.651101
0.651478
0.648668
0.649166
0.651192
0.649099
0.651757
0.650548
0.650824
0.650929
0.650431
0.651806
0.650751
0.649845
0.649590
0.651117
0.650312
0.651175
0.650168
0.649227
0.651493
0.650237
0.649536
0.650363
0.651288
0.650715
0.650282
0.650245
0.651241
0.649754
0.650359
0.649719
0.649916
0.649755
0.649756
0.648170
0.650649
0.648643
0.650445
0.649922
0.650810
0.649229
0.649777
0.650257
0.650546
0.648956
0.650326
0.650243
0.652320
0.648831
0.649550
0.649797
0.650060
0.649327
0.650644
0.650554
0.651107
0.650295
0.649923
0.650068
0.649635
0.649236
0.650757
0.649368
0.652992
0.648610
0.650428
0.651596
0.650644
0.650409
0.649755
0.651345
0.650004
0.652136
0.651561
0.648952
0.651256
0.653699
0.650411
0.651788
0.650353
0.652784
0.651389
0.651751
0.650537
0.650965
0.651392
0.650916
0.653829
0.651188
0.650751
0.650050
0.651947
0.651030
0.651131
0.652498
0.651677
0.653896
0.652838
0.651749
0.650620
0.652829
0.651257
0.652432
0.651272
0.651468
0.653368
0.652975
0.653458
0.650086
0.651784
0.653608
0.652816
0.650866
0.650911
0.651623
0.651505
0.651201
0.652637
0.652412
0.652181
0.652339
0.652385
0.653017
0.652387
0.652716
0.655636
0.654637
0.654826
0.653102
0.653311
0.652076
0.655136
0.654052
0.654769
0.654234
0.653833
0.653622
0.655019
0.654838
0.653575
0.653685
0.656227
0.655102
0.653730
0.654958
0.653338
0.656007
0.654493
0.655948
0.652263
0.652240
0.655338
0.654017
0.651794
0.655186
0.655320
0.654207
0.653217
0.654801
0.652183
0.651734
0.652495
0.652346
0.652191
0.653334
0.653372
0.652375
0.655080
0.654025
0.654611
0.653024
0.651152
0.650663
0.654159
0.654037
0.653952
0.651830
0.653092
0.653063
0.653044
0.652492
0.653315
0.654233
0.652928
0.653989
0.655201
0.652402
0.654049
0.654454
0.654791
0.654155
0.655124
0.655474
0.655451
0.654058
0.655358
0.654344
0.654293
0.653755
0.655645
0.656318
0.654532
0.656408
0.654975
0.655477
0.656203
0.654049
0.655147
0.655437
0.654995
0.655613
0.654784
0.654063
0.655894
0.657467
0.655935
0.655990
0.656163
0.656029
0.656737
0.654657
0.655853
0.655954
0.653224
0.656542
0.656491
0.657651
0.655111
0.654312
0.656681
0.656198
0.656035
0.656005
0.656495
0.654880
0.656146
0.657488
0.657102
0.655319
0.656194
0.655255
0.655431
0.656444
0.655645
0.656120
0.654446
0.655486
0.654613
0.657589
0.655062
0.654669
0.655655
0.658142
0.521737
0.521248
0.519461
0.522404
0.519911
0.520957
0.521709
0.520980
0.521177
0.521031
0.519790
0.521932
0.523713
0.520471
0.521059
0.521904
0.520665
0.521546
0.521046
0.522335
0.521521
0.521970
0.522519
0.519992
0.523047
0.519975
0.522881
0.521618
0.521052
0.523545
0.520070
0.522062
0.521668
0.520581
0.521791
0.518781
0.520399
0.521459
0.520574
0.522364
0.519717
0.520368
0.520667
0.520178
0.522683
0.522433
0.520860
0.518341
0.522190
0.522220
0.521521
0.522685
0.520666
0.522583
0.519066
0.521607
0.520951
0.520590
0.522105
0.521949
0.521431
0.522631
0.521325
0.520541
0.521843
0.519884
0.522939
0.519357
0.522439
0.521503
0.523090
0.519652
0.521366
0.522305
0.520963
0.520482
0.519366
0.521096
0.522905
0.522282
0.519888
0.522966
0.520337
0.521587
0.520146
0.522289
0.521720
0.522235
0.523040
0.521682
0.521424
0.521802
0.520337
0.520577
0.521105
0.523143
0.523146
0.522371
0.521533
0.522710
0.523817
0.521888
0.520593
0.521100
0.519984
0.522245
0.521672
0.523073
0.522278
0.521344
0.522298
0.521258
0.521662
0.521625
0.522166
0.520746
0.522126
0.520860
0.522164
0.523326
0.520983
0.521788
0.521833
0.522071
0.523101
0.521350
0.520616
0.521517
0.522195
0.519815
0.520328
0.520190
0.521213
0.522309
0.521555
0.522184
0.520133
0.520502
0.521448
0.523735
0.520703
0.523076
0.520640
0.523091
0.522443
0.523203
0.522414
0.521982
0.521241
0.521082
0.520721
0.522830
0.521354
0.521333
0.519974
0.522476
0.521294
0.521997
0.519764
0.521629
0.521263
0.522339
0.522152
0.523874
0.519409
0.520163
0.521015
0.521116
0.518881
0.522140
0.520841
0.520787
0.520036
0.518563
0.519844
0.521424
0.521455
0.519972
0.520838
0.521513
0.520917
0.522958
0.520624
0.522075
0.522106
0.521869
0.520502
0.522856
0.521931
0.520883
0.522352
0.521169
0.521278
0.520826
0.521948
0.521468
0.523167
0.519952
0.521914
0.521636
0.521287
0.521257
0.521283
0.521907
0.522115
0.522522
0.522236
0.522544
0.520465
0.521524
0.520430
0.521401
0.521389
0.519946
0.521631
0.521119
0.522366
0.522987
0.521023
0.521561
0.521967
0.519787
0.520666
0.521073
0.522894
0.521988
0.520588
0.520021
0.521768
0.522181
0.521356
0.521279
0.521193
0.522271
0.522550
0.522520
0.522134
0.520946
0.522215
0.521114
0.522488
0.521259
0.522316
0.521632
0.522545
0.522531
0.522139
0.521875
0.521827
0.521618
0.521214
0.522878
0.521371
0.521562
0.522042
0.521990
0.593594
0.592723
0.590950
0.593104
0.594701
0.593060
0.590911
0.590110
0.591833
0.590917
0.592796
0.591890
0.592539
0.591200
0.591977
0.592528
0.592862
0.592471
0.590944
0.592878
0.591330
0.593046
0.591277
0.590957
0.594133
0.591256
0.592517
0.593150
0.593041
0.592709
0.592315
0.591919
0.591600
0.588586
0.592175
0.590744
0.592116
0.591665
0.590271
0.592341
0.592256
0.590072
0.592167
0.591273
0.593375
0.590999
0.591509
0.590909
0.592713
0.590303
0.592131
0.590331
0.592056
0.591521
0.590267
0.592329
0.590681
0.591849
0.592221
0.592135
0.592006
0.593048
0.593439
0.593431
0.591245
0.591760
0.593719
0.593870
0.592816
0.592630
0.593787
0.592353
0.593320
0.590787
0.593793
0.592811
0.591970
0.590372
0.592435
0.591969
0.593280
0.592786
0.593502
0.593909
0.592862
0.592106
0.593027
0.593792
0.591582
0.592301
0.593455
0.593223
0.591891
0.592037
0.593565
0.592692
0.593215
0.593313
0.591382
0.592007
0.593957
0.594010
0.591253
0.594658
0.594154
0.593195
0.593022
0.593411
0.595414
0.593095
0.593539
0.593103
0.593122
0.594793
0.594867
0.592213
0.591211
0.593982
0.594609
0.593927
0.594048
0.594194
0.593030
0.595768
0.593732
0.593940
0.591398
0.592095
0.593828
0.592866
0.593522
0.592388
0.591867
0.593970
0.591758
0.593372
0.592814
0.592784
0.593671
0.592867
0.592455
0.588793
0.593071
0.592801
0.590982
0.590986
0.589887
0.593308
0.589856
0.591053
0.591867
0.591717
0.591821
0.593414
0.590540
0.591369
0.591830
0.592631
0.592902
0.592993
0.591492
0.592435
0.593135
0.592053
0.590344
0.593086
0.592230
0.591480
0.591470
0.592414
0.590816
0.592291
0.590971
0.593836
0.592964
0.590239
0.592864
0.591221
0.591293
0.590864
0.591821
0.590954
0.591195
0.591702
0.590600
0.592006
0.592837
0.592119
0.593184
0.592047
0.593095
0.592195
0.591810
0.591480
0.592558
0.592044
0.592486
0.593013
0.592096
0.591200
0.593087
0.592500
0.592292
0.594138
0.592414
0.593194
0.593163
0.593249
0.592950
0.593381
0.592308
0.591986
0.590773
0.591322
0.594284
0.592846
0.593001
0.593172
0.594807
0.592813
0.594032
0.594019
0.592483
0.594028
0.592554
0.594952
0.592818
0.591515
0.593223
0.592967
0.593660
0.593268
0.592224
0.593522
0.593400
0.592042
0.592374
0.594528
0.593332
0.593421
0.592966
0.593707
0.593755
0.592529
0.593603
0.594324
0.593675
0.593827
0.594099
0.593194
0.594162
0.591601
0.592792
0.592274
0.592337
0.592060
0.651605
0.648507
0.650866
0.651253
0.651337
0.651342
0.651254
0.650540
0.651227
0.649716
0.651319
0.650883
0.649705
0.651918
0.651654
0.650493
0.650268
0.651707
0.648829
0.650469
0.649729
0.650934
0.649241
0.649194
0.649863
0.650969
0.648159
0.651792
0.648915
0.650528
0.649762
0.650294
0.649395
0.651076
0.648449
0.649391
0.649105
0.649926
0.649401
0.649273
0.649102
0.651108
0.649641
0.648813
0.649561
0.649461
0.648008
0.648918
0.647759
0.647249
0.647435
0.650190
0.649928
0.649100
0.647831
0.648294
0.648173
0.651492
0.651753
0.650724
0.651326
0.651190
0.648332
0.649808
0.649554
0.649893
0.651761
0.650215
0.648436
0.650202
0.650018
0.651867
0.652531
0.650405
0.652278
0.652438
0.652366
0.651830
0.650669
0.651736
0.652415
0.652318
0.650452
0.651155
0.652428
0.651099
0.649382
0.650824
0.651205
0.650641
0.651175
0.654095
0.651774
0.650825
0.650877
0.650699
0.651711
0.652529
0.651888
0.653413
0.653704
0.651818
0.651728
0.651736
0.653300
0.650329
0.654069
0.653615
0.652960
0.650113
0.652900
0.651984
0.653620
0.651993
0.650310
0.650390
0.652345
0.652600
0.652956
0.653265
0.652008
0.653110
0.652232
0.652495
0.653072
0.652548
0.652454
0.653829
0.585224
0.586364
0.584630
0.584920
0.585673
0.584156
0.583291
0.585835
0.585045
0.583936
0.584390
0.586055
0.582663
0.584850
0.584080
0.583857
0.584613
0.584869
0.581853
0.584900
0.584170
0.583590
0.584054
0.583106
0.582780
0.582732
0.583368
0.583344
0.582039
0.581254
0.583462
0.583996
0.582999
0.584686
0.582931
0.584130
0.583388
0.583560
0.582971
0.583533
0.584102
0.585731
0.582932
0.584290
0.583997
0.584093
0.584170
0.582917
0.582543
0.580696
0.584688
0.584063
0.582979
0.583445
0.582832
0.584319
0.583274
0.582698
0.581946
0.583738
0.584681
0.583564
0.585574
0.586508
0.585195
0.584995
0.585255
0.583600
0.584764
0.585015
0.585099
0.583966
0.585783
0.583400
0.584520
0.582855
0.584943
0.585136
0.584358
0.584495
0.584046
0.583362
0.584830
0.585195
0.585179
0.585106
0.584374
0.584858
0.585219
0.582870
0.584530
0.585473
0.582075
0.584920
0.584113
0.584923
0.584833
0.583728
0.582351
0.584930
0.585064
0.586846
0.585520
0.583073
0.583770
0.584960
0.585204
0.585044
0.586333
0.583559
0.586030
0.584447
0.585004
0.585185
0.585124
0.583451
0.585177
0.584978
0.585324
0.585109
0.583907
0.585263
0.583472
0.584754
0.584886
0.584832
0.586150
0.585491
0.521614
0.522285
0.520600
0.519134
0.521967
0.521587
0.522132
0.520790
0.522310
0.521367
0.521215
0.522387
0.522179
0.520311
0.523264
0.521711
0.522617
0.522241
0.522491
0.521542
0.520502
0.520496
0.521313
0.520503
0.522077
0.521355
0.521921
0.519918
0.521833
0.520855
0.521260
0.522654
0.521483
0.521859
0.521447
0.520368
0.522090
0.520387
0.520300
0.519194
0.520824
0.520514
0.521218
0.520859
0.520395
0.521602
0.522602
0.521452
0.522915
0.522239
0.520099
0.520069
0.519537
0.520707
0.521194
0.520906
0.522571
0.522032
0.521841
0.521808
0.522832
0.521163
0.520008
0.523134
0.522426
0.520392
0.521254
0.520938
0.520335
0.521258
0.522237
0.521171
0.521765
0.522395
0.522321
0.520812
0.521642
0.522132
0.521527
0.521522
0.520331
0.521416
0.521068
0.522870
0.523061
0.523497
0.520420
0.521049
0.522293
0.521424
0.521899
0.521192
0.521245
0.521857
0.521309
0.521044
0.523546
0.524721
0.522518
0.521524
0.520536
0.521121
0.523210
0.521990
0.522163
0.523128
0.521697
0.521508
0.521991
0.523225
0.524311
0.522614
0.521300
0.521949
0.522514
0.521472
0.521258
0.523515
0.522293
0.520908
0.521804
0.523125
0.521620
0.520859
0.522538
0.520580
0.521765
0.520913
0.590470
0.592159
0.591090
0.591933
0.590549
0.592077
0.590147
0.591090
0.593375
0.591760
0.589930
0.591132
0.592999
0.591348
0.591834
0.592889
0.592869
0.591256
0.592151
0.590708
0.591447
0.591842
0.592290
0.592279
0.590524
0.590743
0.592274
0.590670
0.592819
0.592776
0.589655
0.590475
0.591812
0.591637
0.590876
0.590571
0.593140
0.592344
0.592150
0.593955
0.590598
0.591353
0.592014
0.590924
0.591215
0.589836
0.590848
0.591367
0.589795
0.590874
0.590777
0.590389
0.591865
0.592798
0.591475
0.592676
0.591911
0.590702
0.591475
0.592336
0.590633
0.592898
0.592975
0.594623
0.593813
0.591043
0.591854
0.594459
0.593842
0.592359
0.591605
0.593119
0.590578
0.592812
0.591682
0.592653
0.593307
0.593401
0.593034
0.593763
0.591648
0.593416
0.593870
0.593179
0.590845
0.592189
0.592655
0.591388
0.593180
0.593947
0.591925
0.592625
0.592112
0.594644
0.592778
0.591767
0.591918
0.593119
0.593118
0.593179
0.592963
0.594591
0.591824
0.592784
0.593211
0.593950
0.593007
0.592091
0.593886
0.594146
0.592381
0.594688
0.595348
0.592583
0.592752
0.593193
0.593720
0.593299
0.591756
0.593380
0.592667
0.593426
0.592255
0.593190
0.592744
0.594664
0.592864
0.593451
0.593468
0.593644
0.591229
0.591892
0.592137
0.591512
0.591243
0.592742
0.590790
0.591956
0.593196
0.591603
0.591132
0.591779
0.591163
0.591660
0.590833
0.591824
0.591656
0.591027
0.592514
0.591353
0.592564
0.592083
0.593338
0.590339
0.592706
0.591721
0.592663
0.591430
0.591490
0.590845
0.592341
0.590106
0.593712
0.591847
0.591381
0.591126
0.589743
0.590260
0.591020
0.593679
0.592649
0.591118
0.593296
0.591234
0.590432
0.592853
0.593124
0.590238
0.591773
0.591559
0.591166
0.591484
0.589981
0.591020
0.590619
0.592665
0.591352
0.592190
0.591161
0.594071
0.593483
0.593037
0.591835
0.591759
0.591413
0.594218
0.592376
0.593770
0.592764
0.594164
0.592421
0.591608
0.592954
0.592901
0.591995
0.592569
0.593630
0.592499
0.592400
0.592245
0.592685
0.593110
0.593488
0.592471
0.592235
0.591761
0.591923
0.592906
0.592900
0.595515
0.593777
0.592892
0.593596
0.592557
0.592029
0.592188
0.593934
0.592024
0.594085
0.593528
0.593998
0.593766
0.593871
0.593276
0.593505
0.591842
0.594664
0.593163
0.592598
0.593856
0.592885
0.593075
0.591276
0.591636
0.593097
0.593182
0.592421
0.591696
0.594350
0.591898
0.593186
0.592171
0.593579
0.593870
0.594648
0.594284
0.593007
0.591900
0.590943
0.593236
0.593166
0.591753
0.592162
0.592662
0.592806
0.591346
0.591500
0.591739
0.591475
0.593033
0.589932
0.591503
0.591070
0.591860
0.589956
0.591738
0.591329
0.592814
0.590936
0.592691
0.591559
0.593199
0.591215
0.591835
0.590571
0.591469
0.591859
0.593122
0.591483
0.592498
0.590358
0.592154
0.591219
0.593202
0.590892
0.592086
0.591132
0.590334
0.591094
0.591248
0.592064
0.592883
0.591732
0.590648
0.591628
0.592441
0.592041
0.591344
0.590926
0.590878
0.593499
0.590537
0.591341
0.591812
0.592284
0.589594
0.592166
0.592875
0.590037
0.591119
0.592122
0.591840
0.591466
0.591782
0.593341
0.593280
0.593673
0.591266
0.593707
0.591497
0.592700
0.592775
0.591869
0.592661
0.591463
0.593351
0.593789
0.594062
0.593237
0.591459
0.592872
0.592742
0.591598
0.591281
0.593431
0.594695
0.593819
0.591375
0.592576
0.594202
0.593508
0.593765
0.592387
0.592158
0.592222
0.591744
0.593409
0.593480
0.593810
0.593449
0.592814
0.592397
0.592212
0.594310
0.592704
0.592985
0.590738
0.595034
0.592088
0.593975
0.593864
0.594456
0.593481
0.592115
0.595518
0.594388
0.594609
0.593522
0.593153
0.593124
0.593606
0.593972
0.592816
0.593576
0.643305
0.642934
0.641601
0.641314
0.641581
0.644392
0.641461
0.641644
0.641867
0.643669
0.642390
0.642821
0.641008
0.642480
0.642105
0.642801
0.642015
0.641160
0.642489
0.641811
0.643143
0.642065
0.641636
0.642600
0.641717
0.642456
0.642668
0.641758
0.642197
0.640595
0.640231
0.640771
0.640337
0.641279
0.641996
0.640400
0.640154
0.641537
0.642059
0.640423
0.639190
0.641421
0.641800
0.641822
0.643647
0.641767
0.642041
0.640199
0.638842
0.641094
0.639732
0.641931
0.641632
0.640155
0.640380
0.640735
0.640640
0.640416
0.644206
0.642853
0.640100
0.642388
0.639958
0.640919
0.642587
0.640988
0.642168
0.640539
0.645791
0.643065
0.642937
0.643264
0.643305
0.641377
0.642567
0.641746
0.644862
0.641576
0.642104
0.641393
0.644370
0.643650
0.643566
0.644677
0.643036
0.642196
0.643995
0.644748
0.643471
0.643427
0.642470
0.642711
0.642682
0.643761
0.643642
0.643785
0.643615
0.642090
0.645281
0.644473
0.645673
0.643794
0.644542
0.644352
0.643267
0.642480
0.643740
0.644636
0.643836
0.644869
0.645507
0.643930
0.643364
0.645173
0.641529
0.643629
0.643821
0.644107
0.643345
0.644090
0.644495
0.644644
0.642943
0.643678
0.644625
0.643819
0.642594
0.644633
0.521594
0.522440
0.522591
0.520651
0.521881
0.519499
0.521542
0.523162
0.520525
0.521410
0.522983
0.523504
0.520460
0.522598
0.520788
0.522102
0.520905
0.523154
0.520289
0.521871
0.520923
0.522259
0.521082
0.521231
0.520288
0.521590
0.521995
0.519080
0.521487
0.522989
0.520687
0.522891
0.522325
0.519977
0.522289
0.522855
0.520705
0.521881
0.523207
0.521191
0.521085
0.522460
0.521874
0.522223
0.522188
0.521715
0.520991
0.519599
0.519935
0.520792
0.521464
0.522308
0.519608
0.521416
0.522184
0.522056
0.522251
0.520837
0.521851
0.520769
0.521777
0.521380
0.522628
0.523619
0.521866
0.522999
0.522675
0.520844
0.519856
0.521271
0.522515
0.520883
0.521289
0.519940
0.522060
0.521276
0.522215
0.523462
0.521233
0.521605
0.520566
0.523469
0.522061
0.520450
0.521962
0.521041
0.522272
0.521869
0.523151
0.521871
0.523293
0.523295
0.520060
0.523268
0.522448
0.522531
0.522463
0.522566
0.519828
0.522087
0.520372
0.521765
0.521383
0.522492
0.520890
0.522828
0.522793
0.521773
0.523632
0.521660
0.521904
0.522051
0.521087
0.520658
0.521989
0.520911
0.520931
0.522287
0.521826
0.521234
0.521061
0.521382
0.522709
0.521272
0.521993
0.522879
0.523783
0.523463
0.592270
0.592357
0.590857
0.592843
0.591913
0.592849
0.594370
0.592433
0.592455
0.593385
0.590965
0.591979
0.592998
0.593188
0.591430
0.591781
0.593167
0.590322
0.591485
0.591224
0.591904
0.593126
0.592200
0.591311
0.592511
0.591958
0.591055
0.591040
0.590994
0.593000
0.590769
0.591323
0.592657
0.591986
0.592236
0.592259
0.588157
0.591037
0.590992
0.591355
0.591119
0.591190
0.591109
0.592594
0.591554
0.590046
0.591211
0.590481
0.591711
0.591316
0.591988
0.593169
0.591231
0.590266
0.591449
0.591433
0.590167
0.591748
0.593661
0.592890
0.591747
0.590185
0.592282
0.590969
0.590344
0.592123
0.592393
0.592726
0.593230
0.591537
0.591035
0.591280
0.593716
0.592187
0.591994
0.590497
0.591651
0.591988
0.592971
0.592756
0.593615
0.592975
0.593202
0.592555
0.594011
0.590892
0.593649
0.592995
0.593870
0.592798
0.593215
0.592710
0.592400
0.593244
0.593788
0.593616
0.594133
0.593174
0.592335
0.592374
0.592802
0.592205
0.592536
0.592730
0.593537
0.594621
0.596142
0.593853
0.592687
0.592700
0.592398
0.595590
0.593620
0.593944
0.592013
0.593033
0.592056
0.592626
0.594075
0.593248
0.592814
0.593485
0.592890
0.593814
0.593559
0.594106
0.593782
0.592455
0.592732
0.593470
0.591035
0.592532
0.592896
0.594011
0.592062
0.591538
0.592244
0.593287
0.593449
0.592125
0.590722
0.591025
0.592289
0.592184
0.591373
0.592460
0.592073
0.592124
0.589720
0.592328
0.591176
0.592530
0.590529
0.592240
0.592544
0.592146
0.592130
0.592184
0.591819
0.591642
0.591955
0.591671
0.591048
0.589242
0.592916
0.591136
0.591776
0.591195
0.591512
0.590826
0.589957
0.590884
0.591324
0.590324
0.589535
0.590574
0.590894
0.591996
0.592067
0.592411
0.590960
0.591247
0.592821
0.591973
0.591576
0.590637
0.592305
0.593356
0.592640
0.593229
0.592473
0.591075
0.593825
0.593434
0.592301
0.591864
0.593573
0.593025
0.593333
0.592858
0.594131
0.591970
0.593758
0.591501
0.593428
0.593184
0.592769
0.592397
0.594119
0.592677
0.593945
0.592070
0.591981
0.593327
0.595799
0.593428
0.593178
0.593098
0.593921
0.594499
0.592282
0.592991
0.592585
0.591880
0.591011
0.593196
0.591723
0.594585
0.590723
0.591826
0.593851
0.595055
0.592335
0.592264
0.594743
0.594533
0.593653
0.593415
0.592615
0.593438
0.593370
0.594207
0.592273
0.592341
0.593969
0.593296
0.593140
0.591787
0.592906
0.594428
0.593506
0.593520
0.593223
0.592356
0.593377
0.593188
0.591893
0.591803
0.591413
0.591278
0.592401
0.592700
0.592977
0.590845
0.591030
0.592716
0.592374
0.591045
0.591666
0.592680
0.592583
0.592465
0.592248
0.591267
0.592449
0.591723
0.593027
0.590939
0.593498
0.592768
0.591939
0.592960
0.592083
0.591429
0.592409
0.591688
0.592427
0.590415
0.593297
0.590295
0.592351
0.592988
0.590706
0.590803
0.591137
0.591073
0.589924
0.589391
0.591869
0.591457
0.591325
0.594333
0.591628
0.591501
0.592515
0.591374
0.590064
0.591047
0.590894
0.592131
0.592025
0.592622
0.590142
0.590913
0.592300
0.590433
0.590575
0.593877
0.592575
0.592736
0.591352
0.590563
0.591510
0.592706
0.593928
0.593418
0.593572
0.592436
0.592847
0.592413
0.591763
0.593096
0.591675
0.594082
0.592901
0.591555
0.593457
0.593312
0.593286
0.593899
0.592427
0.594972
0.591406
0.592234
0.591836
0.594193
0.593153
0.594406
0.592711
0.592985
0.593330
0.593552
0.593755
0.592743
0.592204
0.594282
0.591667
0.592505
0.594688
0.594738
0.593342
0.593790
0.595038
0.594132
0.596285
0.592926
0.594119
0.593751
0.593873
0.594759
0.592925
0.593873
0.594156
0.593363
0.594126
0.593430
0.593502
0.594763
0.591446
0.592685
0.593353
0.592514
0.593064
0.591589
0.591488
0.591795
0.593246
0.591772
0.592301
0.590384
0.592209
0.591981
0.590594
0.591234
0.591095
0.593496
0.593084
0.592978
0.591588
0.591335
0.591438
0.593296
0.593288
0.592224
0.591215
0.591863
0.592866
0.590803
0.591395
0.592596
0.593165
0.590704
0.591785
0.592159
0.591995
0.591121
0.591169
0.591105
0.591140
0.589785
0.591716
0.591774
0.592695
0.590279
0.591093
0.591158
0.592683
0.591300
0.591427
0.591451
0.592291
0.591023
0.594230
0.591223
0.591934
0.591496
0.592706
0.591332
0.590558
0.590877
0.590534
0.590995
0.592562
0.592112
0.592855
0.590583
0.590907
0.591934
0.593803
0.590558
0.591563
0.591193
0.594481
0.593820
0.593882
0.591622
0.591581
0.592591
0.591233
0.592309
0.592289
0.592772
0.591316
0.595129
0.593570
0.592324
0.592413
0.592191
0.591470
0.593189
0.592506
0.592359
0.592985
0.592894
0.594176
0.592292
0.593142
0.594241
0.591902
0.591623
0.591577
0.593852
0.592832
0.593228
0.595149
0.592536
0.593395
0.593409
0.594466
0.594456
0.594742
0.594049
0.594201
0.593188
0.594124
0.592200
0.593923
0.593859
0.592892
0.591393
0.594614
0.592360
0.594728
0.592493
0.594004
0.592581
0.594993
0.593294
0.594008
0.591947
0.593534
0.593884
0.570875
0.571566
0.572765
0.570669
0.571490
0.570758
0.572565
0.572275
0.572305
0.571504
0.571547
0.570482
0.572363
0.571934
0.572096
0.570556
0.570093
0.573038
0.572094
0.570102
0.571347
0.573863
0.571546
0.571873
0.571372
0.569897
0.569483
0.570627
0.570961
0.570252
0.571053
0.570742
0.570837
0.571127
0.570436
0.572157
0.570021
0.571518
0.571034
0.571991
0.573781
0.568950
0.569839
0.571260
0.571081
0.571823
0.572035
0.572105
0.571169
0.571601
0.570580
0.573118
0.571565
0.570365
0.572448
0.572725
0.572744
0.572655
0.572087
0.573161
0.573655
0.572415
0.571405
0.570640
0.570966
0.571790
0.572006
0.569592
0.571922
0.570637
0.572284
0.570825
0.569793
0.572280
0.571468
0.572384
0.572903
0.573470
0.570835
0.572861
0.569962
0.570800
0.572880
0.573087
0.572717
0.572299
0.570071
0.572665
0.572602
0.573393
0.572897
0.571856
0.572528
0.571601
0.572206
0.572922
0.573579
0.570490
0.571504
0.571859
0.572709
0.571792
0.573420
0.575278
0.572732
0.572312
0.571379
0.572536
0.574626
0.573265
0.571014
0.572835
0.572813
0.572768
0.575361
0.573852
0.573395
0.570859
0.570709
0.571210
0.571972
0.571772
0.573980
0.571716
0.572867
0.573826
0.572284
0.572147
0.593417
0.592355
0.591669
0.591932
0.591152
0.591150
0.589544
0.591397
0.591331
0.591686
0.591973
0.591723
0.594442
0.592055
0.591632
0.590898
0.591458
0.591086
0.592802
0.590902
0.593764
0.590547
0.591590
0.591046
0.590004
0.591799
0.590616
0.593083
0.589607
0.592580
0.591287
0.591694
0.592712
0.591646
0.592808
0.591879
0.590259
0.592058
0.591161
0.593410
0.590743
0.592051
0.590623
0.591486
0.591172
0.591102
0.591639
0.591737
0.591177
0.591097
0.591575
0.591493
0.590636
0.590864
0.590967
0.591023
0.590887
0.590109
0.592139
0.592933
0.595171
0.591995
0.591789
0.591211
0.591003
0.592524
0.593164
0.592627
0.591646
0.593163
0.593567
0.592115
0.593281
0.591748
0.592749
0.592411
0.590561
0.592127
0.591451
0.593473
0.590377
0.591784
0.593247
0.593134
0.592695
0.590854
0.592865
0.594082
0.593241
0.592627
0.591040
0.591635
0.593673
0.592738
0.592043
0.593292
0.595256
0.592790
0.593897
0.593418
0.593870
0.590902
0.593862
0.594137
0.594625
0.593907
0.592252
0.594141
0.591619
0.592690
0.593044
0.593756
0.592536
0.593943
0.592802
0.592715
0.592404
0.591837
0.593402
0.591887
0.593230
0.592546
0.591866
0.595675
0.592023
0.591777
0.593776
0.593879
0.592211
0.591340
0.591120
0.590295
0.593008
0.593278
0.592679
0.593759
0.590786
0.590344
0.591534
0.590758
0.592690
0.593485
0.592246
0.591359
0.591686
0.591430
0.592417
0.593062
0.593078
0.591152
0.593311
0.592682
0.589786
0.592181
0.593189
0.591093
0.591000
0.590767
0.590927
0.592866
0.593145
0.592199
0.590702
0.593134
0.593502
0.590993
0.591948
0.591171
0.590552
0.592016
0.592688
0.594434
0.591390
0.591351
0.591363
0.593270
0.593728
0.592348
0.591541
0.590684
0.592170
0.591360
0.591262
0.590675
0.592087
0.592548
0.591745
0.594173
0.594559
0.591472
0.590729
0.592699
0.592260
0.591020
0.592172
0.591825
0.591726
0.592329
0.592523
0.592407
0.593692
0.593001
0.591496
0.592577
0.592600
0.593572
0.592097
0.593025
0.592061
0.592205
0.594287
0.592712
0.592981
0.595151
0.591411
0.591640
0.591630
0.593306
0.593371
0.592718
0.592851
0.591793
0.592467
0.591331
0.594105
0.593392
0.591897
0.591674
0.592759
0.592557
0.592392
0.594407
0.594550
0.593585
0.593250
0.594668
0.590701
0.591957
0.594023
0.593923
0.593918
0.593450
0.592235
0.593099
0.592036
0.592684
0.593581
0.592109
0.594276
0.593983
0.595680
0.593803
0.593156
0.592876
0.593854
0.593454
0.593009
0.592517
0.593053
0.591913
0.592120
0.592516
0.593142
0.590187
0.593077
0.593969
0.590672
0.589989
0.594016
0.592770
0.591893
0.592503
0.593412
0.592773
0.591862
0.591325
0.590017
0.590117
0.593236
0.589751
0.591656
0.593121
0.592065
0.591252
0.592546
0.592230
0.592811
0.591988
0.593283
0.592228
0.590353
0.592524
0.591838
0.593216
0.592151
0.591822
0.590406
0.592211
0.594036
0.592045
0.591858
0.591220
0.594241
0.591201
0.591675
0.591830
0.589430
0.589514
0.593646
0.591176
0.591775
0.591161
0.593125
0.593146
0.591598
0.591571
0.593085
0.591599
0.591819
0.591574
0.591926
0.592310
0.593281
0.591832
0.592686
0.594316
0.591991
0.592256
0.592654
0.593998
0.594790
0.593095
0.591110
0.593780
0.594332
0.594970
0.593403
0.592815
0.593569
0.592321
0.592767
0.593316
0.594280
0.592861
0.592079
0.591355
0.594475
0.593822
0.594323
0.593673
0.592925
0.593055
0.592387
0.592889
0.594460
0.592239
0.591935
0.591887
0.591945
0.593277
0.593902
0.593930
0.592363
0.592934
0.594021
0.593951
0.594475
0.592154
0.594280
0.592102
0.592605
0.592217
0.593248
0.592991
0.594438
0.594076
0.593049
0.593689
0.593317
0.593693
0.592878
0.593168
0.593141
0.594497
0.591961
0.591621
0.592138
0.592318
0.592617
0.593684
0.593308
0.592779
0.590089
0.594044
0.592368
0.592449
0.591910
0.591449
0.591716
0.591638
0.593510
0.591253
0.592574
0.592214
0.591396
0.593012
0.591985
0.592954
0.591573
0.591943
0.592239
0.592457
0.591130
0.590685
0.590541
0.592352
0.593538
0.592630
0.591223
0.592596
0.590227
0.591075
0.591276
0.591329
0.593257
0.591000
0.591450
0.591757
0.592450
0.591020
0.592558
0.592633
0.592257
0.591383
0.592311
0.590509
0.592863
0.588971
0.591693
0.591794
0.590119
0.592057
0.591516
0.591463
0.592213
0.592560
0.593543
0.590963
0.590596
0.592969
0.593037
0.594792
0.592911
0.592262
0.593693
0.593506
0.592179
0.592103
0.590251
0.593853
0.592027
0.593030
0.592496
0.594126
0.591901
0.593787
0.592367
0.594202
0.591643
0.592371
0.594521
0.591797
0.592261
0.594452
0.592482
0.593680
0.592084
0.591753
0.592628
0.593697
0.592961
0.592478
0.591717
0.592916
0.593094
0.593585
0.593604
0.592029
0.593678
0.593214
0.593147
0.593874
0.591989
0.592094
0.594229
0.593251
0.594794
0.592047
0.594805
0.592733
0.592028
0.592702
0.593256
0.595401
0.592552
0.593667
0.594521
0.595534
0.592648
0.592448
0.593293
0.593759
0.572844
0.572295
0.573242
0.573297
0.571743
0.572209
0.572241
0.572483
0.571940
0.573046
0.571775
0.571092
0.571272
0.572323
0.572286
0.571189
0.574064
0.572237
0.572092
0.570934
0.572058
0.572110
0.571564
0.570521
0.571444
0.572947
0.572427
0.573526
0.572191
0.570944
0.572095
0.573043
0.571650
0.571803
0.571812
0.569978
0.571934
0.570825
0.572403
0.570664
0.572235
0.572415
0.573431
0.571037
0.572419
0.571711
0.571538
0.570507
0.572068
0.570111
0.572437
0.570818
0.571394
0.571221
0.571273
0.571745
0.571997
0.570954
0.571723
0.570945
0.571552
0.570782
0.573758
0.572754
0.572067
0.571895
0.572788
0.572354
0.570106
0.571362
0.572302
0.572646
0.572818
0.572279
0.573138
0.571844
0.570326
0.572529
0.573129
0.572617
0.572805
0.572337
0.573651
0.572655
0.572451
0.571669
0.572733
0.571623
0.571813
0.573552
0.572374
0.573368
0.571551
0.574137
0.574040
0.572954
0.572708
0.573096
0.572741
0.571625
0.572342
0.571306
0.572725
0.573242
0.573734
0.572825
0.573961
0.572262
0.571436
0.573375
0.575150
0.571494
0.572940
0.572671
0.573348
0.572154
0.572762
0.574214
0.573536
0.572615
0.572673
0.571886
0.574035
0.573644
0.572240
0.575229
0.573198
0.574456
0.592680
0.592038
0.591954
0.594970
0.592525
0.591458
0.590512
0.591497
0.593493
0.590661
0.592420
0.591818
0.592285
0.590025
0.589964
0.592136
0.593127
0.593868
0.593378
0.591117
0.591029
0.591608
0.593547
0.592737
0.590684
0.592692
0.593195
0.591470
0.592499
0.591607
0.592234
0.590591
0.590763
0.591902
0.590543
0.589746
0.590878
0.591800
0.591510
0.591561
0.591131
0.592701
0.592760
0.591801
0.590777
0.592845
0.592994
0.591659
0.590177
0.590661
0.593754
0.590941
0.591133
0.591607
0.591661
0.589693
0.589743
0.590650
0.591086
0.593275
0.593953
0.591647
0.591300
0.591183
0.592277
0.592316
0.592680
0.592212
0.592164
0.592312
0.593596
0.593207
0.593982
0.591819
0.591324
0.592729
0.592671
0.593383
0.593385
0.592350
0.590902
0.592272
0.595070
0.594114
0.592891
0.593262
0.592662
0.591907
0.593164
0.593332
0.593848
0.593768
0.593997
0.593326
0.592637
0.593091
0.591501
0.593323
0.593246
0.593632
0.594675
0.591908
0.591931
0.594005
0.593425
0.592419
0.592810
0.592366
0.594386
0.594309
0.593875
0.592498
0.592375
0.593071
0.594143
0.592018
0.592887
0.592827
0.594550
0.592108
0.592913
0.593786
0.593401
0.592511
0.593441
0.592119
0.592407
0.591588
0.591811
0.591826
0.592514
0.593319
0.592385
0.591679
0.592320
0.592796
0.591874
0.593792
0.593173
0.590975
0.592038
0.592990
0.591669
0.592414
0.592111
0.593404
0.591974
0.591409
0.594175
0.591756
0.592029
0.590170
0.591041
0.594105
0.591557
0.593043
0.591475
0.591406
0.591435
0.592194
0.590312
0.591493
0.591592
0.592292
0.591148
0.591791
0.592186
0.591628
0.590916
0.591202
0.593545
0.592594
0.592558
0.590777
0.591877
0.592604
0.592602
0.592530
0.592708
0.591504
0.591508
0.591539
0.591694
0.592767
0.591566
0.590429
0.592766
0.594367
0.591422
0.593915
0.592994
0.591390
0.590355
0.592069
0.592948
0.592225
0.593023
0.591936
0.592818
0.592806
0.592276
0.593697
0.594243
0.592142
0.592200
0.592098
0.592857
0.594377
0.594130
0.592412
0.593136
0.592422
0.592289
0.592110
0.593622
0.592768
0.593269
0.593004
0.592880
0.591809
0.591176
0.591000
0.592536
0.593230
0.592679
0.592927
0.592733
0.593419
0.592490
0.593402
0.593339
0.594079
0.594175
0.592254
0.593687
0.593012
0.593741
0.592840
0.594478
0.592888
0.591541
0.592867
0.592403
0.592992
0.593448
0.592256
0.593512
0.592136
0.592777
0.593588
0.592527
0.593252
0.593652
0.593642
0.595097
0.595894
0.593541
0.591386
0.591462
0.592692
0.591829
0.591479
0.592211
0.592219
0.590052
0.592900
0.592522
0.592378
0.591361
0.590526
0.591736
0.593795
0.591347
0.591246
0.589435
0.591404
0.592857
0.591808
0.592556
0.591394
0.592621
0.591497
0.592163
0.592571
0.592559
0.593620
0.591418
0.593029
0.593222
0.593720
0.592943
0.590710
0.590644
0.591804
0.592032
0.593731
0.591766
0.593549
0.591764
0.590935
0.591531
0.590780
0.591959
0.590460
0.593683
0.590480
0.590060
0.592419
0.591206
0.591326
0.591270
0.591897
0.590816
0.588987
0.591477
0.589972
0.593980
0.592488
0.591689
0.591843
0.592070
0.592151
0.591032
0.592142
0.592689
0.594506
0.592941
0.592660
0.591486
0.591281
0.593528
0.593117
0.594355
0.593337
0.591729
0.593687
0.592539
0.593945
0.593950
0.590609
0.592063
0.591363
0.592290
0.593567
0.590849
0.592862
0.594297
0.592771
0.592563
0.593553
0.594026
0.591754
0.593103
0.591239
0.592446
0.595533
0.593815
0.593648
0.591541
0.593568
0.593601
0.594689
0.591893
0.594245
0.593212
0.592005
0.595840
0.591741
0.593465
0.593136
0.593317
0.593572
0.592923
0.594144
0.593822
0.592600
0.592154
0.594173
0.593420
0.594447
0.593081
0.590836
0.593830
0.592808
0.592230
0.591913
0.593594
0.591148
0.593783
0.592063
0.592659
0.592575
0.592448
0.594105
0.592548
0.591255
0.591152
0.593707
0.590832
0.592357
0.593206
0.592284
0.591918
0.592755
0.592947
0.591482
0.593717
0.591558
0.591786
0.590183
0.593373
0.592206
0.594087
0.593561
0.592531
0.591735
0.593256
0.591758
0.591862
0.592003
0.592757
0.591638
0.591031
0.590314
0.592751
0.592111
0.591928
0.592158
0.591254
0.591915
0.589930
0.592085
0.592113
0.591383
0.589922
0.590687
0.591013
0.591879
0.592346
0.591100
0.590086
0.592345
0.592503
0.592326
0.591853
0.593247
0.591821
0.592839
0.592350
0.591366
0.591872
0.593168
0.593078
0.592816
0.592684
0.593401
0.591068
0.592051
0.593323
0.592449
0.592826
0.593222
0.593432
0.593665
0.594031
0.592269
0.592280
0.592831
0.592649
0.595669
0.592479
0.593831
0.594774
0.593194
0.591334
0.593686
0.593652
0.593271
0.593940
0.591898
0.591705
0.593398
0.593072
0.593940
0.591607
0.593421
0.592643
0.594318
0.593481
0.593157
0.593859
0.595894
0.592853
0.592671
0.594246
0.593552
0.594152
0.592868
0.593198
0.593636
0.592986
0.593309
0.592881
0.593731
0.594406
0.591169
0.591894
0.593396
0.593376
0.594009
0.594158
0.591828
0.570902
0.571766
0.574903
0.572024
0.572169
0.572709
0.573366
0.570531
0.570957
0.573288
0.572315
0.572592
0.572526
0.572781
0.572491
0.572244
0.571666
0.570981
0.571323
0.571865
0.569638
0.572632
0.572303
0.571449
0.570988
0.572890
0.574223
0.571984
0.571492
0.572339
0.572858
0.570862
0.570625
0.573964
0.571839
0.570956
0.572177
0.572329
0.571115
0.571409
0.570519
0.570147
0.571011
0.572679
0.572472
0.573081
0.572179
0.570483
0.569923
0.571311
0.573071
0.572402
0.572675
0.571458
0.573134
0.571476
0.573151
0.571258
0.571653
0.573088
0.570918
0.570274
0.573342
0.571304
0.573210
0.571103
0.572842
0.572193
0.572280
0.573697
0.574584
0.572588
0.572677
0.573916
0.572107
0.571604
0.570990
0.572799
0.572687
0.571784
0.573163
0.573833
0.572168
0.573218
0.574839
0.570713
0.573088
0.574387
0.573233
0.572032
0.571825
0.570980
0.572115
0.573199
0.570932
0.572885
0.574378
0.573727
0.572375
0.571775
0.569808
0.572296
0.574391
0.572486
0.571764
0.572696
0.571525
0.573412
0.573006
0.572515
0.572246
0.572988
0.572615
0.575280
0.573501
0.570894
0.573280
0.572198
0.572981
0.571750
0.574222
0.573313
0.570888
0.574224
0.572354
0.572105
0.572588
0.572838
0.592259
0.592203
0.591000
0.593079
0.590417
0.592619
0.593592
0.592494
0.591141
0.592735
0.591372
0.590833
0.591668
0.591525
0.591917
0.592239
0.591056
0.591813
0.592234
0.590971
0.591088
0.588620
0.590903
0.591583
0.590155
0.591144
0.593076
0.590711
0.591762
0.592656
0.589832
0.591065
0.590931
0.593524
0.590324
0.590912
0.589207
0.591549
0.592577
0.591670
0.591017
0.592497
0.591665
0.590059
0.591015
0.590482
0.590620
0.588436
0.591790
0.591305
0.591013
0.590789
0.593494
0.591483
0.590567
0.590683
0.589785
0.590102
0.592090
0.591729
0.592890
0.592688
0.593183
0.593641
0.591771
0.592771
0.591243
0.589869
0.592452
0.592604
0.592989
0.593157
0.591233
0.590152
0.593744
0.593400
0.592171
0.591241
0.593977
0.593140
0.592897
0.591468
0.592942
0.592395
0.591125
0.592321
0.594618
0.592453
0.594357
0.594406
0.592521
0.594259
0.592313
0.593223
0.594082
0.592969
0.591443
0.590970
0.593184
0.593003
0.592872
0.594626
0.592957
0.592438
0.592605
0.592539
0.594132
0.592416
0.593112
0.593184
0.591958
0.592609
0.592334
0.593448
0.594570
0.591453
0.592518
0.592974
0.592264
0.593739
0.591712
0.591782
0.592143
0.593237
0.592792
0.591831
0.593908
0.593114
0.594034
0.593240
0.591842
0.592781
0.592937
0.593434
0.593249
0.592578
0.592734
0.590525
0.589689
0.593527
0.593489
0.592837
0.592427
0.591275
0.593965
0.593024
0.593072
0.592310
0.590855
0.592503
0.592824
0.591150
0.592172
0.590339
0.591334
0.592887
0.591276
0.591204
0.592281
0.591764
0.591234
0.592244
0.593122
0.591533
0.589646
0.591041
0.591583
0.591366
0.592257
0.591109
0.591851
0.591664
0.591672
0.591592
0.591157
0.591315
0.592889
0.590765
0.593410
0.590587
0.590988
0.591248
0.592173
0.590213
0.590478
0.590350
0.592767
0.593921
0.591715
0.592021
0.594826
0.593802
0.592025
0.591745
0.592548
0.592016
0.594867
0.591217
0.593460
0.591830
0.590848
0.591440
0.594486
0.592135
0.592548
0.593917
0.591018
0.593190
0.594277
0.593078
0.592912
0.594061
0.593998
0.594171
0.592936
0.591868
0.593597
0.594864
0.591728
0.592196
0.593295
0.592952
0.592669
0.593426
0.592380
0.592833
0.592579
0.593305
0.591709
0.593927
0.592837
0.593791
0.593483
0.592522
0.593589
0.592848
0.593261
0.592370
0.594723
0.593449
0.591963
0.592827
0.594301
0.592753
0.593518
0.591530
0.592655
0.595895
0.592521
0.594245
0.592519
0.592622
0.591255
0.591868
0.594855
0.590970
0.592619
0.591677
0.592322
0.592232
0.590253
0.592609
0.593849
0.590741
0.592563
0.592928
0.592232
0.592558
0.591867
0.592641
0.592883
0.592171
0.591608
0.591073
0.589815
0.592412
0.592065
0.591705
0.590448
0.593139
0.591359
0.589915
0.592904
0.591176
0.592443
0.590464
0.590115
0.591573
0.592505
0.591942
0.591919
0.593296
0.593703
0.592105
0.591720
0.591891
0.591267
0.590836
0.591658
0.592128
0.591246
0.591760
0.591139
0.591947
0.591166
0.591451
0.591231
0.590445
0.591152
0.590181
0.592679
0.591405
0.591462
0.588732
0.592238
0.590793
0.590314
0.591747
0.592746
0.591504
0.590652
0.593607
0.592367
0.591268
0.592734
0.593642
0.592337
0.592142
0.592746
0.593850
0.593107
0.592845
0.593762
0.593189
0.592694
0.592846
0.591914
0.591340
0.593191
0.592135
0.593098
0.593259
0.592557
0.592196
0.592699
0.592727
0.593767
0.592387
0.592110
0.592061
0.592769
0.593528
0.592611
0.592736
0.591875
0.593793
0.594374
0.592135
0.593280
0.591973
0.593462
0.591587
0.592163
0.593259
0.593732
0.590661
0.592035
0.593423
0.593176
0.593715
0.592570
0.592447
0.592965
0.592594
0.593143
0.592621
0.593127
0.592936
0.592260
0.592783
0.593622
0.592786
0.593787
0.593399
0.592729
0.593329
0.592945
0.591206
0.592919
0.592352
0.591836
0.592925
0.590377
0.591261
0.591107
0.591871
0.591098
0.590978
0.592544
0.590796
0.591988
0.590200
0.592457
0.593249
0.592905
0.591208
0.592586
0.591868
0.593143
0.591887
0.592411
0.589097
0.590704
0.591741
0.593549
0.591614
0.590861
0.591596
0.591931
0.591756
0.591619
0.593354
0.592431
0.592653
0.592141
0.590601
0.589895
0.592360
0.592405
0.591136
0.590632
0.591305
0.592320
0.591321
0.592550
0.590122
0.591256
0.590290
0.591506
0.591282
0.590809
0.591991
0.591016
0.592324
0.589321
0.591413
0.590425
0.593091
0.592691
0.592072
0.592266
0.590795
0.592931
0.592431
0.590449
0.593115
0.594224
0.591792
0.593666
0.590542
0.593537
0.591993
0.593054
0.590407
0.592462
0.594057
0.593765
0.591645
0.592459
0.592133
0.592183
0.590964
0.592019
0.592759
0.593709
0.590829
0.594176
0.591552
0.592260
0.591971
0.592921
0.593595
0.591136
0.592910
0.594396
0.593473
0.592842
0.593532
0.592845
0.594335
0.593140
0.591106
0.592484
0.591791
0.593736
0.594285
0.594385
0.592742
0.592369
0.593410
0.591488
0.593988
0.593013
0.594363
0.593961
0.593892
0.593890
0.591995
0.595320
0.593535
0.590837
0.592032
0.573913
0.571353
0.573529
0.570760
0.573118
0.574969
0.572784
0.572542
0.572151
0.571377
0.573121
0.573506
0.572466
0.571040
0.572382
0.572794
0.570509
0.572761
0.570673
0.571579
0.571511
0.571806
0.572663
0.570627
0.574029
0.574778
0.571435
0.569810
0.571355
0.571814
0.573206
0.573919
0.571881
0.570267
0.571420
0.570417
0.571809
0.569649
0.573763
0.573785
0.572649
0.572400
0.572838
0.571338
0.571855
0.573244
0.572771
0.570861
0.571763
0.571803
0.571777
0.571229
0.573005
0.571454
0.572093
0.572508
0.571276
0.572962
0.572889
0.571278
0.572415
0.571053
0.573099
0.572829
0.574118
0.573830
0.572247
0.571605
0.570709
0.574344
0.572968
0.573227
0.571259
0.572427
0.571669
0.571126
0.573818
0.573005
0.571978
0.574715
0.572942
0.573086
0.576038
0.572699
0.571038
0.572829
0.572867
0.572467
0.572463
0.574472
0.573603
0.572062
0.573247
0.572571
0.573013
0.572483
0.571721
0.573103
0.574267
0.571928
0.572808
0.572727
0.570621
0.574392
0.573426
0.571864
0.573052
0.573761
0.572191
0.572140
0.573015
0.572259
0.571923
0.573637
0.572211
0.573864
0.573043
0.574372
0.573893
0.573728
0.574404
0.573166
0.571980
0.574231
0.572126
0.571791
0.571483
0.573358
0.595950
0.591022
0.592085
0.590681
0.592394
0.592583
0.592191
0.590217
0.590636
0.591830
0.590577
0.590863
0.591815
0.590686
0.592090
0.592875
0.591063
0.592254
0.592574
0.591299
0.591660
0.591760
0.591883
0.590623
0.591389
0.591625
0.592584
0.591327
0.591375
0.592166
0.590446
0.591535
0.591610
0.593515
0.592499
0.590820
0.591496
0.592410
0.591120
0.590820
0.590325
0.593036
0.592698
0.590425
0.591208
0.591955
0.589977
0.590820
0.593273
0.593031
0.590878
0.592974
0.591343
0.591713
0.590285
0.592122
0.592107
0.590536
0.592699
0.591302
0.593331
0.593799
0.590512
0.591646
0.591402
0.591489
0.591961
0.594251
0.591356
0.592063
0.593996
0.591737
0.593563
0.591637
0.591526
0.593955
0.592486
0.591556
0.592548
0.591450
0.592352
0.591627
0.592675
0.592576
0.592665
0.593005
0.592618
0.592812
0.593146
0.592860
0.593676
0.591562
0.592830
0.592120
0.592127
0.592228
0.593252
0.594967
0.592738
0.592440
0.591320
0.591911
0.592216
0.592337
0.593087
0.594050
0.592531
0.593817
0.593922
0.593314
0.593211
0.592811
0.593257
0.593829
0.592828
0.590698
0.594102
0.593088
0.592541
0.591952
0.593283
0.592190
0.592592
0.591074
0.595289
0.592529
0.591564
0.592325
0.593312
0.591652
0.591334
0.591243
0.593176
0.591425
0.590845
0.591306
0.593493
0.593279
0.593449
0.591641
0.591682
0.593203
0.593608
0.591759
0.592240
0.590946
0.593032
0.591199
0.591189
0.591127
0.592241
0.591203
0.590911
0.590930
0.593117
0.592855
0.592457
0.590967
0.592699
0.590814
0.591410
0.591472
0.591305
0.591209
0.590810
0.591149
0.591978
0.592736
0.590174
0.590815
0.594059
0.591031
0.590999
0.591898
0.593030
0.590443
0.592305
0.591154
0.591061
0.592137
0.591996
0.590923
0.590525
0.589228
0.591185
0.590561
0.591133
0.591811
0.593546
0.592112
0.592724
0.593794
0.590745
0.593163
0.591614
0.593523
0.590870
0.592231
0.593722
0.592348
0.592583
0.592192
0.592699
0.593302
0.592214
0.591747
0.594070
0.593941
0.591958
0.592023
0.592275
0.592384
0.590084
0.593314
0.592702
0.593926
0.592500
0.590903
0.593984
0.591998
0.594369
0.593859
0.592452
0.592689
0.593617
0.592546
0.593809
0.594246
0.594028
0.592966
0.593084
0.592767
0.592003
0.593472
0.592564
0.593515
0.591918
0.594086
0.594120
0.593670
0.592413
0.593326
0.593889
0.592442
0.592390
0.593470
0.594117
0.594055
0.592129
0.593588
0.591996
0.593153
0.593526
0.592248
0.594288
0.593592
0.593394
0.592501
0.589552
0.592470
0.592376
0.592920
0.591106
0.591685
0.592777
0.591169
0.591818
0.591699
0.590795
0.592015
0.592477
0.590600
0.592101
0.592590
0.592215
0.591327
0.591990
0.591542
0.590946
0.593443
0.592408
0.590845
0.591478
0.593350
0.591169
0.591592
0.592716
0.592294
0.592080
0.591533
0.591145
0.590773
0.590605
0.592034
0.591534
0.591288
0.590872
0.590287
0.591466
0.590285
0.590622
0.590342
0.592608
0.591027
0.592216
0.591072
0.592570
0.591315
0.591707
0.591943
0.592708
0.589829
0.592413
0.591378
0.593472
0.593265
0.592135
0.590273
0.592371
0.591853
0.593057
0.590813
0.592758
0.592348
0.594173
0.591915
0.592915
0.592082
0.591635
0.592462
0.592283
0.592430
0.593583
0.592031
0.592766
0.593745
0.593679
0.592264
0.594109
0.593669
0.591216
0.592479
0.591734
0.592747
0.592870
0.591723
0.591610
0.591728
0.593269
0.592099
0.592219
0.593181
0.593616
0.593109
0.594555
0.592908
0.592856
0.593920
0.592470
0.591219
0.591547
0.592418
0.593602
0.592773
0.593018
0.591094
0.591180
0.593719
0.593559
0.593656
0.591641
0.594284
0.594411
0.592933
0.593555
0.593304
0.592585
0.593713
0.591769
0.592946
0.593349
0.593585
0.595014
0.591582
0.592989
0.591800
0.594348
0.593262
0.592800
0.590975
0.593346
0.594132
0.593518
0.590792
0.592153
0.591622
0.593061
0.591802
0.590324
0.593012
0.589920
0.591719
0.592222
0.591348
0.591509
0.592309
0.592984
0.591959
0.591624
0.591836
0.592972
0.591258
0.590347
0.589186
0.590648
0.592718
0.593838
0.591132
0.592850
0.593497
0.590762
0.593071
0.590546
0.592463
0.592273
0.591877
0.591538
0.590200
0.590627
0.592780
0.591360
0.590327
0.591322
0.592005
0.592606
0.592816
0.590371
0.591388
0.592262
0.591454
0.591660
0.592625
0.591727
0.592125
0.593203
0.592793
0.592378
0.592539
0.592858
0.592357
0.592097
0.591164
0.593215
0.592874
0.593113
0.593344
0.592633
0.591504
0.591940
0.593639
0.594090
0.591442
0.592301
0.594102
0.593817
0.593142
0.592477
0.592368
0.592260
0.594718
0.591514
0.593267
0.592226
0.591743
0.593015
0.593895
0.593751
0.593906
0.591914
0.592941
0.593798
0.592025
0.593037
0.592167
0.593779
0.591438
0.593708
0.592177
0.591842
0.592737
0.593469
0.593365
0.592638
0.592528
0.591272
0.592070
0.593802
0.594948
0.591986
0.593370
0.592638
0.593577
0.591465
0.593376
0.591897
0.592284
0.594033
0.591972
0.594021
0.594751
0.592782
0.593027
0.572764
0.573464
0.571873
0.571960
0.571396
0.573760
0.572885
0.572626
0.570559
0.571944
0.572229
0.571611
0.572128
0.570270
0.573391
0.572868
0.571752
0.572739
0.574391
0.573347
0.571887
0.572635
0.572924
0.571417
0.571329
0.571941
0.572667
0.571105
0.571236
0.572866
0.572408
0.572831
0.571347
0.571521
0.571457
0.571581
0.572156
0.572563
0.572301
0.572560
0.571032
0.571893
0.571634
0.573459
0.571213
0.572335
0.572367
0.573550
0.570819
0.573154
0.573166
0.571973
0.571309
0.571371
0.572885
0.572876
0.571177
0.572579
0.570288
0.574001
0.571975
0.571167
0.573329
0.573016
0.573362
0.573580
0.569946
0.573234
0.572135
0.574197
0.572581
0.571393
0.570463
0.572667
0.572174
0.573032
0.572674
0.572848
0.571440
0.572371
0.571691
0.574018
0.573008
0.573065
0.572888
0.572804
0.574325
0.574802
0.573962
0.572801
0.572317
0.573732
0.571143
0.575608
0.571631
0.570836
0.573162
0.571247
0.573703
0.571092
0.574892
0.573558
0.573963
0.571826
0.572095
0.573006
0.571919
0.571582
0.573638
0.571840
0.574619
0.574641
0.572785
0.572790
0.572419
0.573487
0.571423
0.571511
0.574084
0.572553
0.573597
0.573931
0.571652
0.573866
0.573807
0.572544
0.573844
0.573384
0.593314
0.592850
0.594177
0.591506
0.590124
0.592093
0.593711
0.590875
0.591830
0.592261
0.593512
0.591700
0.592039
0.590859
0.593684
0.591830
0.593633
0.590767
0.590002
0.591239
0.592323
0.592829
0.591658
0.591737
0.592654
0.591867
0.590521
0.592501
0.591092
0.592142
0.590899
0.591325
0.590092
0.591713
0.590603
0.593642
0.591594
0.591872
0.591716
0.591399
0.591583
0.591545
0.588895
0.591023
0.591046
0.590674
0.589759
0.591775
0.593886
0.592136
0.590177
0.592097
0.591773
0.593050
0.592721
0.589860
0.592801
0.592286
0.591542
0.592718
0.593768
0.592959
0.591249
0.592485
0.593937
0.592161
0.592611
0.590716
0.592028
0.592470
0.590140
0.592595
0.594002
0.592360
0.591067
0.592439
0.593993
0.594040
0.593078
0.593070
0.592653
0.591070
0.592363
0.592434
0.592733
0.592723
0.592418
0.591102
0.592698
0.592966
0.591586
0.593426
0.592013
0.593076
0.593302
0.593244
0.592474
0.591646
0.593644
0.592496
0.592394
0.592646
0.594158
0.594066
0.591784
0.592430
0.592328
0.592463
0.594406
0.592085
0.591726
0.593369
0.594498
0.591429
0.592242
0.591031
0.592554
0.592027
0.593169
0.592142
0.593250
0.594393
0.592823
0.592377
0.595003
0.594048
0.593080
0.592854
0.590038
0.592481
0.591040
0.592232
0.592547
0.590551
0.593029
0.591212
0.591390
0.592441
0.593111
0.592744
0.591341
0.591173
0.590761
0.590950
0.592365
0.591148
0.593663
0.590789
0.593836
0.592121
0.591106
0.591717
0.590798
0.591761
0.591766
0.590904
0.590193
0.592064
0.592445
0.590356
0.590582
0.592364
0.593038
0.592282
0.590746
0.592368
0.590879
0.591276
0.591537
0.591425
0.592021
0.589618
0.592180
0.591904
0.590285
0.591132
0.593018
0.591551
0.590684
0.592706
0.590897
0.592245
0.590627
0.592226
0.591427
0.591882
0.592509
0.594205
0.593349
0.592326
0.590313
0.592808
0.591105
0.592492
0.590738
0.592593
0.590681
0.592815
0.592952
0.591612
0.591231
0.592373
0.593617
0.593569
0.593677
0.593757
0.592486
0.591548
0.592488
0.592152
0.592321
0.591606
0.591564
0.592506
0.591953
0.593515
0.592295
0.592444
0.591319
0.591466
0.593377
0.594812
0.593636
0.592612
0.590658
0.594316
0.592256
0.594963
0.593367
0.592104
0.594418
0.593476
0.592188
0.590331
0.593403
0.592568
0.592527
0.593897
0.595600
0.594832
0.592459
0.592341
0.594066
0.590043
0.593464
0.591799
0.593508
0.591987
0.592567
0.595522
0.592684
0.592431
0.594039
0.592472
0.594088
0.593177
0.592347
0.592664
0.592543
0.592297
0.589918
0.591331
0.589946
0.592079
0.592849
0.591491
0.592528
0.591474
0.590782
0.590858
0.588846
0.592310
0.592857
0.592623
0.592587
0.592114
0.590661
0.591145
0.592472
0.592402
0.592146
0.591893
0.590985
0.591597
0.590410
0.591078
0.591260
0.591441
0.591421
0.590799
0.592011
0.591500
0.591823
0.592139
0.593603
0.591590
0.590929
0.590863
0.593169
0.591060
0.590133
0.589577
0.592580
0.591314
0.591735
0.590985
0.589194
0.591674
0.589865
0.592666
0.590167
0.590610
0.590311
0.592509
0.593053
0.594264
0.592934
0.592017
0.591259
0.591926
0.591354
0.592402
0.592064
0.593628
0.590767
0.593895
0.592001
0.592329
0.592321
0.592222
0.593865
0.592184
0.594311
0.592128
0.591671
0.590505
0.591317
0.591880
0.592570
0.591880
0.589275
0.594517
0.593496
0.592588
0.593278
0.591589
0.590961
0.591930
0.592133
0.590838
0.592218
0.592822
0.591603
0.592712
0.592787
0.592384
0.592431
0.591813
0.591680
0.592539
0.593135
0.592230
0.594387
0.592961
0.594139
0.591005
0.592256
0.592600
0.593217
0.594642
0.593313
0.593478
0.593781
0.592335
0.591217
0.592958
0.593211
0.592709
0.591658
0.593863
0.592574
0.592911
0.593875
0.594840
0.593079
0.593627
0.592303
0.591100
0.593225
0.591266
0.593460
0.593291
0.591065
0.590555
0.590172
0.591286
0.591596
0.589993
0.592555
0.592690
0.592193
0.591970
0.593298
0.593346
0.591783
0.591038
0.592801
0.591664
0.591215
0.592776
0.591739
0.593769
0.593634
0.590845
0.591622
0.592691
0.590604
0.593004
0.591513
0.590393
0.591732
0.591227
0.591576
0.590306
0.591661
0.591116
0.591282
0.592226
0.591126
0.590552
0.590046
0.592078
0.592007
0.590898
0.592043
0.590810
0.591645
0.591360
0.591757
0.591947
0.593607
0.591826
0.591852
0.592509
0.591623
0.592261
0.594072
0.592238
0.592450
0.591601
0.591524
0.592588
0.592479
0.593279
0.591265
0.592869
0.592232
0.592736
0.590681
0.591660
0.591325
0.592240
0.593393
0.590719
0.592914
0.591687
0.594706
0.593338
0.591849
0.595059
0.592175
0.594646
0.592085
0.592876
0.592795
0.591876
0.594630
0.594666
0.590898
0.592901
0.592634
0.593533
0.592515
0.592961
0.594093
0.592712
0.592461
0.594207
0.591838
0.592457
0.592475
0.591459
0.592556
0.593632
0.593225
0.593394
0.594151
0.592900
0.591717
0.593944
0.594912
0.595154
0.593252
0.592347
0.593952
0.593680
0.594815
0.592860
0.592468
0.592917
0.593288
0.593857
0.574284
0.570961
0.573324
0.570732
0.571601
0.572912
0.572021
0.572777
0.571025
0.571222
0.572511
0.573261
0.573823
0.572798
0.571640
0.571710
0.573018
0.572555
0.573236
0.573112
0.572186
0.573682
0.573047
0.572965
0.571508
0.572512
0.571583
0.572844
0.570788
0.572068
0.572932
0.572394
0.572070
0.574047
0.573478
0.571236
0.573205
0.569778
0.573200
0.571912
0.571768
0.570512
0.571897
0.572459
0.570007
0.572509
0.574031
0.572422
0.570708
0.572113
0.570694
0.571737
0.571307
0.570937
0.572043
0.571935
0.569748
0.573586
0.572837
0.571269
0.572479
0.574009
0.570368
0.571519
0.571643
0.572144
0.572079
0.572360
0.571758
0.572110
0.572983
0.573645
0.572509
0.573304
0.571937
0.574108
0.573506
0.572879
0.573499
0.572074
0.574250
0.572189
0.574623
0.573607
0.572241
0.571389
0.572839
0.573364
0.573876
0.570590
0.573672
0.572919
0.573854
0.572355
0.572937
0.573427
0.572069
0.572874
0.574019
0.573496
0.573307
0.574613
0.573835
0.573349
0.573896
0.571294
0.573338
0.572547
0.572596
0.569987
0.573884
0.573358
0.573397
0.574093
0.571361
0.573240
0.573423
0.574179
0.572809
0.573166
0.572303
0.573778
0.572633
0.575376
0.573701
0.573389
0.571802
0.572329
0.592877
0.592650
0.592581
0.592687
0.592934
0.593263
0.590261
0.591270
0.591536
0.595625
0.591442
0.591128
0.591274
0.592644
0.590414
0.592609
0.593850
0.591235
0.591362
0.592912
0.592586
0.591387
0.591593
0.591178
0.593305
0.591976
0.591891
0.591543
0.591344
0.591702
0.594052
0.591026
0.591297
0.590831
0.592321
0.591529
0.590878
0.591597
0.592244
0.592229
0.591165
0.592419
0.593011
0.592349
0.593846
0.590203
0.591427
0.591094
0.589909
0.589981
0.592282
0.591968
0.591347
0.591400
0.589727
0.591043
0.591506
0.593367
0.591517
0.591490
0.591587
0.593025
0.589519
0.591269
0.593410
0.592126
0.593716
0.592235
0.593373
0.592432
0.591738
0.590068
0.591746
0.591788
0.590517
0.591298
0.593141
0.592918
0.592268
0.592322
0.592469
0.592544
0.593070
0.592463
0.592506
0.592794
0.592366
0.591685
0.594018
0.593955
0.592734
0.592171
0.592435
0.592139
0.592493
0.591921
0.592867
0.593278
0.591611
0.595567
0.593149
0.592026
0.592465
0.592933
0.594097
0.591737
0.593643
0.590845
0.594378
0.594275
0.592799
0.593084
0.592847
0.592175
0.593947
0.593781
0.593371
0.593430
0.593991
0.592076
0.593771
0.594088
0.592275
0.592200
0.594581
0.594044
0.593795
0.593036
0.591908
0.591181
0.590595
0.591802
0.592109
0.592546
0.593518
0.591741
0.592496
0.591362
0.589985
0.592934
0.592237
0.592133
0.591952
0.591499
0.592592
0.593154
0.593125
0.592467
0.591403
0.591522
0.591506
0.592201
0.590899
0.592459
0.591495
0.591708
0.592355
0.590833
0.590297
0.589989
0.591991
0.591125
0.593321
0.592391
0.592584
0.591102
0.592573
0.590063
0.591055
0.591666
0.591828
0.590789
0.589988
0.593271
0.593307
0.591857
0.590896
0.594314
0.591224
0.590629
0.591210
0.592403
0.591831
0.591025
0.592376
0.591587
0.591419
0.592148
0.591816
0.592839
0.591893
0.589869
0.591638
0.592436
0.594077
0.592502
0.590508
0.592497
0.594261
0.592713
0.592854
0.591645
0.592856
0.592761
0.592445
0.592350
0.595344
0.592068
0.592239
0.593722
0.592366
0.592598
0.592478
0.594408
0.594116
0.592093
0.593756
0.592916
0.592210
0.592876
0.592874
0.591853
0.591977
0.593701
0.593315
0.593494
0.592042
0.593482
0.592886
0.591019
0.591708
0.594189
0.593545
0.592772
0.591644
0.593841
0.592547
0.592336
0.593535
0.592582
0.593208
0.592565
0.593092
0.593195
0.592386
0.593178
0.594607
0.590721
0.593127
0.591590
0.592821
0.591857
0.593777
0.592253
0.592372
0.593774
0.593279
0.593414
0.590885
0.591401
0.590468
0.591291
0.591654
0.591690
0.591471
0.593000
0.591545
0.591701
0.591094
0.590717
0.590499
0.590049
0.591605
0.592085
0.592338
0.591133
0.591055
0.591470
0.592419
0.591548
0.591768
0.591033
0.589166
0.591386
0.591008
0.590929
0.592551
0.590488
0.590852
0.592277
0.591561
0.589832
0.590826
0.590409
0.590837
0.591099
0.590921
0.592718
0.592249
0.591054
0.590429
0.591881
0.591087
0.593544
0.591081
0.590068
0.591758
0.590688
0.591771
0.590417
0.592830
0.592475
0.589042
0.591656
0.590911
0.592811
0.592269
0.592532
0.592558
0.591251
0.591080
0.591298
0.591710
0.591824
0.591447
0.593536
0.593765
0.591252
0.593697
0.591968
0.591105
0.592448
0.592767
0.592561
0.590537
0.591945
0.592590
0.592724
0.593312
0.592684
0.592914
0.592120
0.593615
0.590338
0.590754
0.591128
0.591941
0.591534
0.592234
0.590829
0.591847
0.593664
0.591130
0.592729
0.591124
0.589584
0.592386
0.591213
0.591323
0.593982
0.592319
0.593430
0.592011
0.593502
0.593112
0.593507
0.593662
0.592449
0.593669
0.593485
0.592101
0.592999
0.591666
0.594606
0.594515
0.589871
0.591509
0.593468
0.593178
0.593123
0.594101
0.594430
0.592771
0.593617
0.592861
0.592525
0.591932
0.591701
0.591489
0.591867
0.592735
0.592876
0.592956
0.591549
0.592920
0.592101
0.591266
0.592306
0.591026
0.591963
0.592179
0.592057
0.592872
0.594160
0.592538
0.591982
0.592723
0.591087
0.590964
0.591035
0.590576
0.593545
0.592850
0.591747
0.591763
0.591596
0.593288
0.592662
0.592577
0.590911
0.591170
0.591411
0.590711
0.591571
0.589927
0.591761
0.592007
0.591577
0.591253
0.590180
0.591487
0.592739
0.593185
0.590688
0.591790
0.590305
0.591208
0.590294
0.590830
0.591646
0.591067
0.591986
0.591857
0.593337
0.593975
0.591496
0.592850
0.593513
0.592884
0.593207
0.591337
0.592885
0.591443
0.592739
0.591146
0.591050
0.592339
0.591778
0.592145
0.590589
0.592367
0.594137
0.591158
0.593300
0.591655
0.592630
0.592949
0.591319
0.593633
0.591021
0.592671
0.594872
0.592617
0.592685
0.591066
0.593989
0.592496
0.591437
0.592124
0.593042
0.593147
0.592195
0.593897
0.593198
0.592626
0.591795
0.592436
0.594461
0.592244
0.591500
0.594463
0.593042
0.593741
0.594478
0.593199
0.592709
0.593622
0.592565
0.593160
0.592769
0.592792
0.591694
0.592751
0.592724
0.592547
0.594067
0.590751
0.592490
0.593376
0.591936
0.591604
0.594125
0.574727
0.572441
0.573612
0.571985
0.572262
0.574144
0.573197
0.572981
0.572683
0.574050
0.571244
0.573193
0.572426
0.571378
0.571778
0.571952
0.572917
0.572241
0.572658
0.573307
0.572620
0.573133
0.572530
0.573894
0.572187
0.571316
0.573124
0.571301
0.572398
0.568847
0.572570
0.572700
0.573027
0.572586
0.571455
0.572141
0.573088
0.571061
0.572397
0.571938
0.570910
0.571490
0.573063
0.572236
0.572751
0.571042
0.571705
0.573723
0.572036
0.570996
0.571973
0.571397
0.571816
0.572244
0.571420
0.570472
0.570952
0.572043
0.572816
0.571785
0.570889
0.572488
0.572033
0.572894
0.572554
0.572251
0.573860
0.572751
0.572544
0.572421
0.574155
0.571375
0.571487
0.572634
0.569742
0.571254
0.573288
0.573002
0.573965
0.572714
0.572059
0.573106
0.573279
0.572311
0.573713
0.574205
0.573491
0.574072
0.573810
0.572575
0.572459
0.572302
0.573724
0.573364
0.574714
0.572509
0.574606
0.573244
0.571951
0.574391
0.572297
0.574335
0.572374
0.573501
0.573367
0.572757
0.572700
0.574606
0.573813
0.571343
0.573591
0.575406
0.573722
0.572514
0.573439
0.571861
0.573168
0.573396
0.573789
0.574391
0.573088
0.574521
0.572522
0.573773
0.572398
0.572559
0.572896
0.573820
0.593483
0.591943
0.593042
0.592618
0.591583
0.592015
0.592581
0.592519
0.591837
0.592321
0.592091
0.590756
0.591211
0.594330
0.592318
0.590112
0.591540
0.590899
0.592224
0.591454
0.590229
0.593090
0.592763
0.591026
0.594152
0.590654
0.592324
0.590792
0.590347
0.593695
0.590451
0.590169
0.591461
0.592214
0.591563
0.592910
0.591272
0.590890
0.591558
0.590481
0.590654
0.590401
0.590993
0.591715
0.591484
0.590644
0.592150
0.591834
0.592519
0.592808
0.591732
0.591725
0.591000
0.591721
0.590785
0.592156
0.591605
0.592214
0.590085
0.591960
0.589788
0.591227
0.592524
0.592782
0.593426
0.590937
0.591663
0.594085
0.592421
0.592124
0.593087
0.592760
0.592805
0.592276
0.591911
0.592227
0.592426
0.593910
0.592714
0.591495
0.593028
0.591679
0.592815
0.590910
0.593881
0.592357
0.592974
0.592304
0.592740
0.591764
0.595013
0.592601
0.591409
0.592582
0.593447
0.593638
0.593253
0.592253
0.592217
0.591397
0.595169
0.594230
0.591962
0.592047
0.591298
0.592149
0.593380
0.591832
0.592606
0.592683
0.593527
0.592284
0.590409
0.591756
0.592951
0.593416
0.593033
0.592765
0.592178
0.593700
0.591301
0.591687
0.593097
0.593857
0.592529
0.593908
0.591701
0.594065
0.592218
0.593214
0.592232
0.591440
0.591665
0.593434
0.592320
0.592512
0.592997
0.591759
0.593540
0.590432
0.592418
0.592962
0.590177
0.591963
0.591788
0.591825
0.591684
0.593669
0.591667
0.592336
0.591943
0.592790
0.593559
0.590728
0.592766
0.592411
0.592158
0.590687
0.591005
0.591192
0.592049
0.591576
0.592618
0.592018
0.591136
0.591091
0.590439
0.592287
0.592918
0.592380
0.591066
0.591980
0.591976
0.592588
0.593129
0.590962
0.591991
0.592386
0.591513
0.592188
0.591043
0.591216
0.591727
0.591889
0.592096
0.589604
0.590357
0.592863
0.591834
0.592601
0.595418
0.593169
0.592146
0.593480
0.592677
0.591682
0.593092
0.593653
0.592716
0.593368
0.592617
0.591745
0.592905
0.592331
0.590272
0.593024
0.592758
0.593334
0.592027
0.591200
0.591652
0.593802
0.593851
0.591965
0.592800
0.593085
0.593625
0.590633
0.592233
0.594054
0.594606
0.594433
0.594328
0.592308
0.593519
0.592642
0.593618
0.592468
0.592436
0.592894
0.593340
0.593599
0.591594
0.594431
0.593261
0.593620
0.593223
0.591988
0.593791
0.594316
0.592706
0.593724
0.593842
0.593283
0.592378
0.592819
0.594450
0.593252
0.592055
0.593426
0.591710
0.593470
0.595469
0.594208
0.593661
0.592005
0.594192
0.592298
0.593258
0.591970
0.592608
0.593017
0.593040
0.590716
0.590300
0.592170
0.590962
0.590824
0.590693
0.590859
0.592313
0.591403
0.590508
0.592473
0.593115
0.592295
0.590485
0.591405
0.593096
0.590965
0.589866
0.591920
0.592878
0.590833
0.592288
0.591718
0.591493
0.594048
0.591618
0.591487
0.591419
0.592049
0.591043
0.591301
0.591538
0.589886
0.591966
0.590591
0.589858
0.593098
0.590016
0.590695
0.589846
0.590423
0.592293
0.591185
0.592150
0.594334
0.592509
0.591831
0.590160
0.591444
0.591340
0.591286
0.591756
0.592314
0.592086
0.592671
0.592218
0.592561
0.592150
0.591035
0.591885
0.589907
0.589749
0.592647
0.593410
0.591685
0.589936
0.591579
0.591092
0.593370
0.591648
0.591031
0.594168
0.591987
0.593009
0.592261
0.592212
0.592410
0.592157
0.591470
0.593197
0.593728
0.592258
0.592101
0.591558
0.592937
0.591713
0.591277
0.591252
0.591789
0.592207
0.592214
0.592256
0.590697
0.590766
0.593138
0.591918
0.594545
0.592747
0.592305
0.594284
0.591765
0.593349
0.592388
0.592366
0.593210
0.592422
0.593024
0.593153
0.593623
0.594119
0.593720
0.592936
0.593562
0.593578
0.593247
0.591521
0.593039
0.593609
0.591822
0.593889
0.593340
0.591261
0.593086
0.591310
0.591954
0.592975
0.590999
0.591678
0.591684
0.592765
0.590960
0.594338
0.592522
0.590716
0.591919
0.591731
0.590659
0.593102
0.591975
0.592913
0.592755
0.591256
0.592072
0.593085
0.590468
0.591764
0.591864
0.592577
0.590707
0.591187
0.590511
0.592312
0.589779
0.591484
0.591555
0.591975
0.591887
0.591287
0.592057
0.591955
0.591841
0.591753
0.592583
0.591335
0.589851
0.591310
0.591580
0.589897
0.592137
0.592214
0.588932
0.589942
0.591804
0.590673
0.590832
0.591655
0.591656
0.591008
0.591390
0.591476
0.593858
0.593677
0.592289
0.593144
0.592018
0.593662
0.592290
0.591919
0.590018
0.592270
0.591057
0.592050
0.592089
0.593147
0.592693
0.592033
0.592106
0.591771
0.592307
0.593748
0.592094
0.593781
0.593702
0.592653
0.591593
0.590476
0.591445
0.592235
0.593901
0.590820
0.593300
0.591926
0.591776
0.592953
0.593473
0.593166
0.592913
0.593242
0.593570
0.592884
0.592185
0.591112
0.592169
0.593549
0.591898
0.593753
0.592999
0.593354
0.592387
0.593185
0.592631
0.593140
0.593220
0.593886
0.593692
0.593248
0.593827
0.591694
0.594087
0.593197
0.592299
0.591241
0.593978
0.592993
0.592691
0.592458
0.593468
0.591456
0.593576
0.573338
0.572734
0.571631
0.572662
0.572112
0.570947
0.573851
0.571594
0.573163
0.572630
0.572265
0.571257
0.574223
0.573309
0.573688
0.574005
0.574040
0.572401
0.572593
0.572321
0.573759
0.572872
0.572195
0.573076
0.571105
0.571562
0.570612
0.571703
0.570633
0.571589
0.572145
0.571791
0.573675
0.569965
0.573222
0.570539
0.572174
0.573129
0.571372
0.570975
0.573456
0.572713
0.571028
0.572301
0.573124
0.573261
0.571406
0.572808
0.570272
0.572401
0.571900
0.574789
0.571883
0.570617
0.572702
0.572163
0.571818
0.571794
0.572611
0.571918
0.572918
0.573008
0.572854
0.571542
0.572391
0.572767
0.574236
0.574071
0.574939
0.572464
0.573456
0.575469
0.572371
0.570666
0.572146
0.573100
0.574247
0.572722
0.574362
0.571939
0.572619
0.573866
0.574592
0.574566
0.571939
0.573116
0.572830
0.572152
0.573559
0.574050
0.574318
0.573571
0.574062
0.572703
0.572707
0.573529
0.572899
0.573723
0.572634
0.571756
0.572608
0.573060
0.570875
0.574178
0.573528
0.574126
0.573441
0.571990
0.572545
0.573559
0.574687
0.573581
0.572551
0.573398
0.572097
0.574740
0.571956
0.573426
0.574992
0.573013
0.573127
0.573666
0.571764
0.573495
0.572727
0.573379
0.573941
0.571486
0.592599
0.591430
0.592036
0.589795
0.592658
0.590831
0.594727
0.590895
0.592035
0.592091
0.590370
0.589805
0.590966
0.593386
0.589856
0.590563
0.590844
0.591638
0.591778
0.591205
0.589595
0.590672
0.590010
0.591055
0.592164
0.590556
0.591387
0.591531
0.591224
0.592205
0.591376
0.591186
0.593843
0.592751
0.591484
0.591675
0.591673
0.592605
0.589321
0.591763
0.593741
0.591528
0.591443
0.591471
0.591888
0.590832
0.591722
0.590192
0.590964
0.592570
0.592284
0.589769
0.591793
0.590132
0.591281
0.590784
0.591554
0.592761
0.592880
0.591739
0.592552
0.591081
0.592256
0.593373
0.593102
0.590638
0.591311
0.593240
0.592221
0.592413
0.592121
0.594199
0.592613
0.592286
0.594011
0.591361
0.593532
0.591932
0.592578
0.592046
0.593999
0.591563
0.592025
0.592963
0.592264
0.593460
0.594465
0.592493
0.592811
0.593058
0.591828
0.591724
0.594208
0.595412
0.592655
0.593158
0.591816
0.592111
0.591851
0.592609
0.593405
0.592378
0.593417
0.594216
0.590850
0.594405
0.592985
0.593466
0.592933
0.592904
0.590994
0.594159
0.593819
0.592011
0.593254
0.595155
0.592047
0.592882
0.593583
0.594281
0.590790
0.592094
0.592072
0.591840
0.592403
0.594149
0.593456
0.592413
0.592136
0.593590
0.592268
0.591595
0.592140
0.593827
0.590150
0.590629
0.591721
0.592608
0.592506
0.591480
0.591551
0.592768
0.592139
0.593405
0.591707
0.592190
0.590826
0.592948
0.591980
0.591220
0.592162
0.593203
0.593847
0.592577
0.592115
0.592382
0.590128
0.591642
0.593472
0.590350
0.592105
0.588798
0.590832
0.590757
0.592006
0.591754
0.590429
0.591499
0.592490
0.591505
0.591682
0.592623
0.592399
0.589517
0.592975
0.591448
0.592864
0.591735
0.593194
0.591384
0.592473
0.591238
0.592249
0.591949
0.590930
0.592248
0.590551
0.593136
0.592832
0.593157
0.593418
0.591890
0.592478
0.590893
0.591383
0.592169
0.592756
0.593177
0.592980
0.591704
0.591997
0.593844
0.592759
0.594058
0.592356
0.593441
0.591396
0.594189
0.592229
0.593297
0.592926
0.590734
0.591167
0.591071
0.591982
0.591865
0.593590
0.591017
0.591559
0.592060
0.591950
0.591494
0.591141
0.590515
0.593599
0.594451
0.593766
0.594324
0.593769
0.591976
0.593611
0.592766
0.593013
0.593052
0.592191
0.593079
0.592913
0.593009
0.593339
0.593290
0.591693
0.592559
0.594116
0.592822
0.591889
0.592411
0.594537
0.592570
0.591648
0.593808
0.593187
0.593568
0.595544
0.593635
0.593789
0.593156
0.593869
0.591219
0.593759
0.591481
0.590377
0.591991
0.594158
0.591353
0.591197
0.590695
0.591063
0.591048
0.590617
0.591922
0.591489
0.592840
0.592489
0.592538
0.590850
0.591232
0.592061
0.590547
0.592726
0.590878
0.592173
0.592717
0.589963
0.593312
0.590233
0.591483
0.590927
0.590456
0.590851
0.591504
0.591988
0.592273
0.592075
0.590586
0.590289
0.592120
0.591014
0.593281
0.588846
0.591848
0.591186
0.592412
0.592691
0.591564
0.593442
0.591643
0.590530
0.591950
0.591557
0.592971
0.591111
0.591648
0.591135
0.591401
0.592630
0.592935
0.592230
0.591450
0.592672
0.591303
0.592719
0.590130
0.591585
0.593507
0.592216
0.593094
0.592007
0.594533
0.590914
0.592835
0.592691
0.592422
0.592582
0.592750
0.592495
0.591734
0.590506
0.591809
0.592975
0.591919
0.591772
0.593333
0.591741
0.593452
0.591001
0.592929
0.592302
0.592082
0.592548
0.592698
0.592667
0.592366
0.593298
0.594312
0.592942
0.593490
0.592055
0.593249
0.594531
0.591622
0.594651
0.592508
0.593901
0.593330
0.590939
0.591550
0.593604
0.592409
0.594192
0.593176
0.590622
0.592522
0.593097
0.593576
0.593829
0.593868
0.593375
0.592710
0.593041
0.592877
0.592615
0.592650
0.593638
0.593110
0.594259
0.592058
0.592669
0.592377
0.592215
0.590770
0.593248
0.591694
0.592969
0.592113
0.591288
0.593143
0.591446
0.589874
0.591478
0.591392
0.592616
0.593572
0.589345
0.593314
0.591829
0.591727
0.591777
0.589442
0.591706
0.593388
0.591170
0.591322
0.592626
0.592064
0.590597
0.590563
0.592499
0.591649
0.593050
0.591612
0.590748
0.593696
0.591708
0.593393
0.591964
0.592713
0.592201
0.593958
0.590943
0.591797
0.591441
0.591566
0.591613
0.590932
0.592183
0.592905
0.592542
0.591931
0.591163
0.591641
0.592213
0.591092
0.592355
0.592192
0.591884
0.591955
0.590077
0.591293
0.592509
0.591255
0.590705
0.593034
0.593549
0.593453
0.591808
0.592851
0.592426
0.592600
0.593496
0.593068
0.591562
0.592003
0.592252
0.592591
0.592118
0.590480
0.593239
0.592250
0.591238
0.593402
0.592205
0.594123
0.592865
0.592132
0.592124
0.592983
0.592726
0.593972
0.593802
0.593490
0.591954
0.593032
0.590913
0.592512
0.593095
0.594677
0.595042
0.592813
0.592988
0.591830
0.593145
0.593828
0.593532
0.592380
0.592177
0.594014
0.592127
0.593673
0.591750
0.594667
0.592520
0.592377
0.592650
0.591664
0.591376
0.593504
0.593296
0.592771
0.593719
0.592330
0.592924
0.593283
0.574351
0.573711
0.573243
0.573513
0.572459
0.572023
0.573549
0.572129
0.572559
0.573011
0.573550
0.572109
0.574182
0.571538
0.572336
0.572434
0.572682
0.573140
0.573252
0.572081
0.572730
0.572685
0.571124
0.570800
0.571874
0.571192
0.571719
0.573660
0.572418
0.571939
0.570706
0.570846
0.573460
0.571316
0.571473
0.572532
0.572220
0.572456
0.572526
0.573968
0.571304
0.573851
0.571589
0.570992
0.570751
0.571652
0.572488
0.573524
0.569691
0.572389
0.574261
0.571497
0.574477
0.573113
0.570242
0.569947
0.571734
0.570865
0.572700
0.572635
0.573053
0.572808
0.572763
0.573203
0.573075
0.573115
0.572410
0.569809
0.572992
0.573037
0.573041
0.572267
0.574190
0.572463
0.573282
0.571249
0.573229
0.572108
0.572163
0.573808
0.573008
0.573610
0.572281
0.575801
0.571459
0.573925
0.574490
0.573689
0.573240
0.572526
0.575576
0.575888
0.573871
0.572788
0.573534
0.574585
0.571729
0.573265
0.574411
0.572843
0.572391
0.573481
0.573308
0.574652
0.574624
0.573689
0.574113
0.572917
0.572237
0.570896
0.573816
0.572496
0.575154
0.572970
0.571541
0.571974
0.572876
0.574530
0.571835
0.573659
0.575656
0.573547
0.573911
0.572187
0.573159
0.572914
0.574363
0.573865
0.593057
0.592532
0.591957
0.592129
0.591994
0.593116
0.593376
0.591854
0.591301
0.593492
0.591104
0.593115
0.591594
0.593656
0.591140
0.592262
0.591174
0.592501
0.592412
0.593247
0.592134
0.590149
0.589391
0.591699
0.591376
0.592184
0.592067
0.591842
0.591731
0.591341
0.592140
0.590155
0.592282
0.590787
0.589749
0.592486
0.591139
0.592191
0.591473
0.591149
0.592779
0.590831
0.592387
0.592855
0.591493
0.591514
0.590600
0.590502
0.592090
0.591983
0.592208
0.591764
0.590408
0.591626
0.590686
0.591367
0.590049
0.592500
0.591662
0.592643
0.593102
0.590828
0.591139
0.591791
0.590012
0.591252
0.593217
0.591905
0.592070
0.592172
0.592912
0.591118
0.592801
0.591337
0.592006
0.592388
0.591548
0.591563
0.591804
0.592611
0.591519
0.593011
0.593462
0.593381
0.591560
0.592956
0.592828
0.593882
0.593112
0.591019
0.592778
0.593579
0.592601
0.594397
0.594353
0.590914
0.592466
0.592843
0.594517
0.592120
0.593225
0.590475
0.592381
0.593148
0.592940
0.592380
0.593016
0.594141
0.592716
0.593708
0.591113
0.595433
0.592409
0.594402
0.592038
0.590971
0.593684
0.589716
0.593742
0.591124
0.592605
0.591775
0.593517
0.591934
0.592456
0.593144
0.593331
0.593631
0.591425
0.592569
0.592748
0.591783
0.590972
0.590666
0.594193
0.592071
0.593118
0.591245
0.593603
0.590804
0.592654
0.592071
0.592723
0.592518
0.592204
0.592414
0.591794
0.592043
0.591232
0.591895
0.591187
0.591312
0.591376
0.592794
0.593248
0.591959
0.591469
0.591828
0.591238
0.591169
0.590456
0.593530
0.592458
0.591271
0.591063
0.591947
0.594624
0.592360
0.592428
0.592936
0.591680
0.591897
0.592459
0.590276
0.592407
0.590684
0.592239
0.589711
0.590467
0.592446
0.592000
0.591409
0.591788
0.591052
0.592112
0.591536
0.590642
0.593616
0.592175
0.591628
0.593011
0.593289
0.593233
0.592371
0.592964
0.592472
0.593453
0.591751
0.591217
0.592013
0.593569
0.592510
0.594166
0.593370
0.592231
0.590935
0.591751
0.593156
0.592521
0.593092
0.595505
0.593292
0.594175
0.591044
0.592721
0.594342
0.590850
0.593963
0.592452
0.592833
0.592505
0.593120
0.593147
0.593825
0.593772
0.595722
0.590979
0.591620
0.594206
0.593134
0.592098
0.595025
0.593852
0.593478
0.592707
0.593905
0.595610
0.593126
0.594247
0.591292
0.593785
0.594816
0.592251
0.592521
0.593504
0.593704
0.593727
0.593511
0.592573
0.592571
0.593111
0.592527
0.592290
0.592699
0.593987
0.593256
0.591935
0.593905
0.591909
0.592039
0.593495
0.592663
0.591886
0.590676
0.591763
0.591027
0.591975
0.592554
0.591997
0.591720
0.591306
0.590505
0.591733
0.591987
0.592544
0.589755
0.593184
0.591046
0.592291
0.590913
0.591434
0.593099
0.591449
0.591287
0.591693
0.590226
0.592023
0.592328
0.591231
0.591234
0.591135
0.590135
0.591404
0.591342
0.589610
0.589086
0.591821
0.591837
0.591332
0.591054
0.590825
0.589750
0.591222
0.591359
0.591687
0.592275
0.592862
0.590670
0.591155
0.592253
0.592869
0.591222
0.593170
0.591720
0.592385
0.592346
0.590784
0.591558
0.590676
0.594471
0.591512
0.592281
0.591817
0.591280
0.591438
0.592928
0.592941
0.592201
0.591528
0.592215
0.591939
0.591530
0.591671
0.591180
0.591692
0.591890
0.592124
0.591741
0.592544
0.591671
0.590790
0.591807
0.591464
0.590761
0.592910
0.591365
0.592076
0.593524
0.594333
0.592704
0.592504
0.592745
0.593816
0.591579
0.593119
0.592988
0.592992
0.593432
0.591361
0.594803
0.594942
0.595168
0.593370
0.592251
0.593395
0.592707
0.593417
0.594691
0.593766
0.592188
0.591593
0.594178
0.592206
0.592355
0.593830
0.592587
0.591340
0.592929
0.594427
0.593844
0.591943
0.592445
0.592568
0.593508
0.591655
0.591864
0.592955
0.590029
0.593029
0.592291
0.592729
0.592259
0.591429
0.591456
0.591785
0.591853
0.590916
0.591522
0.592764
0.591134
0.592840
0.592924
0.590943
0.591619
0.592213
0.590012
0.590992
0.591179
0.591639
0.591550
0.592266
0.592045
0.591505
0.592811
0.591524
0.591989
0.592492
0.592560
0.590398
0.590350
0.592470
0.592486
0.591681
0.590715
0.590227
0.592203
0.591909
0.592171
0.590937
0.590956
0.593505
0.590936
0.591768
0.592878
0.590416
0.591205
0.590933
0.593028
0.590861
0.592663
0.592266
0.590130
0.590909
0.590509
0.592463
0.590296
0.590310
0.593801
0.592600
0.592166
0.591747
0.593089
0.592491
0.591550
0.590512
0.592623
0.592650
0.592104
0.592122
0.594867
0.593820
0.590935
0.592930
0.593172
0.592965
0.592878
0.593083
0.593787
0.593299
0.592090
0.591637
0.592812
0.593381
0.593282
0.593554
0.594290
0.592806
0.591351
0.591525
0.594140
Pass 3: Computing changesets...
Done!
pass_3 time = 133.15735387802124
[run_ginex.py] pass_3 time = 133.15756726264954
[run_ginex.py] sb_sample time = 724.0206894874573
Step 1: Done
inspect_time = 851916.875
Step 2: Switch
Step 2: Done
Step 3: Main Loop
0
sampling:  0.10300800204277039
gather:  230.8017578125
cache:  0.03872000053524971
transfer:  317.9263000488281
forward:  428.1613464355469
backward:  176.0061492919922
free:  7.968192100524902
1000
sampling:  0.27612799406051636
gather:  1015.0599365234375
cache:  0.09679999947547913
transfer:  95.74272155761719
forward:  4.071008205413818
backward:  7.439328193664551
free:  0.7081599831581116
2000
sampling:  0.2688319981098175
gather:  684.6029663085938
cache:  0.09942399710416794
transfer:  191.19827270507812
forward:  13.278911590576172
backward:  2.8835840225219727
free:  7.254303932189941
3000
sampling:  0.8702719807624817
gather:  197.7041015625
cache:  0.07577600330114365
transfer:  48.86511993408203
forward:  3.0490241050720215
backward:  1.8329600095748901
free:  0.22307200729846954
4000
sampling:  0.25760000944137573
gather:  219.52951049804688
cache:  0.10060799866914749
transfer:  48.05900955200195
forward:  3.0648319721221924
backward:  1.9425280094146729
free:  0.20550400018692017
5000
sampling:  0.29020801186561584
gather:  259.83636474609375
cache:  0.09004800021648407
transfer:  52.03993606567383
forward:  3.076575994491577
backward:  1.8309119939804077
free:  0.6204479932785034
6000
sampling:  0.28438401222229004
gather:  1087.2476806640625
cache:  0.2213120013475418
transfer:  54.330238342285156
forward:  3.06496000289917
backward:  2.420736074447632
free:  0.39740800857543945
7000
sampling:  0.3035840094089508
gather:  749.3449096679688
cache:  0.07532799988985062
transfer:  53.8007698059082
forward:  11.923168182373047
backward:  6.804480075836182
free:  2.1081600189208984
8000
sampling:  0.3062720000743866
gather:  479.0664978027344
cache:  0.09734400361776352
transfer:  53.95030212402344
forward:  2.978048086166382
backward:  2.4842240810394287
free:  0.21606400609016418
Step 3: Done
=========================== Total Stat ===========================
dataset: ogbn_products_extended, sb-size: 8800, batch-size: 1000, nc-size: 45.0GB, fc-size: 50.0GB, zstd: False, khop: 128
Part 1: sb_sample_times pass_1_and_2_times pass_3_times
696.4012
724.0207
100.0689
133.1576
==================================================================
Part 2: inspect_time switch_time sampling_time gather_time cache_time transfer_time forward_time backward_time free_time
851.9169
66.9366
15.4129
4235.2481
8454.3842
759.5593
526.9243
278.4575
147.5825
==================================================================
Current superbatch ended
Epoch 00, Loss: 0.0003, Approx. Train: 0.3992
Epoch time: 16111594.2013 ms
