Preparing dataset...
Done!

==============================
Running Epoch 0...
Running 0th superbatch of total 3 superbatches
Step 1: Superbatch Sample
[run_ginex.py] sb_sample time = 694.8985133171082
Step 1: Done
inspect_time = 713242.0
Running 1th superbatch of total 3 superbatches
Step 1: Superbatch Sample
Loading ids...
Done!
Pass 1: calculating frequency and initial cache indices...
Done!
Pass 2: making two key data structures (iterptr & iters)...
Done!
pass_1_and_2 time = 58.47727108001709
[run_ginex.py] pass_1_and_2 time = 58.47733402252197
1.000000
1.000000
1.000000
1.000000
1.000000
1.000000
1.000000
1.000000
1.000000
1.000000
1.000000
1.000000
1.000000
1.000000
1.000000
1.000000
1.000000
1.000000
1.000000
1.000000
1.000000
1.000000
1.000000
1.000000
1.000000
1.000000
1.000000
1.000000
1.000000
1.000000
1.000000
1.000000
1.000000
1.000000
1.000000
1.000000
1.000000
1.000000
1.000000
1.000000
1.000000
1.000000
1.000000
1.000000
1.000000
1.000000
1.000000
1.000000
1.000000
1.000000
1.000000
1.000000
1.000000
1.000000
1.000000
1.000000
1.000000
1.000000
1.000000
1.000000
1.000000
1.000000
1.000000
1.000000
1.000000
1.000000
1.000000
1.000000
1.000000
1.000000
1.000000
1.000000
1.000000
1.000000
1.000000
1.000000
1.000000
1.000000
1.000000
1.000000
1.000000
1.000000
1.000000
1.000000
1.000000
1.000000
1.000000
1.000000
1.000000
1.000000
1.000000
1.000000
1.000000
1.000000
1.000000
1.000000
1.000000
1.000000
1.000000
1.000000
1.000000
1.000000
1.000000
1.000000
1.000000
1.000000
1.000000
1.000000
1.000000
1.000000
1.000000
1.000000
1.000000
1.000000
1.000000
1.000000
1.000000
1.000000
1.000000
1.000000
1.000000
1.000000
1.000000
1.000000
1.000000
1.000000
1.000000
1.000000
1.000000
1.000000
1.000000
1.000000
1.000000
1.000000
1.000000
1.000000
1.000000
1.000000
1.000000
1.000000
1.000000
1.000000
1.000000
1.000000
1.000000
1.000000
1.000000
1.000000
1.000000
1.000000
1.000000
1.000000
1.000000
1.000000
1.000000
1.000000
1.000000
1.000000
1.000000
1.000000
1.000000
1.000000
1.000000
1.000000
1.000000
1.000000
1.000000
1.000000
1.000000
1.000000
1.000000
1.000000
1.000000
1.000000
1.000000
1.000000
1.000000
1.000000
1.000000
1.000000
1.000000
1.000000
1.000000
1.000000
1.000000
1.000000
1.000000
1.000000
1.000000
1.000000
1.000000
1.000000
0.416079
0.418041
0.420198
0.418386
0.419038
0.413348
0.418167
0.416057
0.417109
0.417354
0.418162
0.418762
0.417136
0.417781
0.416313
0.415563
0.417682
0.416477
0.421475
0.413655
0.415380
0.416195
0.417039
0.419237
0.418448
0.419541
0.416023
0.417817
0.421228
0.418061
0.419703
0.418542
0.296116
0.298753
0.296057
0.298747
0.296656
0.295467
0.299191
0.297358
0.296192
0.297119
0.296221
0.297092
0.299322
0.297276
0.296840
0.296337
0.298080
0.295743
0.298151
0.297337
0.299305
0.297838
0.296824
0.295200
0.297045
0.296644
0.298588
0.296711
0.296971
0.297914
0.298090
0.296382
0.327761
0.328371
0.328069
0.329285
0.329284
0.330406
0.326998
0.327651
0.327601
0.329573
0.328062
0.327842
0.327143
0.328272
0.327492
0.328465
0.328589
0.328358
0.328217
0.328268
0.329839
0.327367
0.327318
0.327608
0.329278
0.329775
0.327203
0.327433
0.328321
0.327122
0.328840
0.328908
0.358842
0.357927
0.357184
0.355927
0.357337
0.357459
0.358566
0.356716
0.356691
0.359255
0.356947
0.357425
0.356751
0.359422
0.357933
0.358437
0.356900
0.357903
0.358389
0.358187
0.357492
0.358163
0.357724
0.358301
0.358935
0.356829
0.358116
0.360163
0.355985
0.357409
0.355982
0.359704
0.384849
0.384828
0.384225
0.386176
0.384809
0.385246
0.385593
0.386102
0.382923
0.383436
0.385678
0.383305
0.384618
0.383843
0.386566
0.384644
0.385511
0.384122
0.385612
0.385259
0.385521
0.385993
0.385582
0.384743
0.385610
0.385403
0.384286
0.384234
0.385416
0.385357
0.384002
0.383988
0.411076
0.411963
0.409882
0.412854
0.410995
0.411964
0.411183
0.410796
0.413382
0.411222
0.409595
0.410013
0.410104
0.410883
0.411754
0.411754
0.411379
0.410095
0.412551
0.410204
0.410069
0.410520
0.410890
0.410407
0.411787
0.412025
0.410422
0.410931
0.411073
0.411140
0.411121
0.411644
0.436865
0.435980
0.435504
0.435140
0.435845
0.434252
0.435834
0.438124
0.437123
0.435645
0.434644
0.436233
0.434530
0.434576
0.436334
0.434838
0.435421
0.434738
0.437183
0.436261
0.433305
0.434552
0.436165
0.434160
0.436033
0.435564
0.435531
0.436216
0.435834
0.435978
0.436920
0.436778
0.458349
0.458813
0.459675
0.457789
0.458758
0.458175
0.458748
0.458708
0.458161
0.459492
0.459714
0.458475
0.458609
0.458617
0.456013
0.457769
0.458699
0.455999
0.458204
0.456929
0.459461
0.459184
0.459540
0.458511
0.458596
0.459495
0.459599
0.459022
0.457875
0.458180
0.457610
0.458684
0.481321
0.481074
0.480272
0.479324
0.481406
0.481221
0.480173
0.481044
0.481856
0.480806
0.479876
0.482354
0.481416
0.480356
0.481613
0.482224
0.480824
0.480497
0.478817
0.482055
0.481746
0.480602
0.478798
0.481187
0.478589
0.481263
0.481370
0.479534
0.480930
0.481977
0.481699
0.478968
0.500427
0.501547
0.501130
0.501881
0.501673
0.502308
0.499369
0.502133
0.501819
0.499726
0.500995
0.500973
0.499368
0.501966
0.501645
0.502575
0.501388
0.501949
0.500288
0.499651
0.502396
0.500819
0.500128
0.502263
0.502373
0.501897
0.502924
0.503144
0.502333
0.501130
0.500564
0.499234
0.522047
0.521669
0.519652
0.520692
0.521685
0.522136
0.519886
0.521736
0.520634
0.520792
0.521495
0.521323
0.520784
0.520850
0.522082
0.521407
0.521851
0.522381
0.522869
0.522115
0.519869
0.519771
0.521634
0.522108
0.521883
0.519248
0.520145
0.520724
0.521814
0.521079
0.521550
0.520584
0.541433
0.539572
0.539557
0.539824
0.539479
0.541058
0.539861
0.539660
0.539973
0.539455
0.540554
0.539654
0.540225
0.539856
0.541158
0.539967
0.538869
0.539135
0.539032
0.540438
0.538628
0.539722
0.540972
0.540093
0.541095
0.538106
0.539100
0.539542
0.539854
0.539914
0.540535
0.539515
0.555486
0.558397
0.557207
0.555916
0.557452
0.558661
0.557672
0.559865
0.560341
0.557531
0.556378
0.558059
0.557409
0.556100
0.556786
0.558295
0.555772
0.558043
0.558199
0.557578
0.557883
0.557928
0.558462
0.556568
0.557188
0.557241
0.557106
0.558982
0.557188
0.557527
0.557577
0.555481
0.576316
0.574035
0.574094
0.574019
0.577049
0.574636
0.576584
0.573552
0.575854
0.574630
0.573561
0.573761
0.573376
0.573781
0.573951
0.575025
0.574299
0.575393
0.574306
0.574763
0.575048
0.575239
0.574546
0.575478
0.575254
0.573325
0.575214
0.575745
0.575108
0.575941
0.573586
0.574968
0.590107
0.590664
0.590737
0.591103
0.590619
0.591823
0.589975
0.592816
0.591777
0.590627
0.589076
0.592436
0.591278
0.591468
0.591929
0.591692
0.590918
0.590761
0.590911
0.589073
0.591066
0.592483
0.590784
0.590976
0.591144
0.591466
0.590547
0.589180
0.590210
0.590404
0.591295
0.588281
0.605753
0.607257
0.606768
0.605615
0.605488
0.606412
0.605896
0.607400
0.607530
0.605729
0.606842
0.607559
0.606386
0.605690
0.607165
0.605307
0.605331
0.605759
0.605618
0.606893
0.607048
0.607039
0.605612
0.604990
0.607826
0.606032
0.606902
0.604420
0.606680
0.605443
0.605136
0.607828
0.621071
0.619041
0.620646
0.619672
0.620402
0.620676
0.620935
0.622341
0.620957
0.620341
0.621805
0.621446
0.622602
0.621576
0.620930
0.619677
0.620634
0.621951
0.619754
0.621023
0.621084
0.618845
0.620001
0.621472
0.620731
0.620770
0.620323
0.621817
0.620640
0.621005
0.621737
0.620156
0.634766
0.635071
0.635327
0.635184
0.634839
0.633833
0.635117
0.634457
0.635189
0.634790
0.634127
0.635509
0.634533
0.633176
0.634162
0.635756
0.634373
0.633416
0.633778
0.633207
0.634743
0.633736
0.635076
0.633599
0.633649
0.634778
0.637087
0.632865
0.634077
0.632904
0.633916
0.634811
0.648574
0.647718
0.646883
0.649179
0.647647
0.648505
0.646961
0.647627
0.647601
0.648420
0.646878
0.647695
0.648348
0.647062
0.647578
0.648348
0.647862
0.646568
0.648255
0.649360
0.647898
0.649218
0.649530
0.648124
0.648051
0.649129
0.648810
0.647807
0.646944
0.647702
0.647185
0.648347
0.659699
0.660687
0.659377
0.659231
0.658735
0.661971
0.661450
0.661388
0.659412
0.659747
0.660605
0.660829
0.659965
0.659847
0.662042
0.660172
0.659614
0.659367
0.660380
0.663125
0.658918
0.660633
0.660344
0.662496
0.660071
0.660298
0.661991
0.659250
0.661271
0.661186
0.660846
0.662088
0.672531
0.672882
0.672966
0.673341
0.671811
0.672965
0.672224
0.671882
0.671893
0.674181
0.672691
0.671669
0.673453
0.674123
0.672369
0.673708
0.671683
0.674201
0.673702
0.673047
0.671496
0.671554
0.672856
0.670452
0.673494
0.672386
0.671907
0.673671
0.672520
0.674060
0.672177
0.672840
0.683466
0.683327
0.683770
0.682404
0.683517
0.682821
0.683337
0.684239
0.684455
0.684774
0.684798
0.685432
0.684012
0.683836
0.683458
0.683667
0.684778
0.682407
0.683371
0.683631
0.684164
0.684358
0.684806
0.683916
0.684363
0.682363
0.684021
0.683351
0.683394
0.683356
0.686282
0.683205
0.693388
0.694621
0.694518
0.695732
0.695738
0.694715
0.694396
0.695418
0.696757
0.694126
0.692428
0.695017
0.696273
0.695618
0.694476
0.695293
0.695337
0.695540
0.693479
0.694715
0.694355
0.695742
0.696532
0.694610
0.694358
0.693129
0.694322
0.693764
0.695519
0.695224
0.695056
0.695481
0.702069
0.704641
0.706656
0.705903
0.705440
0.704216
0.705662
0.705308
0.706396
0.705384
0.705167
0.704695
0.706207
0.706370
0.705502
0.705894
0.705593
0.705395
0.706116
0.706082
0.706401
0.706492
0.706463
0.705230
0.706538
0.704626
0.706981
0.705588
0.704896
0.704671
0.705175
0.706651
0.716678
0.714469
0.715243
0.716635
0.715619
0.714936
0.715732
0.716715
0.715837
0.717536
0.716493
0.715492
0.716836
0.715411
0.716897
0.715821
0.715861
0.716274
0.717145
0.715186
0.714414
0.716114
0.714675
0.715399
0.716171
0.714713
0.715442
0.714407
0.715256
0.714628
0.716442
0.717092
0.560885
0.562271
0.560696
0.560124
0.559536
0.558790
0.560066
0.559834
0.561797
0.558880
0.559423
0.559414
0.559819
0.560661
0.558561
0.560968
0.560446
0.559803
0.562204
0.557972
0.559275
0.560683
0.560197
0.560953
0.562044
0.560873
0.559488
0.559876
0.560816
0.558805
0.560197
0.561569
0.522219
0.520186
0.520019
0.520386
0.522788
0.521858
0.523585
0.522255
0.520741
0.521262
0.522151
0.520761
0.520986
0.520351
0.520996
0.520248
0.522562
0.522639
0.521962
0.520577
0.520032
0.521210
0.522601
0.521525
0.519956
0.520819
0.519669
0.519335
0.520455
0.521130
0.521017
0.521651
0.520544
0.521170
0.519932
0.521652
0.522120
0.519667
0.520858
0.520302
0.521903
0.521307
0.520083
0.522212
0.519714
0.521910
0.520434
0.520394
0.521175
0.522038
0.521557
0.521579
0.520824
0.520412
0.521319
0.522249
0.520922
0.520407
0.521283
0.521130
0.522070
0.520117
0.523362
0.519575
0.539405
0.539423
0.540616
0.539507
0.539052
0.540860
0.540646
0.539659
0.539605
0.538725
0.537802
0.538939
0.540413
0.540023
0.541201
0.539301
0.538810
0.537834
0.539596
0.541943
0.538110
0.539279
0.539980
0.539155
0.539980
0.539241
0.540172
0.538979
0.539310
0.538836
0.539718
0.541694
0.539667
0.540864
0.541096
0.539618
0.539620
0.541931
0.540320
0.539885
0.539987
0.539605
0.538890
0.538365
0.539823
0.539887
0.540531
0.538895
0.539771
0.540475
0.540005
0.540092
0.541974
0.540854
0.541477
0.541336
0.539349
0.540403
0.541079
0.539802
0.539920
0.537438
0.538573
0.539427
0.557962
0.556646
0.556201
0.556865
0.558406
0.556882
0.557379
0.558159
0.557668
0.557283
0.555987
0.556319
0.557586
0.557856
0.558537
0.558639
0.558470
0.558031
0.558707
0.557990
0.557544
0.557622
0.558181
0.556479
0.557344
0.559609
0.556809
0.557234
0.558959
0.558105
0.559040
0.557984
0.557904
0.557242
0.558753
0.557141
0.558080
0.558738
0.557512
0.558155
0.555543
0.557541
0.558204
0.553929
0.557299
0.557433
0.556416
0.558092
0.559360
0.557467
0.557364
0.557494
0.559003
0.559013
0.556380
0.559330
0.557401
0.556680
0.557052
0.556636
0.557566
0.557412
0.559561
0.556508
0.575363
0.576606
0.574811
0.573598
0.575465
0.576017
0.575638
0.575191
0.574402
0.575061
0.576268
0.577586
0.574123
0.575118
0.574556
0.575102
0.576281
0.574691
0.574208
0.574779
0.574296
0.574671
0.574977
0.574043
0.575397
0.574093
0.573930
0.573430
0.574494
0.575548
0.576434
0.574577
0.573949
0.575104
0.572745
0.572152
0.575439
0.575474
0.575265
0.575241
0.574995
0.573933
0.574838
0.573646
0.573332
0.574611
0.575108
0.574702
0.575952
0.577064
0.574714
0.576210
0.575337
0.572132
0.574566
0.573860
0.574589
0.575156
0.574412
0.574871
0.573821
0.573611
0.575299
0.574817
0.591016
0.591148
0.591051
0.590853
0.589765
0.591071
0.592564
0.590967
0.590718
0.592825
0.590528
0.590677
0.590391
0.588648
0.588956
0.591024
0.590488
0.589665
0.590624
0.592142
0.591739
0.591450
0.591093
0.590900
0.589610
0.589157
0.589692
0.590668
0.589875
0.591425
0.590174
0.591959
0.591097
0.590470
0.591091
0.590171
0.589217
0.590737
0.590190
0.590291
0.592174
0.589598
0.590188
0.591966
0.590118
0.590868
0.589911
0.590062
0.591322
0.591215
0.590254
0.590830
0.591237
0.591156
0.591043
0.590124
0.590547
0.591001
0.590442
0.589944
0.591999
0.592105
0.591467
0.591580
0.605754
0.606148
0.604958
0.604313
0.607707
0.607458
0.605251
0.606058
0.605870
0.603618
0.605380
0.603366
0.605676
0.605166
0.606456
0.606947
0.606529
0.606904
0.605250
0.606146
0.606359
0.608235
0.606053
0.607982
0.604885
0.606757
0.606658
0.605434
0.604455
0.605951
0.604571
0.606184
0.608105
0.606835
0.607002
0.607867
0.605370
0.606915
0.606133
0.607744
0.606378
0.605862
0.607119
0.607468
0.606918
0.604958
0.606455
0.604646
0.606436
0.607160
0.607120
0.606949
0.604996
0.607448
0.607713
0.607556
0.605494
0.606370
0.605826
0.606928
0.605458
0.605553
0.606118
0.604964
0.621032
0.620192
0.621261
0.621969
0.622177
0.619416
0.620344
0.622670
0.621144
0.619967
0.620794
0.619587
0.622118
0.620199
0.619748
0.621350
0.621810
0.622949
0.620120
0.621106
0.620724
0.622468
0.620601
0.621360
0.619959
0.622285
0.620330
0.619907
0.620977
0.620847
0.620376
0.621171
0.618052
0.620052
0.618672
0.621015
0.622104
0.621295
0.620163
0.620513
0.620028
0.620557
0.621300
0.619232
0.620137
0.622340
0.619468
0.619342
0.619153
0.620972
0.621712
0.620993
0.619881
0.618232
0.621021
0.620695
0.622726
0.619743
0.620178
0.621405
0.621161
0.620282
0.621445
0.620723
0.635919
0.634655
0.635174
0.634816
0.635201
0.633464
0.635608
0.635083
0.635134
0.635126
0.635493
0.634837
0.634785
0.635128
0.637039
0.634752
0.635589
0.634738
0.636561
0.633140
0.633383
0.632982
0.634346
0.634220
0.635115
0.634353
0.634658
0.633821
0.634848
0.635219
0.633092
0.635187
0.634276
0.635789
0.635167
0.633929
0.635281
0.633587
0.633520
0.634795
0.633647
0.634444
0.635524
0.633264
0.634284
0.634031
0.636085
0.633125
0.634773
0.635197
0.634890
0.632311
0.634682
0.634353
0.632802
0.635306
0.634524
0.631876
0.634226
0.634222
0.633223
0.635879
0.635836
0.633872
0.648238
0.648703
0.647490
0.649505
0.648602
0.648326
0.647317
0.648428
0.647981
0.648627
0.647142
0.646654
0.649806
0.646808
0.647924
0.647948
0.648148
0.648468
0.647235
0.645898
0.649041
0.646028
0.646892
0.649347
0.648401
0.647207
0.647888
0.648578
0.647130
0.647735
0.647622
0.648944
0.648043
0.648986
0.648696
0.645939
0.648535
0.646805
0.647812
0.647674
0.649409
0.647387
0.647581
0.650377
0.647069
0.647600
0.649139
0.648724
0.647033
0.648185
0.648384
0.647245
0.648594
0.647088
0.648436
0.647903
0.649039
0.649013
0.646909
0.648075
0.646731
0.647509
0.648715
0.647126
0.659920
0.659195
0.660034
0.661026
0.660669
0.660081
0.661489
0.660102
0.659186
0.659971
0.661830
0.659837
0.660917
0.659168
0.659768
0.659568
0.660611
0.659118
0.659299
0.658873
0.659525
0.659391
0.660744
0.661202
0.660074
0.660551
0.662214
0.660415
0.661840
0.661378
0.659492
0.660897
0.659421
0.659651
0.660070
0.661978
0.661965
0.662082
0.659839
0.660289
0.661499
0.660084
0.661127
0.660032
0.658863
0.662019
0.661565
0.661607
0.659460
0.659787
0.660882
0.659955
0.661935
0.660127
0.661425
0.661095
0.660837
0.661162
0.661025
0.660101
0.661123
0.660307
0.661036
0.659641
0.670627
0.671562
0.672881
0.672855
0.671879
0.672581
0.671983
0.672114
0.672962
0.671852
0.671139
0.671721
0.671788
0.673006
0.670960
0.671988
0.672480
0.673223
0.673821
0.674377
0.671661
0.672380
0.672609
0.673478
0.672366
0.671481
0.671907
0.673018
0.672505
0.672252
0.672600
0.671090
0.593268
0.593311
0.592803
0.594042
0.594577
0.593639
0.596108
0.590647
0.593112
0.593152
0.592274
0.593828
0.596089
0.594115
0.593025
0.593797
0.594618
0.593767
0.594306
0.593702
0.593080
0.593433
0.593768
0.594622
0.594510
0.594541
0.595533
0.592834
0.592167
0.593360
0.592618
0.594415
0.556508
0.556510
0.557399
0.557275
0.558555
0.555242
0.558864
0.556807
0.558221
0.557391
0.557416
0.556521
0.557607
0.557968
0.557000
0.559411
0.557541
0.558719
0.557235
0.558652
0.557132
0.557606
0.558037
0.557567
0.557683
0.556486
0.557138
0.556403
0.556511
0.556739
0.558502
0.556441
0.557974
0.557059
0.559178
0.557058
0.554848
0.557860
0.558000
0.557717
0.557363
0.557922
0.556970
0.557305
0.557401
0.557595
0.557232
0.557233
0.557025
0.557562
0.558760
0.558090
0.558965
0.556815
0.555874
0.558325
0.559493
0.556797
0.557602
0.556251
0.556092
0.557142
0.558388
0.558447
0.557666
0.557474
0.556930
0.556995
0.555279
0.557984
0.557269
0.556871
0.558564
0.558128
0.558834
0.557669
0.559843
0.557506
0.558977
0.556031
0.555615
0.557348
0.557442
0.558864
0.557691
0.558947
0.559358
0.558483
0.560156
0.558665
0.556903
0.558634
0.557655
0.557470
0.558591
0.559853
0.574986
0.573525
0.575492
0.575541
0.574573
0.575078
0.573119
0.574434
0.572990
0.574090
0.575864
0.574214
0.572743
0.573951
0.575469
0.575065
0.575906
0.573652
0.573071
0.575105
0.574661
0.574750
0.576277
0.576268
0.574210
0.575316
0.572926
0.574764
0.575154
0.573558
0.575643
0.573577
0.575240
0.575572
0.575799
0.575993
0.575091
0.573034
0.573316
0.574970
0.574027
0.573914
0.574480
0.573019
0.573821
0.574176
0.574392
0.576056
0.576197
0.573745
0.575842
0.575700
0.573654
0.573957
0.575125
0.575933
0.576297
0.574876
0.575980
0.576586
0.576561
0.575401
0.574221
0.575621
0.576807
0.574517
0.573882
0.573014
0.575087
0.576872
0.574360
0.574270
0.573777
0.576037
0.572104
0.574766
0.575450
0.575751
0.574865
0.574397
0.574397
0.575954
0.574739
0.574456
0.573560
0.575306
0.575978
0.575140
0.574218
0.574016
0.574767
0.575609
0.573714
0.574735
0.574799
0.574319
0.590203
0.590824
0.590842
0.590841
0.592482
0.591048
0.589959
0.591951
0.590655
0.591963
0.589656
0.592175
0.589275
0.591269
0.589579
0.590274
0.590624
0.588705
0.590188
0.591023
0.590318
0.591372
0.590286
0.590829
0.590095
0.590593
0.591376
0.591460
0.590553
0.590084
0.591664
0.590378
0.589842
0.591429
0.591670
0.589470
0.590394
0.592027
0.591378
0.590462
0.591379
0.589468
0.591550
0.590661
0.590137
0.591440
0.590542
0.590628
0.589576
0.593053
0.590461
0.591409
0.591269
0.591401
0.589405
0.589495
0.591343
0.590809
0.592591
0.591536
0.589132
0.590180
0.591096
0.590774
0.589259
0.591464
0.589923
0.592032
0.592000
0.589841
0.590896
0.590420
0.590809
0.590055
0.590795
0.589666
0.590996
0.588428
0.590439
0.591146
0.590230
0.591478
0.589340
0.592014
0.590788
0.590170
0.590008
0.591130
0.590342
0.591960
0.590860
0.590574
0.590201
0.592237
0.591473
0.589499
0.606373
0.605664
0.606884
0.605480
0.607763
0.603032
0.606508
0.605760
0.607302
0.605331
0.605256
0.605818
0.605772
0.605264
0.607357
0.607496
0.604062
0.605237
0.606105
0.606095
0.605776
0.606775
0.604581
0.605926
0.605558
0.604386
0.605836
0.606604
0.605366
0.606599
0.606201
0.606278
0.606794
0.606156
0.604724
0.606741
0.608367
0.603982
0.606885
0.606604
0.606474
0.605521
0.607190
0.605810
0.606480
0.605266
0.606258
0.605330
0.606153
0.605589
0.605429
0.607152
0.606537
0.607468
0.607148
0.605033
0.604950
0.604773
0.604998
0.606784
0.605787
0.606434
0.606478
0.607078
0.607320
0.605985
0.607886
0.604348
0.605440
0.604259
0.606157
0.607825
0.605707
0.606185
0.605989
0.605605
0.606270
0.605868
0.607650
0.607183
0.606945
0.608097
0.605847
0.605724
0.606429
0.608705
0.606153
0.608246
0.603962
0.604885
0.605604
0.605765
0.606804
0.607513
0.606299
0.607279
0.622130
0.619603
0.620061
0.620285
0.620584
0.620247
0.621175
0.621008
0.619461
0.620289
0.620206
0.620819
0.618848
0.619736
0.621696
0.621906
0.620390
0.622686
0.620328
0.619094
0.621316
0.620692
0.621171
0.619030
0.622136
0.618792
0.621371
0.619737
0.621392
0.622321
0.619673
0.621390
0.621343
0.620734
0.620362
0.619516
0.621330
0.620811
0.622807
0.621707
0.622166
0.621063
0.622792
0.619839
0.618796
0.619485
0.620162
0.619453
0.620321
0.620565
0.622047
0.619213
0.621370
0.621125
0.621181
0.621400
0.619933
0.620407
0.621519
0.621694
0.621035
0.617952
0.623331
0.622474
0.620415
0.621573
0.620230
0.619795
0.621045
0.619663
0.620219
0.622725
0.620217
0.619444
0.619680
0.619549
0.620694
0.622623
0.619910
0.618823
0.620579
0.619930
0.620541
0.621433
0.623023
0.620557
0.621254
0.619892
0.620138
0.619788
0.621347
0.621217
0.619899
0.619935
0.620947
0.621238
0.634056
0.633580
0.635084
0.634965
0.636854
0.634229
0.635495
0.632187
0.634025
0.632961
0.634318
0.633465
0.634201
0.633559
0.634867
0.635328
0.635389
0.635364
0.635503
0.634243
0.636547
0.634751
0.635155
0.635344
0.634699
0.633235
0.634679
0.634259
0.634983
0.634751
0.632837
0.636141
0.636272
0.635256
0.636444
0.632852
0.636282
0.634160
0.635373
0.633806
0.633379
0.634622
0.633915
0.632329
0.633002
0.633257
0.634609
0.634231
0.635142
0.634402
0.634538
0.634610
0.634413
0.633929
0.633213
0.635266
0.634148
0.634363
0.634710
0.633802
0.634558
0.634903
0.635679
0.634677
0.636010
0.634394
0.633164
0.633354
0.635866
0.633446
0.634072
0.635176
0.635091
0.634531
0.636640
0.633528
0.635965
0.634289
0.634807
0.634450
0.634232
0.635809
0.635354
0.634658
0.633077
0.635448
0.636094
0.634640
0.633264
0.633741
0.634583
0.634763
0.635272
0.633415
0.634190
0.635428
0.647459
0.645479
0.646430
0.647925
0.647235
0.647144
0.647893
0.647786
0.647596
0.647679
0.648179
0.646676
0.647207
0.645445
0.646812
0.648752
0.647089
0.646665
0.648392
0.648686
0.647021
0.649523
0.648254
0.645897
0.647717
0.647880
0.648622
0.646898
0.647387
0.648460
0.648531
0.647180
0.648354
0.648819
0.648096
0.646939
0.646739
0.647013
0.645651
0.647431
0.647307
0.647150
0.647426
0.646792
0.649002
0.646299
0.648016
0.646858
0.648076
0.647514
0.646770
0.648852
0.648089
0.649010
0.647957
0.648294
0.647066
0.649938
0.648236
0.647756
0.648019
0.647043
0.647605
0.647685
0.647838
0.646175
0.646858
0.648383
0.646991
0.647306
0.648306
0.646608
0.647411
0.649137
0.647853
0.647487
0.646119
0.648338
0.648120
0.647883
0.647422
0.648791
0.647122
0.647757
0.648238
0.648151
0.646194
0.649139
0.648145
0.647874
0.646867
0.648704
0.650030
0.647071
0.647048
0.645162
0.587877
0.587812
0.585936
0.587423
0.587699
0.588259
0.586059
0.586493
0.589259
0.585512
0.586276
0.587827
0.587225
0.587771
0.587043
0.586662
0.586522
0.586752
0.587652
0.586363
0.587922
0.586909
0.587755
0.586661
0.587642
0.586628
0.586322
0.587949
0.587489
0.587911
0.585234
0.587914
0.575868
0.575135
0.574356
0.574613
0.575675
0.572469
0.572285
0.574251
0.576724
0.575054
0.575737
0.574058
0.575905
0.574459
0.575405
0.575488
0.573340
0.575514
0.574769
0.575669
0.574018
0.574471
0.575142
0.573985
0.574255
0.574636
0.575077
0.574396
0.574075
0.575263
0.572929
0.573952
0.574722
0.574250
0.572519
0.575235
0.574064
0.574791
0.574039
0.573977
0.576291
0.574316
0.573440
0.572717
0.573957
0.574055
0.574665
0.572633
0.573682
0.575478
0.575165
0.573593
0.575740
0.575090
0.574923
0.573545
0.577125
0.575980
0.573374
0.574273
0.573956
0.574041
0.573958
0.576280
0.576230
0.575371
0.574789
0.574130
0.574911
0.574947
0.573815
0.575560
0.574341
0.573488
0.573644
0.574117
0.575023
0.574447
0.573727
0.574214
0.574829
0.574719
0.574840
0.574922
0.575363
0.574170
0.574700
0.574076
0.575846
0.573948
0.574441
0.575262
0.576230
0.573584
0.573443
0.575604
0.575939
0.575714
0.573471
0.574158
0.574428
0.575059
0.573030
0.574560
0.573971
0.575607
0.576819
0.574817
0.573984
0.577356
0.575342
0.575749
0.575401
0.573229
0.573333
0.576872
0.576040
0.575055
0.575378
0.573627
0.576005
0.575750
0.577124
0.575396
0.575474
0.576598
0.574005
0.574049
0.591190
0.592674
0.592059
0.591626
0.590338
0.592090
0.590432
0.589469
0.591197
0.592114
0.590661
0.591497
0.589522
0.591422
0.592782
0.590786
0.591386
0.591009
0.588567
0.590931
0.590717
0.589364
0.591630
0.591551
0.589581
0.592350
0.590378
0.591397
0.589344
0.589363
0.590481
0.591194
0.591709
0.590224
0.591817
0.590816
0.591536
0.590801
0.591040
0.592510
0.590010
0.589940
0.590053
0.590970
0.591247
0.590928
0.591098
0.591716
0.591762
0.589753
0.590224
0.592662
0.590348
0.592044
0.591581
0.590986
0.591722
0.591028
0.590784
0.593212
0.589405
0.591148
0.590335
0.590090
0.591983
0.590567
0.589449
0.591472
0.591859
0.591808
0.592349
0.592158
0.591126
0.592296
0.590679
0.591359
0.590926
0.591541
0.589702
0.590253
0.592756
0.591435
0.591912
0.590853
0.592095
0.591348
0.591426
0.591416
0.590916
0.590639
0.590996
0.591426
0.591061
0.591289
0.593007
0.592054
0.588719
0.590368
0.589699
0.591332
0.589545
0.591979
0.590825
0.589981
0.590749
0.591573
0.591413
0.590523
0.590427
0.589730
0.591973
0.590478
0.589792
0.589373
0.590819
0.592200
0.590145
0.589351
0.590382
0.589097
0.593095
0.589999
0.591035
0.590244
0.590625
0.591280
0.590012
0.590512
0.605443
0.605958
0.607045
0.606917
0.606866
0.606701
0.606025
0.606461
0.606596
0.607346
0.607058
0.604917
0.606810
0.607211
0.606263
0.607558
0.605460
0.606259
0.605125
0.607677
0.608035
0.606693
0.606952
0.607762
0.608314
0.607425
0.605389
0.605731
0.606579
0.605298
0.606364
0.606180
0.607858
0.605294
0.606128
0.605882
0.606341
0.606197
0.606510
0.606986
0.606059
0.607349
0.605740
0.605951
0.607165
0.606492
0.606990
0.605214
0.606072
0.605639
0.606876
0.605440
0.607584
0.605601
0.604846
0.606118
0.607005
0.605687
0.607317
0.605829
0.606172
0.605883
0.605337
0.605414
0.606936
0.605351
0.606623
0.606784
0.605392
0.605070
0.606803
0.604276
0.606881
0.606912
0.605982
0.605998
0.606527
0.606362
0.607714
0.606804
0.606813
0.605408
0.606824
0.605563
0.606358
0.605581
0.605087
0.607441
0.604558
0.605408
0.605109
0.606796
0.605852
0.605559
0.606421
0.605234
0.606687
0.608343
0.607546
0.606300
0.606607
0.607027
0.606889
0.606263
0.605184
0.606679
0.607100
0.606580
0.607455
0.605000
0.604517
0.608027
0.606212
0.606802
0.606655
0.609230
0.606228
0.606999
0.606728
0.606310
0.606635
0.606453
0.606371
0.606585
0.608397
0.607086
0.606689
0.607024
0.620389
0.619695
0.620306
0.621857
0.619435
0.620008
0.620991
0.621550
0.620235
0.620297
0.619783
0.620993
0.621483
0.621481
0.622329
0.619274
0.620859
0.619918
0.621510
0.619375
0.621200
0.620274
0.621094
0.620893
0.622458
0.620344
0.618351
0.620571
0.621917
0.620114
0.620775
0.622303
0.620279
0.621319
0.622028
0.621684
0.619140
0.620770
0.621012
0.620849
0.620401
0.621035
0.621211
0.619341
0.620249
0.621392
0.621523
0.619783
0.620001
0.619693
0.619507
0.619240
0.620024
0.620961
0.619773
0.620074
0.620294
0.621479
0.622308
0.620687
0.619596
0.620551
0.622157
0.621330
0.620277
0.621166
0.620918
0.620655
0.619282
0.621814
0.620514
0.621475
0.621641
0.620359
0.618582
0.621377
0.619247
0.621071
0.620597
0.622254
0.620728
0.621132
0.619246
0.620951
0.621739
0.620355
0.619945
0.619988
0.620560
0.621339
0.619850
0.620348
0.621696
0.621346
0.618854
0.621291
0.620766
0.623107
0.620998
0.622205
0.619973
0.620151
0.620684
0.621267
0.618638
0.619913
0.620118
0.619631
0.620616
0.622480
0.620479
0.621100
0.620697
0.622776
0.622507
0.620853
0.621561
0.618593
0.620394
0.619304
0.619459
0.620495
0.619503
0.620883
0.619713
0.621065
0.621936
0.621215
0.634691
0.633899
0.635556
0.633434
0.634673
0.634021
0.634049
0.632439
0.633384
0.633912
0.634334
0.634813
0.634377
0.632151
0.634479
0.634921
0.634435
0.632130
0.634412
0.635174
0.632678
0.634570
0.634631
0.635789
0.633835
0.632688
0.633728
0.635870
0.634344
0.634378
0.634915
0.634714
0.634998
0.636439
0.634561
0.631931
0.632721
0.634158
0.634779
0.634106
0.634349
0.633290
0.635088
0.633473
0.636179
0.634045
0.634301
0.633650
0.634904
0.636059
0.634284
0.633221
0.633607
0.632709
0.633590
0.633642
0.634937
0.634412
0.635629
0.633385
0.633898
0.633112
0.634684
0.633990
0.632913
0.635192
0.634269
0.634831
0.632748
0.635169
0.633696
0.634614
0.634107
0.634738
0.633896
0.634354
0.633193
0.635783
0.634959
0.635353
0.635146
0.634741
0.634299
0.634385
0.634665
0.634637
0.635785
0.636228
0.633962
0.633206
0.634203
0.633740
0.636651
0.633036
0.633616
0.634737
0.634161
0.635089
0.634228
0.634516
0.634515
0.633694
0.635374
0.634291
0.635630
0.634016
0.632745
0.634152
0.636045
0.634085
0.635863
0.633932
0.636324
0.634386
0.634630
0.635530
0.633961
0.636027
0.635240
0.635156
0.633456
0.633284
0.635014
0.633844
0.634887
0.633858
0.636162
0.633826
0.647214
0.646495
0.646679
0.646083
0.647651
0.647412
0.646840
0.645171
0.647338
0.646667
0.648301
0.648171
0.649437
0.648148
0.646946
0.646262
0.646785
0.647538
0.649029
0.647178
0.647563
0.647583
0.646037
0.646407
0.646710
0.645693
0.648112
0.648065
0.646143
0.647714
0.646289
0.646566
0.579054
0.579538
0.579992
0.578747
0.580317
0.579480
0.577388
0.578770
0.579047
0.577302
0.577863
0.579475
0.578957
0.579913
0.580159
0.580530
0.580641
0.578759
0.580109
0.580343
0.580119
0.579709
0.580673
0.580507
0.578182
0.580482
0.577335
0.580337
0.579228
0.578928
0.580294
0.579847
0.574681
0.576072
0.573703
0.574631
0.574575
0.576784
0.576002
0.575162
0.574161
0.572999
0.573661
0.574126
0.573604
0.574225
0.573463
0.573430
0.574879
0.574004
0.574028
0.573817
0.575557
0.575484
0.575037
0.572881
0.574610
0.574454
0.575055
0.573045
0.574136
0.575036
0.575819
0.576362
0.574448
0.574981
0.577054
0.575328
0.573933
0.575112
0.574864
0.575605
0.574005
0.575446
0.574694
0.576319
0.574529
0.576218
0.575665
0.577143
0.576206
0.574907
0.575019
0.576815
0.573879
0.574490
0.576617
0.575903
0.575039
0.574953
0.575042
0.576453
0.574729
0.574924
0.574569
0.574381
0.590163
0.591762
0.589666
0.589612
0.589304
0.590793
0.589716
0.590224
0.590635
0.589090
0.590487
0.592920
0.589466
0.589822
0.590015
0.591119
0.589192
0.590121
0.589819
0.591167
0.590289
0.590236
0.592084
0.591039
0.592607
0.592431
0.588440
0.591980
0.591374
0.592220
0.590697
0.591184
0.591264
0.589864
0.591574
0.591407
0.589833
0.590901
0.591047
0.588973
0.590198
0.591512
0.589414
0.589660
0.590922
0.590150
0.590157
0.591238
0.593027
0.589608
0.590370
0.589711
0.592670
0.590966
0.593079
0.590968
0.589709
0.592378
0.588905
0.589923
0.590651
0.589397
0.591673
0.593139
0.590762
0.591063
0.590974
0.591139
0.590743
0.590424
0.592237
0.590128
0.592514
0.592538
0.589786
0.591775
0.589874
0.590896
0.591397
0.589888
0.591479
0.592240
0.592188
0.592020
0.591009
0.591637
0.591243
0.590205
0.590313
0.591766
0.590224
0.588856
0.591561
0.592378
0.592579
0.593725
0.589930
0.593720
0.592339
0.592311
0.590669
0.593587
0.592067
0.591740
0.592337
0.592007
0.591264
0.592509
0.593731
0.591596
0.591248
0.591350
0.592253
0.591072
0.592346
0.591014
0.592636
0.591101
0.593659
0.591906
0.592189
0.591422
0.591053
0.591631
0.591783
0.592380
0.591321
0.591454
0.588529
0.590048
0.590821
0.591495
0.590532
0.590721
0.590592
0.591129
0.589558
0.590576
0.591126
0.589219
0.591334
0.589942
0.590722
0.591807
0.592359
0.591936
0.590194
0.590051
0.591101
0.592319
0.591729
0.589198
0.589802
0.589944
0.591294
0.588895
0.591101
0.589847
0.590041
0.590237
0.605068
0.605426
0.607341
0.604836
0.605156
0.605667
0.604444
0.606553
0.606104
0.607529
0.606992
0.605785
0.603464
0.604884
0.604559
0.605887
0.605403
0.606502
0.604257
0.606109
0.606643
0.604822
0.605849
0.608401
0.604346
0.607195
0.605566
0.606549
0.605453
0.606457
0.604898
0.604381
0.608569
0.606827
0.608239
0.607241
0.606113
0.607456
0.607549
0.606271
0.606538
0.605558
0.605828
0.607295
0.605308
0.606097
0.606789
0.607005
0.605381
0.604920
0.605447
0.604682
0.607257
0.606918
0.607305
0.607028
0.605325
0.607788
0.607399
0.606667
0.605004
0.605452
0.606843
0.607674
0.607134
0.606135
0.606516
0.607318
0.605925
0.605276
0.608166
0.605656
0.606729
0.604647
0.607428
0.607686
0.607125
0.606029
0.606845
0.605756
0.606635
0.606078
0.607249
0.605641
0.605440
0.605486
0.603595
0.607102
0.607015
0.608723
0.605309
0.606087
0.606946
0.606370
0.605392
0.607402
0.605409
0.605932
0.607871
0.606352
0.604850
0.605599
0.606216
0.606866
0.607187
0.607004
0.605777
0.606831
0.606792
0.605394
0.605208
0.606719
0.607370
0.607695
0.606802
0.605908
0.607877
0.606570
0.606545
0.606208
0.607140
0.604727
0.606760
0.605670
0.606363
0.606135
0.605779
0.606830
0.606129
0.606226
0.605876
0.605591
0.606735
0.607001
0.606633
0.607493
0.605768
0.605297
0.606966
0.605754
0.606781
0.607501
0.606103
0.606925
0.607843
0.607014
0.606421
0.607442
0.606893
0.606227
0.606313
0.606301
0.605346
0.607245
0.608354
0.605108
0.607440
0.606531
0.606106
0.606571
0.619636
0.619300
0.621031
0.619378
0.623428
0.620643
0.618127
0.621321
0.620617
0.620065
0.620439
0.618829
0.621785
0.619556
0.620887
0.620192
0.619891
0.621763
0.618379
0.621190
0.620251
0.620625
0.620928
0.621557
0.621962
0.620338
0.619245
0.620344
0.620464
0.623252
0.621404
0.620505
0.620643
0.619094
0.621108
0.619689
0.619770
0.621212
0.619914
0.618360
0.620523
0.621232
0.621374
0.619443
0.621480
0.621079
0.620383
0.618778
0.621054
0.622906
0.621094
0.619950
0.622656
0.619277
0.623826
0.621441
0.623257
0.621085
0.620204
0.622050
0.621856
0.619574
0.621715
0.620864
0.619299
0.620071
0.620254
0.620425
0.622555
0.618224
0.619944
0.620121
0.620711
0.620442
0.621706
0.620055
0.620193
0.619582
0.619501
0.620963
0.621039
0.620062
0.620881
0.621020
0.621134
0.621420
0.620586
0.620575
0.619756
0.620818
0.620139
0.620890
0.620320
0.621292
0.620324
0.621338
0.620429
0.619218
0.620309
0.621776
0.620332
0.620415
0.620826
0.622924
0.620879
0.619401
0.620513
0.621317
0.620510
0.621514
0.621642
0.620021
0.619669
0.621481
0.620841
0.620930
0.619502
0.620187
0.620477
0.620550
0.620677
0.620287
0.619063
0.620450
0.621701
0.619845
0.619831
0.621126
0.620445
0.621306
0.620270
0.619368
0.619145
0.621460
0.620689
0.620058
0.620371
0.621946
0.620822
0.621580
0.620813
0.622342
0.619704
0.618758
0.621427
0.620787
0.621992
0.622137
0.620566
0.621700
0.621162
0.620097
0.621026
0.621943
0.621472
0.619655
0.619207
0.619565
0.620941
0.619704
0.633166
0.634469
0.636785
0.634634
0.631869
0.633452
0.633669
0.633688
0.634564
0.632697
0.633329
0.634351
0.633698
0.634764
0.634666
0.634435
0.635468
0.634741
0.634784
0.634978
0.634011
0.633600
0.635855
0.635116
0.633214
0.634133
0.632852
0.635557
0.633014
0.632467
0.634299
0.634447
0.634450
0.635666
0.634097
0.634866
0.633309
0.634552
0.633388
0.635886
0.633884
0.632691
0.635685
0.634690
0.635305
0.633927
0.633875
0.634886
0.633300
0.635330
0.634522
0.633125
0.633816
0.634958
0.636592
0.634357
0.633087
0.634990
0.636241
0.634810
0.634256
0.635789
0.634356
0.636178
0.633578
0.633279
0.634795
0.635618
0.635927
0.635444
0.632312
0.634303
0.634202
0.634573
0.635035
0.633661
0.635987
0.634401
0.634533
0.634230
0.634116
0.634278
0.635314
0.635051
0.633930
0.634831
0.634212
0.634143
0.635847
0.633672
0.632537
0.634475
0.634076
0.635420
0.633918
0.633087
0.618193
0.616618
0.617562
0.616968
0.617603
0.618647
0.619134
0.617296
0.617357
0.617805
0.618728
0.616833
0.617333
0.618231
0.617466
0.617362
0.617526
0.618305
0.618588
0.618082
0.619327
0.618979
0.618233
0.618215
0.619848
0.618808
0.616946
0.616970
0.617985
0.617159
0.617331
0.618043
0.575739
0.576994
0.575564
0.575930
0.573956
0.575014
0.575826
0.575440
0.576346
0.574487
0.576653
0.575431
0.574370
0.575211
0.576162
0.574926
0.575211
0.575843
0.576764
0.575827
0.575926
0.574420
0.577149
0.574153
0.574571
0.575183
0.576835
0.575310
0.573890
0.574898
0.575416
0.572781
0.590252
0.589867
0.591025
0.590629
0.589514
0.590436
0.590974
0.590196
0.588219
0.590299
0.590821
0.591021
0.588719
0.590158
0.592614
0.591484
0.592457
0.589428
0.592038
0.591847
0.592939
0.592831
0.592155
0.591163
0.590980
0.590860
0.591354
0.588664
0.589985
0.589231
0.590490
0.590686
0.590068
0.588545
0.588922
0.589814
0.591875
0.589638
0.592444
0.590676
0.591231
0.591495
0.590393
0.589981
0.591314
0.591441
0.590211
0.589902
0.591132
0.590744
0.591760
0.588866
0.588398
0.592207
0.589583
0.591882
0.591287
0.590502
0.590092
0.590210
0.590297
0.591874
0.591121
0.590853
0.590898
0.593912
0.589418
0.590193
0.592705
0.590069
0.589321
0.590705
0.590829
0.592008
0.592072
0.591607
0.591842
0.591250
0.590031
0.591934
0.589429
0.590835
0.588321
0.590637
0.589974
0.590195
0.590426
0.591574
0.588672
0.589504
0.590795
0.591007
0.589056
0.592563
0.591135
0.590465
0.589698
0.591476
0.592160
0.591417
0.591343
0.590749
0.590383
0.591928
0.590138
0.591181
0.590240
0.590815
0.590219
0.591129
0.593009
0.590872
0.591850
0.590523
0.590396
0.590182
0.590569
0.590050
0.590757
0.591817
0.590871
0.590048
0.591686
0.590967
0.590936
0.593187
0.591886
0.591155
0.591845
0.591890
0.589801
0.591847
0.593086
0.591319
0.590648
0.591010
0.592908
0.591249
0.591579
0.591032
0.592558
0.590763
0.592229
0.591587
0.592634
0.589942
0.591203
0.590781
0.591979
0.591836
0.592574
0.591428
0.591573
0.589812
0.590523
0.590449
0.592585
0.592249
0.591938
0.591799
0.590402
0.591811
0.590204
0.590073
0.591106
0.591077
0.589133
0.591347
0.589677
0.590728
0.592174
0.592650
0.591069
0.589256
0.592313
0.590140
0.593019
0.590549
0.590841
0.591407
0.589399
0.589907
0.591616
0.592150
0.591130
0.591893
0.591434
0.588882
0.589124
0.590683
0.591404
0.590033
0.606828
0.606823
0.605193
0.605003
0.605903
0.604966
0.605731
0.605637
0.606003
0.606400
0.605125
0.605232
0.605897
0.604424
0.604647
0.605342
0.608250
0.605924
0.604835
0.604688
0.605515
0.605954
0.607093
0.604226
0.606912
0.606542
0.607505
0.606003
0.605513
0.605095
0.604676
0.605087
0.605335
0.605948
0.606588
0.605018
0.606935
0.605563
0.605324
0.606152
0.605840
0.605043
0.606020
0.607801
0.606324
0.605928
0.606652
0.606034
0.606378
0.605437
0.607313
0.604445
0.607612
0.603918
0.604288
0.604210
0.607840
0.607735
0.606023
0.605704
0.606833
0.606379
0.606463
0.606482
0.605172
0.606130
0.606871
0.609006
0.608919
0.606777
0.605462
0.606500
0.606709
0.607464
0.607506
0.606341
0.605618
0.607471
0.607856
0.608477
0.606640
0.606355
0.607477
0.604501
0.606442
0.606437
0.607642
0.606351
0.606725
0.607953
0.606632
0.606866
0.608264
0.606430
0.606721
0.606799
0.605688
0.605600
0.604052
0.606226
0.606858
0.605546
0.605465
0.606441
0.605795
0.606399
0.607088
0.605903
0.607615
0.604658
0.606946
0.606277
0.606246
0.607166
0.605859
0.606020
0.606178
0.607927
0.607440
0.606738
0.607482
0.606451
0.606433
0.609257
0.605902
0.606079
0.603964
0.606364
0.606679
0.604842
0.605998
0.606882
0.605612
0.606443
0.606213
0.607208
0.606234
0.606571
0.606890
0.607702
0.607235
0.607573
0.606471
0.607982
0.607280
0.606738
0.606308
0.607224
0.604538
0.606691
0.605588
0.606077
0.607350
0.605880
0.605245
0.605642
0.605437
0.607590
0.605059
0.607038
0.606427
0.604797
0.607628
0.606384
0.606936
0.606014
0.606770
0.605733
0.606349
0.606434
0.606544
0.607456
0.605452
0.606075
0.607545
0.606503
0.604933
0.606983
0.607272
0.608430
0.606741
0.607943
0.607323
0.607053
0.605124
0.606686
0.606439
0.606637
0.605384
0.605513
0.604335
0.606893
0.621664
0.620515
0.619623
0.618936
0.619916
0.619655
0.619897
0.619627
0.620620
0.620060
0.621668
0.621347
0.619713
0.620296
0.621920
0.621826
0.619960
0.620542
0.619083
0.621880
0.619260
0.621801
0.617740
0.620455
0.621714
0.621955
0.621507
0.620951
0.621147
0.620426
0.620786
0.621094
0.619681
0.620809
0.618351
0.622212
0.619919
0.622462
0.620754
0.620984
0.621259
0.620785
0.620857
0.619832
0.619381
0.620319
0.619212
0.621089
0.621210
0.619910
0.620973
0.620439
0.622042
0.620748
0.622091
0.620545
0.621341
0.620643
0.620828
0.619769
0.621218
0.620210
0.620016
0.621677
0.620924
0.620815
0.619713
0.621618
0.620837
0.620071
0.620208
0.620736
0.619528
0.620030
0.619609
0.620619
0.619334
0.619550
0.621205
0.619611
0.620023
0.618280
0.620772
0.620166
0.619787
0.620618
0.620199
0.619941
0.621425
0.619774
0.620468
0.621164
0.620051
0.620892
0.620318
0.620908
0.621226
0.619520
0.620015
0.620148
0.621510
0.620514
0.620667
0.620429
0.620454
0.620579
0.620294
0.619834
0.620577
0.621702
0.621983
0.621102
0.620978
0.620536
0.620464
0.619106
0.619725
0.620097
0.619711
0.619993
0.620494
0.620957
0.620311
0.619443
0.619561
0.619832
0.620393
0.620231
0.621530
0.620846
0.619574
0.619713
0.620060
0.620196
0.620961
0.620740
0.617008
0.620704
0.619774
0.619376
0.620276
0.619939
0.619417
0.621262
0.621418
0.620418
0.621182
0.622200
0.617205
0.620872
0.620080
0.621329
0.620622
0.619586
0.619506
0.621604
0.620111
0.619854
0.619817
0.621662
0.618044
0.620479
0.620247
0.621688
0.621322
0.619409
0.621511
0.620638
0.621819
0.619945
0.621083
0.621122
0.620930
0.621302
0.620572
0.621709
0.621767
0.621366
0.620432
0.621718
0.621693
0.619869
0.621335
0.621341
0.620956
0.619953
0.620701
0.620811
0.620779
0.619797
0.620090
0.620132
0.632888
0.634487
0.634461
0.633865
0.636169
0.633475
0.635478
0.633794
0.634058
0.634923
0.632704
0.634016
0.634324
0.634216
0.633322
0.632928
0.633692
0.633867
0.632833
0.634111
0.634084
0.633741
0.632817
0.635113
0.632405
0.635410
0.634031
0.635218
0.633745
0.632293
0.634445
0.633334
0.633138
0.636020
0.635470
0.633907
0.633857
0.636717
0.633573
0.636090
0.635848
0.634453
0.636743
0.634822
0.634729
0.635925
0.633364
0.634199
0.633910
0.635934
0.634147
0.633569
0.634234
0.633837
0.632858
0.634312
0.633000
0.636581
0.635296
0.633976
0.635376
0.634680
0.633942
0.633875
0.600031
0.601770
0.601646
0.602515
0.601309
0.600651
0.601982
0.601613
0.601881
0.599910
0.600168
0.601905
0.600102
0.599427
0.600860
0.601386
0.601785
0.599948
0.601234
0.600023
0.600517
0.601967
0.599314
0.601614
0.600248
0.600910
0.601638
0.599654
0.600223
0.600006
0.600356
0.601976
0.591263
0.590800
0.590702
0.592328
0.590902
0.591830
0.591468
0.592261
0.591559
0.589325
0.590420
0.590574
0.590454
0.590725
0.591446
0.591890
0.590991
0.589857
0.590299
0.590216
0.591785
0.591674
0.590652
0.591340
0.592312
0.591209
0.589845
0.590470
0.591736
0.593633
0.591022
0.587965
0.589516
0.590704
0.589977
0.591658
0.589576
0.590222
0.592048
0.591880
0.590461
0.591128
0.590628
0.588977
0.591542
0.590581
0.591656
0.590093
0.589629
0.591142
0.591090
0.590082
0.589305
0.591105
0.591227
0.591687
0.591001
0.591311
0.590984
0.592358
0.589696
0.591096
0.592810
0.591677
0.591505
0.590588
0.590912
0.590042
0.591467
0.591782
0.593698
0.593030
0.591754
0.590481
0.591868
0.590743
0.590381
0.591514
0.589763
0.590887
0.589603
0.591473
0.592059
0.590395
0.592635
0.588867
0.592504
0.590301
0.591398
0.591668
0.590450
0.592479
0.591231
0.591440
0.592382
0.590580
0.590158
0.591401
0.592126
0.592217
0.593015
0.591641
0.590030
0.591557
0.591537
0.590987
0.590206
0.591166
0.589489
0.590573
0.591356
0.591852
0.591098
0.591433
0.590769
0.592011
0.590861
0.591503
0.591865
0.592713
0.592500
0.592413
0.589706
0.592129
0.591526
0.589693
0.589367
0.590954
0.591335
0.590552
0.590943
0.591047
0.589684
0.591195
0.591334
0.590612
0.589562
0.591491
0.590972
0.592072
0.590253
0.592352
0.592509
0.591317
0.592652
0.592547
0.591162
0.591169
0.591904
0.592903
0.592773
0.591273
0.591495
0.591432
0.591409
0.591577
0.592378
0.591586
0.591022
0.592434
0.591023
0.589606
0.590311
0.589992
0.592229
0.590503
0.589115
0.591441
0.591956
0.589898
0.592471
0.589473
0.591152
0.592049
0.591195
0.590825
0.590852
0.590721
0.592382
0.591546
0.590862
0.590542
0.591008
0.589886
0.589845
0.592733
0.590992
0.592010
0.589530
0.590579
0.590277
0.590399
0.605518
0.604919
0.605525
0.605303
0.603807
0.606080
0.606506
0.606539
0.606873
0.605571
0.606909
0.607291
0.606748
0.605910
0.606588
0.605169
0.605498
0.606489
0.605605
0.606292
0.606024
0.606382
0.606837
0.605520
0.605450
0.607799
0.606382
0.605856
0.604867
0.606074
0.605831
0.606786
0.606215
0.605234
0.606382
0.606155
0.605577
0.605434
0.606356
0.605586
0.605132
0.605245
0.605077
0.606035
0.605757
0.606249
0.606962
0.606986
0.605455
0.607028
0.605253
0.605112
0.604090
0.604243
0.607298
0.606195
0.604253
0.607612
0.606997
0.606282
0.605897
0.605163
0.605550
0.607984
0.607080
0.605760
0.606865
0.605920
0.605567
0.607768
0.606203
0.604966
0.606246
0.606541
0.605852
0.604550
0.605234
0.605856
0.604931
0.603278
0.606152
0.606902
0.606079
0.604810
0.606451
0.603991
0.606065
0.607382
0.605374
0.605728
0.605478
0.603548
0.605653
0.603842
0.605927
0.606445
0.606971
0.606937
0.606917
0.606743
0.607144
0.607208
0.606905
0.605773
0.605638
0.607321
0.607605
0.607141
0.606390
0.607525
0.606253
0.606596
0.607567
0.606997
0.606564
0.606643
0.607264
0.606554
0.605894
0.607337
0.608092
0.606923
0.606281
0.606728
0.607585
0.606258
0.607073
0.607535
0.605268
0.607450
0.605690
0.604985
0.606305
0.605493
0.606329
0.606832
0.606642
0.608311
0.606812
0.606404
0.607008
0.605845
0.607060
0.603767
0.604187
0.605949
0.605967
0.606422
0.607176
0.605414
0.605851
0.604240
0.606543
0.605433
0.607282
0.606448
0.607770
0.605632
0.605708
0.606289
0.605732
0.605532
0.608437
0.606006
0.607569
0.606182
0.608831
0.607458
0.607107
0.606974
0.605774
0.605538
0.607934
0.606356
0.606094
0.605974
0.605800
0.606020
0.606686
0.608278
0.607380
0.606549
0.606684
0.606762
0.605297
0.605946
0.606773
0.606562
0.607823
0.606167
0.605193
0.606258
0.606353
0.604518
0.606590
0.604550
0.606303
0.604110
0.605296
0.605255
0.605171
0.605871
0.606111
0.605930
0.607381
0.605337
0.608115
0.604601
0.607387
0.606283
0.606089
0.606119
0.607194
0.605029
0.606025
0.606010
0.604941
0.607220
0.606503
0.606860
0.606092
0.606821
0.607243
0.606836
0.622093
0.621828
0.620983
0.620703
0.621283
0.619380
0.619227
0.621415
0.621894
0.620250
0.619692
0.620093
0.618258
0.621202
0.619717
0.621180
0.621680
0.618208
0.620789
0.620325
0.619303
0.621827
0.619943
0.620416
0.621520
0.620182
0.619167
0.621448
0.620723
0.620778
0.621284
0.619944
0.621527
0.620607
0.621613
0.621769
0.622469
0.619947
0.619704
0.623101
0.620859
0.619285
0.622399
0.620337
0.621998
0.620067
0.621682
0.620692
0.621106
0.620810
0.620410
0.621397
0.618789
0.620193
0.620386
0.621086
0.619385
0.619817
0.619601
0.621197
0.621548
0.619856
0.621180
0.620782
0.622323
0.619264
0.620655
0.621232
0.619898
0.617842
0.619606
0.622139
0.621281
0.620978
0.618343
0.621953
0.620913
0.621582
0.620897
0.621662
0.622217
0.622080
0.620876
0.618803
0.619763
0.620080
0.620095
0.620718
0.620407
0.621232
0.619702
0.621407
0.621216
0.618929
0.620585
0.620802
0.622308
0.620418
0.621359
0.620407
0.621455
0.620311
0.619885
0.621630
0.620422
0.621828
0.619495
0.618837
0.620915
0.620539
0.620681
0.621326
0.620658
0.620778
0.621494
0.618919
0.621269
0.620098
0.621445
0.620467
0.620458
0.620130
0.619918
0.621562
0.620322
0.620555
0.621450
0.619146
0.621075
0.621050
0.620849
0.619082
0.621441
0.622239
0.620318
0.619897
0.619873
0.620003
0.620473
0.620502
0.622557
0.619302
0.621688
0.620462
0.620169
0.619850
0.620234
0.621172
0.622014
0.621211
0.620429
0.621399
0.618474
0.619152
0.619611
0.622956
0.621158
0.620823
0.618812
0.621347
0.619548
0.620390
0.619270
0.621699
0.620227
0.619957
0.619211
0.621545
0.619937
0.621284
0.621050
0.622230
0.619526
0.621732
0.620294
0.621808
0.619966
0.621291
0.620974
0.621165
0.620257
0.620568
0.620150
0.621050
0.620846
0.623210
0.621531
0.622338
0.620128
0.621017
0.619775
0.619965
0.621035
0.621101
0.619767
0.622027
0.620233
0.622327
0.620701
0.618368
0.619609
0.622161
0.620998
0.621187
0.620497
0.621907
0.619568
0.620549
0.622226
0.620380
0.620708
0.622495
0.619496
0.619830
0.620088
0.620443
0.620170
0.620193
0.620761
0.621253
0.621504
0.620575
0.619074
0.619590
0.634781
0.632963
0.631889
0.634758
0.634246
0.634798
0.634593
0.634028
0.634656
0.634438
0.633809
0.635041
0.633996
0.633531
0.633033
0.633081
0.634939
0.636003
0.635005
0.634156
0.634506
0.634802
0.633364
0.632986
0.632654
0.633901
0.634303
0.633261
0.635661
0.634545
0.634492
0.634328
0.600170
0.599479
0.600469
0.600347
0.599451
0.599932
0.598623
0.599194
0.600078
0.598465
0.601184
0.599732
0.603481
0.599296
0.601268
0.599669
0.597914
0.600316
0.598471
0.600379
0.600345
0.601326
0.599083
0.600096
0.602876
0.600236
0.598371
0.599515
0.599773
0.599543
0.599310
0.601463
0.591861
0.590866
0.591093
0.591046
0.590028
0.590263
0.590675
0.589603
0.591787
0.590166
0.591944
0.590728
0.589874
0.590304
0.589703
0.592025
0.589529
0.590600
0.591921
0.589955
0.590549
0.590977
0.590831
0.590036
0.591295
0.589953
0.589642
0.589805
0.592014
0.588655
0.589353
0.589619
0.591995
0.590887
0.591282
0.589771
0.589453
0.590668
0.592059
0.591916
0.590111
0.592197
0.590020
0.589924
0.591376
0.590901
0.591190
0.590678
0.592076
0.592387
0.590655
0.591324
0.590759
0.589836
0.590572
0.590936
0.591927
0.591360
0.591774
0.590315
0.590917
0.589494
0.591331
0.591316
0.588176
0.593723
0.591222
0.590864
0.590866
0.589891
0.591778
0.590892
0.591654
0.591388
0.590805
0.591496
0.592061
0.592008
0.591032
0.592213
0.591338
0.590907
0.592038
0.590673
0.591112
0.590927
0.590950
0.590760
0.592328
0.589955
0.590462
0.592510
0.592035
0.592280
0.590256
0.592249
0.592451
0.591951
0.591558
0.590448
0.590875
0.592032
0.590121
0.592373
0.592480
0.591263
0.590732
0.592001
0.591780
0.591114
0.590899
0.590024
0.592531
0.589969
0.589994
0.592872
0.591109
0.590193
0.590631
0.591511
0.591755
0.591361
0.591320
0.590482
0.589995
0.589021
0.590385
0.590152
0.590421
0.589013
0.590340
0.590706
0.588122
0.589796
0.591423
0.590539
0.592155
0.589942
0.590342
0.590849
0.591620
0.589833
0.589649
0.592615
0.589908
0.591685
0.591940
0.591465
0.589585
0.589872
0.590779
0.590899
0.592003
0.590648
0.591199
0.591913
0.589451
0.591609
0.590307
0.590694
0.606510
0.607246
0.604966
0.605782
0.605994
0.606687
0.606293
0.604940
0.606759
0.606393
0.606404
0.606260
0.606818
0.607197
0.605157
0.606927
0.608808
0.606882
0.606578
0.606019
0.605722
0.607169
0.604338
0.607007
0.604581
0.605884
0.607666
0.605930
0.606102
0.604774
0.606273
0.605451
0.606419
0.606804
0.607093
0.604550
0.606525
0.605446
0.608571
0.606483
0.605691
0.604645
0.607151
0.605323
0.606481
0.605767
0.603947
0.605335
0.606544
0.605671
0.606546
0.605141
0.606241
0.605570
0.606945
0.605736
0.606980
0.606721
0.606245
0.605225
0.606855
0.604524
0.607165
0.607970
0.606189
0.604893
0.605381
0.606255
0.605392
0.606360
0.606187
0.604970
0.605725
0.607155
0.605103
0.605667
0.605176
0.606676
0.605940
0.606322
0.604497
0.607624
0.607041
0.606485
0.605314
0.605704
0.605423
0.606771
0.605236
0.607331
0.606516
0.607240
0.606465
0.606318
0.605872
0.606138
0.604259
0.606022
0.606866
0.605181
0.606053
0.606980
0.607059
0.605965
0.605445
0.605822
0.605912
0.605833
0.608076
0.605176
0.606293
0.607309
0.605646
0.606919
0.606418
0.606372
0.605025
0.606147
0.604563
0.605981
0.606275
0.607916
0.606907
0.607770
0.605757
0.606931
0.606268
0.606908
0.606442
0.606816
0.606093
0.608412
0.606089
0.606508
0.605957
0.607037
0.606090
0.606739
0.605973
0.605730
0.605126
0.607374
0.606253
0.606326
0.605880
0.606274
0.605114
0.607469
0.606389
0.604712
0.607436
0.606708
0.605733
0.607269
0.606972
0.607283
0.606042
0.608058
0.605969
0.606896
0.604851
0.607172
0.606424
0.605834
0.606798
0.606338
0.606898
0.604122
0.606944
0.605724
0.606861
0.606131
0.606038
0.607603
0.607203
0.606490
0.605238
0.606689
0.608001
0.606172
0.605369
0.607216
0.605465
0.606673
0.606339
0.606149
0.607470
0.606788
0.605573
0.606817
0.607890
0.605861
0.606104
0.605290
0.606964
0.607432
0.604927
0.606878
0.607078
0.607384
0.607249
0.606998
0.605510
0.607492
0.606741
0.606848
0.606833
0.605781
0.606555
0.607804
0.608114
0.605954
0.605273
0.606819
0.606820
0.608670
0.605843
0.605901
0.605352
0.607734
0.605513
0.606533
0.606668
0.606567
0.606902
0.604427
0.605803
0.602707
0.607966
0.604829
0.606714
0.607535
0.607280
0.605874
0.606225
0.604337
0.607328
0.607532
0.606035
0.608046
0.603745
0.606228
0.605163
0.605500
0.606945
0.605859
0.608106
0.607933
0.605430
0.605134
0.604944
0.606607
0.607258
0.605949
0.605718
0.605491
0.620302
0.619949
0.620055
0.620134
0.622280
0.620543
0.620368
0.618011
0.620988
0.619534
0.620260
0.620692
0.620768
0.620558
0.619999
0.618600
0.620241
0.619454
0.619196
0.621294
0.620740
0.619321
0.621543
0.619868
0.620695
0.622242
0.620799
0.622071
0.618885
0.621810
0.619502
0.619981
0.619858
0.619868
0.620513
0.619485
0.620753
0.620932
0.620554
0.620132
0.620542
0.619930
0.620147
0.619809
0.619815
0.621126
0.620081
0.620824
0.618140
0.620102
0.620329
0.621683
0.618857
0.621018
0.620030
0.620357
0.620098
0.621146
0.621055
0.619747
0.619556
0.620005
0.620325
0.622144
0.622425
0.620653
0.620494
0.620763
0.620017
0.620323
0.621922
0.619965
0.620635
0.621346
0.620181
0.619255
0.621337
0.619905
0.620682
0.621723
0.620579
0.621042
0.623156
0.621087
0.621557
0.620136
0.622441
0.621313
0.620301
0.620850
0.622123
0.620698
0.618914
0.620451
0.621383
0.620603
0.619606
0.619579
0.620815
0.620537
0.621309
0.620632
0.621130
0.621835
0.620655
0.620874
0.620251
0.619122
0.621486
0.619484
0.620974
0.619242
0.618382
0.620821
0.619043
0.620108
0.619757
0.619967
0.620359
0.620429
0.619914
0.620266
0.621896
0.619997
0.621065
0.621018
0.620570
0.620991
0.620268
0.620574
0.620533
0.619595
0.619621
0.621377
0.620722
0.619578
0.621830
0.619097
0.622172
0.620706
0.621768
0.621520
0.622299
0.620900
0.620575
0.620662
0.620630
0.620881
0.619903
0.619681
0.619806
0.620442
0.620491
0.620624
0.621481
0.620251
0.619570
0.620487
0.620810
0.619280
0.621266
0.621186
0.622241
0.620648
0.621312
0.619515
0.620193
0.621478
0.620655
0.621092
0.621486
0.620951
0.619712
0.622061
0.620716
0.620435
0.619496
0.622016
0.620471
0.619832
0.619557
0.620692
0.620956
0.619509
0.620933
0.620137
0.620000
0.620982
0.620958
0.621183
0.621167
0.621467
0.620613
0.618901
0.620573
0.620922
0.621098
0.620540
0.621289
0.621183
0.620795
0.620804
0.621621
0.620256
0.621739
0.621235
0.621648
0.621721
0.621511
0.620197
0.621172
0.620280
0.620643
0.619728
0.620337
0.618663
0.618631
0.622314
0.620176
0.621797
0.621912
0.619922
0.621632
0.621323
0.620452
0.620577
0.621404
0.619665
0.620873
0.623531
0.620686
0.619908
0.621608
0.620390
0.620981
0.621680
0.619536
0.620070
0.620108
0.620891
0.620604
0.621862
0.619761
0.620001
0.620343
0.621769
0.621329
0.620781
0.621716
0.621627
0.620659
0.620441
0.619794
0.622587
0.619414
0.621824
0.599741
0.598725
0.598203
0.596374
0.597787
0.598222
0.596830
0.597619
0.598445
0.598753
0.597493
0.598141
0.597209
0.599826
0.598340
0.597106
0.597460
0.597394
0.597840
0.598574
0.599193
0.596482
0.597413
0.596984
0.597918
0.597600
0.598132
0.597613
0.598996
0.599399
0.597330
0.597197
0.591192
0.591546
0.589944
0.589702
0.591933
0.591445
0.591675
0.589570
0.590224
0.591625
0.591992
0.592261
0.590354
0.592345
0.591170
0.590357
0.591072
0.589871
0.592653
0.592097
0.589803
0.591830
0.589838
0.590804
0.589885
0.591905
0.591198
0.591392
0.590535
0.589208
0.592110
0.591941
0.589746
0.591502
0.592110
0.592771
0.593228
0.592242
0.591339
0.591505
0.590917
0.590504
0.590683
0.592559
0.592420
0.592697
0.591730
0.592593
0.590522
0.592004
0.589989
0.591134
0.590806
0.589541
0.590775
0.591914
0.591029
0.590086
0.590886
0.591394
0.590654
0.590017
0.589841
0.591051
0.591481
0.591396
0.590803
0.592924
0.592229
0.590974
0.592764
0.590841
0.592427
0.590274
0.590716
0.591013
0.591313
0.591457
0.592521
0.591110
0.589992
0.590396
0.589701
0.591908
0.593451
0.591492
0.592229
0.590036
0.593007
0.591489
0.592970
0.591697
0.592350
0.592512
0.591915
0.592029
0.591098
0.591611
0.590778
0.591273
0.593174
0.591568
0.592133
0.590918
0.590680
0.590725
0.591728
0.590510
0.591098
0.590791
0.591213
0.590660
0.592111
0.591729
0.590964
0.591549
0.590525
0.592531
0.590120
0.590158
0.590620
0.589894
0.591864
0.589925
0.590089
0.592079
0.591948
0.590087
0.605832
0.605925
0.606438
0.606094
0.606250
0.606427
0.606943
0.604166
0.605573
0.607127
0.607110
0.605277
0.605628
0.605210
0.606819
0.606461
0.606224
0.605883
0.605123
0.604689
0.604922
0.607171
0.607632
0.606865
0.606469
0.606187
0.605457
0.606628
0.603809
0.607114
0.606025
0.606647
0.605000
0.604056
0.606160
0.606037
0.605132
0.605649
0.607347
0.605779
0.607576
0.605726
0.604910
0.605950
0.606558
0.607491
0.603865
0.606302
0.606346
0.604780
0.605128
0.606172
0.606047
0.605216
0.607706
0.605813
0.606576
0.603326
0.605452
0.606623
0.606971
0.605705
0.608223
0.606192
0.606443
0.605594
0.607604
0.605848
0.606151
0.604993
0.605069
0.606198
0.605573
0.606493
0.606642
0.605770
0.605321
0.605919
0.606460
0.606997
0.606252
0.604697
0.606240
0.607544
0.604800
0.605611
0.605871
0.606496
0.604626
0.605643
0.604644
0.606448
0.604701
0.606095
0.605929
0.605940
0.606172
0.606819
0.606595
0.606492
0.605046
0.604964
0.605631
0.608046
0.605977
0.604902
0.606701
0.604754
0.606657
0.606474
0.605426
0.607529
0.607844
0.604140
0.605953
0.605430
0.604807
0.604248
0.606255
0.605001
0.605511
0.605401
0.605640
0.606893
0.606570
0.606611
0.606989
0.604688
0.606093
0.607786
0.604598
0.606624
0.604967
0.606425
0.606033
0.607018
0.606497
0.603660
0.607895
0.605065
0.607245
0.606006
0.606195
0.605025
0.606023
0.605919
0.605822
0.607009
0.606854
0.604705
0.606676
0.605332
0.607419
0.606529
0.606866
0.606422
0.606817
0.607618
0.606717
0.608020
0.605304
0.605238
0.606364
0.606422
0.605058
0.605572
0.606115
0.606969
0.607536
0.606655
0.606212
0.604544
0.607369
0.607366
0.605633
0.606341
0.606219
0.606842
0.607280
0.606061
0.605407
0.607428
0.606459
0.605780
0.605784
0.607334
0.605405
0.604639
0.605096
0.606066
0.606754
0.605731
0.605647
0.605531
0.606314
0.607186
0.607795
0.606880
0.606642
0.605795
0.606734
0.606418
0.607759
0.606307
0.605725
0.607109
0.607089
0.606431
0.606714
0.606856
0.606075
0.606082
0.608221
0.605786
0.606004
0.605233
0.608360
0.607822
0.605974
0.608112
0.606947
0.609809
0.605988
0.604688
0.606311
0.606524
0.606662
0.606327
0.605777
0.606121
0.606066
0.605453
0.605581
0.608651
0.606321
0.604426
0.604127
0.606929
0.604001
0.606471
0.608088
0.605812
0.605164
0.606575
0.606239
0.605716
0.605744
0.606952
0.607087
0.605572
0.608254
0.605665
0.606561
0.605523
0.605507
0.605265
0.606898
0.606261
0.607991
0.607062
0.607207
0.605113
0.605316
0.605521
0.606898
0.607865
0.606026
0.605609
0.605732
0.606142
0.606944
0.604645
0.607036
0.605345
0.606973
0.605017
0.606094
0.605623
0.606810
0.607319
0.605565
0.606727
0.606878
0.606525
0.607913
0.605258
0.605196
0.605677
0.620744
0.619098
0.622135
0.620534
0.618633
0.619064
0.620586
0.620016
0.620959
0.621198
0.621005
0.619159
0.621061
0.619264
0.622159
0.620043
0.620492
0.620966
0.619528
0.619439
0.619764
0.618807
0.620186
0.620543
0.619558
0.621564
0.620340
0.619869
0.620878
0.623324
0.621059
0.619539
0.619366
0.620406
0.621386
0.619363
0.619513
0.621787
0.621600
0.620534
0.620242
0.620089
0.620865
0.619854
0.621001
0.620517
0.619333
0.620172
0.619772
0.619204
0.621581
0.619966
0.618735
0.620789
0.619080
0.620632
0.619251
0.619931
0.620532
0.620427
0.621291
0.622029
0.620123
0.621606
0.621026
0.620834
0.620561
0.622560
0.620852
0.619420
0.621766
0.621124
0.618654
0.620819
0.619986
0.620785
0.619139
0.621842
0.620252
0.619921
0.621755
0.618143
0.620802
0.619191
0.620345
0.620087
0.620126
0.621793
0.620589
0.619691
0.621598
0.620843
0.621680
0.622170
0.620949
0.622440
0.620460
0.622327
0.619325
0.619984
0.620451
0.620080
0.622166
0.621421
0.620560
0.622728
0.620685
0.620234
0.621136
0.619239
0.620833
0.619492
0.619538
0.620483
0.620647
0.621085
0.620177
0.620814
0.618877
0.620845
0.619838
0.621562
0.623309
0.620723
0.621677
0.621460
0.620817
0.622025
0.619500
0.621288
0.621712
0.622301
0.621101
0.620837
0.619041
0.620622
0.620835
0.620614
0.619549
0.621250
0.621773
0.620375
0.620461
0.620590
0.621185
0.621272
0.620535
0.621418
0.620107
0.620763
0.620596
0.621111
0.618696
0.619084
0.619603
0.618693
0.620333
0.622042
0.619846
0.618143
0.620874
0.621359
0.619021
0.620853
0.621773
0.620330
0.620303
0.620539
0.620729
0.622217
0.619572
0.619174
0.621918
0.621259
0.620112
0.621522
0.620505
0.621892
0.621674
0.621530
0.619909
0.622351
0.621837
0.618820
0.621883
0.620663
0.621217
0.619511
0.619458
0.620558
0.620867
0.620636
0.622189
0.619169
0.621698
0.620543
0.621933
0.621369
0.621911
0.621082
0.621657
0.621381
0.618809
0.621028
0.620101
0.621009
0.620935
0.619879
0.620511
0.620404
0.620831
0.621297
0.619266
0.620905
0.619738
0.619800
0.620529
0.620077
0.620988
0.620054
0.618665
0.622582
0.620249
0.619899
0.615696
0.613072
0.613355
0.614551
0.613446
0.612355
0.614792
0.612187
0.613367
0.614211
0.614652
0.614247
0.614568
0.613643
0.614553
0.614359
0.613990
0.615910
0.613898
0.612314
0.611516
0.612408
0.613712
0.612025
0.612792
0.613727
0.612757
0.612038
0.613646
0.611653
0.613225
0.614874
0.590763
0.592118
0.591803
0.589737
0.591885
0.591115
0.589721
0.592148
0.592101
0.590582
0.591536
0.591064
0.591476
0.592292
0.590975
0.592184
0.590635
0.589253
0.590343
0.591206
0.589991
0.591011
0.592189
0.590214
0.590269
0.588766
0.590976
0.593441
0.590208
0.593996
0.590338
0.589902
0.591695
0.590901
0.589275
0.591142
0.589655
0.589743
0.590406
0.592719
0.591965
0.590525
0.592824
0.591208
0.592626
0.592774
0.591877
0.591851
0.591870
0.592545
0.591879
0.591653
0.592653
0.591059
0.591666
0.591720
0.588713
0.591995
0.591954
0.592828
0.592649
0.592543
0.590007
0.591177
0.590717
0.591650
0.590966
0.590616
0.592951
0.592785
0.591123
0.592442
0.591538
0.590495
0.591530
0.592439
0.591707
0.592346
0.591185
0.591185
0.591582
0.592151
0.589963
0.591153
0.590946
0.592323
0.592195
0.593300
0.591375
0.590865
0.590949
0.590611
0.592074
0.589845
0.591729
0.591046
0.589986
0.591206
0.591500
0.589223
0.589257
0.590828
0.591243
0.590599
0.591235
0.592082
0.589143
0.591641
0.591581
0.590523
0.590621
0.590365
0.590569
0.591535
0.590637
0.590963
0.591120
0.590354
0.589356
0.591639
0.591365
0.589599
0.591953
0.591118
0.592548
0.591097
0.592960
0.590291
0.606844
0.605949
0.605400
0.606490
0.605448
0.605585
0.605998
0.603851
0.606324
0.607790
0.606388
0.606929
0.604776
0.606475
0.606898
0.605681
0.606867
0.606086
0.605084
0.604841
0.607723
0.607200
0.605884
0.605443
0.605283
0.605397
0.606657
0.605498
0.606660
0.605963
0.605244
0.606512
0.604189
0.606792
0.606254
0.606867
0.605882
0.606028
0.605931
0.607058
0.608100
0.605595
0.604768
0.606577
0.607102
0.608167
0.605843
0.606851
0.607406
0.605455
0.605861
0.606180
0.604736
0.607451
0.605095
0.606972
0.607244
0.605882
0.605267
0.606011
0.606620
0.605890
0.605633
0.604884
0.605166
0.607461
0.607476
0.605225
0.606612
0.605856
0.605939
0.605988
0.605205
0.605625
0.605937
0.605974
0.606415
0.606592
0.604930
0.607635
0.606214
0.606468
0.605114
0.605196
0.605273
0.604988
0.605490
0.605142
0.605422
0.606294
0.605402
0.606003
0.607271
0.606356
0.604406
0.604541
0.605593
0.607430
0.606348
0.606876
0.605468
0.606202
0.605667
0.604176
0.606041
0.607423
0.606039
0.606001
0.606964
0.606092
0.604900
0.606676
0.605501
0.605509
0.607210
0.605514
0.604774
0.605492
0.605049
0.607054
0.605504
0.607290
0.605169
0.603797
0.605869
0.605266
0.606129
0.604851
0.605807
0.607598
0.605488
0.607565
0.607077
0.605112
0.605547
0.606089
0.605584
0.606671
0.606335
0.606042
0.604429
0.605814
0.607345
0.606932
0.606549
0.604736
0.605114
0.604124
0.606324
0.605092
0.606377
0.605608
0.605454
0.605491
0.606183
0.607129
0.605576
0.605147
0.605365
0.605650
0.605580
0.606770
0.607007
0.606576
0.606214
0.606559
0.606070
0.604061
0.606060
0.605330
0.606546
0.605207
0.604945
0.605442
0.606226
0.606509
0.605387
0.605945
0.606617
0.606440
0.605733
0.604835
0.606578
0.607641
0.606988
0.604949
0.604960
0.606413
0.607369
0.604741
0.606711
0.604778
0.605929
0.605594
0.607333
0.605894
0.606493
0.605469
0.605542
0.607770
0.605823
0.605048
0.605705
0.607365
0.607127
0.607012
0.607158
0.605655
0.607013
0.606372
0.605694
0.606317
0.606227
0.608764
0.604989
0.605382
0.606030
0.607404
0.605485
0.606170
0.604969
0.604243
0.605654
0.607006
0.605655
0.607723
0.606762
0.607069
0.606921
0.605460
0.606845
0.606743
0.607178
0.608185
0.606776
0.606718
0.605933
0.606515
0.607882
0.606929
0.606154
0.605803
0.607419
0.606195
0.606215
0.608554
0.604696
0.607760
0.605654
0.607646
0.605956
0.605371
0.605641
0.607646
0.606303
0.609484
0.606030
0.606418
0.607397
0.606128
0.606351
0.608506
0.605897
0.606757
0.607554
0.607608
0.608244
0.606723
0.606544
0.606286
0.606636
0.606574
0.606598
0.604417
0.606103
0.607347
0.606386
0.606213
0.607914
0.606911
0.606496
0.606949
0.605307
0.606447
0.606849
0.604895
0.603935
0.606417
0.604308
0.606164
0.606674
0.606157
0.607295
0.606795
0.605671
0.606182
0.607067
0.605849
0.605966
0.607038
0.605529
0.605468
0.605972
0.605989
0.605948
0.604540
0.606593
0.606182
0.607001
0.607422
0.605460
0.606389
0.605072
0.606224
0.605428
0.606484
0.605099
0.607024
0.606535
0.605658
0.620385
0.618619
0.619102
0.620158
0.619791
0.621946
0.620272
0.621385
0.620351
0.619399
0.620179
0.622189
0.619457
0.620872
0.619678
0.620109
0.620751
0.619962
0.621516
0.621396
0.620077
0.621269
0.620701
0.620605
0.619282
0.619670
0.620033
0.621024
0.620547
0.620787
0.620559
0.620812
0.621469
0.619797
0.620776
0.621332
0.621304
0.621314
0.620712
0.619716
0.618284
0.620791
0.620319
0.620908
0.619215
0.621184
0.620261
0.620750
0.617859
0.619009
0.621068
0.619640
0.622054
0.619393
0.621459
0.620795
0.621208
0.620558
0.621614
0.620362
0.619355
0.620990
0.620302
0.619231
0.620948
0.618950
0.619468
0.621058
0.620119
0.620818
0.620387
0.620805
0.619301
0.618688
0.622067
0.621407
0.620201
0.621786
0.620872
0.620054
0.621311
0.619638
0.620753
0.622583
0.620809
0.619931
0.621086
0.619362
0.619267
0.621652
0.620847
0.622743
0.620620
0.619306
0.619030
0.620312
0.621490
0.619338
0.620947
0.620195
0.618789
0.621470
0.621708
0.622440
0.621583
0.621404
0.621355
0.621255
0.618265
0.619647
0.621987
0.618816
0.620594
0.620319
0.620524
0.620558
0.620542
0.619699
0.620863
0.620802
0.620560
0.619684
0.621277
0.621403
0.621543
0.620391
0.619185
0.620245
0.620902
0.621411
0.619863
0.620506
0.622520
0.620446
0.620341
0.619650
0.621677
0.619289
0.620052
0.620599
0.621222
0.622841
0.620791
0.620661
0.621494
0.620368
0.619925
0.621793
0.621821
0.621598
0.621519
0.619777
0.619015
0.620265
0.620962
0.619877
0.620741
0.622941
0.619786
0.620675
0.620290
0.621841
0.619984
0.619529
0.620565
0.620617
0.619454
0.619481
0.620875
0.618494
0.621863
0.619595
0.618522
0.618190
0.620664
0.620387
0.618688
0.619831
0.619645
0.619709
0.621293
0.620329
0.621740
0.621131
0.620294
0.621097
0.619321
0.621116
0.619608
0.620755
0.620952
0.620565
0.620196
0.621650
0.619798
0.621558
0.619667
0.621009
0.620727
0.620065
0.618449
0.622478
0.618349
0.622114
0.620481
0.620216
0.620024
0.621596
0.620891
0.620652
0.621136
0.618626
0.620697
0.621440
0.620145
0.621245
0.619224
0.619973
0.621545
0.619727
0.621735
0.620638
0.621292
0.620721
0.596711
0.599297
0.598840
0.598883
0.599176
0.597762
0.597997
0.598237
0.600238
0.598015
0.598044
0.599103
0.597016
0.599348
0.598705
0.598847
0.599490
0.598790
0.601090
0.599325
0.598784
0.597458
0.599455
0.599256
0.601108
0.597386
0.599726
0.598318
0.597754
0.598126
0.599454
0.599390
0.593323
0.592645
0.591759
0.590891
0.590043
0.592288
0.590278
0.591898
0.593275
0.592003
0.592159
0.592155
0.591587
0.591011
0.592103
0.591451
0.593827
0.590432
0.592207
0.592560
0.592932
0.591229
0.591074
0.592630
0.591187
0.591786
0.592752
0.593591
0.591758
0.591191
0.591671
0.592244
0.590107
0.591403
0.588826
0.590140
0.592071
0.590262
0.592732
0.591611
0.590458
0.592650
0.590382
0.591503
0.590855
0.591168
0.591139
0.590811
0.592250
0.591745
0.591802
0.590563
0.591879
0.590427
0.591343
0.591447
0.590869
0.591833
0.588982
0.591457
0.592613
0.591289
0.591044
0.589601
0.591291
0.591694
0.592285
0.590481
0.590212
0.592294
0.591746
0.591383
0.591666
0.590604
0.589894
0.590350
0.593022
0.590680
0.590913
0.590862
0.594330
0.591708
0.592131
0.590922
0.590376
0.593162
0.591991
0.591841
0.590281
0.591660
0.592210
0.593002
0.590033
0.592199
0.591651
0.590638
0.606958
0.605005
0.606118
0.606328
0.607318
0.605864
0.605719
0.607000
0.605944
0.608096
0.607307
0.607333
0.604762
0.605304
0.607002
0.606531
0.606535
0.605385
0.607053
0.606297
0.606959
0.605680
0.604809
0.606108
0.605753
0.606426
0.605567
0.604839
0.606100
0.607419
0.607288
0.606461
0.605497
0.606727
0.606638
0.604573
0.607111
0.606092
0.606777
0.606852
0.606443
0.606847
0.606162
0.606560
0.605665
0.605305
0.606145
0.604822
0.606399
0.605565
0.606027
0.607837
0.607321
0.606673
0.605991
0.605693
0.605667
0.605269
0.605637
0.606434
0.606140
0.607858
0.606394
0.605855
0.605768
0.608127
0.606186
0.606356
0.606322
0.604817
0.607390
0.605503
0.605832
0.606360
0.605464
0.606916
0.607707
0.604269
0.605469
0.605575
0.605290
0.606103
0.606047
0.606973
0.607264
0.603920
0.606356
0.607279
0.605828
0.607501
0.606136
0.607077
0.605682
0.606204
0.603549
0.607925
0.606441
0.605074
0.606240
0.605790
0.605720
0.605045
0.606010
0.607044
0.606570
0.607393
0.605857
0.605249
0.605948
0.603530
0.605149
0.604335
0.605059
0.605143
0.604855
0.605673
0.604783
0.605445
0.606724
0.605610
0.605374
0.605939
0.605396
0.605960
0.604491
0.605170
0.606304
0.605612
0.603379
0.604974
0.604818
0.607553
0.605966
0.604806
0.607046
0.606535
0.606823
0.606756
0.607242
0.606890
0.605787
0.606254
0.605260
0.605312
0.606152
0.605683
0.605742
0.605172
0.605240
0.606678
0.606057
0.604100
0.605461
0.607558
0.605978
0.604987
0.604853
0.605081
0.605573
0.604694
0.606946
0.605607
0.607177
0.605867
0.605218
0.605134
0.603287
0.607172
0.604744
0.607216
0.606140
0.606303
0.603297
0.605158
0.605590
0.606644
0.605780
0.606666
0.605302
0.604351
0.604787
0.604410
0.605418
0.607166
0.604464
0.606272
0.604494
0.605034
0.605174
0.604765
0.607805
0.603774
0.605749
0.604246
0.606302
0.604159
0.606705
0.606950
0.604971
0.606475
0.606652
0.607270
0.605180
0.605390
0.606441
0.607303
0.605990
0.604929
0.606325
0.605678
0.606579
0.605839
0.606376
0.606153
0.604675
0.607498
0.605370
0.605616
0.605659
0.607457
0.606124
0.606568
0.605412
0.603415
0.604846
0.604374
0.605152
0.607731
0.607726
0.604934
0.606469
0.605339
0.606466
0.605238
0.606648
0.605502
0.605836
0.606411
0.605647
0.605480
0.605901
0.607270
0.605555
0.606838
0.604998
0.605386
0.605486
0.604781
0.605852
0.607525
0.605001
0.604913
0.605763
0.606021
0.606259
0.606126
0.606793
0.606648
0.606005
0.606478
0.606480
0.608107
0.606493
0.606084
0.609049
0.606400
0.608491
0.606363
0.607458
0.606624
0.606815
0.606556
0.608259
0.606726
0.607885
0.605979
0.607574
0.608969
0.608056
0.606434
0.608423
0.608235
0.609369
0.607017
0.607849
0.605942
0.606326
0.605498
0.608145
0.605094
0.605858
0.607771
0.605487
0.607817
0.606715
0.604981
0.605766
0.605291
0.607126
0.604551
0.605621
0.606528
0.605652
0.604257
0.607162
0.608097
0.606720
0.606965
0.604843
0.607926
0.605569
0.606521
0.607424
0.604038
0.606397
0.605702
0.606838
0.607164
0.605651
0.606829
0.605105
0.605901
0.606016
0.606767
0.605472
0.606226
0.606574
0.605144
0.606868
0.607464
0.606937
0.604896
0.606720
0.606699
0.607165
0.605053
0.607872
0.606477
0.606352
0.604474
0.606284
0.606957
0.606701
0.607598
0.607088
0.605560
0.605895
0.604104
0.606910
0.607950
0.604977
0.606521
0.621243
0.619955
0.622098
0.620994
0.619364
0.620976
0.621686
0.621528
0.620259
0.620888
0.619300
0.620663
0.620872
0.620740
0.621408
0.620951
0.620330
0.620525
0.620964
0.620566
0.620487
0.619079
0.620249
0.620465
0.621837
0.620704
0.620489
0.621280
0.620009
0.620873
0.619835
0.618919
0.619839
0.621132
0.621692
0.621503
0.620643
0.621771
0.620000
0.619510
0.620840
0.620784
0.622520
0.620206
0.619707
0.620973
0.619036
0.620263
0.620829
0.621002
0.620925
0.619533
0.621638
0.620180
0.622832
0.622081
0.619863
0.619613
0.620633
0.622270
0.620849
0.620029
0.619710
0.621418
0.620256
0.619507
0.620934
0.619194
0.621890
0.620017
0.619373
0.620762
0.620399
0.620492
0.622271
0.621298
0.620884
0.621257
0.620484
0.622199
0.621148
0.620966
0.619371
0.620434
0.619218
0.620641
0.620160
0.622217
0.620605
0.620343
0.619629
0.620702
0.621706
0.619526
0.619928
0.618889
0.620194
0.618939
0.620490
0.620137
0.620135
0.621951
0.620729
0.621375
0.621885
0.619368
0.620663
0.620508
0.620965
0.621476
0.619452
0.621436
0.620261
0.620518
0.619487
0.620499
0.619276
0.620536
0.620702
0.621005
0.620560
0.620694
0.623054
0.618828
0.620254
0.621085
0.619762
0.620132
0.621161
0.619352
0.621436
0.622067
0.621447
0.620215
0.620426
0.618717
0.621442
0.620742
0.620077
0.620560
0.619723
0.623088
0.620957
0.619498
0.621023
0.619817
0.619653
0.620089
0.620324
0.621024
0.620096
0.622240
0.619608
0.621183
0.618724
0.619872
0.619855
0.619046
0.620529
0.621406
0.621100
0.621829
0.618463
0.619608
0.619717
0.621552
0.621290
0.620225
0.620597
0.620533
0.621441
0.621177
0.619077
0.619204
0.619446
0.620130
0.621311
0.620964
0.619837
0.620346
0.620430
0.621003
0.621534
0.619320
0.620546
0.620601
0.620168
0.619873
0.621146
0.618485
0.621511
0.620313
0.611703
0.614183
0.614296
0.613870
0.613371
0.612866
0.612995
0.611822
0.612172
0.612364
0.612179
0.613101
0.612449
0.611956
0.613039
0.614234
0.614208
0.613238
0.611296
0.612776
0.614580
0.612455
0.613739
0.614357
0.615552
0.612003
0.613370
0.613217
0.612834
0.613558
0.612985
0.613064
0.590909
0.592619
0.590616
0.591415
0.590682
0.590426
0.591247
0.591495
0.592574
0.590922
0.590843
0.591819
0.589896
0.591824
0.591621
0.591654
0.592991
0.593843
0.593011
0.591918
0.592266
0.591767
0.592157
0.592211
0.592609
0.593223
0.592103
0.591840
0.591950
0.592750
0.591886
0.592108
0.592012
0.590652
0.591042
0.589792
0.593466
0.591979
0.591592
0.591401
0.590089
0.590312
0.591283
0.591440
0.590395
0.591414
0.592543
0.590634
0.589112
0.591715
0.593031
0.591020
0.591903
0.592047
0.590187
0.592637
0.590288
0.590412
0.590486
0.593022
0.591214
0.588774
0.591093
0.589765
0.592886
0.592762
0.591373
0.592155
0.590244
0.591327
0.591469
0.590789
0.591065
0.589475
0.591398
0.590585
0.589826
0.592670
0.589685
0.592123
0.592359
0.590977
0.590621
0.593213
0.590990
0.590968
0.590384
0.592212
0.591041
0.591170
0.590305
0.592733
0.591424
0.592550
0.590823
0.591319
0.605599
0.605351
0.606757
0.606306
0.606731
0.605875
0.604789
0.605423
0.605605
0.604969
0.605721
0.604199
0.605968
0.605096
0.606457
0.607064
0.606534
0.606794
0.606001
0.605396
0.603448
0.604996
0.605826
0.604296
0.605997
0.606013
0.604971
0.606220
0.606834
0.605567
0.606108
0.606974
0.606172
0.606294
0.605849
0.607092
0.606686
0.606881
0.605366
0.606731
0.605794
0.605887
0.606458
0.606456
0.607083
0.605036
0.606691
0.606453
0.608124
0.606641
0.606692
0.605462
0.604977
0.607263
0.605691
0.608791
0.607365
0.605219
0.605325
0.605476
0.604573
0.605440
0.605567
0.607395
0.607904
0.607238
0.607578
0.607130
0.605789
0.604436
0.604743
0.605983
0.607161
0.606373
0.605710
0.606091
0.606835
0.606584
0.606879
0.606342
0.608026
0.604979
0.604685
0.605909
0.606346
0.606010
0.604100
0.606402
0.606409
0.605595
0.605471
0.606190
0.605970
0.607298
0.605007
0.607777
0.606145
0.605992
0.606538
0.605909
0.605844
0.604892
0.606638
0.603874
0.605725
0.606620
0.606731
0.606229
0.608788
0.605993
0.605621
0.604214
0.605522
0.606064
0.606543
0.607790
0.605513
0.605533
0.607029
0.606367
0.605955
0.604614
0.604327
0.605667
0.604749
0.603724
0.606657
0.606141
0.605429
0.604602
0.604203
0.605937
0.607132
0.605811
0.605042
0.604492
0.605688
0.605949
0.605404
0.604082
0.604052
0.604649
0.604922
0.605944
0.604644
0.605688
0.605985
0.606544
0.605949
0.606608
0.606819
0.606862
0.605714
0.605691
0.603998
0.604651
0.605463
0.608667
0.605109
0.606973
0.605783
0.605963
0.604659
0.605959
0.603739
0.604717
0.603434
0.604116
0.605486
0.606263
0.605014
0.604477
0.604612
0.604930
0.606398
0.606174
0.605870
0.605085
0.604734
0.605513
0.604242
0.606035
0.606829
0.604996
0.605601
0.605955
0.605265
0.606000
0.604552
0.606383
0.604851
0.604331
0.606159
0.606062
0.606248
0.605078
0.605968
0.607227
0.605461
0.606394
0.604662
0.605697
0.606821
0.606248
0.606198
0.604879
0.606325
0.606016
0.606307
0.607176
0.605781
0.604980
0.605237
0.605353
0.605746
0.605212
0.606140
0.607530
0.605692
0.605757
0.603619
0.605053
0.605950
0.605416
0.606959
0.605393
0.606559
0.605714
0.607307
0.606785
0.605942
0.604924
0.606707
0.606436
0.606548
0.607675
0.604681
0.604734
0.605820
0.607119
0.604405
0.607011
0.606251
0.604044
0.604975
0.605000
0.606883
0.605377
0.606627
0.606556
0.604956
0.605532
0.604071
0.606249
0.605948
0.604562
0.605102
0.603998
0.605500
0.605851
0.603971
0.607515
0.606041
0.606454
0.607595
0.605616
0.604901
0.605601
0.606577
0.606343
0.607072
0.604142
0.605721
0.605759
0.604020
0.606551
0.605963
0.606990
0.605175
0.605864
0.606596
0.606080
0.606038
0.605443
0.605186
0.606787
0.605057
0.605760
0.608482
0.607256
0.607505
0.607746
0.608582
0.607020
0.605727
0.608546
0.606992
0.606863
0.606387
0.607931
0.608080
0.606258
0.607484
0.607812
0.607989
0.607032
0.607104
0.607529
0.609557
0.607813
0.607022
0.606593
0.607777
0.608312
0.608695
0.608200
0.608286
0.606693
0.607989
0.607108
0.604848
0.606072
0.605585
0.606741
0.604068
0.606574
0.605726
0.605300
0.606946
0.604504
0.606450
0.608226
0.606999
0.607634
0.607435
0.606271
0.606928
0.606467
0.605957
0.606228
0.605329
0.605652
0.606485
0.604798
0.606153
0.605008
0.606762
0.606609
0.606600
0.605418
0.605278
0.606429
0.605755
0.605321
0.606581
0.606439
0.606442
0.606822
0.605907
0.608191
0.606219
0.606037
0.607089
0.605355
0.606305
0.604100
0.605012
0.608057
0.607141
0.605459
0.606413
0.605850
0.607306
0.605533
0.605529
0.605436
0.604956
0.605185
0.607264
0.608054
0.605013
0.607801
0.606044
0.604593
0.619620
0.620763
0.620381
0.621688
0.621277
0.620397
0.620748
0.619987
0.619145
0.619635
0.621771
0.618154
0.620657
0.620698
0.620510
0.621241
0.621411
0.620505
0.621300
0.619374
0.619431
0.620048
0.620713
0.619593
0.620683
0.619872
0.622106
0.620195
0.620039
0.620126
0.622007
0.621327
0.620667
0.620845
0.622971
0.622105
0.621381
0.621724
0.622971
0.620277
0.621625
0.619577
0.620224
0.619709
0.620361
0.620913
0.619286
0.621425
0.620930
0.620809
0.621235
0.619339
0.620114
0.621372
0.621502
0.620236
0.620179
0.620554
0.620860
0.620619
0.619878
0.619129
0.620887
0.620020
0.619967
0.620989
0.621992
0.621513
0.621183
0.619334
0.620252
0.620105
0.621033
0.621034
0.620698
0.621169
0.622803
0.622612
0.621021
0.619725
0.620527
0.620782
0.620959
0.621051
0.619646
0.621753
0.619764
0.620438
0.621095
0.619323
0.620835
0.619986
0.620136
0.621103
0.620483
0.620239
0.619850
0.620539
0.619671
0.619644
0.620882
0.620090
0.620675
0.621130
0.618693
0.620006
0.620323
0.619474
0.621324
0.620897
0.621219
0.619565
0.622626
0.620250
0.621066
0.621099
0.619461
0.620965
0.621495
0.622079
0.620881
0.620748
0.620013
0.621587
0.620982
0.621055
0.621065
0.619590
0.622167
0.619433
0.621316
0.619312
0.619636
0.619253
0.621448
0.621227
0.619317
0.620562
0.621063
0.621927
0.619045
0.621148
0.619999
0.620268
0.621030
0.620627
0.619302
0.620205
0.620717
0.620243
0.620000
0.621044
0.622412
0.620454
0.622609
0.621158
0.619946
0.619424
0.620903
0.620358
0.620823
0.620928
0.619898
0.619650
0.619437
0.622202
0.619503
0.619962
0.620309
0.621067
0.617327
0.619432
0.621754
0.619026
0.619687
0.620224
0.620644
0.620231
0.620198
0.619522
0.620519
0.619008
0.621543
0.620818
0.621301
0.618555
0.618370
0.621472
0.620490
0.620476
0.621119
0.621036
0.596964
0.599680
0.600012
0.600400
0.599211
0.598866
0.598333
0.600855
0.598526
0.600614
0.599261
0.599693
0.599392
0.598753
0.597960
0.598549
0.599011
0.599425
0.598362
0.599335
0.598328
0.597462
0.598838
0.599678
0.598940
0.598705
0.599478
0.598140
0.599270
0.598017
0.600108
0.598850
0.591240
0.589664
0.591924
0.592416
0.592207
0.591612
0.591126
0.589424
0.591157
0.592026
0.591139
0.591264
0.591558
0.591728
0.591439
0.590472
0.590742
0.592318
0.590231
0.591016
0.591851
0.591922
0.590049
0.592502
0.590951
0.592307
0.591422
0.589886
0.590000
0.591501
0.590958
0.592021
0.589913
0.591112
0.590788
0.592111
0.590313
0.591381
0.590366
0.591379
0.591666
0.590212
0.590987
0.591698
0.589899
0.591319
0.591101
0.591319
0.589535
0.593043
0.591325
0.591555
0.593287
0.591925
0.591117
0.590932
0.591546
0.590300
0.591809
0.591002
0.592324
0.591857
0.589861
0.590243
0.606339
0.607748
0.607036
0.605741
0.604630
0.605333
0.605279
0.604872
0.605775
0.607084
0.603553
0.606471
0.605158
0.606126
0.606534
0.604832
0.606541
0.604969
0.606412
0.605832
0.602434
0.606251
0.605017
0.605440
0.604444
0.604822
0.605712
0.605546
0.605318
0.606202
0.606920
0.605109
0.605345
0.607152
0.605516
0.605015
0.607055
0.606193
0.605933
0.607182
0.607329
0.607507
0.605895
0.605736
0.605898
0.607392
0.606867
0.604358
0.606819
0.605071
0.605990
0.605840
0.606138
0.605988
0.605208
0.606956
0.606905
0.607748
0.605447
0.606893
0.605740
0.604970
0.605624
0.606593
Pass 3: Computing changesets...
Done!
pass_3 time = 92.59802269935608
[run_ginex.py] pass_3 time = 92.59825205802917
[run_ginex.py] sb_sample time = 733.0375456809998
Step 1: Done
inspect_time = 818985.125
Step 2: Switch
Step 2: Done
Step 3: Main Loop
0
sampling:  0.09164799749851227
gather:  271.5511169433594
cache:  0.037087999284267426
transfer:  281.5298767089844
forward:  572.94091796875
backward:  226.45762634277344
free:  4.705728054046631
1000
sampling:  0.8147199749946594
gather:  133.7867889404297
cache:  0.02876799926161766
transfer:  43.525630950927734
forward:  2.9911680221557617
backward:  1.8995200395584106
free:  0.20108799636363983
2000
sampling:  0.7461119890213013
gather:  122.02345275878906
cache:  0.027456000447273254
transfer:  44.34908676147461
forward:  3.0147199630737305
backward:  1.8575359582901
free:  0.20553599298000336
3000
sampling:  0.4432640075683594
gather:  109.69068908691406
cache:  0.031808000057935715
transfer:  41.8185920715332
forward:  2.987744092941284
backward:  1.8186240196228027
free:  0.2056960016489029
4000
sampling:  0.11907199770212173
gather:  106.47862243652344
cache:  0.03129599988460541
transfer:  42.08873748779297
forward:  3.0184319019317627
backward:  1.8708479404449463
free:  0.19945600628852844
5000
sampling:  0.12467200309038162
gather:  111.3361587524414
cache:  0.03452799841761589
transfer:  43.36131286621094
forward:  3.006079912185669
backward:  1.8227519989013672
free:  0.19631999731063843
6000
sampling:  0.14899200201034546
gather:  127.35568237304688
cache:  0.030912000685930252
transfer:  43.151424407958984
forward:  3.0151679515838623
backward:  1.9087680578231812
free:  0.20259200036525726
7000
sampling:  0.12671999633312225
gather:  109.47398376464844
cache:  0.03734400123357773
transfer:  42.034912109375
forward:  3.0265920162200928
backward:  1.8636800050735474
free:  0.20742399990558624
8000
sampling:  0.18918399512767792
gather:  110.82473754882812
cache:  0.047040000557899475
transfer:  45.1313591003418
forward:  3.0167999267578125
backward:  1.9087680578231812
free:  0.23071999847888947
Step 3: Done
=========================== Total Stat ===========================
dataset: ogbn_products_extended, sb-size: 8800, batch-size: 1000, nc-size: 45.0GB, fc-size: 50.0GB, zstd: False, khop: 32
Part 1: sb_sample_times pass_1_and_2_times pass_3_times
694.8985
733.0375
58.4773
92.5983
==================================================================
Part 2: inspect_time switch_time sampling_time gather_time cache_time transfer_time forward_time backward_time free_time
818.9851
76.2000
4.0590
1050.4302
65.8203
380.4367
27.7632
17.0786
144.8123
==================================================================
Current superbatch ended
Epoch 00, Loss: 0.0002, Approx. Train: 0.3992
Epoch time: 3318723.3465 ms
