Preparing dataset...
Done!

==============================
Running Epoch 0...
Running 0th superbatch of total 3 superbatches
Step 1: Superbatch Sample
[run_ginex.py] sb_sample time = 690.7510697841644
Step 1: Done
inspect_time = 708205.625
Running 1th superbatch of total 3 superbatches
Step 1: Superbatch Sample
Loading ids...
Done!
Pass 1: calculating frequency and initial cache indices...
Done!
Pass 2: making two key data structures (iterptr & iters)...
Done!
pass_1_and_2 time = 71.86762571334839
[run_ginex.py] pass_1_and_2 time = 71.86782765388489
1.000000
1.000000
1.000000
1.000000
1.000000
1.000000
1.000000
1.000000
1.000000
1.000000
1.000000
1.000000
1.000000
1.000000
1.000000
1.000000
1.000000
1.000000
1.000000
1.000000
1.000000
1.000000
1.000000
1.000000
1.000000
1.000000
1.000000
1.000000
1.000000
1.000000
1.000000
1.000000
1.000000
1.000000
1.000000
1.000000
1.000000
1.000000
1.000000
1.000000
1.000000
1.000000
1.000000
1.000000
1.000000
1.000000
1.000000
1.000000
1.000000
1.000000
1.000000
1.000000
1.000000
1.000000
1.000000
1.000000
1.000000
1.000000
1.000000
1.000000
1.000000
1.000000
1.000000
1.000000
1.000000
1.000000
1.000000
1.000000
1.000000
1.000000
1.000000
1.000000
1.000000
1.000000
1.000000
1.000000
1.000000
1.000000
1.000000
1.000000
1.000000
1.000000
1.000000
1.000000
1.000000
1.000000
1.000000
1.000000
1.000000
1.000000
1.000000
1.000000
1.000000
1.000000
1.000000
1.000000
1.000000
1.000000
1.000000
1.000000
1.000000
1.000000
1.000000
1.000000
1.000000
1.000000
1.000000
1.000000
1.000000
1.000000
1.000000
1.000000
1.000000
1.000000
1.000000
1.000000
1.000000
1.000000
1.000000
1.000000
1.000000
1.000000
1.000000
1.000000
1.000000
1.000000
1.000000
1.000000
1.000000
1.000000
1.000000
1.000000
1.000000
1.000000
1.000000
1.000000
1.000000
1.000000
1.000000
1.000000
1.000000
1.000000
1.000000
1.000000
1.000000
1.000000
1.000000
1.000000
1.000000
1.000000
1.000000
1.000000
1.000000
1.000000
1.000000
1.000000
1.000000
1.000000
1.000000
1.000000
1.000000
1.000000
1.000000
1.000000
1.000000
1.000000
1.000000
1.000000
1.000000
1.000000
1.000000
1.000000
1.000000
1.000000
1.000000
1.000000
1.000000
1.000000
1.000000
1.000000
1.000000
1.000000
1.000000
1.000000
1.000000
1.000000
1.000000
1.000000
1.000000
1.000000
1.000000
1.000000
0.346104
0.341302
0.343037
0.341722
0.341714
0.340479
0.342187
0.338302
0.343959
0.342699
0.342165
0.343309
0.344392
0.341205
0.344400
0.341584
0.343494
0.339562
0.339916
0.341088
0.341755
0.343570
0.340594
0.343596
0.345117
0.340183
0.341897
0.341813
0.343965
0.343806
0.345712
0.341315
0.338903
0.342807
0.343037
0.343733
0.342001
0.343055
0.346164
0.341723
0.342931
0.342548
0.343296
0.341242
0.342468
0.344634
0.343084
0.344812
0.343379
0.343029
0.342877
0.344531
0.342919
0.343136
0.342622
0.342690
0.344098
0.342377
0.340354
0.340710
0.341671
0.343015
0.341404
0.343100
0.327348
0.329947
0.328535
0.328003
0.328156
0.327414
0.327551
0.326812
0.328087
0.327655
0.326921
0.326392
0.327671
0.328628
0.329610
0.328958
0.328237
0.329706
0.328686
0.328167
0.329006
0.329567
0.328329
0.327830
0.328047
0.327255
0.327684
0.325972
0.328904
0.326652
0.328091
0.328247
0.326091
0.329201
0.330411
0.326221
0.329222
0.326182
0.329438
0.327400
0.327951
0.327496
0.329103
0.328557
0.327208
0.330129
0.328052
0.326693
0.328277
0.328501
0.328419
0.330568
0.328136
0.329169
0.327903
0.327808
0.326923
0.327620
0.329076
0.326922
0.329520
0.329069
0.327067
0.327747
0.383702
0.383230
0.386571
0.384708
0.384643
0.384990
0.384823
0.384653
0.385172
0.386016
0.385125
0.385370
0.382788
0.384368
0.385070
0.385440
0.385420
0.383264
0.383811
0.384411
0.383906
0.384427
0.385749
0.384624
0.385408
0.384370
0.386776
0.383444
0.385292
0.384409
0.384172
0.384653
0.384366
0.382649
0.384820
0.384777
0.385104
0.385662
0.385443
0.383869
0.384665
0.383470
0.385823
0.385424
0.384635
0.385190
0.384886
0.384573
0.385236
0.385215
0.384488
0.383111
0.385171
0.385894
0.383914
0.384912
0.383863
0.384427
0.382356
0.384404
0.384417
0.382977
0.384995
0.384473
0.434034
0.436081
0.435098
0.436394
0.435702
0.435439
0.434751
0.435954
0.434237
0.434812
0.434930
0.434364
0.435270
0.436723
0.435799
0.435156
0.434915
0.436100
0.436814
0.435345
0.434987
0.432604
0.436962
0.435900
0.434765
0.436181
0.434737
0.435380
0.435945
0.436334
0.436240
0.436257
0.435091
0.435003
0.436542
0.436124
0.436816
0.437477
0.434353
0.434614
0.434536
0.434166
0.434847
0.434875
0.434347
0.435098
0.436154
0.435162
0.434636
0.436011
0.436243
0.435400
0.434361
0.435556
0.435380
0.436140
0.434407
0.434984
0.433593
0.435612
0.432822
0.435763
0.434573
0.434888
0.481573
0.481694
0.481519
0.480356
0.479574
0.479484
0.482263
0.480621
0.481244
0.481087
0.481472
0.482160
0.480550
0.481110
0.479712
0.479026
0.479649
0.480202
0.480298
0.479841
0.480011
0.480709
0.480561
0.482423
0.481299
0.479080
0.480633
0.482412
0.480820
0.479570
0.481572
0.480592
0.481176
0.480055
0.479857
0.482067
0.480661
0.478918
0.479905
0.480997
0.480256
0.480986
0.482041
0.482144
0.480025
0.481075
0.483305
0.480848
0.480480
0.479447
0.480850
0.483295
0.480644
0.481043
0.481991
0.480869
0.480489
0.482005
0.480919
0.479997
0.480913
0.483412
0.480784
0.479380
0.521871
0.521690
0.521818
0.521027
0.522072
0.520755
0.521094
0.519271
0.520064
0.520597
0.520272
0.522110
0.520473
0.521148
0.521329
0.520330
0.520451
0.520840
0.521259
0.520902
0.518837
0.520548
0.523029
0.519459
0.523179
0.521348
0.519296
0.521021
0.521103
0.522329
0.520806
0.521292
0.522192
0.521906
0.521439
0.521864
0.520338
0.520249
0.522090
0.520675
0.521712
0.520806
0.523326
0.520768
0.522004
0.520999
0.520608
0.520722
0.521153
0.520567
0.519877
0.520587
0.522176
0.522433
0.521052
0.520424
0.523458
0.521246
0.521655
0.521633
0.519786
0.522240
0.521514
0.520487
0.558734
0.556830
0.556810
0.557456
0.558776
0.557025
0.555873
0.558379
0.557742
0.557968
0.557470
0.560153
0.558269
0.558460
0.558193
0.557700
0.556953
0.558857
0.560664
0.559111
0.557932
0.557116
0.556218
0.557233
0.557609
0.556391
0.557457
0.558313
0.557806
0.557747
0.556453
0.557697
0.557391
0.558462
0.556764
0.556954
0.556942
0.558329
0.557773
0.558020
0.557344
0.557699
0.557644
0.558319
0.558828
0.557171
0.556858
0.557723
0.560070
0.558279
0.557596
0.555951
0.558417
0.558880
0.558910
0.559639
0.558258
0.560936
0.558233
0.559011
0.558826
0.557813
0.558753
0.558301
0.594592
0.593765
0.593496
0.590108
0.590159
0.593684
0.590362
0.590139
0.590296
0.591325
0.592393
0.589934
0.591805
0.591240
0.590711
0.591760
0.592383
0.591794
0.590368
0.590035
0.592087
0.589825
0.591397
0.591560
0.589240
0.588444
0.591606
0.591642
0.589062
0.591820
0.591158
0.590709
0.590975
0.591138
0.589796
0.591989
0.590787
0.590797
0.592017
0.590902
0.589215
0.590848
0.589864
0.590605
0.590670
0.589192
0.591775
0.590880
0.589777
0.591242
0.589685
0.593407
0.591732
0.592725
0.592636
0.593146
0.592061
0.590040
0.592387
0.592360
0.594778
0.592558
0.593253
0.591709
0.623749
0.622853
0.620161
0.621120
0.621041
0.621504
0.620408
0.620550
0.621691
0.622199
0.623381
0.622710
0.621762
0.620306
0.618384
0.622990
0.621615
0.621872
0.619452
0.621387
0.621831
0.621645
0.621403
0.620566
0.620089
0.620933
0.621789
0.619683
0.620020
0.621232
0.621246
0.622126
0.620929
0.621777
0.621864
0.622570
0.619666
0.621565
0.620356
0.620510
0.620352
0.620888
0.620935
0.621220
0.621091
0.619843
0.621283
0.621449
0.621053
0.621719
0.622708
0.622183
0.621556
0.622094
0.624280
0.624875
0.621611
0.621835
0.623297
0.623438
0.622579
0.622003
0.623429
0.622905
0.650399
0.649997
0.648836
0.647462
0.649612
0.649305
0.649496
0.650926
0.649768
0.648794
0.649223
0.650546
0.648410
0.649421
0.648434
0.649531
0.648943
0.647337
0.647778
0.650277
0.648471
0.647686
0.647141
0.648941
0.648537
0.648402
0.647811
0.649820
0.649345
0.649587
0.648493
0.647896
0.647498
0.647843
0.646233
0.645607
0.646407
0.646931
0.647179
0.648146
0.646856
0.649483
0.646490
0.647644
0.649116
0.647048
0.647814
0.648600
0.646216
0.649733
0.651920
0.651338
0.649049
0.652249
0.651488
0.650756
0.650779
0.650826
0.651061
0.651707
0.651625
0.650238
0.649949
0.649780
0.674574
0.673659
0.674600
0.674232
0.675516
0.673550
0.673532
0.673256
0.673772
0.675245
0.672272
0.674867
0.674398
0.673170
0.672507
0.675142
0.674296
0.672260
0.674166
0.672208
0.671567
0.672721
0.673113
0.674056
0.674054
0.673584
0.672870
0.674583
0.672233
0.673898
0.671948
0.673485
0.670930
0.672751
0.673560
0.673309
0.673819
0.673282
0.673725
0.671419
0.672410
0.672798
0.673891
0.671234
0.672353
0.673721
0.673618
0.671817
0.672015
0.675238
0.677344
0.675725
0.675147
0.676478
0.676477
0.676813
0.675991
0.674422
0.676637
0.675410
0.676344
0.678303
0.677990
0.676904
0.697312
0.698282
0.698355
0.698422
0.698066
0.697911
0.696314
0.697456
0.698096
0.697435
0.695340
0.696328
0.695378
0.694922
0.696981
0.697073
0.696841
0.697383
0.696517
0.696356
0.696103
0.697863
0.695862
0.696511
0.694450
0.694415
0.696638
0.696675
0.694740
0.696394
0.695121
0.695508
0.694716
0.694820
0.697438
0.693717
0.697371
0.694963
0.695570
0.694789
0.696244
0.695279
0.695177
0.694708
0.693726
0.695651
0.696326
0.695306
0.695168
0.698394
0.699250
0.698711
0.698808
0.698955
0.700838
0.699173
0.700936
0.697777
0.699176
0.699007
0.699752
0.699399
0.698781
0.701305
0.635455
0.631947
0.632920
0.632214
0.633828
0.634720
0.633698
0.633585
0.634453
0.633121
0.632918
0.633710
0.633043
0.632476
0.634735
0.633177
0.634292
0.632693
0.632644
0.633416
0.633052
0.634257
0.630994
0.633795
0.631204
0.634361
0.633398
0.631405
0.635119
0.632452
0.631771
0.632662
0.630826
0.633036
0.631371
0.633554
0.632549
0.635182
0.632651
0.633611
0.633020
0.631631
0.632118
0.631429
0.635024
0.633355
0.631603
0.633176
0.630185
0.634324
0.634590
0.636354
0.634504
0.634244
0.634295
0.634678
0.634709
0.636358
0.635891
0.635782
0.634595
0.635511
0.633437
0.637285
0.521554
0.520772
0.520914
0.522007
0.521169
0.522567
0.521078
0.519970
0.520428
0.522506
0.520664
0.522476
0.521837
0.521071
0.521032
0.522426
0.521746
0.519594
0.519792
0.521838
0.519086
0.519732
0.521677
0.523576
0.520557
0.520217
0.519545
0.521285
0.522097
0.521807
0.518614
0.518876
0.521776
0.522099
0.522829
0.521424
0.520522
0.520257
0.522302
0.521347
0.520230
0.521566
0.522174
0.521675
0.520843
0.520618
0.521905
0.521300
0.520959
0.520050
0.520557
0.521473
0.519227
0.520017
0.523510
0.521570
0.522022
0.521672
0.521495
0.521394
0.520768
0.519722
0.521166
0.521508
0.520597
0.520671
0.522847
0.522096
0.520741
0.521893
0.522971
0.520822
0.521095
0.521518
0.520870
0.521560
0.521501
0.520798
0.521982
0.521062
0.519985
0.520059
0.520107
0.520219
0.521091
0.520320
0.521736
0.520447
0.521414
0.519996
0.521792
0.521654
0.523396
0.521410
0.520937
0.521868
0.521321
0.521957
0.522026
0.520570
0.522023
0.521384
0.521940
0.522355
0.521535
0.521399
0.520358
0.522159
0.521566
0.521906
0.522219
0.523853
0.521594
0.520231
0.520516
0.521014
0.523073
0.522123
0.521335
0.523167
0.521224
0.520910
0.521685
0.520177
0.521862
0.521398
0.522914
0.523099
0.558307
0.556955
0.558089
0.557125
0.557739
0.557634
0.557798
0.556673
0.556780
0.557915
0.556358
0.557782
0.556625
0.559014
0.558515
0.556364
0.558359
0.556988
0.557421
0.557743
0.557743
0.556523
0.557551
0.557413
0.557127
0.557183
0.559177
0.557392
0.557620
0.557410
0.558370
0.559575
0.557608
0.557815
0.559522
0.556191
0.558554
0.554672
0.557996
0.556864
0.557539
0.558413
0.558805
0.558559
0.556255
0.558341
0.557285
0.557724
0.557537
0.557276
0.556735
0.557270
0.558699
0.557471
0.558581
0.558508
0.559965
0.558200
0.558740
0.557201
0.559186
0.558960
0.558599
0.559029
0.558114
0.557513
0.558077
0.558276
0.558851
0.557507
0.558519
0.557204
0.557918
0.558672
0.556034
0.558364
0.558568
0.558343
0.556084
0.558681
0.557977
0.556945
0.557517
0.559473
0.557493
0.557938
0.557221
0.557361
0.557276
0.557163
0.556264
0.558113
0.558109
0.557121
0.557240
0.558928
0.558665
0.557127
0.556823
0.558713
0.558934
0.558941
0.558115
0.557614
0.557675
0.558403
0.559560
0.558286
0.557313
0.556638
0.559453
0.558552
0.557902
0.556083
0.557949
0.558179
0.559223
0.559767
0.560190
0.557933
0.559850
0.558905
0.558300
0.559591
0.558859
0.557990
0.560140
0.558122
0.590061
0.591463
0.591852
0.591468
0.592826
0.591313
0.592331
0.593320
0.592207
0.591318
0.589562
0.591233
0.591262
0.591380
0.590433
0.590539
0.591988
0.592156
0.591480
0.591725
0.589135
0.592064
0.590748
0.589857
0.590977
0.590731
0.591499
0.591169
0.591320
0.589437
0.592397
0.590124
0.591713
0.591475
0.590437
0.589236
0.592723
0.591262
0.591274
0.591480
0.590467
0.591531
0.590619
0.591733
0.589836
0.590563
0.590794
0.591398
0.590329
0.590679
0.590450
0.590941
0.592122
0.592830
0.592424
0.594117
0.591030
0.592101
0.591587
0.593322
0.592219
0.591920
0.592550
0.592650
0.590248
0.592106
0.590499
0.591967
0.591476
0.591921
0.591064
0.591865
0.591746
0.591578
0.590558
0.590827
0.592162
0.591961
0.589129
0.590984
0.590436
0.592252
0.592209
0.588849
0.591650
0.590356
0.590211
0.591406
0.590115
0.591014
0.590145
0.590888
0.590870
0.589262
0.590531
0.590592
0.592596
0.590430
0.590596
0.590595
0.590685
0.591028
0.591543
0.591712
0.591142
0.590470
0.590232
0.592245
0.590316
0.589752
0.590551
0.589362
0.591934
0.588794
0.592458
0.592275
0.593788
0.593061
0.593814
0.591013
0.592595
0.592545
0.592300
0.592899
0.593451
0.593273
0.591374
0.592022
0.621191
0.620999
0.620908
0.622111
0.621804
0.621591
0.623372
0.621193
0.620418
0.620553
0.621705
0.620868
0.623610
0.622508
0.620088
0.621709
0.619957
0.621499
0.621659
0.622464
0.620091
0.621618
0.624200
0.621179
0.618654
0.621323
0.621610
0.622401
0.622272
0.622378
0.622094
0.618961
0.620055
0.622068
0.619641
0.621216
0.621495
0.621922
0.621497
0.621045
0.620671
0.620434
0.620946
0.621167
0.621887
0.622066
0.620832
0.622338
0.621306
0.621008
0.622708
0.623045
0.622037
0.621243
0.622447
0.621781
0.624286
0.623048
0.622727
0.623142
0.622551
0.623186
0.622848
0.622088
0.622145
0.620167
0.620847
0.622120
0.620947
0.619783
0.621468
0.620525
0.622037
0.621515
0.621341
0.621972
0.620806
0.620191
0.621698
0.622159
0.619813
0.620473
0.621242
0.620614
0.620807
0.620054
0.622513
0.621564
0.622411
0.621932
0.621549
0.623189
0.622293
0.621333
0.621149
0.622989
0.619742
0.621363
0.622911
0.620788
0.621271
0.621221
0.619584
0.620255
0.620050
0.621859
0.621511
0.620337
0.621387
0.620453
0.622576
0.619998
0.620889
0.620658
0.622892
0.623619
0.622437
0.623232
0.622427
0.624258
0.623201
0.623613
0.621799
0.622304
0.621375
0.624244
0.623265
0.622960
0.650156
0.650047
0.649533
0.649320
0.650657
0.647844
0.650795
0.649003
0.649818
0.649798
0.649304
0.647266
0.650963
0.648380
0.650590
0.648437
0.649825
0.648327
0.647004
0.649282
0.648022
0.648798
0.649889
0.649457
0.648347
0.648770
0.648061
0.649480
0.648519
0.648105
0.648288
0.647771
0.646876
0.647230
0.647121
0.649561
0.647222
0.646412
0.648761
0.647190
0.648674
0.647189
0.646839
0.647653
0.648879
0.648913
0.649241
0.649609
0.648398
0.648841
0.650392
0.649271
0.650643
0.651732
0.650006
0.650871
0.652536
0.651997
0.651094
0.651018
0.649286
0.649043
0.651654
0.651618
0.651090
0.648755
0.649613
0.650263
0.649702
0.648857
0.648767
0.648776
0.647710
0.649549
0.649650
0.649857
0.649602
0.648562
0.649852
0.649081
0.645524
0.649029
0.648844
0.648790
0.648115
0.647094
0.648499
0.649554
0.648955
0.649965
0.648727
0.649187
0.649775
0.648997
0.648500
0.648705
0.647189
0.649288
0.647447
0.648252
0.648543
0.648360
0.648257
0.647288
0.649454
0.648753
0.648959
0.648757
0.647590
0.648108
0.651079
0.647647
0.646800
0.649164
0.651755
0.649556
0.651208
0.651744
0.650439
0.650816
0.652062
0.651266
0.653284
0.650927
0.650042
0.651340
0.653092
0.651883
0.628378
0.628961
0.627116
0.627435
0.628559
0.629691
0.629085
0.628057
0.629569
0.629492
0.629734
0.627858
0.626691
0.629440
0.629714
0.628055
0.627680
0.627752
0.627401
0.628460
0.627985
0.625611
0.627059
0.627335
0.629435
0.626142
0.626876
0.628975
0.627647
0.626617
0.627489
0.627057
0.628884
0.627621
0.630343
0.629430
0.625683
0.627730
0.627761
0.626079
0.627237
0.628104
0.628036
0.626844
0.629141
0.627516
0.627532
0.625990
0.626752
0.627398
0.629397
0.629378
0.629252
0.631345
0.630933
0.629584
0.630674
0.628687
0.631239
0.629471
0.632639
0.630280
0.628170
0.629552
0.558772
0.559573
0.559310
0.557798
0.558912
0.558429
0.557323
0.556621
0.558585
0.556290
0.558517
0.558585
0.557335
0.557961
0.555630
0.558666
0.556264
0.558910
0.557909
0.557922
0.558288
0.558550
0.558810
0.557974
0.557910
0.558961
0.558138
0.556595
0.559243
0.557084
0.560392
0.558658
0.558039
0.559187
0.558238
0.557332
0.557736
0.556248
0.558458
0.558159
0.558041
0.557036
0.554478
0.556047
0.557341
0.558096
0.557174
0.558167
0.557661
0.559950
0.558481
0.559814
0.557850
0.559005
0.559220
0.556363
0.556055
0.556856
0.556676
0.557119
0.558800
0.560071
0.559032
0.558753
0.557295
0.558406
0.557659
0.559944
0.557132
0.559343
0.558968
0.557989
0.557004
0.556363
0.556752
0.558143
0.556834
0.556413
0.558225
0.558626
0.558707
0.558190
0.557365
0.558396
0.556863
0.556799
0.557297
0.557168
0.557870
0.556206
0.556075
0.557465
0.558493
0.558145
0.559233
0.556296
0.558092
0.558919
0.558277
0.557784
0.557423
0.557577
0.557585
0.557545
0.558223
0.557700
0.558014
0.556237
0.557210
0.557285
0.558278
0.556826
0.556699
0.558039
0.557961
0.555911
0.557403
0.558450
0.558229
0.559357
0.558852
0.557716
0.558148
0.559382
0.557072
0.559153
0.557226
0.560039
0.558008
0.560195
0.556898
0.558837
0.559224
0.558414
0.560304
0.558397
0.557557
0.558041
0.559725
0.558181
0.556995
0.559277
0.557232
0.558772
0.557941
0.557417
0.558236
0.559116
0.555716
0.560482
0.557422
0.558838
0.557739
0.558484
0.560558
0.558093
0.558469
0.558264
0.557682
0.557732
0.557522
0.559507
0.558822
0.558829
0.557067
0.558250
0.557979
0.556325
0.556531
0.558827
0.557598
0.558292
0.559032
0.558533
0.559428
0.557541
0.557893
0.556771
0.557141
0.558719
0.557135
0.559642
0.559252
0.559330
0.558446
0.559114
0.559343
0.558280
0.558295
0.558766
0.558409
0.557024
0.590035
0.591487
0.590506
0.589441
0.592046
0.590459
0.591286
0.591485
0.591720
0.589365
0.591893
0.591013
0.590932
0.589529
0.589755
0.591512
0.591254
0.591256
0.590506
0.590858
0.591938
0.592209
0.591371
0.590793
0.591280
0.590138
0.590685
0.591826
0.591622
0.590941
0.591422
0.592258
0.589816
0.592080
0.589718
0.590981
0.591938
0.590818
0.590841
0.590970
0.590800
0.592013
0.590745
0.592037
0.591152
0.591237
0.590152
0.591556
0.590634
0.590015
0.589992
0.592188
0.594208
0.590976
0.591026
0.594213
0.591319
0.591773
0.591966
0.592589
0.591194
0.592874
0.591479
0.593058
0.592854
0.592117
0.590532
0.590815
0.589801
0.590431
0.590239
0.589821
0.590494
0.591711
0.590678
0.590724
0.591860
0.590569
0.590065
0.590246
0.589279
0.591114
0.591849
0.590393
0.591287
0.591245
0.591002
0.592112
0.589778
0.590305
0.589621
0.590631
0.591036
0.590133
0.591947
0.591338
0.590984
0.590086
0.589651
0.591103
0.591947
0.591283
0.590198
0.591409
0.590654
0.589384
0.589627
0.591452
0.589561
0.590767
0.590208
0.590373
0.590138
0.590568
0.592493
0.593928
0.591537
0.591342
0.591090
0.593439
0.592251
0.591813
0.591786
0.593126
0.593094
0.592725
0.593473
0.593105
0.592509
0.591141
0.590950
0.591927
0.591516
0.591181
0.591371
0.590652
0.592010
0.592322
0.592503
0.591851
0.591046
0.592227
0.590005
0.593304
0.591341
0.590206
0.589679
0.591228
0.589579
0.591734
0.589593
0.591565
0.590827
0.591516
0.591973
0.590939
0.590950
0.590793
0.589998
0.591378
0.589554
0.591474
0.590065
0.593271
0.592361
0.589904
0.592021
0.591769
0.593160
0.592936
0.593468
0.590389
0.593151
0.593039
0.591862
0.589695
0.592185
0.590011
0.592006
0.592164
0.590141
0.592975
0.592565
0.592776
0.589972
0.591966
0.592531
0.592677
0.591894
0.592878
0.593928
0.592488
0.622123
0.620327
0.622573
0.622219
0.624102
0.622967
0.621800
0.623641
0.621703
0.621708
0.621664
0.621691
0.622401
0.622111
0.620739
0.621727
0.620916
0.621765
0.621305
0.620388
0.621324
0.622685
0.620493
0.621131
0.621176
0.622416
0.621118
0.620584
0.621756
0.621519
0.621418
0.620151
0.620994
0.622339
0.621548
0.621568
0.620302
0.621982
0.620624
0.619848
0.620187
0.620683
0.619038
0.620801
0.620292
0.621730
0.621856
0.621914
0.619968
0.619866
0.622394
0.624710
0.621923
0.622542
0.623610
0.622864
0.623403
0.625079
0.621771
0.622416
0.623050
0.624419
0.623279
0.621691
0.623705
0.621615
0.622133
0.621314
0.620510
0.621631
0.620937
0.622698
0.622094
0.621756
0.620941
0.621634
0.621098
0.623103
0.624068
0.621744
0.621114
0.622233
0.622368
0.620926
0.621013
0.621928
0.619485
0.619578
0.622252
0.621558
0.621432
0.620346
0.619949
0.621567
0.621104
0.621462
0.621654
0.621465
0.621022
0.619882
0.620609
0.618958
0.620840
0.620568
0.619009
0.621637
0.623964
0.621081
0.622579
0.621685
0.620598
0.621608
0.621689
0.619211
0.624500
0.621573
0.623074
0.622627
0.622731
0.622274
0.622145
0.623898
0.624010
0.624415
0.621861
0.624394
0.622564
0.621899
0.622487
0.620995
0.622966
0.622603
0.621903
0.620097
0.621820
0.622684
0.620410
0.619229
0.621286
0.619636
0.622143
0.621893
0.621686
0.622526
0.622834
0.620359
0.623833
0.622743
0.621725
0.621589
0.620164
0.623014
0.624288
0.619446
0.619815
0.620250
0.621317
0.620406
0.621076
0.619810
0.621615
0.621517
0.621038
0.622053
0.619490
0.620566
0.621339
0.619535
0.621460
0.621520
0.621255
0.620262
0.622349
0.621774
0.621380
0.620376
0.622728
0.619990
0.623948
0.620520
0.620363
0.623230
0.622541
0.623874
0.621115
0.623677
0.623741
0.623867
0.624031
0.623740
0.623877
0.623800
0.650197
0.648761
0.648411
0.649505
0.649530
0.646297
0.648119
0.650443
0.650255
0.649257
0.648745
0.647492
0.649067
0.648814
0.649501
0.647621
0.648502
0.647881
0.650325
0.646793
0.648805
0.648699
0.651096
0.647565
0.648137
0.647105
0.647720
0.648283
0.649721
0.647709
0.647396
0.645831
0.648240
0.649842
0.647682
0.647355
0.649387
0.647000
0.648294
0.648177
0.647615
0.648522
0.647721
0.648479
0.648655
0.647510
0.648988
0.649840
0.647793
0.648313
0.652075
0.651318
0.649735
0.650485
0.650280
0.649704
0.647705
0.651375
0.650608
0.652417
0.651840
0.651515
0.650281
0.649057
0.624352
0.622368
0.623419
0.620992
0.624731
0.622177
0.622575
0.623888
0.623441
0.623612
0.623678
0.623428
0.621685
0.623308
0.622382
0.620293
0.621133
0.623372
0.621214
0.622358
0.621296
0.623236
0.621607
0.622098
0.622003
0.623029
0.623379
0.620143
0.623227
0.621285
0.621573
0.622478
0.622449
0.622556
0.622708
0.623638
0.622957
0.622941
0.622150
0.621946
0.619644
0.622325
0.621661
0.623105
0.621247
0.623449
0.622142
0.622663
0.621612
0.621819
0.622751
0.624897
0.624420
0.624577
0.624083
0.624762
0.625192
0.625189
0.624567
0.624713
0.624522
0.624191
0.623531
0.623227
0.558731
0.558339
0.559259
0.558969
0.558674
0.558440
0.555974
0.560059
0.557072
0.555366
0.558343
0.558030
0.557454
0.557858
0.558189
0.558595
0.555765
0.557908
0.558369
0.557019
0.557572
0.558153
0.557169
0.558788
0.556492
0.558149
0.558876
0.557534
0.556886
0.556075
0.558542
0.558953
0.559184
0.556997
0.557855
0.556549
0.558973
0.558141
0.557158
0.556132
0.558424
0.556729
0.558421
0.557566
0.557055
0.557953
0.557394
0.559303
0.557395
0.557469
0.557497
0.556910
0.558406
0.556713
0.558481
0.558435
0.559170
0.559453
0.558539
0.556906
0.557910
0.560215
0.558644
0.558281
0.558647
0.558774
0.558083
0.557322
0.556557
0.559334
0.557877
0.559119
0.558229
0.559002
0.558919
0.558635
0.557591
0.557822
0.558179
0.557731
0.557890
0.557849
0.557259
0.558051
0.559872
0.559618
0.560773
0.557713
0.558813
0.558992
0.557069
0.556670
0.559041
0.557676
0.558479
0.556100
0.556513
0.557875
0.560580
0.558626
0.557048
0.558130
0.557471
0.558263
0.559260
0.560225
0.557285
0.558302
0.558381
0.558089
0.559560
0.559585
0.557071
0.556998
0.557421
0.560320
0.559203
0.558042
0.559105
0.560089
0.560092
0.559064
0.558820
0.557916
0.559833
0.559865
0.559988
0.558730
0.592211
0.591594
0.590290
0.591024
0.592036
0.592657
0.591096
0.590452
0.591673
0.590836
0.590179
0.590527
0.590433
0.590789
0.591277
0.591606
0.589974
0.590985
0.593432
0.589798
0.591946
0.591057
0.591125
0.590784
0.590794
0.590625
0.591758
0.590197
0.590864
0.591947
0.590797
0.589232
0.591932
0.591759
0.592115
0.591277
0.589173
0.591375
0.590833
0.590142
0.589217
0.593633
0.591276
0.590102
0.589954
0.590888
0.589808
0.590011
0.590111
0.588425
0.592211
0.590351
0.591404
0.591670
0.594197
0.592697
0.591977
0.593028
0.593260
0.592473
0.590477
0.592406
0.591576
0.591610
0.591883
0.589775
0.589875
0.590128
0.590639
0.591522
0.591599
0.591568
0.590682
0.592246
0.589396
0.590313
0.589778
0.589903
0.591482
0.590790
0.592556
0.589935
0.590413
0.590966
0.591506
0.589828
0.591372
0.592144
0.590434
0.591899
0.591563
0.589774
0.591221
0.590742
0.591543
0.590745
0.590368
0.589850
0.590242
0.590187
0.589834
0.591957
0.590475
0.589987
0.590742
0.591398
0.590130
0.589851
0.590995
0.591790
0.588681
0.590094
0.589663
0.590819
0.591826
0.591545
0.590203
0.589938
0.591062
0.591189
0.590801
0.592111
0.591229
0.592749
0.593402
0.592805
0.590722
0.590851
0.592027
0.589127
0.590365
0.591428
0.591085
0.592255
0.591998
0.591044
0.592591
0.592413
0.590254
0.593030
0.590293
0.588794
0.590787
0.590376
0.592333
0.591341
0.590906
0.590950
0.591621
0.591538
0.590953
0.590887
0.589726
0.590500
0.589854
0.589278
0.589632
0.590419
0.590434
0.590788
0.592212
0.591770
0.590902
0.590161
0.591272
0.592276
0.591095
0.590221
0.591276
0.589794
0.590715
0.591065
0.591093
0.590790
0.590723
0.590176
0.591855
0.590693
0.591352
0.592346
0.592940
0.593570
0.592046
0.592613
0.592107
0.592730
0.592579
0.592064
0.593426
0.593436
0.591884
0.591092
0.590630
0.592376
0.590174
0.588774
0.590482
0.591917
0.592910
0.592559
0.592556
0.590948
0.590677
0.591046
0.591305
0.589421
0.591628
0.592529
0.591439
0.592515
0.590739
0.589337
0.590427
0.591654
0.592107
0.591618
0.591660
0.589566
0.592080
0.592176
0.593141
0.590242
0.591597
0.591297
0.591067
0.591594
0.590960
0.590363
0.590449
0.590929
0.590193
0.588842
0.590141
0.591114
0.593223
0.591550
0.590051
0.591821
0.591629
0.591514
0.590896
0.589072
0.591509
0.592785
0.591184
0.592664
0.592145
0.593192
0.591552
0.591368
0.592488
0.593715
0.593631
0.591896
0.592794
0.592084
0.622964
0.621155
0.621185
0.621548
0.621873
0.621601
0.620575
0.621604
0.620811
0.621560
0.622211
0.620965
0.622204
0.624148
0.620503
0.621324
0.620652
0.623286
0.621131
0.621266
0.620784
0.621223
0.620804
0.621697
0.621751
0.620591
0.619872
0.621097
0.620804
0.620278
0.620425
0.622646
0.621032
0.621870
0.622639
0.621748
0.622348
0.620794
0.622137
0.620797
0.621550
0.621969
0.621693
0.620397
0.619762
0.622129
0.622290
0.621503
0.621787
0.620761
0.622413
0.623848
0.621378
0.621867
0.622133
0.622729
0.624057
0.623055
0.623844
0.623267
0.622719
0.623966
0.624143
0.621513
0.622092
0.621598
0.621521
0.622863
0.621171
0.621426
0.623290
0.621995
0.621322
0.621517
0.620881
0.622213
0.623022
0.620974
0.622553
0.622095
0.621575
0.622328
0.620405
0.622074
0.623040
0.622158
0.621925
0.621849
0.621812
0.623001
0.620632
0.621949
0.620160
0.623514
0.621899
0.621791
0.621105
0.622243
0.620963
0.621404
0.622123
0.622006
0.620556
0.621945
0.621831
0.621274
0.621112
0.622584
0.620692
0.620062
0.621685
0.620488
0.622957
0.621372
0.624382
0.623078
0.622801
0.621905
0.622546
0.623284
0.622617
0.621698
0.622642
0.622846
0.622852
0.623676
0.624160
0.623764
0.624039
0.622195
0.622548
0.621046
0.621881
0.621744
0.621891
0.621954
0.621331
0.622858
0.621739
0.622962
0.620285
0.622061
0.621364
0.621473
0.621631
0.622549
0.621934
0.621621
0.622238
0.621986
0.620873
0.621287
0.621398
0.622241
0.620673
0.621345
0.620507
0.619250
0.622368
0.620124
0.621547
0.621453
0.621708
0.621252
0.622040
0.622652
0.620674
0.621863
0.620646
0.620635
0.621615
0.619138
0.621285
0.621012
0.621272
0.620646
0.621323
0.621012
0.623927
0.622642
0.622884
0.624677
0.624497
0.622375
0.622841
0.621946
0.624192
0.624965
0.620442
0.622433
0.623306
0.622644
0.623186
0.623389
0.620075
0.621655
0.621856
0.622431
0.622583
0.621890
0.620589
0.619299
0.620734
0.621271
0.621525
0.623332
0.623844
0.621575
0.620465
0.621071
0.623397
0.621224
0.621383
0.620869
0.619907
0.619844
0.622444
0.622547
0.620874
0.620351
0.620023
0.619350
0.623181
0.621874
0.622899
0.622274
0.619321
0.622307
0.620151
0.622248
0.620281
0.621625
0.620801
0.623299
0.619745
0.620485
0.621173
0.620650
0.619801
0.623078
0.621120
0.621991
0.623671
0.623205
0.624134
0.622916
0.624457
0.623974
0.623088
0.623520
0.621207
0.621132
0.623660
0.623137
0.624079
0.621432
0.617887
0.616846
0.617988
0.615611
0.618173
0.615908
0.617131
0.616398
0.617556
0.617287
0.617458
0.615646
0.614909
0.617043
0.616866
0.616696
0.617709
0.617640
0.616493
0.616232
0.617755
0.616908
0.618125
0.618318
0.615874
0.615742
0.615275
0.617024
0.617615
0.616228
0.616119
0.617123
0.616097
0.616565
0.616572
0.616396
0.617590
0.615856
0.613407
0.616536
0.617787
0.616675
0.615481
0.615868
0.615823
0.616985
0.615585
0.613774
0.617885
0.615978
0.619071
0.615915
0.615587
0.616053
0.616284
0.618817
0.620568
0.619119
0.617829
0.617703
0.618824
0.617267
0.617571
0.617291
0.557334
0.556626
0.557824
0.557063
0.558561
0.558596
0.557244
0.558841
0.556589
0.558942
0.557446
0.556443
0.557404
0.557843
0.559247
0.558560
0.558082
0.557444
0.558238
0.559868
0.557761
0.556924
0.556463
0.557839
0.555878
0.557630
0.557382
0.557386
0.557646
0.558464
0.556082
0.559366
0.558948
0.557384
0.557339
0.558040
0.557216
0.558047
0.557735
0.558696
0.556718
0.557351
0.557826
0.559375
0.557305
0.557482
0.559524
0.557486
0.559074
0.558555
0.559445
0.558844
0.559171
0.559370
0.558146
0.559851
0.558360
0.559807
0.560164
0.557889
0.557763
0.559073
0.558255
0.559062
0.591913
0.592734
0.591378
0.590151
0.591042
0.590200
0.591117
0.590996
0.591267
0.589543
0.591295
0.591564
0.591432
0.591234
0.591444
0.589512
0.591384
0.591613
0.590210
0.592130
0.590913
0.591517
0.589746
0.590450
0.590284
0.590739
0.591575
0.591092
0.591530
0.590077
0.591114
0.590346
0.589853
0.592043
0.591456
0.592746
0.591368
0.590583
0.590731
0.588934
0.589868
0.588512
0.590277
0.591206
0.591612
0.590192
0.590264
0.589785
0.590058
0.592115
0.591892
0.589313
0.590867
0.591715
0.590867
0.592581
0.590518
0.595955
0.592525
0.591726
0.589441
0.591567
0.590783
0.594844
0.591291
0.589326
0.593259
0.591696
0.592318
0.592882
0.589068
0.592220
0.590976
0.591770
0.588311
0.591032
0.590920
0.589168
0.590620
0.590282
0.588807
0.590520
0.591240
0.591620
0.590728
0.590106
0.591155
0.589149
0.591078
0.592700
0.591211
0.590491
0.591742
0.591239
0.592222
0.591412
0.590302
0.590080
0.591169
0.589332
0.590034
0.590415
0.592013
0.589675
0.591000
0.590112
0.592435
0.590639
0.589693
0.590265
0.589302
0.590279
0.590186
0.590601
0.589915
0.593196
0.593079
0.589419
0.591891
0.591208
0.593527
0.591377
0.592716
0.593751
0.591168
0.591037
0.591932
0.592700
0.592765
0.591629
0.592119
0.590166
0.590764
0.591535
0.588143
0.591559
0.591022
0.592182
0.589495
0.591510
0.590149
0.592826
0.591178
0.591980
0.589817
0.590335
0.590663
0.590805
0.589145
0.590556
0.590525
0.590048
0.591182
0.591749
0.590511
0.590665
0.589153
0.591097
0.589837
0.591091
0.591568
0.591839
0.590981
0.589327
0.592472
0.590932
0.592776
0.588881
0.591661
0.592791
0.589954
0.589517
0.590592
0.588680
0.591516
0.593365
0.591057
0.589712
0.591736
0.592525
0.591679
0.591969
0.594063
0.591496
0.591070
0.590278
0.591595
0.592204
0.593035
0.593447
0.592731
0.591113
0.591341
0.592519
0.592745
0.590749
0.591105
0.591243
0.592464
0.591023
0.591491
0.589649
0.592393
0.591256
0.591394
0.591137
0.591438
0.591463
0.591902
0.592384
0.590871
0.590732
0.590762
0.592871
0.591227
0.589322
0.588855
0.590114
0.591076
0.592993
0.591866
0.591165
0.591216
0.590620
0.590009
0.591525
0.592286
0.592241
0.591008
0.589652
0.591856
0.591993
0.592601
0.591238
0.590126
0.591006
0.590320
0.588659
0.591765
0.592668
0.591875
0.591103
0.592352
0.593452
0.591159
0.592899
0.593604
0.590273
0.591497
0.591193
0.593424
0.592183
0.591076
0.593024
0.592600
0.593015
0.591837
0.591378
0.591118
0.590147
0.590889
0.590756
0.590748
0.592425
0.590898
0.590898
0.591223
0.591548
0.591720
0.591372
0.592294
0.590928
0.592181
0.592513
0.591104
0.591482
0.591638
0.591746
0.591729
0.589571
0.590365
0.593151
0.592581
0.592418
0.590985
0.588721
0.590701
0.591165
0.591135
0.591256
0.590844
0.590032
0.590365
0.592634
0.591129
0.588809
0.591440
0.590390
0.592394
0.590784
0.590890
0.591046
0.589836
0.589893
0.592233
0.592344
0.591579
0.592147
0.590527
0.590963
0.593050
0.592548
0.592523
0.592114
0.591643
0.591065
0.591524
0.592165
0.593966
0.592945
0.623131
0.620858
0.621800
0.622717
0.623793
0.621462
0.621692
0.620739
0.620454
0.620364
0.620959
0.621368
0.623307
0.621432
0.622163
0.622278
0.622508
0.621250
0.620444
0.620014
0.620782
0.620326
0.619749
0.620811
0.621480
0.620278
0.621520
0.621697
0.622624
0.623607
0.620868
0.620921
0.620473
0.621990
0.619657
0.620535
0.618967
0.619637
0.621274
0.620208
0.619750
0.621035
0.620942
0.620448
0.621562
0.620956
0.621260
0.620707
0.619946
0.620402
0.624006
0.623363
0.621453
0.622649
0.623034
0.622442
0.623790
0.620992
0.622442
0.620458
0.622013
0.621876
0.624078
0.621933
0.622928
0.621922
0.622664
0.619977
0.621770
0.620315
0.622207
0.619948
0.620391
0.623031
0.621639
0.621644
0.622219
0.621758
0.619637
0.622254
0.623108
0.619985
0.620343
0.620993
0.619969
0.619912
0.621916
0.621506
0.621466
0.621457
0.622272
0.621162
0.621038
0.619502
0.622010
0.622381
0.622995
0.621662
0.621132
0.620474
0.620941
0.623015
0.621330
0.622470
0.622061
0.621559
0.621503
0.621134
0.621993
0.621121
0.619977
0.620784
0.621189
0.620745
0.624139
0.624267
0.622158
0.620958
0.621422
0.622458
0.622374
0.623475
0.621745
0.622953
0.621314
0.621922
0.623729
0.624580
0.622678
0.623412
0.621296
0.623393
0.621594
0.622232
0.622964
0.623654
0.621836
0.622287
0.623080
0.621143
0.621716
0.622169
0.621514
0.621528
0.620438
0.622220
0.623878
0.623341
0.621486
0.623655
0.622263
0.622796
0.621723
0.620184
0.622161
0.620102
0.622005
0.622253
0.621595
0.619629
0.621632
0.620863
0.620545
0.622673
0.621809
0.621131
0.622157
0.621222
0.621290
0.621291
0.621978
0.622673
0.623532
0.621046
0.620571
0.621433
0.620392
0.620540
0.623848
0.623775
0.623299
0.622876
0.623596
0.621826
0.622606
0.621335
0.621706
0.622891
0.621536
0.621773
0.621900
0.625002
0.624399
0.624156
0.621743
0.620517
0.623159
0.622873
0.621993
0.622942
0.622565
0.622894
0.622564
0.621544
0.621251
0.622240
0.622955
0.620387
0.622192
0.621699
0.621271
0.620850
0.623369
0.620498
0.622021
0.623121
0.620145
0.622462
0.623759
0.620578
0.622050
0.621586
0.621480
0.622819
0.619813
0.620313
0.620242
0.621217
0.621279
0.621413
0.622199
0.621391
0.621821
0.622789
0.621874
0.621963
0.621101
0.619606
0.620878
0.622662
0.622277
0.620529
0.622075
0.622577
0.624544
0.622277
0.622571
0.621813
0.621119
0.623098
0.625573
0.624832
0.621823
0.623020
0.621042
0.625650
0.584880
0.585122
0.585339
0.585687
0.583749
0.584633
0.583222
0.584065
0.585498
0.583278
0.585070
0.583738
0.583052
0.583547
0.585292
0.583570
0.584868
0.583775
0.585541
0.582811
0.582949
0.585497
0.584408
0.583969
0.583692
0.583449
0.580748
0.584203
0.584051
0.583778
0.585078
0.583856
0.582315
0.583941
0.583067
0.583983
0.584362
0.584068
0.583909
0.583364
0.584211
0.582696
0.583492
0.584670
0.584472
0.583092
0.582396
0.583952
0.582868
0.582985
0.586867
0.584514
0.583499
0.583446
0.584548
0.586168
0.585090
0.583977
0.583638
0.583291
0.583773
0.583095
0.585547
0.584540
0.592693
0.590849
0.590800
0.592326
0.590831
0.592789
0.589848
0.591299
0.592105
0.590998
0.591218
0.591986
0.591477
0.591092
0.592326
0.588933
0.590202
0.590564
0.592074
0.591619
0.590320
0.590768
0.590988
0.591281
0.590214
0.592556
0.590326
0.592193
0.589634
0.589419
0.591850
0.590822
0.590280
0.591144
0.590098
0.591013
0.592212
0.590763
0.589964
0.590471
0.592166
0.589196
0.591793
0.591757
0.590402
0.590220
0.592589
0.590753
0.590057
0.592268
0.591696
0.591431
0.593046
0.591806
0.592423
0.592477
0.593854
0.593486
0.591582
0.591468
0.593112
0.592456
0.592943
0.591560
0.594122
0.592595
0.589999
0.591137
0.590988
0.591641
0.590203
0.592920
0.590410
0.590972
0.591582
0.589828
0.591705
0.591237
0.591961
0.589471
0.592548
0.590003
0.590251
0.590942
0.589915
0.591029
0.592150
0.592450
0.592618
0.592739
0.591552
0.592340
0.590088
0.592123
0.592084
0.591455
0.591686
0.592664
0.590822
0.590850
0.591218
0.591549
0.591777
0.588748
0.590429
0.592299
0.591391
0.590717
0.590204
0.590474
0.589868
0.591859
0.590593
0.589462
0.592587
0.594768
0.591490
0.591017
0.590400
0.592534
0.592090
0.591800
0.591446
0.593388
0.591340
0.590436
0.592148
0.592787
0.592698
0.592336
0.590182
0.588977
0.590573
0.590890
0.591726
0.591711
0.590815
0.591928
0.590147
0.590832
0.592558
0.589545
0.589858
0.590752
0.589716
0.592642
0.589781
0.591083
0.589408
0.591059
0.591060
0.589676
0.591091
0.590392
0.590723
0.590407
0.590213
0.590485
0.590838
0.590518
0.590878
0.591030
0.591601
0.591055
0.591312
0.590394
0.590980
0.591125
0.589041
0.591665
0.588791
0.590618
0.589731
0.588909
0.591033
0.590582
0.591774
0.592669
0.591197
0.595224
0.591884
0.591534
0.591417
0.591890
0.592348
0.592042
0.592384
0.591807
0.591599
0.592492
0.593009
0.591375
0.591568
0.592648
0.591583
0.590376
0.591183
0.593200
0.591171
0.592384
0.591703
0.592411
0.592068
0.593133
0.590764
0.591724
0.591688
0.591714
0.590603
0.592269
0.591495
0.591205
0.593113
0.593047
0.592583
0.590753
0.590602
0.590818
0.592005
0.591684
0.592289
0.591899
0.591810
0.592549
0.590991
0.591657
0.590245
0.592070
0.591058
0.591465
0.590565
0.591090
0.592407
0.592031
0.591130
0.591643
0.591934
0.591191
0.591765
0.590234
0.592118
0.590584
0.592869
0.592216
0.591831
0.590350
0.592784
0.591126
0.590631
0.591365
0.593056
0.590835
0.591660
0.592933
0.592403
0.592010
0.592036
0.591171
0.590850
0.591388
0.589691
0.592751
0.590863
0.592355
0.593040
0.590776
0.591763
0.591386
0.591835
0.591420
0.590955
0.589435
0.590546
0.589908
0.592837
0.590883
0.592439
0.591310
0.591968
0.591970
0.591301
0.591081
0.591144
0.591263
0.591198
0.591377
0.590283
0.591755
0.590236
0.590781
0.590644
0.591191
0.591606
0.592107
0.590699
0.591631
0.590501
0.591746
0.593497
0.592150
0.591249
0.589862
0.591391
0.591994
0.591334
0.590069
0.591503
0.594435
0.589338
0.591980
0.590802
0.592960
0.592468
0.590721
0.592294
0.592776
0.591661
0.591394
0.591430
0.591736
0.591211
0.591485
0.593886
0.592138
0.591119
0.591123
0.591484
0.591261
0.591230
0.591646
0.590592
0.589380
0.590522
0.590529
0.592258
0.593028
0.592157
0.591221
0.591030
0.592829
0.592386
0.592003
0.590224
0.591986
0.592643
0.590218
0.591475
0.592183
0.590398
0.590705
0.591204
0.591902
0.591388
0.591811
0.594043
0.592567
0.590326
0.591382
0.591459
0.590365
0.591339
0.592649
0.590481
0.590146
0.591329
0.592708
0.588726
0.591224
0.591289
0.589747
0.591871
0.590937
0.591262
0.593610
0.591382
0.589915
0.593962
0.591702
0.592274
0.592334
0.592670
0.593121
0.591946
0.592429
0.622166
0.623185
0.621749
0.620913
0.621393
0.619712
0.620924
0.621572
0.622005
0.620886
0.619152
0.620714
0.621122
0.621530
0.621213
0.622755
0.620695
0.620150
0.619719
0.620814
0.622407
0.622642
0.621554
0.620479
0.621700
0.620481
0.621282
0.620825
0.620351
0.620426
0.621522
0.621499
0.621505
0.618469
0.622316
0.620444
0.619562
0.621536
0.620670
0.620048
0.619846
0.619403
0.620683
0.621263
0.620577
0.621657
0.622075
0.620535
0.621193
0.620306
0.621973
0.622882
0.619786
0.621897
0.622707
0.620590
0.621291
0.621368
0.621967
0.621019
0.621525
0.621923
0.622745
0.623145
0.621348
0.621856
0.622586
0.622389
0.621360
0.622992
0.621160
0.622054
0.623609
0.620422
0.622766
0.622366
0.622027
0.622184
0.621350
0.622775
0.622236
0.622389
0.621194
0.622306
0.621999
0.620557
0.621543
0.623872
0.620410
0.621528
0.620854
0.621262
0.620036
0.619798
0.620973
0.622303
0.621056
0.620595
0.620819
0.622032
0.621543
0.622574
0.622516
0.622509
0.621424
0.620168
0.620758
0.622049
0.622398
0.620855
0.619861
0.621351
0.621228
0.620538
0.623789
0.623053
0.623074
0.623366
0.624382
0.622665
0.621825
0.624009
0.623079
0.623422
0.624356
0.623739
0.623350
0.621879
0.622555
0.618677
0.621616
0.620625
0.622237
0.622408
0.622130
0.622454
0.621269
0.622726
0.621647
0.624586
0.621325
0.621840
0.623116
0.620740
0.620616
0.622012
0.620975
0.622447
0.621767
0.619717
0.620496
0.620909
0.622978
0.621111
0.621333
0.623256
0.622535
0.621577
0.621551
0.622475
0.621566
0.619897
0.622464
0.621888
0.620544
0.621571
0.621192
0.620911
0.621490
0.621181
0.620467
0.621409
0.621409
0.621090
0.620806
0.620279
0.620555
0.619669
0.622600
0.622688
0.623293
0.621537
0.622791
0.623588
0.625930
0.622641
0.623417
0.622982
0.624132
0.623561
0.622039
0.623707
0.614547
0.614309
0.614958
0.614400
0.615557
0.614707
0.614174
0.615498
0.614927
0.614120
0.614282
0.614280
0.614562
0.615708
0.615454
0.613996
0.617221
0.615568
0.615276
0.613976
0.616258
0.615020
0.615183
0.615530
0.616038
0.615015
0.614569
0.615289
0.616121
0.614893
0.614463
0.614053
0.614042
0.613613
0.615811
0.614727
0.616323
0.614736
0.614132
0.615271
0.615108
0.613704
0.615553
0.614767
0.614357
0.614347
0.613959
0.615072
0.615229
0.614635
0.615914
0.615609
0.615359
0.617498
0.617112
0.616175
0.617853
0.614896
0.616099
0.614628
0.614325
0.617007
0.616384
0.617867
0.592506
0.590206
0.589897
0.590259
0.592661
0.591015
0.592334
0.590895
0.590900
0.593054
0.591472
0.591232
0.590515
0.591626
0.592771
0.591448
0.590334
0.590966
0.592031
0.589851
0.593245
0.589220
0.590817
0.592282
0.592645
0.593497
0.590258
0.591964
0.590263
0.589911
0.589767
0.589448
0.589072
0.590323
0.590210
0.589851
0.591912
0.589460
0.589127
0.591972
0.592293
0.590652
0.593139
0.592085
0.592436
0.593389
0.591220
0.590274
0.592567
0.589970
0.590460
0.591849
0.591765
0.593325
0.590114
0.591662
0.591014
0.592547
0.591521
0.591675
0.593374
0.592000
0.590438
0.592705
0.590874
0.590107
0.591847
0.590295
0.589897
0.590544
0.594160
0.591008
0.590290
0.590721
0.591112
0.590589
0.589951
0.590403
0.591898
0.591917
0.590477
0.592735
0.592131
0.591332
0.591710
0.589891
0.590631
0.591909
0.592248
0.591852
0.590792
0.591348
0.590302
0.593056
0.591296
0.592353
0.590589
0.592005
0.590863
0.591701
0.591329
0.591096
0.590064
0.590466
0.591985
0.590664
0.591397
0.591581
0.590082
0.591694
0.591032
0.590162
0.591613
0.592170
0.589120
0.592006
0.592804
0.591814
0.592640
0.592861
0.592059
0.592601
0.592262
0.590911
0.592897
0.592759
0.594027
0.593810
0.591571
0.592151
0.589795
0.591379
0.590576
0.592028
0.592279
0.590994
0.589687
0.590207
0.592069
0.590916
0.589382
0.590371
0.589445
0.591599
0.591773
0.590970
0.591892
0.590302
0.592638
0.590470
0.589529
0.590788
0.591762
0.591131
0.590777
0.590912
0.591104
0.591298
0.592055
0.590615
0.590524
0.589542
0.591765
0.589841
0.590644
0.590740
0.589990
0.591748
0.591101
0.591720
0.590272
0.591148
0.592649
0.591466
0.591338
0.590853
0.589433
0.590767
0.591400
0.592883
0.589470
0.590845
0.590461
0.592333
0.591599
0.591313
0.591934
0.592183
0.592499
0.590882
0.591870
0.593303
0.591856
0.590832
0.592399
0.592599
0.591355
0.591541
0.592149
0.591479
0.591527
0.591485
0.591932
0.592139
0.591880
0.593834
0.591687
0.592038
0.592203
0.592571
0.590041
0.589361
0.592187
0.589897
0.593373
0.592343
0.590804
0.592007
0.592152
0.592883
0.590478
0.591543
0.590329
0.591797
0.590311
0.590967
0.590414
0.590319
0.590681
0.590199
0.590494
0.592139
0.591921
0.592323
0.590870
0.592113
0.591631
0.589933
0.592198
0.590877
0.591512
0.592860
0.592757
0.591522
0.593807
0.593269
0.592211
0.592473
0.593830
0.592612
0.590861
0.592781
0.591333
0.591055
0.591725
0.592019
0.591940
0.590139
0.590712
0.591301
0.592424
0.591272
0.592736
0.589949
0.591664
0.591358
0.593007
0.589598
0.591779
0.591529
0.592025
0.592543
0.590756
0.590374
0.590807
0.591650
0.591022
0.591462
0.592683
0.591198
0.591477
0.590667
0.592296
0.592237
0.591495
0.592290
0.592287
0.592219
0.591407
0.592473
0.590967
0.593546
0.591904
0.591765
0.591347
0.591681
0.589956
0.588602
0.590913
0.590942
0.590912
0.590886
0.591581
0.591619
0.590631
0.592402
0.591611
0.592345
0.592355
0.592874
0.592174
0.593468
0.592792
0.593545
0.592126
0.592556
0.592826
0.593227
0.593287
0.593532
0.593552
0.591262
0.591630
0.594045
0.590910
0.591578
0.589297
0.592181
0.591376
0.593575
0.590132
0.592075
0.591273
0.592008
0.591469
0.591201
0.592785
0.591150
0.591209
0.591290
0.590935
0.590688
0.590142
0.591280
0.591657
0.591565
0.590818
0.591919
0.591865
0.590843
0.590960
0.590491
0.591901
0.591120
0.590409
0.590701
0.591009
0.589864
0.591087
0.591276
0.589734
0.589275
0.593471
0.591873
0.590732
0.590180
0.589670
0.589471
0.591011
0.591716
0.591533
0.593986
0.591690
0.591593
0.592939
0.590377
0.592130
0.591474
0.591625
0.591688
0.593545
0.592269
0.590284
0.593948
0.592430
0.592342
0.590891
0.591485
0.592733
0.590804
0.591785
0.591683
0.591878
0.591654
0.592407
0.590794
0.592903
0.590420
0.590724
0.590319
0.590834
0.590537
0.593578
0.591883
0.589610
0.592205
0.592278
0.591886
0.592145
0.592947
0.592359
0.589750
0.590797
0.592114
0.592302
0.590300
0.591806
0.591810
0.591157
0.591235
0.592119
0.591908
0.591460
0.589135
0.591696
0.591047
0.591425
0.590311
0.591146
0.589872
0.590580
0.589425
0.591019
0.590695
0.591981
0.593700
0.591828
0.593217
0.591288
0.590761
0.593090
0.592383
0.590887
0.590864
0.590204
0.592805
0.592359
0.591608
0.622147
0.620053
0.621930
0.621090
0.620820
0.621067
0.621156
0.618250
0.620687
0.621481
0.619481
0.619906
0.620309
0.621398
0.621046
0.621104
0.620426
0.618605
0.621183
0.619716
0.620730
0.620878
0.621139
0.621409
0.619849
0.620251
0.622071
0.620430
0.620263
0.621234
0.621276
0.622755
0.621546
0.619757
0.620396
0.619940
0.619746
0.620972
0.619278
0.619343
0.620334
0.620551
0.621913
0.621241
0.618871
0.620447
0.619275
0.619756
0.620344
0.619711
0.621580
0.621272
0.621789
0.621768
0.619028
0.621953
0.623651
0.619418
0.621088
0.622705
0.623097
0.623454
0.623732
0.622040
0.623878
0.621064
0.623207
0.621968
0.621915
0.622981
0.621939
0.621233
0.622816
0.622200
0.622029
0.620624
0.623455
0.621597
0.619162
0.619374
0.620636
0.622517
0.621971
0.620500
0.621015
0.621905
0.620395
0.623142
0.622636
0.620596
0.621401
0.621145
0.621207
0.621381
0.619460
0.619746
0.621004
0.620913
0.622714
0.621558
0.621448
0.621936
0.621783
0.620726
0.621320
0.622070
0.620917
0.620356
0.621498
0.621423
0.619668
0.622712
0.620377
0.622243
0.622010
0.625553
0.621152
0.622413
0.624348
0.623733
0.620233
0.621355
0.622150
0.623349
0.623489
0.624448
0.623541
0.623554
0.622033
0.621134
0.622720
0.621469
0.620928
0.622233
0.622642
0.620826
0.621318
0.623347
0.622754
0.621621
0.620781
0.620836
0.620941
0.621033
0.621446
0.622407
0.620944
0.620936
0.623033
0.620433
0.620604
0.619606
0.621736
0.621492
0.621249
0.620946
0.621365
0.619747
0.619411
0.622032
0.620406
0.620238
0.619459
0.620948
0.620100
0.621138
0.620519
0.619667
0.621194
0.622102
0.619735
0.620446
0.620708
0.619652
0.620316
0.621936
0.621181
0.622335
0.622362
0.621848
0.622063
0.622063
0.622496
0.621271
0.621889
0.620588
0.621727
0.621518
0.623643
0.620907
0.623200
0.621538
0.614366
0.614761
0.615323
0.615119
0.614500
0.615398
0.614712
0.615288
0.615586
0.614868
0.616746
0.614656
0.614198
0.613998
0.613790
0.613984
0.615245
0.615026
0.613999
0.616273
0.615167
0.613073
0.613208
0.615182
0.616552
0.614654
0.616013
0.615367
0.615558
0.614045
0.613193
0.614792
0.613396
0.615230
0.614775
0.615504
0.615184
0.615114
0.614791
0.613966
0.615295
0.612993
0.614291
0.615621
0.615332
0.613864
0.614868
0.615588
0.615255
0.615286
0.617232
0.617182
0.614896
0.617288
0.616610
0.616346
0.614776
0.613751
0.615960
0.617519
0.615822
0.614905
0.618226
0.615245
0.591576
0.591116
0.591075
0.592758
0.590262
0.590029
0.592224
0.592053
0.590868
0.592608
0.592087
0.592933
0.591440
0.590623
0.590173
0.591470
0.592823
0.592210
0.592214
0.589931
0.590865
0.589966
0.591531
0.591105
0.593074
0.592453
0.591090
0.592018
0.592039
0.591399
0.588727
0.591200
0.590766
0.592468
0.589047
0.591780
0.589459
0.590918
0.590449
0.590345
0.590611
0.588942
0.590357
0.590625
0.589698
0.590767
0.591950
0.591366
0.590409
0.592653
0.592975
0.594005
0.592622
0.593365
0.593300
0.590619
0.590421
0.588265
0.591820
0.591860
0.591705
0.590995
0.590738
0.591755
0.590811
0.592161
0.590946
0.590472
0.592621
0.592015
0.590865
0.590759
0.590075
0.591374
0.591245
0.591802
0.590901
0.591303
0.590708
0.590546
0.592302
0.590367
0.592253
0.590964
0.590399
0.591137
0.590794
0.590538
0.589423
0.590725
0.591304
0.590731
0.592321
0.590258
0.590316
0.591018
0.590408
0.591382
0.590289
0.590158
0.589405
0.590341
0.591718
0.592126
0.591335
0.590520
0.591720
0.591341
0.589719
0.590946
0.591262
0.589028
0.590938
0.590719
0.591589
0.592868
0.590429
0.589791
0.592931
0.590698
0.589720
0.592773
0.592250
0.592077
0.591542
0.590927
0.592357
0.592588
0.591681
0.590990
0.593230
0.592290
0.592302
0.590156
0.590723
0.590351
0.592591
0.592049
0.592131
0.590096
0.591401
0.591269
0.589718
0.590566
0.592219
0.590728
0.592936
0.591203
0.591773
0.588789
0.590896
0.592658
0.590958
0.591890
0.590691
0.591174
0.590378
0.591582
0.591601
0.592009
0.593084
0.590072
0.590893
0.589713
0.592952
0.589641
0.589745
0.589330
0.591989
0.591046
0.592188
0.589142
0.590269
0.589322
0.591772
0.591514
0.590778
0.590836
0.590971
0.592744
0.592124
0.593163
0.590961
0.591288
0.590322
0.592277
0.592533
0.593077
0.590493
0.591768
0.591818
0.591869
0.591173
0.591714
0.590302
0.591367
0.592044
0.591820
0.591342
0.591572
0.591397
0.590852
0.592720
0.591332
0.590434
0.590764
0.591590
0.593335
0.593126
0.591314
0.589819
0.590992
0.591920
0.592088
0.591943
0.590562
0.589576
0.592254
0.593215
0.592491
0.591205
0.591679
0.591475
0.591224
0.590602
0.592095
0.591089
0.589415
0.591072
0.590096
0.591508
0.592291
0.590814
0.592715
0.591968
0.591137
0.592146
0.588746
0.590550
0.591667
0.589735
0.589477
0.590183
0.593662
0.593387
0.589397
0.591284
0.591529
0.593619
0.592811
0.590398
0.589772
0.590920
0.592834
0.591723
0.594293
0.591268
0.593073
0.591042
0.592513
0.592609
0.592162
0.592897
0.592923
0.590874
0.591475
0.591546
0.589294
0.592221
0.591186
0.591824
0.591595
0.591618
0.592731
0.592201
0.591976
0.592789
0.591629
0.593040
0.590322
0.591890
0.590117
0.592173
0.592190
0.592325
0.592117
0.591756
0.592171
0.591607
0.592713
0.594529
0.591245
0.589926
0.591468
0.593482
0.592075
0.591549
0.591254
0.590841
0.591857
0.591391
0.590416
0.591945
0.591328
0.591433
0.592264
0.591416
0.592111
0.592350
0.593244
0.593202
0.591819
0.592402
0.591746
0.592485
0.591764
0.594531
0.593240
0.590989
0.591755
0.592162
0.593754
0.591917
0.592170
0.592127
0.589699
0.591642
0.590507
0.592177
0.591817
0.591016
0.589610
0.593349
0.591566
0.592070
0.590626
0.592680
0.592440
0.591102
0.591701
0.590701
0.592291
0.590714
0.590940
0.591308
0.592781
0.591699
0.589873
0.590150
0.590048
0.590731
0.591325
0.590961
0.591504
0.590256
0.591527
0.590545
0.591903
0.591888
0.591517
0.589050
0.591236
0.589325
0.589931
0.591200
0.591628
0.591027
0.591789
0.592261
0.590536
0.591918
0.592789
0.592086
0.593170
0.590750
0.591592
0.592739
0.593067
0.590076
0.592171
0.591040
0.592316
0.592262
0.592137
0.593299
0.592131
0.591930
0.592552
0.593754
0.589993
0.590993
0.591823
0.591955
0.591494
0.591146
0.592342
0.590268
0.591615
0.590902
0.592197
0.590907
0.589862
0.590687
0.591008
0.592136
0.589793
0.589945
0.591523
0.590851
0.590466
0.590572
0.590501
0.588850
0.591349
0.592061
0.590983
0.591080
0.590518
0.591186
0.591869
0.592238
0.589502
0.591094
0.591137
0.590902
0.591581
0.590603
0.591295
0.591278
0.589887
0.591388
0.590998
0.591560
0.591881
0.590586
0.594625
0.591764
0.592616
0.594044
0.591794
0.590135
0.591905
0.593638
0.593322
0.589931
0.594006
0.591732
0.593533
0.621003
0.618636
0.620213
0.620943
0.621085
0.621166
0.619589
0.620525
0.622383
0.620165
0.620596
0.621878
0.619048
0.621542
0.620248
0.619749
0.621456
0.622138
0.620836
0.620342
0.621188
0.619690
0.621508
0.620170
0.621659
0.621147
0.620988
0.620090
0.620371
0.619466
0.619726
0.621047
0.619869
0.621703
0.620893
0.619685
0.620229
0.620903
0.620261
0.619016
0.621428
0.619786
0.618652
0.621001
0.620295
0.620494
0.620148
0.620450
0.619483
0.621034
0.620836
0.620785
0.623999
0.620529
0.620257
0.621376
0.618294
0.621626
0.620762
0.624219
0.621829
0.622898
0.622414
0.622961
0.624028
0.621140
0.623100
0.622370
0.620052
0.621260
0.621560
0.622476
0.622996
0.622494
0.623448
0.622024
0.621064
0.620928
0.621541
0.621675
0.622103
0.620843
0.622573
0.621154
0.622016
0.622146
0.622725
0.620616
0.622201
0.619549
0.622026
0.621210
0.621386
0.620928
0.622642
0.620120
0.621718
0.621379
0.620981
0.620695
0.621935
0.621445
0.620717
0.619916
0.622749
0.621763
0.622139
0.620629
0.621246
0.621832
0.619757
0.622056
0.621356
0.621032
0.622197
0.622123
0.622135
0.622191
0.623009
0.621364
0.622453
0.621249
0.623975
0.623227
0.625243
0.624612
0.623189
0.622933
0.619886
0.620605
0.620654
0.622001
0.621898
0.621134
0.621691
0.620024
0.620814
0.620788
0.620202
0.621163
0.621748
0.623188
0.620078
0.619796
0.621905
0.621323
0.622043
0.620874
0.619580
0.620751
0.621233
0.620913
0.619467
0.621185
0.622766
0.620588
0.622187
0.620641
0.622816
0.620606
0.621264
0.621948
0.622386
0.620951
0.621542
0.620628
0.620792
0.620976
0.622354
0.622381
0.621262
0.621607
0.619264
0.620370
0.620973
0.620047
0.620225
0.622395
0.622130
0.620901
0.621827
0.621992
0.620553
0.621367
0.622476
0.621123
0.621469
0.621514
0.624201
0.620475
0.620685
0.624582
0.614839
0.616377
0.615463
0.614090
0.616080
0.615512
0.614112
0.614749
0.616988
0.615144
0.615998
0.616747
0.616881
0.615175
0.615733
0.614681
0.616630
0.613650
0.615747
0.615871
0.614330
0.613645
0.613298
0.615505
0.615633
0.614798
0.614180
0.615496
0.615049
0.614980
0.614609
0.614938
0.613348
0.613790
0.613790
0.614335
0.615195
0.613786
0.615051
0.616007
0.614851
0.614351
0.613933
0.613851
0.615641
0.614918
0.612685
0.615050
0.613618
0.614279
0.616752
0.616142
0.614442
0.614727
0.613846
0.614266
0.615119
0.614794
0.616764
0.615630
0.616166
0.614300
0.616666
0.615851
0.592341
0.592719
0.590408
0.590868
0.593424
0.592411
0.591072
0.592232
0.591902
0.590408
0.591530
0.589822
0.590988
0.591015
0.590587
0.590575
0.590055
0.591116
0.591119
0.591684
0.591584
0.590606
0.589526
0.591017
0.592059
0.592485
0.591277
0.591694
0.589375
0.593654
0.590988
0.590294
0.589669
0.590498
0.592597
0.590395
0.591175
0.590868
0.590812
0.591052
0.590770
0.589204
0.589995
0.591382
0.589278
0.590469
0.590385
0.592235
0.591421
0.591630
0.590974
0.594139
0.591226
0.591727
0.590528
0.590514
0.591728
0.591393
0.590022
0.592618
0.591986
0.591809
0.592951
0.592429
0.593830
0.590827
0.590148
0.589403
0.589037
0.590810
0.591149
0.589273
0.590935
0.589970
0.590762
0.589887
0.591392
0.590200
0.590007
0.591962
0.589120
0.591893
0.590350
0.591052
0.591462
0.590824
0.593418
0.591312
0.591059
0.590487
0.591262
0.592095
0.591236
0.591867
0.591428
0.589921
0.592347
0.589612
0.589291
0.592200
0.589902
0.590778
0.590289
0.592186
0.592710
0.591500
0.591465
0.589498
0.589166
0.592020
0.587312
0.590582
0.589649
0.588366
0.591555
0.591801
0.592934
0.593279
0.594949
0.590586
0.589383
0.591230
0.591847
0.590980
0.592501
0.590403
0.592969
0.591764
0.593197
0.590805
0.591981
0.590864
0.592453
0.591059
0.591830
0.593677
0.590917
0.592717
0.592570
0.591180
0.591066
0.589701
0.590799
0.592219
0.592194
0.592454
0.591257
0.589123
0.591278
0.590745
0.592093
0.591968
0.589831
0.591104
0.590736
0.591327
0.591505
0.591649
0.591583
0.590874
0.591587
0.591777
0.591838
0.592901
0.591865
0.590334
0.591514
0.590180
0.590779
0.592552
0.590483
0.591750
0.591442
0.591296
0.592228
0.589909
0.590617
0.592109
0.591191
0.592840
0.592770
0.592080
0.590933
0.591469
0.592202
0.591199
0.591388
0.592177
0.592418
0.588839
0.591488
0.590088
0.593200
0.589598
0.592159
0.589448
0.589696
0.591464
0.590772
0.591120
0.590951
0.592396
0.591859
0.591586
0.591637
0.591945
0.590242
0.591048
0.590134
0.591487
0.591188
0.590306
0.589188
0.590350
0.590348
0.591915
0.591720
0.590942
0.591580
0.589994
0.592344
0.590054
0.590515
0.591235
0.592186
0.592426
0.591681
0.591131
0.589538
0.589801
0.591688
0.590754
0.590398
0.590001
0.590626
0.592523
0.591369
0.592001
0.591867
0.591244
0.590679
0.592310
0.591462
0.592454
0.590709
0.590856
0.591819
0.591075
0.591860
0.593793
0.593292
0.591238
0.591299
0.589229
0.594237
0.594605
0.592470
0.594332
0.590438
0.591565
0.591374
0.591957
0.592422
0.591046
0.591262
0.590250
0.591178
0.591239
0.590065
0.591992
0.593283
0.591345
0.591946
0.591947
0.591222
0.590809
0.591640
0.590798
0.592020
0.592837
0.591573
0.592494
0.590587
0.590965
0.591706
0.590151
0.592476
0.592420
0.591221
0.591875
0.592651
0.591275
0.590656
0.592213
0.591548
0.592492
0.591482
0.591007
0.592364
0.592393
0.590397
0.592678
0.591987
0.589629
0.590655
0.591780
0.590931
0.593604
0.589426
0.590962
0.592046
0.591883
0.591496
0.592554
0.590651
0.592926
0.591381
0.593278
0.593276
0.590367
0.591793
0.590642
0.592548
0.587985
0.591981
0.591435
0.591903
0.590411
0.591487
0.591115
0.592500
0.591711
0.591636
0.592642
0.591618
0.591110
0.591484
0.590636
0.593131
0.593232
0.591294
0.590510
0.590004
0.590792
0.590481
0.589384
0.590113
0.590336
0.591593
0.592698
0.591485
0.592072
0.590916
0.589851
0.590886
0.591710
0.590257
0.590255
0.590766
0.590094
0.593131
0.591348
0.591529
0.591677
0.592573
0.591735
0.589810
0.589176
0.591764
0.590329
0.590270
0.592881
0.589184
0.590221
0.593758
0.592386
0.592105
0.591672
0.590608
0.593860
0.593462
0.592014
0.593393
0.592863
0.589373
0.592363
0.591677
0.591732
0.591201
0.591008
0.590395
0.591075
0.590550
0.590117
0.590645
0.592372
0.590728
0.593139
0.591298
0.592409
0.591256
0.591123
0.591578
0.592284
0.591469
0.592701
0.591444
0.593695
0.591032
0.592473
0.591934
0.593035
0.588973
0.590681
0.591587
0.591559
0.590667
0.591764
0.590657
0.592331
0.590945
0.589780
0.591824
0.591619
0.592430
0.591591
0.590683
0.591600
0.592077
0.591271
0.592350
0.590551
0.590201
0.591439
0.591421
0.593831
0.590149
0.592148
0.590378
0.591442
0.592813
0.592718
0.592053
0.591442
0.591543
0.593516
0.592639
0.592559
0.621089
0.622004
0.619425
0.620534
0.619379
0.622404
0.620716
0.621189
0.620713
0.620127
0.621655
0.621293
0.618703
0.622006
0.622903
0.622942
0.619797
0.620257
0.620169
0.620459
0.620811
0.621460
0.621125
0.620228
0.620383
0.621666
0.619136
0.619594
0.621102
0.622057
0.620739
0.620506
0.620779
0.622215
0.620167
0.622038
0.619494
0.620748
0.621503
0.622296
0.620859
0.621459
0.621269
0.619677
0.620774
0.619881
0.621836
0.621021
0.620138
0.620144
0.621466
0.620010
0.620748
0.621562
0.620642
0.621373
0.620862
0.621158
0.622735
0.622086
0.621881
0.621388
0.621937
0.621710
0.621443
0.620810
0.620968
0.622145
0.621639
0.621589
0.622873
0.623822
0.622391
0.622099
0.621773
0.621153
0.620625
0.622259
0.620872
0.622201
0.622647
0.622012
0.622490
0.623030
0.621888
0.620625
0.621220
0.623399
0.619777
0.621516
0.622845
0.621500
0.619125
0.620607
0.621713
0.621486
0.621567
0.620423
0.621667
0.621450
0.620493
0.623439
0.622003
0.622064
0.619497
0.621426
0.621483
0.621918
0.621401
0.620489
0.621288
0.621398
0.620097
0.621526
0.624490
0.621932
0.622242
0.621559
0.623866
0.622197
0.622229
0.621551
0.626125
0.625146
0.623242
0.621366
0.622910
0.622366
0.620847
0.622050
0.621216
0.621786
0.622047
0.624334
0.622190
0.621257
0.620900
0.621167
0.620452
0.622969
0.621675
0.621854
0.622342
0.622725
0.623287
0.622462
0.621045
0.623136
0.621330
0.621792
0.622508
0.621232
0.622321
0.622036
0.621761
0.623151
0.622436
0.621462
0.621686
0.620839
0.621070
0.622074
0.621608
0.621313
0.621437
0.619488
0.619714
0.621728
0.621495
0.621258
0.619892
0.622352
0.620479
0.621827
0.620717
0.621296
0.619723
0.622435
0.622981
0.624109
0.620360
0.622783
0.621963
0.621880
0.622988
0.621069
0.622170
0.622344
0.623515
0.622654
0.622603
0.624123
0.615069
0.614870
0.615374
0.614814
0.613747
0.615373
0.616656
0.615760
0.614389
0.615578
0.614985
0.615183
0.614521
0.615548
0.612544
0.613846
0.615727
0.613293
0.615274
0.615879
0.614023
0.616137
0.615082
0.615090
0.614821
0.614838
0.613344
0.615382
0.614983
0.613486
0.614736
0.613199
0.614682
0.616598
0.613760
0.614617
0.614636
0.615168
0.612947
0.615387
0.614851
0.616936
0.613351
0.612957
0.615262
0.615293
0.613340
0.614627
0.616103
0.613434
0.617078
0.616418
0.616259
0.617223
0.615762
0.615147
0.615524
0.614626
0.616460
0.616108
0.616398
0.616881
0.616208
0.617367
0.593621
0.589933
0.591255
0.591688
0.591286
0.591875
0.590998
0.590408
0.590557
0.590676
0.590907
0.590520
0.591300
0.592482
0.592962
0.591511
0.590541
0.591571
0.591202
0.592098
0.590507
0.590809
0.590853
0.592072
0.588923
0.591826
0.590324
0.591503
0.589229
0.591672
0.590984
0.590133
0.590785
0.590705
0.593413
0.591362
0.590229
0.590665
0.592400
0.590734
0.592261
0.592191
0.590798
0.589945
0.590840
0.591343
0.589287
0.590659
0.590676
0.591281
0.593140
0.592465
0.589095
0.591332
0.592613
0.592381
0.591491
0.591601
0.590813
0.591323
0.592604
0.592591
0.590828
0.591989
0.592431
0.591464
0.590222
0.593583
0.591746
0.591934
0.591195
0.591180
0.591197
0.589042
0.590105
0.591031
0.591806
0.591676
0.592384
0.591903
0.591668
0.592206
0.591084
0.591658
0.590748
0.590457
0.591016
0.591661
0.590233
0.591763
0.592902
0.591293
0.591651
0.591836
0.590617
0.591816
0.589892
0.590811
0.591707
0.592642
0.591558
0.589445
0.589915
0.590322
0.590831
0.590266
0.591141
0.590694
0.591575
0.592001
0.590645
0.589615
0.590903
0.590140
0.591796
0.592809
0.592140
0.591706
0.591360
0.591790
0.590933
0.590387
0.591240
0.592669
0.591207
0.592104
0.591703
0.592519
0.590845
0.592562
0.591643
0.590253
0.590793
0.591692
0.592586
0.589103
0.592093
0.591084
0.592055
0.591138
0.590456
0.591009
0.591686
0.589519
0.591366
0.590648
0.591988
0.590285
0.591873
0.590542
0.591567
0.591567
0.590622
0.590781
0.590081
0.589992
0.591576
0.589781
0.591412
0.590068
0.590830
0.590963
0.591402
0.590467
0.590530
0.592922
0.590228
0.591616
0.592382
0.589303
0.590408
0.590704
0.590777
0.591056
0.592380
0.590399
0.591401
0.593305
0.591233
0.593384
0.593262
0.591998
0.591976
0.590161
0.590856
0.592291
0.593365
0.591602
0.592131
0.591694
0.589959
0.589913
0.591380
0.593594
0.592630
0.590839
0.590107
0.592012
0.590230
0.591727
0.590539
0.591378
0.590752
0.591304
0.590724
0.591540
0.592403
0.592153
0.591937
0.593693
0.591982
0.590956
0.591570
0.592791
0.592574
0.591886
0.590636
0.591812
0.592044
0.590891
0.589768
0.590707
0.590146
0.590399
0.591884
0.591659
0.591008
0.591161
0.591119
0.592518
0.591455
0.591826
0.589207
0.591675
0.590676
0.591762
0.592053
0.591465
0.591364
0.589758
0.591054
0.590778
0.591136
0.592588
0.591710
0.589897
0.591478
0.591265
0.592339
0.593351
0.591348
0.591637
0.591446
0.592192
0.594329
0.593152
0.592123
0.591876
0.591435
0.591053
0.591662
0.590295
0.590652
0.591266
0.591873
0.592036
0.593421
0.593146
0.592867
0.591658
0.590931
0.591592
0.592539
0.590679
0.591710
0.591268
0.592325
0.590450
0.591458
0.589865
0.592053
0.592123
0.591549
0.591350
0.591421
0.591651
0.590860
0.593026
0.589403
0.591700
0.590607
0.593472
0.592178
0.590600
0.590296
0.590514
0.593697
0.590539
0.592031
0.591002
0.591990
0.591295
0.591359
0.592478
0.590982
0.592813
0.589813
0.593546
0.592722
0.590986
0.592515
0.593919
0.592794
0.591751
0.592497
0.593076
0.593789
0.593836
0.593304
0.592425
0.592559
0.591868
0.591213
0.592462
0.592379
0.591118
0.593537
0.592239
0.589840
0.592395
0.589818
0.590204
0.590748
0.590836
0.591404
0.591617
0.590993
0.593339
0.591363
0.590184
0.592163
0.589878
0.594152
0.592938
0.591871
0.590826
0.592237
0.590147
0.592843
0.591291
0.591947
0.592297
0.590676
0.590583
0.591387
0.591772
0.591846
0.592119
0.593117
0.591954
0.590839
0.589281
0.591579
0.590577
0.589897
0.591304
0.590257
0.591380
0.590735
0.590508
0.591042
0.592851
0.592505
0.593099
0.591185
0.590406
0.591648
0.592178
0.591593
0.590855
0.591945
0.590409
0.591923
0.592703
0.591991
0.592212
0.590041
0.590347
0.590349
0.592428
0.591420
0.591499
0.591182
0.594639
0.590478
0.590897
0.589962
0.592021
0.591392
0.590124
0.591677
0.592727
0.592355
0.592636
0.591456
0.591554
0.590652
0.590768
0.592739
0.592291
0.592122
0.593114
0.589328
0.590651
0.590610
0.590753
0.591405
0.590556
0.591833
0.592448
0.590056
0.591576
0.590981
0.591566
0.591059
0.591694
0.590591
0.590877
0.590243
0.590019
0.592188
0.592017
0.591098
0.591724
0.591954
0.590516
0.593124
0.591789
0.592377
0.592045
0.591952
0.591269
0.592977
0.592232
0.592584
0.592662
0.591440
0.592689
0.620193
0.622501
0.621438
0.622120
0.621143
0.619406
0.621527
0.621108
0.620275
0.622476
0.622320
0.620457
0.621061
0.619522
0.620001
0.622351
0.619525
0.622833
0.620462
0.621268
0.620833
0.619695
0.621971
0.622116
0.621636
0.621153
0.619556
0.620806
0.620126
0.620210
0.620895
0.619657
0.619920
0.619355
0.620535
0.622066
0.620843
0.620156
0.619762
0.619612
0.621417
0.622224
0.619630
0.621642
0.620699
0.619066
0.621907
0.621213
0.621512
0.620289
0.621072
0.620351
0.620444
0.620566
0.621015
0.621213
0.619382
0.622511
0.621313
0.621334
0.622629
0.621858
0.622232
0.621332
0.621532
0.622633
0.621850
0.622077
0.620667
0.621355
0.622549
0.620715
0.622573
0.621729
0.621623
0.621282
0.621726
0.620446
0.621229
0.621295
0.620321
0.621517
0.620884
0.620472
0.620460
0.623326
0.621154
0.623835
0.619403
0.622633
0.621461
0.621081
0.620819
0.621278
0.620244
0.620845
0.622183
0.619578
0.621493
0.623052
0.621215
0.621213
0.620157
0.622030
0.621067
0.621129
0.620010
0.621349
0.622253
0.622276
0.621961
0.621696
0.619811
0.621377
0.623098
0.621014
0.620428
0.622055
0.621427
0.621490
0.623292
0.622052
0.624328
0.623765
0.621185
0.623460
0.624134
0.622214
0.624983
0.621496
0.620308
0.621980
0.621769
0.621284
0.623205
0.621586
0.623358
0.621549
0.623346
0.621815
0.622126
0.621403
0.620682
0.622618
0.621520
0.620780
0.621342
0.621430
0.620706
0.621562
0.621410
0.620697
0.620314
0.621863
0.621229
0.620120
0.621636
0.622313
0.620908
0.619913
0.621019
0.619920
0.622550
0.619565
0.621857
0.621399
0.618763
0.619206
0.620499
0.621769
0.621149
0.620357
0.621641
0.620878
0.619763
0.622532
0.622431
0.621706
0.623875
0.625512
0.622549
0.625103
0.622300
0.623242
0.623796
0.620192
0.622540
0.623599
0.622792
0.624345
0.622582
0.623197
0.615363
0.615190
0.615233
0.615110
0.615770
0.613867
0.613017
0.614636
0.615137
0.613184
0.613865
0.613999
0.614705
0.613775
0.611607
0.613800
0.614218
0.616040
0.614141
0.613345
0.615333
0.613540
0.612169
0.615270
0.613856
0.613910
0.614306
0.612353
0.614662
0.613404
0.612904
0.614552
0.614274
0.614237
0.614606
0.613790
0.614460
0.614709
0.614663
0.615187
0.614216
0.616081
0.613272
0.613508
0.614709
0.612463
0.612669
0.613941
0.613911
0.614030
0.618164
0.614093
0.615750
0.617321
0.615638
0.615499
0.615649
0.615734
0.613163
0.618342
0.615496
0.616956
0.616186
0.616375
0.591517
0.591416
0.591227
0.591428
0.592939
0.590881
0.591577
0.592019
0.592980
0.593136
0.591272
0.590841
0.590677
0.593041
0.591932
0.589860
0.593179
0.589628
0.590902
0.590631
0.592149
0.591454
0.590804
0.591753
0.590356
0.591764
0.590443
0.590830
0.591540
0.590454
0.591287
0.592504
0.591688
0.591722
0.590885
0.591065
0.591956
0.591435
0.592534
0.590635
0.591127
0.591189
0.591165
0.592248
0.589112
0.590239
0.590076
0.591155
0.589977
0.590818
0.592269
0.592301
0.593238
0.594283
0.592091
0.590504
0.590836
0.591053
0.591560
0.593536
0.593398
0.591965
0.594256
0.591263
0.592356
0.590149
0.591127
0.590662
0.592538
0.591001
0.591150
0.591417
0.592808
0.590286
0.591251
0.592926
0.592283
0.591740
0.590804
0.591249
0.591237
0.590369
0.590141
0.591649
0.589664
0.590904
0.591400
0.590071
0.591167
0.589384
0.591168
0.591750
0.590293
0.590897
0.592916
0.591442
0.591341
0.591450
0.591311
0.589933
0.591516
0.590964
0.590801
0.590262
0.590928
0.590306
0.591521
0.590320
0.590237
0.590737
0.591413
0.590006
0.591131
0.591024
0.591909
0.592422
0.590042
0.590376
0.591261
0.589880
0.590254
0.591112
0.593126
0.591638
0.592490
0.592108
0.590431
0.592882
0.592273
0.591780
0.592994
0.592093
0.588505
0.592388
0.591462
0.593784
0.592732
0.589907
0.590741
0.591923
0.590133
0.591041
0.591964
0.591555
0.592973
0.592398
0.591756
0.590977
0.592443
0.592775
0.589485
0.590494
0.593287
0.591881
0.590741
0.591632
0.591200
0.590657
0.591169
0.591809
0.591077
0.592144
0.593823
0.590210
0.591789
0.591405
0.592439
0.590767
0.592186
0.591019
0.591269
0.591087
0.591323
0.591262
0.591256
0.592155
0.589979
0.589134
0.592367
0.594359
0.591766
0.592139
0.591548
0.591720
0.591295
0.592798
0.591814
0.593272
0.592613
0.591749
0.594061
0.595020
0.592331
0.590935
0.593250
0.593955
0.592578
0.592396
0.592444
0.593342
0.591476
0.591855
0.591790
0.594387
0.591475
0.591548
0.590598
0.591128
0.590291
0.593407
0.590128
0.590346
0.590354
0.592497
0.590295
0.591181
0.590634
0.592409
0.592458
0.592033
0.591479
0.591886
0.590013
0.590877
0.592122
0.591699
0.589525
0.591303
0.591528
0.590159
0.591451
0.593111
0.590986
0.591993
0.591098
0.591623
0.593402
0.591252
0.590817
0.590582
0.591923
0.590313
0.589864
0.594625
0.593878
0.592247
0.591360
0.590106
0.591349
0.593531
0.590908
0.593336
0.591495
0.592350
0.594102
0.591110
0.592394
0.591996
0.591509
0.593927
0.591613
0.592221
0.592362
0.593701
0.593228
0.590930
0.591172
0.590989
0.591595
0.593003
0.593582
0.592243
0.591753
0.593208
0.592215
0.592642
0.592080
0.589480
0.592054
0.591753
0.592521
0.591903
0.591118
0.592143
0.592945
0.592998
0.592199
0.593699
0.592240
0.592200
0.592784
0.592622
0.593122
0.594409
0.592105
0.591493
0.591725
0.592408
0.592405
0.591583
0.593003
0.589935
0.591444
0.592045
0.591496
0.592055
0.593428
0.591704
0.591727
0.593843
0.591280
0.591658
0.591510
0.591313
0.592287
0.592842
0.594257
0.592600
0.596336
0.592414
0.591409
0.592114
0.591947
0.591428
0.590601
0.592400
0.591055
0.592121
0.590180
0.592478
0.591204
0.590707
0.591031
0.589423
0.591751
0.591584
0.591492
0.590763
0.591178
0.591526
0.592236
0.591614
0.591834
0.592057
0.591423
0.590479
0.590959
0.591469
0.589612
0.589513
0.588511
0.589941
0.591679
0.592040
0.590604
0.591672
0.590629
0.591026
0.591109
0.590305
0.592087
0.590457
0.590497
0.590086
0.589205
0.592432
0.592748
0.590212
0.589855
0.589791
0.591602
0.591078
0.589485
0.590287
0.590397
0.590456
0.592864
0.591389
0.590956
0.593226
0.594534
0.594257
0.591736
0.593472
0.592613
0.592101
0.591804
0.591954
0.591475
0.591556
0.591615
0.591042
0.591233
0.591664
0.590893
0.592369
0.590863
0.591656
0.589738
0.589042
0.590736
0.592056
0.589242
0.590976
0.592165
0.590597
0.592541
0.592903
0.590543
0.591688
0.591726
0.590986
0.592039
0.592045
0.591469
0.592517
0.590572
0.591376
0.592566
0.589745
0.591153
0.590873
0.591904
0.591606
0.589340
0.588835
0.589789
0.591264
0.591524
0.590031
0.590344
0.590239
0.589474
0.590944
0.590812
0.592549
0.592087
0.590813
0.591103
0.590894
0.590792
0.591919
0.592531
0.592088
0.591009
0.592706
0.591703
0.592060
0.621697
0.619663
0.622718
0.620630
0.620105
0.619310
0.621185
0.622965
0.621204
0.622584
0.619291
0.621038
0.620825
0.620888
0.620105
0.621559
0.621675
0.619845
0.622454
0.619241
0.620544
0.618686
0.619185
0.621002
0.620391
0.620755
0.620557
0.620764
0.619886
0.619646
0.619952
0.620475
0.620738
0.621222
0.622199
0.619360
0.621167
0.619652
0.620202
0.620004
0.620520
0.618898
0.620795
0.620708
0.620057
0.619765
0.619485
0.620773
0.621521
0.620866
0.620644
0.619747
0.620780
0.622390
0.619519
0.620721
0.620125
0.619289
0.619799
0.619432
0.622039
0.621754
0.621600
0.622156
0.622785
0.622745
0.621327
0.618937
0.621164
0.622934
0.622752
0.622708
0.623264
0.622118
0.623766
0.622420
0.621291
0.620457
0.621097
0.621949
0.620583
0.621585
0.621318
0.622799
0.621285
0.621405
0.622669
0.621353
0.619970
0.622639
0.623951
0.621754
0.621465
0.621516
0.620311
0.621519
0.621364
0.622211
0.622632
0.621033
0.619413
0.621521
0.620779
0.620862
0.621198
0.619477
0.621406
0.620681
0.620167
0.620022
0.621081
0.622118
0.621361
0.620198
0.622068
0.624073
0.623998
0.620863
0.622297
0.620698
0.623298
0.622175
0.622830
0.624286
0.621795
0.621782
0.623306
0.622031
0.623005
0.623557
0.622043
0.619988
0.622461
0.622571
0.622352
0.620596
0.620481
0.620187
0.620217
0.623867
0.622759
0.621104
0.620885
0.620138
0.622693
0.621295
0.620175
0.620817
0.620625
0.620680
0.621202
0.622203
0.619881
0.622410
0.623327
0.620393
0.622638
0.621118
0.619415
0.620570
0.620396
0.622216
0.621858
0.622842
0.620908
0.622726
0.621144
0.621232
0.621336
0.620971
0.622954
0.621781
0.620437
0.620818
0.621545
0.619628
0.619641
0.621875
0.624116
0.619880
0.622152
0.620374
0.623901
0.621019
0.620723
0.622394
0.624280
0.622759
0.624146
0.621068
0.621320
0.623471
0.614858
0.613543
0.614128
0.615288
0.614709
0.614687
0.614907
0.614282
0.613921
0.615809
0.613719
0.614014
0.613654
0.616505
0.615480
0.613455
0.614308
0.613485
0.615280
0.614643
0.614064
0.614843
0.615188
0.615237
0.614164
0.615014
0.614954
0.614035
0.613765
0.615126
0.613138
0.615092
0.613610
0.614054
0.614113
0.614296
0.612841
0.613425
0.614443
0.612969
0.613806
0.614617
0.615452
0.614184
0.614540
0.612181
0.612079
0.614583
0.613180
0.613016
0.615576
0.613923
0.614450
0.614595
0.615526
0.614943
0.614167
0.616398
0.615198
0.615840
0.614590
0.613714
0.613923
0.616369
0.594116
0.590871
0.589747
0.591674
0.591415
0.591566
0.592490
0.590023
0.591771
0.590206
0.591270
0.590373
0.590809
0.589895
0.589519
0.592853
0.591355
0.592188
0.590923
0.591875
0.591061
0.590951
0.590571
0.589819
0.590656
0.590473
0.589350
0.592121
0.590988
0.590097
0.590980
0.591100
0.592130
0.591311
0.590401
0.590690
0.592155
0.593535
0.592462
0.590675
0.591487
0.590593
0.592178
0.589921
0.591851
0.588861
0.591633
0.590343
0.590986
0.589118
0.592283
0.591604
0.590041
0.591855
0.593360
0.591624
0.591777
0.589507
0.592221
0.591475
0.591546
0.591298
0.592669
0.591503
0.591256
0.592434
0.592119
0.591555
0.591335
0.591447
0.591981
0.592506
0.590997
0.592050
0.593090
0.593116
0.591008
0.593399
0.591173
0.590242
0.591503
0.592404
0.589974
0.589838
0.591808
0.592039
0.590420
0.593058
0.588676
0.590841
0.591429
0.591750
0.590292
0.591424
0.590861
0.590655
0.592495
0.590519
0.590937
0.593577
0.591370
0.591996
0.591422
0.592356
0.590652
0.590299
0.590720
0.591691
0.593024
0.590747
0.591741
0.590367
0.590091
0.591912
0.592803
0.591562
0.592733
0.591727
0.592665
0.592155
0.592794
0.591411
0.591811
0.592914
0.593984
0.592609
0.591989
0.592479
0.592723
0.593037
0.593157
0.590122
0.594732
0.591561
0.592643
0.591241
0.592852
0.590188
0.590347
0.591600
0.591284
0.592811
0.591865
0.591462
0.593128
0.589829
0.590837
0.590111
0.591599
0.592660
0.589749
0.592818
0.592924
0.593558
0.592316
0.592726
0.589937
0.591693
0.591197
0.589827
0.590559
0.591514
0.590782
0.592559
0.594871
0.591545
0.591858
0.592229
0.589920
0.591502
0.592188
0.591885
0.592723
0.592955
0.592046
0.589172
0.591736
0.590423
0.592250
0.590156
0.592874
0.590717
0.592586
0.592876
0.592592
0.591687
0.593392
0.593687
0.595004
0.591655
0.591812
0.593150
0.593439
0.591893
0.592890
0.591382
0.591546
0.592039
0.590688
0.591509
0.592695
0.591143
0.591406
0.591091
0.592567
0.592451
0.592008
0.592917
0.591478
0.589778
0.592957
0.590649
0.590952
0.590390
0.593211
0.590539
0.591772
0.590301
0.591766
0.592403
0.591293
0.591102
0.592166
0.591983
0.592765
0.594413
0.592257
0.589899
0.591596
0.590646
0.592692
0.590627
0.590446
0.589815
0.593214
0.590604
0.590756
0.590554
0.588436
0.589147
0.589588
0.591137
0.592339
0.591448
0.593126
0.590818
0.593236
0.591655
0.592354
0.592136
0.591719
0.591659
0.588951
0.593694
0.593946
0.594502
0.593454
0.590821
0.592581
0.591372
0.591177
0.592801
0.589771
0.590262
0.591410
0.591996
0.593667
0.592715
0.593166
0.592481
0.592005
0.592496
0.593274
0.591220
0.593114
0.590048
0.592404
0.592007
0.593010
0.591555
0.591297
0.592345
0.591883
0.591876
0.590753
0.591172
0.591668
0.592439
0.592060
0.594036
0.592797
0.589794
0.591611
0.589431
0.592304
0.592945
0.592408
0.591039
0.591870
0.590458
0.590236
0.591306
0.592170
0.592137
0.591701
0.591820
0.593266
0.594474
0.591895
0.592478
0.592782
0.591616
0.590857
0.591193
0.593467
0.593279
0.592172
0.593555
0.593490
0.592859
0.590441
0.592340
0.591617
0.591667
0.590982
0.590573
0.591389
0.590994
0.592751
0.590802
0.591046
0.591036
0.591582
0.592089
0.591868
0.592427
0.590255
0.590481
0.593422
0.591048
0.589620
0.590879
0.588608
0.591022
0.590096
0.592403
0.591537
0.590940
0.590932
0.590080
0.590039
0.592376
0.591474
0.591668
0.592319
0.590348
0.592559
0.590835
0.590357
0.591186
0.591392
0.592050
0.591901
0.589898
0.591078
0.589745
0.590833
0.589948
0.591012
0.592245
0.591645
0.593008
0.594814
0.592281
0.591978
0.589896
0.591047
0.590717
0.592698
0.594612
0.591872
0.590768
0.592203
0.591312
0.590620
0.591456
0.589842
0.592096
0.591233
0.590758
0.592843
0.591392
0.590762
0.592112
0.590669
0.591894
0.590421
0.592192
0.592172
0.591388
0.589416
0.590657
0.591983
0.589913
0.591108
0.591192
0.590991
0.591394
0.590426
0.589694
0.590377
0.591406
0.591283
0.592088
0.591544
0.592342
0.591446
0.590516
0.589934
0.593241
0.592230
0.592697
0.591545
0.590853
0.592879
0.591273
0.590100
0.589777
0.590268
0.591818
0.591469
0.591801
0.591205
0.591182
0.591549
0.594512
0.589663
0.592424
0.592306
0.592426
0.590520
0.592377
0.591282
0.591619
0.593656
0.592943
0.591961
0.593335
0.622006
0.622242
0.620274
0.620583
0.620564
0.621234
0.620172
0.620603
0.621671
0.621566
0.621536
0.619469
0.620250
0.620350
0.619439
0.621815
0.620107
0.621441
0.620198
0.621696
0.620101
0.617897
0.619535
0.620113
0.620654
0.621795
0.621454
0.618952
0.620265
0.621106
0.619909
0.621384
0.617845
0.620300
0.618786
0.618427
0.620460
0.623688
0.621166
0.621753
0.619780
0.620268
0.620416
0.619397
0.619647
0.619353
0.622740
0.620306
0.619879
0.619197
0.620712
0.623963
0.618852
0.620528
0.621828
0.620109
0.620649
0.621927
0.622095
0.623915
0.620944
0.621582
0.623202
0.622906
0.622641
0.623687
0.622029
0.621733
0.622039
0.620509
0.620874
0.620955
0.620496
0.621763
0.621168
0.621449
0.622534
0.621425
0.622294
0.622591
0.624058
0.622713
0.620994
0.621251
0.621544
0.620959
0.620747
0.623550
0.621635
0.620715
0.621714
0.622221
0.619661
0.621921
0.622607
0.621321
0.623135
0.621381
0.621845
0.621330
0.622185
0.620481
0.621630
0.621673
0.621486
0.619377
0.619964
0.620197
0.622632
0.620400
0.622296
0.621381
0.621775
0.622597
0.622793
0.622274
0.620885
0.621446
0.622601
0.621179
0.623173
0.622601
0.623045
0.622923
0.621653
0.621954
0.623453
0.622484
0.620287
0.620529
0.622434
0.621940
0.620764
0.620829
0.621466
0.620862
0.623039
0.621258
0.622594
0.620516
0.619842
0.619873
0.621876
0.621214
0.620245
0.620857
0.622709
0.620777
0.622972
0.620836
0.621912
0.621410
0.621419
0.621104
0.620687
0.620091
0.623371
0.621469
0.620090
0.620140
0.620203
0.621343
0.620828
0.621489
0.621592
0.620798
0.623029
0.622393
0.622176
0.620770
0.620830
0.620147
0.620750
0.621688
0.620589
0.621565
0.620853
0.619298
0.622301
0.622628
0.623866
0.623116
0.619975
0.621695
0.620977
0.620812
0.620529
0.622535
0.622799
0.622415
0.624828
0.622347
0.615148
0.614731
0.614735
0.614773
0.612636
0.614328
0.614123
0.613931
0.612800
0.613885
0.613935
0.611920
0.612718
0.613543
0.614971
0.613504
0.613618
0.612724
0.613640
0.612242
0.613785
0.613837
0.614634
0.613002
0.613158
0.613839
0.615038
0.613298
0.614392
0.614349
0.613828
0.611608
0.614565
0.612499
0.612224
0.613431
0.613350
0.615297
0.614731
0.612755
0.613736
0.614856
0.613610
0.614275
0.612503
0.612117
0.615008
0.613563
0.613107
0.613144
0.613361
0.612151
0.615917
0.616427
0.612330
0.615094
0.613470
0.614503
0.613543
0.615258
0.614086
0.613345
0.613954
0.616072
0.592456
0.591469
0.591113
0.593403
0.592306
0.591660
0.591625
0.590909
0.591292
0.590915
0.589715
0.590967
0.592504
0.591083
0.592399
0.591238
0.592595
0.590662
0.592414
0.590175
0.591466
0.590809
0.591443
0.589830
0.592107
0.591267
0.590680
0.591247
0.591107
0.591388
0.591856
0.588875
0.589840
0.591483
0.589534
0.590327
0.591195
0.590416
0.591311
0.591763
0.592321
0.590043
0.588226
0.589543
0.590818
0.587976
0.591364
0.589537
0.589123
0.592640
0.591068
0.590649
0.591708
0.592902
0.591372
0.592670
0.591839
0.592847
0.592149
0.590267
0.591740
0.591380
0.591535
0.592465
0.591827
0.591804
0.591853
0.592122
0.592026
0.590283
0.590877
0.594116
0.591106
0.591887
0.590950
0.592126
0.591536
0.592917
0.590151
0.593678
0.592931
0.592298
0.592555
0.592241
0.591949
0.591100
0.590775
0.591040
0.591318
0.591499
0.590609
0.591592
0.591218
0.589358
0.591422
0.593020
Pass 3: Computing changesets...
Done!
pass_3 time = 100.35310125350952
[run_ginex.py] pass_3 time = 100.35333299636841
[run_ginex.py] sb_sample time = 731.6100056171417
Step 1: Done
inspect_time = 831347.1875
Step 2: Switch
Step 2: Done
Step 3: Main Loop
0
sampling:  0.09507200121879578
gather:  245.2315216064453
cache:  0.03776000067591667
transfer:  333.634521484375
forward:  526.5931396484375
backward:  160.0010223388672
free:  17.038463592529297
1000
sampling:  0.266400009393692
gather:  143.6702117919922
cache:  0.1133119985461235
transfer:  49.76540756225586
forward:  3.0571200847625732
backward:  1.8606079816818237
free:  0.220768004655838
2000
sampling:  0.22726400196552277
gather:  169.73110961914062
cache:  0.09440000355243683
transfer:  48.00825500488281
forward:  3.022144079208374
backward:  1.8759679794311523
free:  0.2168319970369339
3000
sampling:  0.33695998787879944
gather:  643.85595703125
cache:  0.07760000228881836
transfer:  63.50688171386719
forward:  3.062432050704956
backward:  3.0812160968780518
free:  0.5687360167503357
4000
sampling:  0.24556800723075867
gather:  169.61453247070312
cache:  0.07347200065851212
transfer:  48.412574768066406
forward:  3.0400960445404053
backward:  2.0203518867492676
free:  0.22137600183486938
5000
sampling:  0.27238398790359497
gather:  179.00778198242188
cache:  0.11689600348472595
transfer:  53.228511810302734
forward:  5.7893757820129395
backward:  1.8923840522766113
free:  0.7683200240135193
6000
sampling:  0.27504000067710876
gather:  162.7391357421875
cache:  0.09529600292444229
transfer:  54.616127014160156
forward:  3.0331199169158936
backward:  1.8647040128707886
free:  0.24048000574111938
7000
sampling:  0.2245119959115982
gather:  178.1414794921875
cache:  0.09446399658918381
transfer:  48.468544006347656
forward:  3.013024091720581
backward:  1.9046080112457275
free:  0.23763200640678406
8000
sampling:  0.12272000312805176
gather:  0.08079999685287476
cache:  0.035551998764276505
transfer:  47.478145599365234
forward:  3.040735960006714
backward:  2.0346879959106445
free:  0.21299199759960175
Step 3: Done
=========================== Total Stat ===========================
dataset: ogbn_products_extended, sb-size: 8800, batch-size: 1000, nc-size: 45.0GB, fc-size: 50.0GB, zstd: False, khop: 64
Part 1: sb_sample_times pass_1_and_2_times pass_3_times
690.7511
731.6100
71.8678
100.3533
==================================================================
Part 2: inspect_time switch_time sampling_time gather_time cache_time transfer_time forward_time backward_time free_time
831.3472
73.3563
12.2992
2106.8297
969.0616
668.1049
383.6624
148.1943
146.6146
==================================================================
Current superbatch ended
Epoch 00, Loss: 0.0003, Approx. Train: 0.3992
Epoch time: 6104824.8727 ms
