Preparing dataset...
Done!

==============================
Running Epoch 0...
Running 0th superbatch of total 3 superbatches
Step 1: Superbatch Sample
[run_ginex.py] sb_sample time = 694.3570828437805
Step 1: Done
inspect_time = 711778.625
Running 1th superbatch of total 3 superbatches
Step 1: Superbatch Sample
Loading ids...
Done!
Pass 1: calculating frequency and initial cache indices...
Done!
Pass 2: making two key data structures (iterptr & iters)...
Done!
pass_1_and_2 time = 151.64149737358093
[run_ginex.py] pass_1_and_2 time = 151.64158368110657
0.788549
0.790591
0.796029
0.794227
0.794510
0.789037
0.796113
0.795136
0.799953
0.795608
0.796387
0.794653
0.794223
0.796403
0.795628
0.795295
0.795203
0.793380
0.803993
0.802597
0.805461
0.804883
0.807048
0.801392
0.799644
0.796455
0.791260
0.801848
0.805717
0.804223
0.807791
0.800603
0.804435
0.804593
0.801888
0.802377
0.794385
0.799287
0.798594
0.792173
0.798186
0.795115
0.806290
0.800356
0.804377
0.799562
0.802056
0.800875
0.801003
0.804118
0.802250
0.804033
0.806678
0.808221
0.801700
0.802046
0.804900
0.801633
0.806761
0.806783
0.807179
0.808100
0.805648
0.802480
0.802233
0.808807
0.807178
0.806272
0.808010
0.806458
0.809945
0.806484
0.808094
0.805179
0.807009
0.805642
0.807681
0.807512
0.810767
0.808059
0.807950
0.807764
0.807521
0.808216
0.804769
0.807965
0.808747
0.810822
0.807920
0.803313
0.805367
0.806754
0.806699
0.810547
0.806882
0.810183
0.810428
0.811684
0.809625
0.803618
0.810520
0.809189
0.804112
0.814423
0.810049
0.807256
0.809066
0.813761
0.808805
0.809310
0.809605
0.812421
0.810408
0.812084
0.807555
0.806425
0.809240
0.808155
0.811764
0.811097
0.810174
0.806538
0.810160
0.810747
0.809520
0.811566
0.809362
0.807261
0.806735
0.812663
0.804708
0.808318
0.811498
0.809644
0.809941
0.809573
0.810427
0.807213
0.810247
0.809551
0.807237
0.811344
0.809265
0.806218
0.807979
0.806634
0.809041
0.808333
0.809863
0.804827
0.807636
0.805230
0.808255
0.804219
0.801584
0.805339
0.806952
0.804018
0.803993
0.807125
0.807994
0.808690
0.809197
0.807863
0.805255
0.810595
0.804670
0.805500
0.804395
0.805657
0.806814
0.806906
0.806402
0.808660
0.809249
0.802420
0.807945
0.805930
0.804837
0.809132
0.804495
0.805776
0.809152
0.808859
0.811040
0.809720
0.810115
0.806347
0.808556
0.809126
0.810038
0.807697
0.806967
0.808009
0.811151
0.810438
0.807454
0.807069
0.809401
0.808329
0.810130
0.806623
0.805796
0.806923
0.812450
0.808282
0.804974
0.804656
0.807840
0.807815
0.806762
0.801518
0.809285
0.808104
0.805444
0.809958
0.803925
0.805992
0.809249
0.809786
0.809504
0.804570
0.809673
0.808718
0.808738
0.811140
0.805791
0.809672
0.809223
0.805516
0.806027
0.804966
0.808008
0.810006
0.807338
0.807152
0.806549
0.808273
0.807021
0.807628
0.808725
0.807909
0.808478
0.807178
0.806052
0.806871
0.807126
0.805433
0.807164
0.804515
0.812563
0.809345
0.805106
0.809902
0.804766
0.808234
0.325948
0.327428
0.328747
0.327663
0.327327
0.329321
0.327079
0.326204
0.327695
0.328947
0.329056
0.326659
0.328313
0.327832
0.327951
0.328121
0.329369
0.328327
0.327949
0.329358
0.328153
0.327014
0.328460
0.327454
0.327956
0.327884
0.327265
0.327270
0.327647
0.327453
0.326919
0.325416
0.328404
0.326832
0.329551
0.328286
0.328262
0.326490
0.328670
0.327083
0.327091
0.327505
0.328033
0.328395
0.328488
0.328682
0.327283
0.327934
0.327929
0.326995
0.327772
0.327759
0.328057
0.326941
0.329270
0.327501
0.327318
0.327846
0.328373
0.327882
0.327493
0.328646
0.327232
0.328260
0.327046
0.328896
0.327744
0.326421
0.326750
0.326632
0.325954
0.327202
0.327215
0.326031
0.326909
0.329659
0.329215
0.327132
0.327385
0.327853
0.327844
0.327582
0.327733
0.328222
0.326427
0.325693
0.326452
0.326661
0.328056
0.325482
0.327386
0.328556
0.327766
0.328393
0.326522
0.327564
0.329080
0.329231
0.324812
0.326444
0.325646
0.326732
0.327084
0.325868
0.327190
0.327019
0.327391
0.326924
0.327414
0.326079
0.326507
0.326715
0.327358
0.326162
0.326406
0.326324
0.327718
0.325475
0.327957
0.326002
0.327839
0.327412
0.326619
0.326543
0.326493
0.324211
0.327163
0.326532
0.325783
0.325041
0.325538
0.326063
0.325992
0.327471
0.325881
0.328588
0.326323
0.326895
0.326920
0.326333
0.325518
0.327480
0.326770
0.325208
0.328108
0.327516
0.324995
0.326850
0.325941
0.326476
0.327681
0.326027
0.325765
0.324916
0.326263
0.325404
0.324700
0.325550
0.326271
0.324869
0.326844
0.325003
0.326524
0.326262
0.326555
0.326488
0.325883
0.326208
0.326233
0.326180
0.326320
0.326675
0.326429
0.324786
0.326191
0.326758
0.327377
0.327467
0.326370
0.326437
0.326653
0.327413
0.328150
0.329825
0.326264
0.327298
0.328015
0.327040
0.325616
0.326988
0.326285
0.327317
0.326481
0.327186
0.325752
0.324621
0.326922
0.325583
0.326879
0.325702
0.324671
0.327392
0.325206
0.325369
0.325538
0.326940
0.326962
0.326256
0.326207
0.326336
0.327609
0.327833
0.327353
0.327347
0.327324
0.327483
0.327036
0.327460
0.324665
0.326754
0.326689
0.326999
0.325508
0.327109
0.325194
0.327565
0.327917
0.328679
0.325649
0.328494
0.326939
0.327151
0.326550
0.326531
0.327481
0.325481
0.327802
0.326529
0.325826
0.324720
0.325537
0.327424
0.327111
0.326531
0.325378
0.326306
0.326748
0.325376
0.327415
0.328329
0.327579
0.324294
0.327515
0.327618
0.327050
0.327963
0.522534
0.521678
0.523356
0.522093
0.521615
0.520682
0.519409
0.520517
0.520297
0.522005
0.520755
0.521158
0.521523
0.522735
0.521524
0.522347
0.523164
0.522135
0.521332
0.520368
0.521527
0.521588
0.521882
0.521082
0.520836
0.520671
0.520190
0.520633
0.520706
0.521170
0.521963
0.522852
0.520928
0.522497
0.521198
0.522774
0.521354
0.520188
0.520725
0.521225
0.519493
0.519574
0.522466
0.520903
0.521800
0.522243
0.521720
0.520665
0.520936
0.522724
0.522041
0.521765
0.521447
0.522471
0.521219
0.521379
0.521491
0.521914
0.521047
0.520904
0.521618
0.522039
0.520783
0.520222
0.522020
0.520962
0.520547
0.522991
0.520940
0.521976
0.521130
0.523064
0.521546
0.521614
0.521303
0.521789
0.524027
0.523152
0.521596
0.521335
0.521464
0.521569
0.520529
0.522184
0.523692
0.520890
0.523968
0.522656
0.520902
0.520785
0.523364
0.522472
0.521999
0.520441
0.520937
0.522225
0.522499
0.521646
0.522395
0.523923
0.521460
0.522055
0.523201
0.521326
0.521602
0.521350
0.520430
0.521950
0.522205
0.522799
0.521550
0.523306
0.521312
0.523197
0.523022
0.522076
0.521514
0.522319
0.523009
0.521049
0.525239
0.523295
0.522574
0.521882
0.521932
0.520915
0.520042
0.521208
0.519567
0.522369
0.522489
0.520966
0.521855
0.522013
0.520904
0.522668
0.520952
0.520463
0.521782
0.521504
0.519769
0.522307
0.522758
0.521470
0.521272
0.521930
0.522067
0.521704
0.519973
0.523253
0.521893
0.521380
0.522957
0.521621
0.522960
0.522002
0.523359
0.521101
0.519944
0.521797
0.521972
0.521594
0.521383
0.523210
0.523187
0.521959
0.521463
0.520694
0.521736
0.521158
0.522378
0.521298
0.522865
0.521455
0.520151
0.523349
0.522455
0.521205
0.524079
0.521998
0.523876
0.522097
0.524143
0.523018
0.522240
0.520506
0.522169
0.522410
0.521132
0.522164
0.521444
0.523461
0.521023
0.521692
0.520929
0.520722
0.523271
0.521732
0.523675
0.521141
0.520863
0.520955
0.520904
0.522145
0.522937
0.522644
0.520854
0.521550
0.520589
0.520892
0.521279
0.520950
0.523602
0.522109
0.521798
0.521163
0.521742
0.521412
0.523436
0.518988
0.522182
0.523412
0.520969
0.522984
0.521292
0.520678
0.521913
0.524528
0.521840
0.522144
0.521044
0.520216
0.521613
0.521825
0.522456
0.521589
0.521708
0.520171
0.523316
0.520819
0.522499
0.520522
0.522703
0.521275
0.520418
0.520606
0.522088
0.524014
0.522509
0.521112
0.522749
0.520946
0.523836
0.522065
0.522972
0.520373
0.626757
0.625727
0.626180
0.625341
0.626831
0.623772
0.625791
0.627232
0.627103
0.625839
0.626843
0.627838
0.626321
0.626487
0.626549
0.625419
0.626606
0.624197
0.627228
0.627049
0.624945
0.624719
0.628456
0.625855
0.627059
0.625841
0.624885
0.626327
0.624782
0.625544
0.625321
0.625534
0.624359
0.625439
0.625374
0.625598
0.625798
0.626341
0.627552
0.624822
0.625942
0.624446
0.627403
0.625587
0.625476
0.626406
0.625537
0.625671
0.624518
0.625125
0.625616
0.625865
0.625784
0.621871
0.626035
0.626157
0.624786
0.625299
0.625862
0.624524
0.625017
0.625126
0.624568
0.625829
0.625879
0.627336
0.626432
0.627408
0.626633
0.626959
0.625732
0.627019
0.625770
0.625126
0.626749
0.628532
0.627742
0.625370
0.626027
0.626291
0.628274
0.628899
0.626582
0.627393
0.628889
0.627668
0.626162
0.625838
0.626109
0.626804
0.626721
0.626786
0.627628
0.630189
0.628418
0.628150
0.628124
0.626533
0.628321
0.626959
0.629587
0.629580
0.627842
0.625388
0.626586
0.625755
0.628390
0.625677
0.628154
0.626882
0.626435
0.628164
0.625251
0.625764
0.628586
0.624994
0.628263
0.626065
0.627300
0.626814
0.629689
0.629154
0.626005
0.626243
0.628876
0.627550
0.627091
0.627547
0.625750
0.628410
0.628267
0.627814
0.626472
0.628316
0.626458
0.629177
0.627368
0.627103
0.628213
0.627391
0.628174
0.627794
0.627512
0.628286
0.627967
0.627198
0.626533
0.628965
0.627445
0.625670
0.625947
0.628479
0.624346
0.627454
0.627569
0.627832
0.627559
0.628862
0.629854
0.625444
0.627453
0.626428
0.626777
0.625865
0.626371
0.625741
0.626267
0.626396
0.627837
0.626247
0.627964
0.628221
0.626851
0.628469
0.624947
0.627894
0.626474
0.627064
0.627139
0.627008
0.629429
0.627513
0.627613
0.626749
0.629156
0.625657
0.629551
0.629842
0.628876
0.627672
0.627228
0.628768
0.627541
0.628743
0.625672
0.626102
0.626965
0.627687
0.625794
0.627905
0.624781
0.628575
0.627395
0.627959
0.628270
0.627343
0.627251
0.626691
0.625738
0.627762
0.626232
0.628600
0.627223
0.628411
0.627744
0.627366
0.628483
0.628367
0.627466
0.625879
0.629677
0.626509
0.626484
0.628070
0.629052
0.628096
0.628707
0.627506
0.625689
0.629129
0.627781
0.629293
0.626947
0.627373
0.627627
0.628107
0.625322
0.626033
0.624983
0.629556
0.628483
0.627329
0.627949
0.627317
0.627448
0.627959
0.627549
0.626680
0.628292
0.627932
0.630770
0.627378
0.628900
0.629283
0.629153
0.627780
0.521851
0.522608
0.521760
0.521182
0.521061
0.521408
0.521337
0.520574
0.520419
0.521011
0.521568
0.519902
0.521249
0.520422
0.523089
0.519441
0.521510
0.521458
0.521965
0.520708
0.523829
0.521933
0.522043
0.522020
0.520398
0.522141
0.520900
0.521844
0.521591
0.522124
0.522914
0.520498
0.522352
0.522889
0.522825
0.523032
0.521735
0.522330
0.520454
0.522324
0.520967
0.520287
0.522659
0.521752
0.522043
0.521358
0.522685
0.521735
0.522020
0.521968
0.522400
0.521630
0.519719
0.522515
0.522788
0.522017
0.522547
0.520262
0.520198
0.522230
0.521498
0.519928
0.519904
0.521105
0.522968
0.520184
0.519844
0.520873
0.521424
0.522166
0.520716
0.522142
0.522395
0.520817
0.519946
0.521933
0.520899
0.523562
0.522094
0.521666
0.522053
0.521425
0.521549
0.522841
0.524805
0.521053
0.524021
0.523221
0.522306
0.519617
0.521717
0.521145
0.520939
0.522945
0.522395
0.521712
0.522311
0.522371
0.522303
0.521453
0.523942
0.520601
0.522012
0.519588
0.521587
0.520961
0.521022
0.521201
0.522696
0.520227
0.521281
0.522175
0.521119
0.521431
0.521668
0.522862
0.521027
0.519500
0.524509
0.522948
0.522118
0.520880
0.522042
0.521612
0.521609
0.522784
0.521715
0.521310
0.522851
0.523900
0.522169
0.521393
0.522211
0.521845
0.522572
0.522682
0.520983
0.519955
0.521019
0.521050
0.521389
0.520096
0.521181
0.521717
0.521240
0.521915
0.522852
0.520802
0.521376
0.522733
0.521393
0.522107
0.521942
0.522144
0.524614
0.520859
0.520866
0.523273
0.521363
0.522272
0.520539
0.522867
0.522657
0.522085
0.521780
0.521380
0.523690
0.522735
0.522458
0.522778
0.522162
0.522296
0.522213
0.521904
0.521047
0.522772
0.519476
0.520873
0.523384
0.521896
0.520028
0.521459
0.523271
0.523268
0.520606
0.521030
0.521602
0.520868
0.521951
0.521762
0.520651
0.520378
0.522027
0.522670
0.520506
0.521757
0.521303
0.521569
0.522116
0.522302
0.521339
0.523855
0.522528
0.522840
0.522080
0.523502
0.522128
0.523353
0.520685
0.521749
0.521937
0.523263
0.522184
0.521162
0.520770
0.523205
0.519929
0.519558
0.522713
0.522851
0.523141
0.521430
0.520902
0.522820
0.521246
0.520564
0.522242
0.521285
0.521199
0.522102
0.522525
0.521060
0.521988
0.521350
0.520157
0.522023
0.522104
0.520450
0.521640
0.522410
0.521660
0.521297
0.520090
0.522360
0.521329
0.524088
0.522447
0.522579
0.521316
0.522249
0.523632
0.522546
0.522011
0.522687
0.521528
0.520683
0.521935
0.521672
0.522016
0.520872
0.522348
0.521803
0.522278
0.521175
0.521820
0.521129
0.522243
0.521731
0.519084
0.522023
0.520610
0.521508
0.520754
0.521491
0.521712
0.520460
0.522973
0.521494
0.521895
0.521567
0.522524
0.524160
0.519102
0.519810
0.519782
0.521470
0.520371
0.521087
0.522689
0.520623
0.519028
0.519307
0.520685
0.521476
0.522385
0.522454
0.520063
0.522502
0.522865
0.519123
0.520817
0.522481
0.520590
0.520359
0.523564
0.523771
0.521515
0.521636
0.520632
0.522397
0.518220
0.521654
0.521050
0.523406
0.521800
0.521474
0.520725
0.520087
0.522704
0.520159
0.521660
0.521600
0.521916
0.520951
0.521518
0.522135
0.521876
0.521763
0.521506
0.521892
0.521851
0.521564
0.522406
0.521951
0.519990
0.521702
0.522653
0.520142
0.523531
0.522813
0.523271
0.520776
0.521622
0.523342
0.520819
0.522710
0.520254
0.520827
0.521973
0.522226
0.523997
0.520388
0.520807
0.523637
0.522756
0.521696
0.521638
0.520580
0.521088
0.520554
0.520099
0.522171
0.521249
0.523003
0.521904
0.522185
0.521555
0.522923
0.522622
0.521733
0.523266
0.524033
0.521025
0.521294
0.522180
0.521862
0.519649
0.522800
0.522341
0.521689
0.522010
0.519459
0.521143
0.521341
0.521706
0.521743
0.520780
0.520553
0.521449
0.522280
0.521610
0.521191
0.520060
0.522657
0.521587
0.522803
0.521253
0.521066
0.521531
0.521170
0.522910
0.521231
0.521870
0.521261
0.523128
0.521280
0.523471
0.522854
0.522845
0.522183
0.519871
0.522266
0.520486
0.521984
0.520534
0.521642
0.522772
0.521871
0.521454
0.522157
0.521252
0.521129
0.522203
0.522371
0.522793
0.520000
0.523668
0.522925
0.521179
0.521364
0.521730
0.521072
0.522106
0.522305
0.519831
0.521391
0.522179
0.522705
0.520838
0.521922
0.520954
0.521598
0.521801
0.521533
0.522615
0.520915
0.521294
0.521395
0.522815
0.522013
0.521259
0.522462
0.520822
0.521113
0.522755
0.520775
0.521508
0.524462
0.520589
0.522409
0.520320
0.520725
0.522654
0.522586
0.521657
0.522763
0.521758
0.522220
0.519636
0.519321
0.522675
0.521925
0.521375
0.522031
0.521673
0.522157
0.522683
0.521072
0.520306
0.521058
0.523220
0.523032
0.520882
0.522831
0.523074
0.520679
0.522678
0.519934
0.523096
0.521992
0.521242
0.522828
0.521316
0.522710
0.522318
0.521838
0.522344
0.521211
0.521547
0.521619
0.520992
0.520718
0.521807
0.521029
0.522264
0.521743
0.524327
0.521865
0.522899
0.521389
0.521217
0.522092
0.626920
0.626700
0.626176
0.628690
0.626236
0.627684
0.626093
0.625169
0.624033
0.626957
0.626200
0.627721
0.626167
0.626302
0.626371
0.626133
0.625503
0.627405
0.626605
0.626374
0.626469
0.627596
0.625677
0.626641
0.624867
0.625075
0.626168
0.625979
0.626775
0.625341
0.626683
0.624305
0.626175
0.626761
0.626722
0.626161
0.625977
0.624788
0.625314
0.623793
0.627208
0.626625
0.625316
0.624466
0.625073
0.626754
0.626347
0.625314
0.625710
0.625835
0.625473
0.624491
0.625426
0.625279
0.624781
0.624729
0.624936
0.625944
0.625525
0.625740
0.625183
0.626300
0.624093
0.625924
0.625758
0.626679
0.626210
0.625453
0.625668
0.623990
0.625105
0.628305
0.626555
0.625844
0.626202
0.627402
0.629233
0.626708
0.628676
0.625513
0.625049
0.626301
0.626960
0.628695
0.626510
0.626782
0.627930
0.627104
0.626701
0.626468
0.625847
0.627107
0.625594
0.625486
0.628024
0.627540
0.628087
0.627133
0.628473
0.627921
0.627244
0.627578
0.627346
0.627137
0.628108
0.626573
0.625513
0.627809
0.626568
0.629006
0.628833
0.627477
0.626139
0.626186
0.627120
0.627003
0.628185
0.628182
0.627466
0.627419
0.626405
0.627464
0.627565
0.626351
0.626060
0.626495
0.629118
0.627360
0.628655
0.627792
0.627136
0.629546
0.626517
0.627209
0.626685
0.628057
0.626561
0.627822
0.627962
0.626527
0.628701
0.627094
0.627632
0.625970
0.627814
0.626374
0.628046
0.629142
0.628286
0.628349
0.628462
0.628682
0.629667
0.628040
0.626976
0.626084
0.626821
0.628426
0.630134
0.628020
0.625885
0.625941
0.627265
0.627038
0.625083
0.628128
0.628829
0.625436
0.626755
0.626792
0.626719
0.627903
0.627454
0.625475
0.627842
0.626101
0.626560
0.625888
0.626949
0.628260
0.627064
0.627924
0.628904
0.627218
0.626138
0.628798
0.626809
0.628701
0.627161
0.628599
0.626801
0.628752
0.625787
0.627785
0.627022
0.627330
0.628283
0.626791
0.628211
0.629055
0.626941
0.627798
0.628552
0.627853
0.627896
0.627143
0.628308
0.628333
0.628746
0.627554
0.627612
0.625186
0.629333
0.627100
0.627814
0.629069
0.626433
0.626916
0.627581
0.626253
0.630188
0.626350
0.630436
0.626934
0.628591
0.627461
0.628171
0.627388
0.627002
0.628365
0.626906
0.626951
0.628110
0.625625
0.628332
0.628142
0.627346
0.628226
0.628265
0.628459
0.627862
0.628633
0.626399
0.627063
0.628762
0.626963
0.627909
0.628267
0.628085
0.628444
0.627600
0.628201
0.627758
0.625594
0.628588
0.626912
0.519055
0.522212
0.522817
0.522270
0.521905
0.519221
0.522073
0.520885
0.521953
0.523011
0.520477
0.523438
0.521440
0.521392
0.521751
0.522015
0.519916
0.521339
0.522525
0.524527
0.522547
0.522327
0.520561
0.522661
0.521770
0.519497
0.521997
0.522495
0.521320
0.521654
0.521411
0.523313
0.520636
0.523312
0.523139
0.520911
0.522391
0.520334
0.520385
0.521568
0.523631
0.519546
0.519995
0.520060
0.520920
0.522893
0.522103
0.521766
0.520344
0.522006
0.520821
0.520463
0.520558
0.520461
0.521817
0.521697
0.522319
0.520695
0.522912
0.522353
0.521984
0.520207
0.521213
0.521451
0.519998
0.520584
0.520763
0.519860
0.522063
0.521758
0.521325
0.521603
0.522131
0.522499
0.521824
0.523233
0.521130
0.520629
0.520667
0.523137
0.522865
0.521454
0.522039
0.523223
0.521004
0.522182
0.521141
0.523337
0.520401
0.520708
0.521399
0.524478
0.521965
0.521918
0.519536
0.521016
0.522425
0.522602
0.519991
0.522361
0.522431
0.523010
0.522565
0.521986
0.522482
0.523162
0.520258
0.521720
0.521040
0.521945
0.520741
0.521045
0.520632
0.522313
0.523521
0.522740
0.521033
0.523089
0.520639
0.523148
0.522760
0.521089
0.522418
0.520887
0.522262
0.522630
0.521587
0.521991
0.520698
0.521514
0.521611
0.521837
0.522892
0.521265
0.522626
0.521106
0.522053
0.521176
0.518881
0.521978
0.521243
0.523607
0.522338
0.519696
0.521114
0.521703
0.520887
0.521076
0.522923
0.520606
0.522254
0.520356
0.521021
0.522414
0.522344
0.520498
0.520876
0.521446
0.522549
0.522554
0.521659
0.522953
0.521254
0.521961
0.521601
0.521231
0.521322
0.520593
0.520641
0.522369
0.522251
0.522924
0.521679
0.520823
0.521398
0.520482
0.521659
0.520713
0.522323
0.520727
0.521200
0.521769
0.519947
0.521197
0.522844
0.523020
0.522750
0.522926
0.521807
0.520709
0.520334
0.520397
0.522886
0.522014
0.522705
0.522029
0.521289
0.521136
0.522237
0.521870
0.521721
0.520573
0.520097
0.521088
0.519596
0.521571
0.522312
0.522004
0.520522
0.521482
0.523525
0.522623
0.521343
0.522296
0.522952
0.521021
0.523618
0.521925
0.521268
0.520690
0.522031
0.520704
0.522042
0.521419
0.524154
0.523741
0.522943
0.521768
0.521193
0.522085
0.520326
0.521060
0.523479
0.521442
0.523205
0.521594
0.521844
0.520206
0.521099
0.523179
0.519186
0.521744
0.521614
0.520518
0.521182
0.520809
0.521751
0.520844
0.524048
0.523794
0.522922
0.522915
0.521697
0.522754
0.520335
0.523283
0.523327
0.522270
0.519730
0.521799
0.521395
0.522010
0.520969
0.520889
0.523176
0.522582
0.520980
0.522225
0.523433
0.521128
0.522094
0.518934
0.521258
0.521558
0.523719
0.522839
0.522525
0.522223
0.521804
0.520864
0.520212
0.522605
0.520795
0.522015
0.520391
0.522976
0.520467
0.520654
0.521356
0.521894
0.522782
0.521902
0.521051
0.519176
0.522634
0.521862
0.523805
0.521850
0.523652
0.519529
0.521528
0.522555
0.520410
0.522189
0.521944
0.522620
0.519826
0.521578
0.522692
0.521839
0.521369
0.521865
0.521779
0.521678
0.521513
0.520725
0.521062
0.520982
0.519892
0.521125
0.521634
0.523623
0.520239
0.522259
0.521719
0.521307
0.520846
0.521216
0.520828
0.522011
0.521699
0.521479
0.522490
0.520607
0.523238
0.520512
0.520180
0.520922
0.522042
0.520574
0.521597
0.520142
0.520193
0.521600
0.522421
0.520676
0.521823
0.521861
0.523829
0.521523
0.521640
0.523387
0.521210
0.521499
0.522794
0.522156
0.521903
0.521365
0.522590
0.521538
0.520432
0.521404
0.522145
0.523459
0.523752
0.522416
0.522987
0.522414
0.521712
0.522300
0.522981
0.522203
0.520261
0.521837
0.522455
0.522853
0.521582
0.521735
0.523003
0.522536
0.520777
0.521375
0.520709
0.520432
0.521319
0.522878
0.521240
0.520338
0.521833
0.522855
0.521370
0.523190
0.521710
0.521500
0.521395
0.520306
0.520615
0.521220
0.520262
0.521466
0.522085
0.520970
0.522531
0.520108
0.522625
0.520737
0.520019
0.521030
0.521001
0.521732
0.522294
0.522108
0.523144
0.520876
0.521533
0.522209
0.521195
0.520706
0.520131
0.522263
0.521074
0.520179
0.522274
0.520788
0.522527
0.521233
0.521624
0.521557
0.523087
0.521304
0.523968
0.522438
0.521756
0.521228
0.521425
0.521148
0.520932
0.520921
0.521140
0.520794
0.523511
0.523525
0.521355
0.520379
0.519554
0.520861
0.522602
0.520744
0.520994
0.522307
0.521128
0.522583
0.520880
0.520817
0.522404
0.521512
0.521516
0.520752
0.521399
0.523060
0.520019
0.521761
0.522123
0.520366
0.523496
0.520426
0.521473
0.522137
0.522041
0.519349
0.520774
0.521621
0.520909
0.523029
0.522097
0.522400
0.524874
0.523117
0.521187
0.522263
0.520222
0.524037
0.521996
0.520876
0.521559
0.521109
0.520422
0.520922
0.522319
0.523336
0.521712
0.522274
0.520158
0.522776
0.521909
0.522421
0.521808
0.522303
0.519003
0.522860
0.523019
0.521617
0.524141
0.522508
0.521838
0.521623
0.523537
0.519830
0.520790
0.522141
0.522392
0.519846
0.627424
0.626342
0.625953
0.627926
0.626247
0.627125
0.624851
0.626456
0.626556
0.625861
0.628960
0.625517
0.626328
0.626454
0.625618
0.627070
0.626508
0.626463
0.626844
0.627910
0.627554
0.628299
0.627009
0.625350
0.624510
0.627245
0.626805
0.626141
0.625779
0.625600
0.624303
0.625562
0.626522
0.626545
0.626947
0.624787
0.627648
0.625778
0.627117
0.625419
0.625257
0.625060
0.623631
0.624783
0.627417
0.624885
0.625133
0.627095
0.625683
0.626180
0.624347
0.625167
0.625777
0.625452
0.626453
0.625104
0.625948
0.625686
0.626357
0.626177
0.624044
0.625922
0.624672
0.625948
0.625773
0.625729
0.625636
0.625466
0.628183
0.626425
0.626972
0.626532
0.625969
0.625713
0.627485
0.627459
0.625182
0.627691
0.627393
0.627327
0.626267
0.626212
0.627474
0.626851
0.626606
0.627329
0.625399
0.627276
0.628155
0.626968
0.626785
0.627063
0.628487
0.627160
0.627523
0.627977
0.630470
0.627859
0.626000
0.628516
0.629516
0.626623
0.626213
0.627842
0.628356
0.628113
0.628458
0.628450
0.627833
0.627051
0.629706
0.627215
0.626806
0.626444
0.627289
0.628679
0.626722
0.627283
0.625774
0.626855
0.625645
0.630072
0.628451
0.627227
0.628097
0.627658
0.627040
0.628761
0.628339
0.628300
0.627637
0.626559
0.629623
0.625811
0.628725
0.628263
0.630704
0.629090
0.626954
0.630762
0.628331
0.627638
0.626429
0.628311
0.628450
0.627131
0.628010
0.627162
0.629191
0.627633
0.628711
0.627781
0.627939
0.628697
0.628961
0.627271
0.628734
0.630934
0.625278
0.626750
0.625756
0.626499
0.625581
0.626361
0.627271
0.627176
0.628469
0.624026
0.626906
0.628801
0.627095
0.628439
0.626016
0.628299
0.628115
0.627084
0.628212
0.628925
0.628228
0.628140
0.626440
0.629375
0.628205
0.627306
0.628856
0.628294
0.628528
0.628953
0.629790
0.625714
0.627965
0.628307
0.627572
0.629788
0.626614
0.628540
0.629322
0.627084
0.627889
0.627490
0.627617
0.627342
0.626942
0.627183
0.627507
0.627335
0.627212
0.628280
0.626776
0.627850
0.626573
0.628014
0.629039
0.626495
0.626553
0.629306
0.626617
0.628942
0.628727
0.628003
0.627703
0.627814
0.627469
0.627520
0.626098
0.628639
0.628377
0.627577
0.627375
0.629325
0.628620
0.629629
0.628549
0.627200
0.629896
0.627892
0.626370
0.628872
0.626118
0.625968
0.628301
0.626581
0.628452
0.628087
0.628716
0.627817
0.627803
0.627462
0.626383
0.626095
0.626335
0.626265
0.627433
0.629660
0.627699
0.629628
0.522134
0.522518
0.521485
0.521763
0.521900
0.522054
0.519837
0.521545
0.522751
0.521609
0.521124
0.521317
0.521117
0.521910
0.523494
0.521018
0.522060
0.521081
0.520812
0.520218
0.519920
0.519279
0.520535
0.521653
0.521546
0.520795
0.522015
0.520981
0.521372
0.520652
0.522178
0.523121
0.521302
0.522202
0.521618
0.522129
0.520703
0.520885
0.520168
0.521725
0.521081
0.522492
0.521777
0.521444
0.520174
0.523401
0.519982
0.521742
0.519785
0.522498
0.521318
0.522538
0.520350
0.520602
0.522754
0.519350
0.520663
0.521917
0.521862
0.518930
0.521605
0.519963
0.521637
0.521339
0.518916
0.521361
0.520628
0.521642
0.521349
0.522360
0.520347
0.519934
0.520065
0.523074
0.520609
0.519988
0.520317
0.519602
0.521641
0.523768
0.520703
0.522774
0.520237
0.521944
0.522065
0.520501
0.522287
0.522646
0.523135
0.521548
0.522515
0.524393
0.520675
0.523953
0.522945
0.521108
0.523197
0.522443
0.522113
0.522183
0.522678
0.521993
0.521037
0.522760
0.519503
0.521323
0.522382
0.522901
0.522916
0.520719
0.521067
0.521744
0.521658
0.522520
0.521506
0.520719
0.521469
0.522528
0.519612
0.520814
0.521150
0.522439
0.522093
0.521867
0.523046
0.520394
0.521026
0.521042
0.521319
0.522739
0.523281
0.521301
0.521260
0.521604
0.522869
0.522818
0.521752
0.522010
0.521408
0.521892
0.522586
0.521378
0.521113
0.521459
0.522809
0.521867
0.521095
0.519644
0.521504
0.522619
0.522837
0.521914
0.520616
0.522229
0.521826
0.520124
0.521321
0.520421
0.523120
0.521635
0.520918
0.522115
0.522949
0.522022
0.521057
0.523390
0.520429
0.521561
0.521743
0.520496
0.519572
0.521625
0.519029
0.521813
0.523027
0.521690
0.521238
0.523323
0.520633
0.520984
0.521688
0.522635
0.520637
0.520706
0.520787
0.520885
0.523046
0.523755
0.521042
0.520919
0.521623
0.521947
0.521706
0.520439
0.524022
0.522042
0.522177
0.521041
0.519506
0.521424
0.520468
0.523075
0.521099
0.522817
0.521652
0.520614
0.521888
0.521001
0.520411
0.521187
0.521629
0.520179
0.523840
0.522319
0.523266
0.522152
0.522206
0.521629
0.520304
0.522512
0.520296
0.520990
0.523340
0.519842
0.521495
0.520651
0.522060
0.521779
0.523733
0.521417
0.522516
0.519581
0.521481
0.521416
0.520740
0.522541
0.521618
0.520266
0.520974
0.522247
0.521807
0.521785
0.522828
0.521203
0.522215
0.523386
0.520859
0.523075
0.521324
0.522060
0.520749
0.519919
0.522772
0.522218
0.521565
0.522593
0.523135
0.523309
0.521411
0.522450
0.519730
0.522262
0.520986
0.521949
0.523129
0.519669
0.521933
0.522017
0.519852
0.523123
0.521442
0.521915
0.521908
0.520796
0.522202
0.520846
0.522597
0.521263
0.520605
0.521824
0.521786
0.522388
0.521393
0.522342
0.522505
0.520331
0.519913
0.520455
0.521997
0.522801
0.522239
0.522244
0.519593
0.523149
0.520133
0.521753
0.522304
0.520747
0.520799
0.521062
0.521540
0.521476
0.521542
0.522313
0.518470
0.520977
0.521225
0.519861
0.521611
0.521647
0.519993
0.520828
0.518932
0.520754
0.520800
0.519523
0.520822
0.519906
0.521740
0.521521
0.522735
0.521006
0.519979
0.521613
0.523770
0.520161
0.523039
0.520625
0.518826
0.521995
0.522802
0.521781
0.521594
0.520477
0.521332
0.520599
0.521195
0.523039
0.521257
0.521354
0.522074
0.520720
0.520970
0.522940
0.520602
0.520545
0.522097
0.522312
0.521527
0.520262
0.521427
0.522103
0.521086
0.520356
0.522829
0.521799
0.521176
0.520476
0.518397
0.520740
0.521980
0.521154
0.521551
0.521868
0.521039
0.521970
0.523357
0.522363
0.522295
0.522992
0.521320
0.521453
0.521701
0.519563
0.522197
0.521606
0.521951
0.520868
0.522168
0.522142
0.524226
0.521280
0.521653
0.521734
0.521330
0.522505
0.519804
0.521049
0.523165
0.521191
0.520791
0.521871
0.521971
0.521951
0.521177
0.523705
0.521632
0.524449
0.522716
0.522084
0.521737
0.523134
0.520993
0.521612
0.520345
0.520829
0.521211
0.520722
0.524261
0.522564
0.523708
0.520941
0.523077
0.520933
0.520678
0.523235
0.522646
0.521031
0.520445
0.521585
0.523199
0.522125
0.520645
0.521550
0.521269
0.520925
0.520418
0.521525
0.521987
0.522341
0.521695
0.520778
0.522328
0.521266
0.520914
0.521493
0.522362
0.520620
0.521742
0.519501
0.521257
0.520932
0.522583
0.523129
0.521170
0.521209
0.520831
0.522769
0.522167
0.521347
0.521419
0.523090
0.520037
0.522242
0.523546
0.521332
0.522388
0.520325
0.520117
0.521272
0.522568
0.521415
0.522320
0.521559
0.522725
0.520855
0.521769
0.521617
0.520784
0.522627
0.521971
0.523731
0.522207
0.522924
0.522001
0.520066
0.522341
0.522786
0.520852
0.521730
0.520812
0.522015
0.522460
0.523241
0.522564
0.520377
0.522984
0.521228
0.522554
0.521936
0.520901
0.523547
0.521671
0.523279
0.520040
0.521974
0.521809
0.521150
0.522393
0.521589
0.521533
0.521032
0.522824
0.522691
0.523576
0.520483
0.522407
0.522186
0.521213
0.521328
0.522721
0.520723
0.630356
0.627090
0.628299
0.625157
0.625650
0.625307
0.625461
0.626709
0.628209
0.626826
0.627150
0.627270
0.626443
0.626351
0.627292
0.625577
0.626428
0.627126
0.625906
0.624877
0.625042
0.625612
0.625868
0.625450
0.623630
0.625791
0.624696
0.627493
0.626907
0.626330
0.627662
0.626841
0.626165
0.625445
0.625322
0.624456
0.625434
0.624605
0.625419
0.624525
0.625322
0.626731
0.626978
0.624954
0.625719
0.625775
0.625436
0.625189
0.626826
0.625349
0.625559
0.627125
0.625616
0.625215
0.623108
0.624638
0.627042
0.626767
0.626339
0.625381
0.625015
0.625603
0.625425
0.625186
0.625141
0.629013
0.627137
0.624637
0.627757
0.625605
0.625948
0.628071
0.626795
0.624716
0.627223
0.625172
0.623411
0.624416
0.626123
0.624779
0.628370
0.627257
0.627138
0.628083
0.626019
0.627160
0.626995
0.627509
0.627092
0.627190
0.626629
0.627943
0.629120
0.627436
0.626909
0.625560
0.628663
0.626392
0.628566
0.626987
0.628480
0.627488
0.626165
0.627711
0.628220
0.627189
0.626928
0.628138
0.627236
0.626716
0.627040
0.626425
0.626697
0.628233
0.627588
0.626181
0.629109
0.627650
0.628506
0.625916
0.625954
0.626950
0.626570
0.628469
0.627822
0.628466
0.628488
0.626995
0.626442
0.625579
0.627883
0.626648
0.627305
0.628370
0.626288
0.628477
0.628787
0.627106
0.626105
0.627176
0.626451
0.627735
0.628839
0.625691
0.628480
0.627895
0.627587
0.628071
0.626758
0.628109
0.627430
0.626250
0.627540
0.627618
0.627829
0.628453
0.627650
0.627891
0.625634
0.625885
0.626794
0.625523
0.626419
0.626468
0.629793
0.627834
0.628004
0.627560
0.626411
0.628004
0.627640
0.628636
0.627325
0.627881
0.627107
0.627404
0.626890
0.628458
0.625501
0.627558
0.627849
0.629206
0.628250
0.627187
0.626328
0.628105
0.626817
0.626715
0.627473
0.627792
0.629794
0.627539
0.626478
0.626240
0.628604
0.626754
0.627432
0.628118
0.626599
0.628244
0.627613
0.626531
0.628121
0.628440
0.625983
0.629160
0.624914
0.628661
0.627107
0.627326
0.628001
0.626931
0.626238
0.627414
0.627821
0.627690
0.629033
0.627461
0.628345
0.627477
0.626814
0.629204
0.629303
0.626323
0.625755
0.628669
0.629635
0.628189
0.627653
0.627831
0.627273
0.626885
0.626614
0.625830
0.627394
0.628763
0.626749
0.627111
0.626769
0.627005
0.630054
0.628029
0.628209
0.626711
0.626006
0.629715
0.628855
0.627421
0.628148
0.627990
0.629463
0.626953
0.628239
0.627838
0.626687
0.628988
0.522236
0.520560
0.521172
0.520923
0.522269
0.521616
0.521257
0.521559
0.520927
0.522048
0.520980
0.521691
0.522461
0.520329
0.519981
0.523349
0.520977
0.520983
0.521587
0.522167
0.522223
0.521975
0.520817
0.520713
0.522115
0.520984
0.520755
0.520841
0.521145
0.520423
0.522306
0.519550
0.520515
0.521380
0.521229
0.519925
0.522140
0.520088
0.522817
0.520232
0.521154
0.521752
0.520870
0.521687
0.522421
0.522244
0.521258
0.520920
0.521521
0.521159
0.521616
0.521290
0.521302
0.521229
0.521299
0.521825
0.521681
0.522300
0.521803
0.521132
0.521605
0.522971
0.520489
0.521587
0.520972
0.522029
0.518762
0.521444
0.520723
0.521234
0.522325
0.521959
0.520213
0.521426
0.522923
0.521753
0.521433
0.521226
0.520919
0.522062
0.523233
0.520603
0.522474
0.521817
0.522269
0.521678
0.522501
0.520456
0.521440
0.521446
0.520389
0.523654
0.521956
0.522931
0.521141
0.521411
0.521155
0.522798
0.521918
0.521153
0.522093
0.521148
0.521103
0.521132
0.521036
0.521392
0.521451
0.520953
0.522321
0.522568
0.521484
0.522651
0.521489
0.522775
0.522587
0.522282
0.522067
0.522561
0.520774
0.522521
0.521983
0.522212
0.522584
0.520389
0.522192
0.522499
0.521017
0.522943
0.519842
0.522250
0.522459
0.521801
0.521363
0.521694
0.520888
0.521973
0.521695
0.522054
0.520898
0.522589
0.523297
0.523682
0.521287
0.523205
0.520930
0.522818
0.520862
0.523112
0.521980
0.522621
0.521361
0.522704
0.521582
0.522422
0.520209
0.522046
0.521133
0.521826
0.519554
0.523277
0.522070
0.521712
0.522958
0.522804
0.522291
0.521520
0.521212
0.523524
0.520211
0.521347
0.523283
0.522292
0.521601
0.522304
0.520872
0.521955
0.520580
0.521865
0.519314
0.521264
0.520798
0.520411
0.523317
0.523872
0.522950
0.522759
0.523594
0.522059
0.523310
0.523116
0.522632
0.520201
0.522162
0.521653
0.522370
0.523328
0.523272
0.520742
0.520314
0.521123
0.521632
0.521054
0.522567
0.521757
0.520654
0.522015
0.522408
0.522892
0.520895
0.520846
0.522954
0.521265
0.520452
0.522018
0.521557
0.523182
0.521523
0.521603
0.521847
0.521980
0.522649
0.523767
0.522488
0.519812
0.521408
0.523478
0.520796
0.523685
0.521752
0.521963
0.521290
0.521259
0.520493
0.520951
0.522786
0.520422
0.521422
0.519971
0.518775
0.520639
0.522738
0.522286
0.521884
0.520102
0.522347
0.521266
0.521185
0.521209
0.520605
0.519237
0.523053
0.521842
0.521074
0.523855
0.520945
0.519154
0.521704
0.521521
0.520093
0.523007
0.519509
0.520498
0.521855
0.521112
0.522464
0.521430
0.522007
0.521858
0.521217
0.521405
0.522688
0.520377
0.523028
0.521364
0.523008
0.522695
0.521020
0.520839
0.520785
0.522059
0.521647
0.521056
0.520150
0.521181
0.518669
0.520826
0.520687
0.521052
0.520574
0.522491
0.521127
0.522168
0.520291
0.520468
0.521600
0.520083
0.521628
0.521898
0.523110
0.523498
0.520567
0.520644
0.519595
0.523149
0.522733
0.520474
0.520352
0.521674
0.522925
0.521065
0.521278
0.521696
0.520075
0.523208
0.522208
0.521588
0.520587
0.521216
0.522055
0.520862
0.521428
0.521341
0.523186
0.521788
0.521735
0.520289
0.521618
0.522038
0.521033
0.522733
0.522286
0.521988
0.523746
0.521557
0.521142
0.521800
0.522713
0.521932
0.521082
0.522969
0.522167
0.521021
0.521952
0.523003
0.521644
0.522296
0.520373
0.522311
0.522414
0.520323
0.520846
0.519743
0.521178
0.521202
0.520776
0.523754
0.520065
0.520570
0.521957
0.523342
0.521836
0.522311
0.522073
0.522697
0.522571
0.520448
0.520852
0.520759
0.521701
0.521368
0.521883
0.520304
0.521322
0.521537
0.520970
0.522445
0.521432
0.521321
0.522544
0.521267
0.520820
0.522498
0.522012
0.523195
0.520545
0.520879
0.522014
0.519214
0.524187
0.522278
0.523341
0.521774
0.521306
0.521891
0.522317
0.520128
0.521586
0.522097
0.523561
0.521998
0.521775
0.520327
0.521844
0.522937
0.522262
0.522067
0.520817
0.523107
0.519436
0.521642
0.521445
0.521253
0.520225
0.521779
0.521473
0.521612
0.523382
0.522747
0.522053
0.521264
0.519558
0.520808
0.521280
0.521121
0.523007
0.520472
0.521820
0.521993
0.521448
0.523058
0.521320
0.521436
0.523124
0.522782
0.520949
0.523274
0.522406
0.520137
0.523457
0.523192
0.522830
0.520100
0.523704
0.522675
0.522575
0.521941
0.520527
0.521300
0.522056
0.522766
0.522395
0.521866
0.522633
0.519896
0.521490
0.522439
0.522515
0.521319
0.520622
0.521727
0.522469
0.520062
0.521168
0.523948
0.523206
0.520309
0.520624
0.521298
0.521210
0.521266
0.520446
0.525110
0.521747
0.522458
0.521101
0.521465
0.522426
0.520605
0.521617
0.522897
0.521954
0.520828
0.520864
0.523230
0.521534
0.521402
0.523239
0.520397
0.521182
0.522747
0.521883
0.520179
0.522299
0.521478
0.520916
0.521014
0.522185
0.519855
0.519918
0.520282
0.522920
0.521683
0.522539
0.520108
0.521595
0.521270
0.523534
0.520861
0.523134
0.521361
0.521110
0.522550
0.628236
0.625520
0.626632
0.626831
0.626083
0.627891
0.627562
0.625811
0.627002
0.625642
0.627833
0.626256
0.627557
0.627655
0.626527
0.626527
0.625715
0.627074
0.627383
0.624992
0.625613
0.624682
0.627762
0.626107
0.625438
0.624253
0.626549
0.624800
0.626812
0.626880
0.625620
0.625330
0.626473
0.625412
0.627384
0.623618
0.626224
0.626493
0.626211
0.627623
0.626704
0.625054
0.625157
0.625327
0.625033
0.626300
0.624166
0.624905
0.623635
0.624133
0.626915
0.625564
0.625116
0.625383
0.625198
0.624652
0.625818
0.627294
0.626504
0.624271
0.626673
0.624677
0.627771
0.624753
0.625637
0.626921
0.624130
0.625395
0.625204
0.623932
0.626535
0.625415
0.626781
0.626785
0.624742
0.627526
0.626098
0.626727
0.626737
0.626932
0.627168
0.626156
0.627909
0.629070
0.627937
0.627275
0.626728
0.626582
0.626825
0.628695
0.626066
0.628744
0.625670
0.627243
0.626718
0.623946
0.627537
0.626633
0.627044
0.627243
0.627538
0.628386
0.628216
0.629378
0.626917
0.627256
0.625744
0.626643
0.626234
0.626780
0.627669
0.626806
0.626845
0.626307
0.629086
0.627758
0.626843
0.626048
0.627428
0.628245
0.626621
0.626967
0.627403
0.628025
0.628912
0.628594
0.627396
0.628784
0.628880
0.628511
0.627980
0.626910
0.627823
0.628059
0.626521
0.628521
0.627387
0.626812
0.628482
0.626049
0.629139
0.629531
0.626233
0.627883
0.627091
0.628320
0.629058
0.626231
0.627705
0.628651
0.628049
0.626274
0.629096
0.628342
0.628192
0.630615
0.627525
0.627444
0.627415
0.628931
0.627468
0.627707
0.624563
0.626504
0.627776
0.627814
0.627617
0.626637
0.628336
0.629125
0.628107
0.626717
0.627496
0.628595
0.628226
0.629710
0.630438
0.627466
0.628534
0.628591
0.624160
0.627798
0.627155
0.628729
0.627954
0.626745
0.630112
0.626351
0.626539
0.625979
0.627854
0.626324
0.627831
0.629323
0.627570
0.626592
0.627193
0.628411
0.627485
0.626338
0.629036
0.627984
0.628002
0.627817
0.627928
0.627892
0.626830
0.626086
0.627746
0.628853
0.626420
0.627199
0.628091
0.627082
0.627208
0.625862
0.628776
0.626475
0.626856
0.629499
0.626530
0.626937
0.626599
0.627458
0.630687
0.627558
0.626967
0.627619
0.627681
0.626512
0.628495
0.627433
0.626246
0.625997
0.626069
0.628196
0.626783
0.626508
0.627428
0.626552
0.628126
0.628736
0.628581
0.628187
0.626693
0.628020
0.627831
0.628473
0.628726
0.627758
0.628174
0.627739
0.628017
0.627650
0.627916
0.626762
0.521396
0.520885
0.522024
0.521473
0.521574
0.522352
0.520613
0.522460
0.520849
0.523075
0.522524
0.524439
0.522295
0.521625
0.520603
0.520407
0.522634
0.522040
0.521704
0.520477
0.521779
0.519503
0.519078
0.522474
0.521290
0.521397
0.521945
0.522419
0.520452
0.521829
0.521706
0.521476
0.520593
0.522305
0.523580
0.521640
0.522097
0.520135
0.521858
0.521534
0.522978
0.520255
0.520357
0.522778
0.519949
0.521220
0.519572
0.522473
0.521795
0.522425
0.521306
0.521466
0.522661
0.521585
0.519887
0.523567
0.520890
0.520971
0.522711
0.521142
0.521649
0.522710
0.521561
0.520709
0.521077
0.519776
0.521019
0.521520
0.520039
0.521405
0.521140
0.521922
0.522115
0.523072
0.519063
0.522403
0.518810
0.521012
0.519027
0.523562
0.521155
0.522306
0.522199
0.520259
0.523055
0.522016
0.521250
0.521774
0.522105
0.521699
0.521646
0.521912
0.521548
0.521338
0.521401
0.521847
0.521994
0.522607
0.521518
0.520744
0.521081
0.521405
0.520491
0.521380
0.521061
0.521659
0.522342
0.521268
0.522752
0.523706
0.520734
0.521992
0.520882
0.521293
0.522474
0.521250
0.523369
0.522287
0.521301
0.522425
0.522333
0.521431
0.521559
0.520229
0.520892
0.522854
0.521358
0.521330
0.522301
0.521011
0.524706
0.521110
0.522280
0.520592
0.522780
0.521332
0.521935
0.524110
0.521847
0.520624
0.521066
0.523913
0.522356
0.521680
0.522427
0.521428
0.521319
0.522598
0.521747
0.522096
0.523520
0.522347
0.521666
0.522000
0.521131
0.522021
0.521460
0.521384
0.520942
0.521894
0.521736
0.520986
0.521811
0.522465
0.521663
0.520913
0.521073
0.522640
0.520109
0.522451
0.521314
0.521694
0.522844
0.521553
0.522422
0.524220
0.521783
0.520697
0.524070
0.522462
0.521790
0.520621
0.521928
0.522431
0.521325
0.522436
0.520384
0.521968
0.522868
0.523480
0.520875
0.522897
0.521725
0.523113
0.521479
0.522666
0.521910
0.521903
0.521998
0.521982
0.522220
0.521595
0.520308
0.520962
0.521709
0.522956
0.522755
0.522264
0.521364
0.521770
0.520718
0.524306
0.521760
0.521273
0.520033
0.521691
0.520270
0.520930
0.522250
0.523011
0.523511
0.520461
0.521765
0.521652
0.521175
0.521031
0.523167
0.521131
0.522029
0.521868
0.521558
0.520910
0.521083
0.524156
0.522487
0.521014
0.522795
0.521245
0.521809
0.522010
0.521611
0.520832
0.522218
0.521043
0.521951
0.521469
0.523716
0.521644
0.520787
0.520964
0.523668
0.523700
0.521534
0.521796
0.522310
0.521725
0.522660
0.520888
0.520823
0.520690
0.521866
0.520943
0.521696
0.519095
0.519878
0.522058
0.520840
0.520788
0.523166
0.522364
0.523854
0.522121
0.520614
0.521768
0.522338
0.521869
0.521958
0.521480
0.522331
0.522566
0.522618
0.521037
0.521605
0.522466
0.520597
0.521066
0.519607
0.521993
0.520419
0.522283
0.520910
0.521326
0.520220
0.521694
0.522590
0.522441
0.521189
0.522360
0.521751
0.521906
0.520696
0.520818
0.520244
0.521005
0.521528
0.521351
0.520663
0.523202
0.523645
0.521293
0.522127
0.521949
0.521154
0.521850
0.521267
0.522477
0.522548
0.523638
0.521930
0.521950
0.520480
0.523022
0.520720
0.521185
0.521840
0.520990
0.519078
0.521846
0.520904
0.523302
0.521257
0.522017
0.519808
0.521879
0.521134
0.520626
0.521149
0.523042
0.521539
0.521227
0.521594
0.522788
0.521989
0.521702
0.522292
0.522624
0.520233
0.522307
0.522383
0.522582
0.520846
0.521516
0.520359
0.523031
0.520670
0.521599
0.520852
0.522855
0.520916
0.522439
0.522141
0.521811
0.520351
0.521244
0.522021
0.521521
0.522393
0.522062
0.523288
0.522045
0.521084
0.522280
0.520629
0.520755
0.520858
0.520975
0.522691
0.521974
0.522173
0.519781
0.522352
0.522297
0.521473
0.523434
0.521853
0.521279
0.522122
0.522953
0.522203
0.520931
0.521814
0.522431
0.521430
0.522729
0.520301
0.520164
0.521609
0.521399
0.523864
0.522107
0.520070
0.521065
0.519970
0.521696
0.521567
0.520325
0.522362
0.522621
0.520236
0.522989
0.522499
0.520733
0.523600
0.524012
0.521756
0.521141
0.523050
0.523528
0.522091
0.522850
0.523175
0.523978
0.522272
0.521807
0.521420
0.521765
0.522436
0.521858
0.521451
0.520260
0.521793
0.521507
0.522639
0.521746
0.522472
0.520368
0.522162
0.522686
0.523438
0.522201
0.521609
0.521688
0.523681
0.520298
0.523670
0.522079
0.522317
0.520905
0.522643
0.523066
0.522325
0.522571
0.521407
0.522811
0.519847
0.524486
0.521490
0.521465
0.519847
0.522330
0.522410
0.522031
0.520507
0.521613
0.520619
0.521790
0.520937
0.520572
0.521095
0.521538
0.521153
0.520832
0.522506
0.521375
0.521304
0.522844
0.522556
0.522137
0.520935
0.523276
0.520796
0.521292
0.520851
0.521372
0.523125
0.521250
0.520766
0.522253
0.520959
0.523264
0.523267
0.521257
0.521839
0.523217
0.522902
0.522081
0.519902
0.520455
0.521751
0.521974
0.521777
0.521929
0.522020
0.522962
0.520806
0.522354
0.521557
0.520074
0.522286
0.521140
0.522022
0.520346
0.627851
0.626582
0.626809
0.625741
0.627296
0.629689
0.626298
0.626512
0.626138
0.625640
0.625838
0.626820
0.625985
0.626366
0.625448
0.625909
0.625167
0.626753
0.626986
0.625126
0.625342
0.626947
0.626886
0.627228
0.626872
0.627503
0.625623
0.625991
0.626397
0.626419
0.625976
0.625401
0.625663
0.626116
0.624767
0.627602
0.625549
0.625587
0.626570
0.624619
0.624635
0.625355
0.625057
0.624895
0.624421
0.625433
0.627310
0.626061
0.624332
0.624703
0.625535
0.625203
0.625941
0.624142
0.624687
0.625872
0.624921
0.625133
0.623838
0.624000
0.627199
0.625266
0.624207
0.625201
0.627470
0.628598
0.625737
0.624095
0.625594
0.625033
0.625697
0.625395
0.626170
0.624853
0.626469
0.627227
0.626727
0.627911
0.627302
0.628350
0.627239
0.627483
0.628142
0.629260
0.625876
0.627998
0.628216
0.626191
0.625961
0.626668
0.627391
0.626763
0.628799
0.627280
0.628170
0.626206
0.625463
0.627907
0.626282
0.627115
0.628972
0.627507
0.626783
0.628054
0.628004
0.627954
0.626445
0.627611
0.628305
0.625576
0.628261
0.627094
0.628191
0.628609
0.627940
0.626532
0.627100
0.627256
0.629146
0.628101
0.627333
0.627571
0.626917
0.625986
0.626803
0.627821
0.626780
0.627145
0.626734
0.629060
0.627573
0.625320
0.629312
0.627858
0.628276
0.627318
0.627527
0.628994
0.625964
0.626661
0.630870
0.627806
0.627118
0.627724
0.628211
0.628445
0.627928
0.626803
0.627938
0.626284
0.626776
0.628533
0.627737
0.627436
0.627787
0.628053
0.628705
0.626804
0.628127
0.627192
0.628217
0.627806
0.628494
0.624885
0.626622
0.629605
0.627060
0.626852
0.626967
0.626912
0.628705
0.626615
0.627784
0.629274
0.628750
0.627917
0.628099
0.627745
0.627895
0.629237
0.628564
0.627896
0.626708
0.628534
0.627136
0.627808
0.627485
0.626481
0.626288
0.626183
0.626747
0.627711
0.627026
0.628154
0.626359
0.626793
0.626693
0.626275
0.628121
0.626701
0.625062
0.628048
0.626420
0.628128
0.628223
0.627296
0.627230
0.628421
0.627627
0.627725
0.627908
0.626491
0.627378
0.627245
0.627074
0.627657
0.625824
0.626820
0.627736
0.627056
0.629064
0.628984
0.626544
0.627045
0.627274
0.629241
0.628679
0.627078
0.626250
0.627495
0.628877
0.628612
0.625756
0.628550
0.627541
0.627219
0.629929
0.627517
0.627478
0.629044
0.627352
0.629839
0.628888
0.628027
0.628959
0.625503
0.628972
0.627622
0.626764
0.629722
0.628062
0.627939
0.628156
0.627409
0.626852
0.627950
0.521008
0.522792
0.520024
0.522262
0.521493
0.521051
0.521674
0.523967
0.522135
0.520773
0.523216
0.523918
0.521920
0.521100
0.522739
0.523321
0.521353
0.521976
0.520891
0.521116
0.522344
0.520534
0.521119
0.520798
0.519332
0.522635
0.521669
0.522783
0.519704
0.523120
0.522403
0.523024
0.522459
0.520633
0.520991
0.521551
0.523045
0.523123
0.521592
0.522643
0.520872
0.520812
0.519431
0.522954
0.521714
0.522651
0.520981
0.521280
0.521726
0.520366
0.521079
0.521643
0.520873
0.520424
0.521468
0.519323
0.519489
0.519932
0.523762
0.521409
0.521100
0.521511
0.521501
0.522162
0.521893
0.521205
0.520210
0.521486
0.520739
0.521185
0.520124
0.521708
0.520773
0.520948
0.521981
0.521400
0.522604
0.521971
0.522211
0.521098
0.522175
0.522805
0.522361
0.523146
0.520430
0.522127
0.521107
0.522078
0.523363
0.520367
0.521348
0.522475
0.523560
0.521940
0.519285
0.522945
0.521718
0.520350
0.521908
0.522462
0.522014
0.521542
0.523749
0.521969
0.523350
0.523063
0.521173
0.521451
0.521486
0.521705
0.523157
0.521878
0.520358
0.521454
0.522681
0.519890
0.522228
0.519890
0.521176
0.521056
0.521339
0.521842
0.522250
0.522527
0.521987
0.522172
0.523115
0.520515
0.521136
0.521589
0.522167
0.520839
0.520459
0.521208
0.520325
0.520702
0.521234
0.520928
0.521856
0.520383
0.522115
0.522114
0.521569
0.520620
0.522530
0.520940
0.521776
0.522381
0.521411
0.521699
0.521940
0.522249
0.520814
0.520967
0.521612
0.521178
0.521716
0.523028
0.521657
0.521606
0.521006
0.522602
0.522501
0.522981
0.523703
0.522161
0.520192
0.521067
0.522928
0.520431
0.520469
0.520642
0.520801
0.519315
0.519470
0.521273
0.520546
0.520937
0.520875
0.521032
0.522500
0.522663
0.522633
0.521133
0.521777
0.522098
0.521542
0.523937
0.522286
0.521765
0.523534
0.522991
0.521465
0.521999
0.522561
0.520022
0.521976
0.521438
0.522614
0.520972
0.522731
0.521996
0.521370
0.522408
0.521794
0.520979
0.520898
0.520686
0.520958
0.521578
0.522046
0.522259
0.521684
0.522503
0.520474
0.519695
0.522979
0.522395
0.521234
0.521312
0.522204
0.522227
0.522698
0.520286
0.521762
0.522315
0.522725
0.521311
0.521370
0.522396
0.519413
0.523260
0.522725
0.521226
0.521134
0.521126
0.522788
0.521172
0.521756
0.520675
0.522319
0.522017
0.523642
0.523084
0.521053
0.523154
0.522156
0.520035
0.523054
0.523009
0.521336
0.520484
0.521086
0.520320
0.520524
0.523308
0.520923
0.519291
0.522001
0.522161
0.520826
0.518781
0.520118
0.521963
0.521670
0.519178
0.522933
0.522027
0.523565
0.521414
0.520968
0.522240
0.520913
0.522064
0.520648
0.522241
0.520334
0.522517
0.521868
0.521467
0.521620
0.521270
0.520463
0.520897
0.521538
0.522489
0.520673
0.521884
0.518748
0.522739
0.521558
0.522685
0.521547
0.519508
0.520846
0.519892
0.521551
0.522871
0.520906
0.521628
0.521831
0.521853
0.523127
0.521209
0.519949
0.521659
0.523041
0.521028
0.522040
0.520399
0.521760
0.521139
0.521389
0.521744
0.520207
0.521978
0.521572
0.522412
0.522304
0.520198
0.522818
0.520545
0.523207
0.521884
0.521221
0.521252
0.518066
0.522940
0.521301
0.522128
0.521668
0.521011
0.522012
0.521193
0.519358
0.520555
0.522197
0.523593
0.521555
0.521872
0.520465
0.521610
0.520215
0.521006
0.521102
0.522561
0.522372
0.521784
0.521644
0.522229
0.520699
0.522376
0.523188
0.522608
0.522402
0.523082
0.524053
0.519604
0.521654
0.522322
0.521985
0.520860
0.521245
0.521425
0.520629
0.522699
0.521251
0.523047
0.522004
0.521834
0.523206
0.520964
0.521973
0.520409
0.522331
0.522935
0.521880
0.520147
0.520708
0.522092
0.522754
0.520772
0.519196
0.521850
0.523085
0.521995
0.522274
0.523404
0.521341
0.522596
0.523179
0.522687
0.522174
0.522069
0.521140
0.524112
0.520553
0.522650
0.521174
0.521721
0.521594
0.521936
0.521117
0.522138
0.521999
0.521523
0.520643
0.522444
0.523877
0.521031
0.523108
0.520886
0.521224
0.520186
0.521195
0.522564
0.522310
0.521643
0.521015
0.521898
0.521682
0.521242
0.522986
0.522683
0.521242
0.520497
0.521818
0.521407
0.521447
0.523742
0.522425
0.521607
0.521103
0.522328
0.522987
0.520881
0.522806
0.522808
0.520562
0.521531
0.522586
0.520530
0.520538
0.520770
0.519547
0.522402
0.522621
0.521436
0.524270
0.521873
0.520486
0.520594
0.520637
0.522559
0.524549
0.522074
0.521331
0.520375
0.520946
0.522793
0.522898
0.519618
0.521110
0.521863
0.522371
0.522879
0.523151
0.521570
0.523536
0.520417
0.520743
0.521436
0.521588
0.521056
0.522345
0.523354
0.520827
0.520395
0.522358
0.522294
0.522672
0.523315
0.521438
0.521352
0.521785
0.519825
0.521511
0.520538
0.521401
0.520492
0.523403
0.520582
0.522341
0.521324
0.522171
0.523737
0.518793
0.522140
0.520054
0.522570
0.525093
0.521615
0.522122
0.521797
0.521114
0.521971
0.522247
0.522468
0.522375
0.520360
0.523125
0.523611
0.628246
0.626555
0.625964
0.625803
0.626770
0.625810
0.625393
0.626883
0.627688
0.626104
0.626353
0.626836
0.625153
0.628116
0.625750
0.624203
0.627284
0.626448
0.626468
0.627097
0.624780
0.626845
0.626991
0.627539
0.626194
0.625329
0.625952
0.626656
0.626240
0.625145
0.626441
0.626337
0.624469
0.625403
0.628503
0.624838
0.624310
0.625078
0.626429
0.627715
0.625934
0.627400
0.625673
0.625425
0.624394
0.623913
0.627142
0.626875
0.625939
0.624650
0.626264
0.625845
0.623491
0.623666
0.624969
0.625859
0.625735
0.624956
0.625158
0.624583
0.624855
0.625390
0.626530
0.624941
0.627144
0.627273
0.624671
0.626388
0.626676
0.626225
0.626359
0.628191
0.628051
0.625819
0.625099
0.626688
0.626946
0.627447
0.624437
0.627906
0.629242
0.627628
0.627503
0.627631
0.627323
0.627543
0.628777
0.627191
0.628739
0.628029
0.628610
0.627813
0.627058
0.627401
0.627266
0.626513
0.627848
0.628090
0.629344
0.626402
0.628069
0.626269
0.629500
0.629729
0.628100
0.626619
0.627438
0.627019
0.627941
0.627847
0.626522
0.627801
0.628148
0.628474
0.628775
0.629024
0.626549
0.627588
0.629144
0.627979
0.628437
0.628988
0.629082
0.627424
0.628234
0.628321
0.628597
0.628311
0.629073
0.626893
0.627720
0.628864
0.627287
0.627391
0.627557
0.628925
0.627503
0.630586
0.626292
0.627084
0.626730
0.627583
0.627692
0.626416
0.627721
0.628346
0.628217
0.628832
0.628471
0.628940
0.628143
0.627883
0.627444
0.626213
0.628378
0.627855
0.629330
0.628137
0.626282
0.627854
0.626401
0.624727
0.626224
0.626067
0.627493
0.626818
0.629361
0.627066
0.626849
0.627556
0.629195
0.626248
0.627703
0.626944
0.627421
0.627535
0.627369
0.625261
0.628561
0.627859
0.627272
0.627780
0.628643
0.628336
0.628789
0.629579
0.627377
0.627643
0.626672
0.629485
0.626776
0.628480
0.626409
0.628160
0.627367
0.629434
0.628276
0.629994
0.626896
0.629678
0.628533
0.628656
0.626123
0.625679
0.627091
0.628174
0.627866
0.627383
0.626672
0.627894
0.627744
0.628608
0.626570
0.626192
0.626963
0.629031
0.627179
0.627870
0.626769
0.628029
0.628164
0.629183
0.629789
0.628599
0.628882
0.627573
0.629125
0.628401
0.629411
0.627449
0.628188
0.627207
0.626925
0.626820
0.625421
0.627170
0.626743
0.628812
0.627090
0.626406
0.628447
0.630947
0.626351
0.627674
0.626475
0.629526
0.629136
0.627633
0.625928
0.626805
0.627548
0.628867
0.625368
0.628153
0.629823
0.626684
0.522519
0.522254
0.521122
0.521870
0.521600
0.521694
0.521386
0.520216
0.521012
0.520038
0.523486
0.521432
0.520571
0.521327
0.522178
0.522270
0.521372
0.521616
0.521220
0.520094
0.521658
0.521843
0.522412
0.521080
0.520098
0.522007
0.521915
0.522364
0.520329
0.518835
0.521427
0.521053
0.520773
0.521257
0.522466
0.521618
0.523734
0.519635
0.520643
0.520983
0.521676
0.521779
0.522361
0.521518
0.521763
0.521158
0.521563
0.520820
0.521903
0.522325
0.520478
0.520845
0.520530
0.521539
0.520997
0.520612
0.522631
0.522264
0.521610
0.520805
0.522283
0.521293
0.522211
0.521813
0.522497
0.520570
0.519957
0.520697
0.521502
0.521961
0.520867
0.522590
0.522163
0.523137
0.521595
0.521998
0.523187
0.521133
0.520572
0.520776
0.521679
0.521626
0.521777
0.522518
0.520569
0.519831
0.521940
0.519978
0.521910
0.520481
0.522484
0.523296
0.520504
0.520589
0.521752
0.522052
0.522066
0.520181
0.522382
0.522087
0.521643
0.520740
0.521259
0.520923
0.521470
0.521248
0.521821
0.521042
0.520494
0.520471
0.521470
0.523107
0.520032
0.519630
0.521448
0.522005
0.521308
0.523918
0.522814
0.520877
0.524072
0.520184
0.520367
0.523945
0.523246
0.521669
0.520900
0.522296
0.520862
0.523790
0.520629
0.522941
0.520168
0.523090
0.522609
0.520699
0.522616
0.521223
0.519604
0.520486
0.520685
0.521462
0.522379
0.522384
0.522751
0.522668
0.521574
0.522750
0.521656
0.521984
0.523214
0.519736
0.521280
0.521910
0.520925
0.521799
0.522638
0.520420
0.521197
0.519613
0.521361
0.522577
0.523212
0.520645
0.521588
0.521006
0.520302
0.522319
0.519832
0.521690
0.521982
0.522009
0.522178
0.520221
0.523427
0.520873
0.522612
0.521315
0.522922
0.522569
0.521421
0.519450
0.523780
0.521643
0.523747
0.522655
0.521757
0.522634
0.522294
0.522242
0.522102
0.520967
0.522072
0.521927
0.521313
0.523579
0.521777
0.522541
0.522585
0.522635
0.521908
0.520644
0.520606
0.521873
0.523449
0.521658
0.522052
0.522648
0.522137
0.521109
0.522157
0.522447
0.521445
0.519479
0.524660
0.522125
0.522738
0.523309
0.521240
0.523020
0.520503
0.522370
0.522845
0.521375
0.521006
0.522511
0.523830
0.521446
0.523393
0.519991
0.522534
0.521280
0.521603
0.520355
0.521017
0.522600
0.521407
0.522730
0.521555
0.522187
0.522277
0.522505
0.521580
0.523208
0.522549
0.523245
0.521502
0.519097
0.519885
0.521954
0.519515
0.521694
0.522084
0.521896
0.522760
0.521909
0.522459
0.521978
0.519516
0.522458
0.520727
0.519840
0.521527
0.523069
0.519356
0.522247
0.522017
0.520757
0.522964
0.520551
0.520162
0.520457
0.521210
0.522151
0.522397
0.520834
0.520856
0.522631
0.520909
0.519111
0.522036
0.520419
0.521406
0.521700
0.519129
0.522708
0.523458
0.523124
0.521731
0.521062
0.519909
0.521507
0.520131
0.520725
0.521501
0.520322
0.522311
0.521538
0.520234
0.521821
0.521076
0.522129
0.521178
0.522590
0.520633
0.518947
0.522632
0.521344
0.520786
0.520698
0.522473
0.521668
0.519642
0.523082
0.521919
0.522156
0.518746
0.520625
0.522178
0.521153
0.522570
0.520092
0.521365
0.520921
0.522307
0.522189
0.522773
0.522312
0.520696
0.522035
0.521181
0.520792
0.522802
0.520906
0.521203
0.518994
0.521682
0.521575
0.521592
0.521141
0.520693
0.522990
0.520785
0.521584
0.522370
0.520382
0.520263
0.522430
0.522128
0.520780
0.522217
0.521614
0.523352
0.521955
0.520517
0.519918
0.521508
0.522045
0.523114
0.522173
0.519774
0.522556
0.522606
0.523848
0.523212
0.522739
0.521655
0.522573
0.520865
0.519975
0.521587
0.520326
0.521541
0.523248
0.520277
0.522991
0.521711
0.518896
0.521989
0.522263
0.521040
0.520060
0.521846
0.521331
0.522721
0.521980
0.521771
0.522625
0.523183
0.522982
0.522261
0.521164
0.521615
0.522345
0.520992
0.523148
0.521930
0.521710
0.523059
0.521499
0.521179
0.521169
0.521728
0.522034
0.523409
0.522292
0.519960
0.523846
0.521908
0.521872
0.521982
0.521528
0.522552
0.523559
0.522789
0.521196
0.520721
0.520517
0.521276
0.518254
0.522779
0.521010
0.521385
0.522180
0.523396
0.521763
0.521385
0.520055
0.522406
0.523570
0.522471
0.521423
0.522966
0.521330
0.521680
0.520132
0.520552
0.521641
0.520897
0.521359
0.521751
0.522523
0.521777
0.521560
0.522676
0.523533
0.521835
0.521196
0.522214
0.522510
0.522542
0.521373
0.519978
0.522153
0.522893
0.519106
0.520897
0.522670
0.521301
0.521970
0.522692
0.523629
0.521047
0.521744
0.522325
0.521938
0.521010
0.518317
0.522177
0.522638
0.521969
0.521642
0.522573
0.522123
0.521150
0.521495
0.521741
0.522670
0.523236
0.522150
0.521032
0.521034
0.522114
0.522331
0.521849
0.522926
0.521604
0.522820
0.522356
0.522344
0.521515
0.521731
0.522634
0.522641
0.522229
0.520216
0.521913
0.521453
0.523662
0.521715
0.521070
0.522196
0.520234
0.521607
0.521942
0.520396
0.522306
0.521696
0.521114
0.522035
0.521660
0.521727
0.630625
0.628145
0.627324
0.626265
0.625958
0.626879
0.627105
0.626551
0.625455
0.623405
0.627846
0.627092
0.623922
0.625559
0.628442
0.628130
0.625493
0.624879
0.626516
0.625626
0.626277
0.626670
0.626543
0.626560
0.625591
0.625155
0.626546
0.626241
0.626044
0.623683
0.625572
0.625899
0.626883
0.626560
0.626422
0.626681
0.628639
0.625706
0.626626
0.624897
0.626733
0.625417
0.623659
0.624954
0.624864
0.627373
0.625608
0.626655
0.624732
0.624369
0.625382
0.623601
0.625659
0.627638
0.627109
0.625780
0.626738
0.624787
0.626231
0.625207
0.624249
0.625804
0.624692
0.624333
0.627696
0.628654
0.625983
0.625378
0.624926
0.625263
0.625895
0.625436
0.625023
0.626351
0.624751
0.625915
0.627998
0.628066
0.628590
0.628984
0.626531
0.626770
0.626165
0.627678
0.628465
0.626058
0.628588
0.629050
0.627464
0.626792
0.627282
0.629055
0.628075
0.628246
0.627417
0.628069
0.626690
0.626037
0.627090
0.628253
0.627013
0.628025
0.627027
0.627930
0.627076
0.627658
0.627634
0.627129
0.628889
0.626657
0.626553
0.627266
0.626653
0.625208
0.626448
0.626643
0.627418
0.626554
0.627322
0.628287
0.627769
0.627402
0.625695
0.626806
0.626208
0.626602
0.626425
0.625513
0.628472
0.625880
0.627432
0.628218
0.627746
0.626218
0.628426
0.626615
0.628062
0.628826
0.627244
0.627800
0.628984
0.626898
0.628268
0.627984
0.627436
0.627424
0.629607
0.627851
0.627401
0.626466
0.628526
0.628706
0.627698
0.626998
0.627851
0.629883
0.628345
0.625371
0.628809
0.626897
0.627643
0.625341
0.627419
0.625684
0.627609
0.628112
0.625576
0.627264
0.626762
0.627918
0.627209
0.629134
0.627338
0.627880
0.628768
0.628211
0.629240
0.628953
0.627541
0.629356
0.628820
0.627624
0.627347
0.628377
0.630335
0.629566
0.629589
0.629283
0.626937
0.625747
0.627233
0.629525
0.627463
0.627413
0.628259
0.628520
0.627514
0.628795
0.627178
0.626906
0.626483
0.627295
0.626483
0.626196
0.626770
0.627217
0.627077
0.628997
0.626846
0.627537
0.627385
0.627257
0.627609
0.626401
0.629056
0.627881
0.626769
0.628939
0.629048
0.627289
0.627320
0.628728
0.627437
0.630250
0.627720
0.626765
0.628917
0.627654
0.625139
0.628060
0.627115
0.627245
0.627026
0.629387
0.627345
0.628557
0.627180
0.627190
0.626147
0.626186
0.628012
0.627211
0.628074
0.628059
0.626730
0.625821
0.628903
0.627743
0.628438
0.627376
0.629073
0.629784
0.627814
0.628004
0.629133
0.626676
0.521938
0.520935
0.522231
0.523376
0.522049
0.522833
0.518843
0.521303
0.521185
0.521394
0.522520
0.519514
0.522541
0.521809
0.520214
0.521301
0.522596
0.519571
0.520908
0.520688
0.521244
0.521614
0.522236
0.520975
0.520358
0.521344
0.521712
0.519129
0.521990
0.522465
0.522222
0.520994
0.521446
0.523043
0.520788
0.520604
0.522306
0.523426
0.520381
0.522495
0.519134
0.521853
0.521525
0.523106
0.520248
0.522369
0.521267
0.522143
0.521603
0.521890
0.520131
0.520661
0.521171
0.521917
0.520739
0.520539
0.522724
0.520673
0.521064
0.523257
0.521426
0.520103
0.520606
0.521055
0.519618
0.519779
0.522400
0.521097
0.523187
0.520278
0.522646
0.520566
0.521690
0.518910
0.522041
0.518498
0.522421
0.522730
0.519526
0.522812
0.522449
0.520424
0.522609
0.521279
0.523503
0.521107
0.520182
0.522367
0.520698
0.522721
0.522222
0.521783
0.520559
0.520673
0.521444
0.521112
0.522106
0.522034
0.520237
0.520452
0.520927
0.520788
0.522329
0.521639
0.521624
0.522081
0.519132
0.522325
0.521652
0.521769
0.520781
0.520436
0.523324
0.521887
0.521923
0.521735
0.522017
0.521849
0.520139
0.522171
0.522704
0.521002
0.519743
0.522670
0.520597
0.523112
0.522074
0.522041
0.522094
0.523299
0.520482
0.521796
0.523065
0.521731
0.521327
0.521453
0.523989
0.522656
0.520411
0.522864
0.522863
0.522453
0.521858
0.522056
0.520838
0.523094
0.523518
0.521517
0.522800
0.522170
0.520241
0.520766
0.522225
0.521059
0.519742
0.521459
0.523270
0.523369
0.521118
0.521031
0.521876
0.521316
0.523211
0.523213
0.522674
0.523800
0.521396
0.522279
0.520343
0.520171
0.520794
0.522237
0.522285
0.520824
0.519826
0.520954
0.520388
0.521736
0.521666
0.519831
0.522762
0.521542
0.520897
0.521619
0.520661
0.520912
0.522197
0.520746
0.520258
0.520936
0.522556
0.519591
0.521881
0.521114
0.521730
0.521658
0.521607
0.523238
0.521876
0.521742
0.522913
0.521578
0.521690
0.520060
0.522317
0.522163
0.522559
0.521847
0.521850
0.522352
0.521723
0.520474
0.520067
0.521091
0.525903
0.523094
0.521450
0.522186
0.520988
0.520672
0.521468
0.522716
0.521565
0.521477
0.521936
0.522368
0.520861
0.521403
0.522651
0.523274
0.522973
0.523335
0.521602
0.522314
0.522283
0.521990
0.522252
0.522727
0.521208
0.522295
0.521270
0.521101
0.522748
0.523189
0.522171
0.524007
0.521339
0.522126
0.521651
0.522215
0.521258
0.522630
0.522143
0.521779
0.521165
0.521139
0.521115
0.522471
0.522914
0.520447
0.520770
0.520680
0.520811
0.522097
0.520256
0.520790
0.523281
0.522401
0.521036
0.521780
0.519909
0.519711
0.521085
0.522406
0.521765
0.523028
0.523100
0.521069
0.522244
0.521526
0.521588
0.521239
0.522069
0.521741
0.521616
0.523532
0.522373
0.523497
0.521226
0.522152
0.522159
0.521075
0.522343
0.522667
0.521225
0.523564
0.523090
0.520907
0.522045
0.519995
0.524104
0.521294
0.520315
0.519818
0.523127
0.519982
0.521712
0.520615
0.520812
0.519723
0.522832
0.521211
0.522674
0.519738
0.521116
0.520593
0.521782
0.522539
0.521119
0.520185
0.522325
0.520901
0.522379
0.523298
0.521327
0.523982
0.522358
0.520579
0.520949
0.522802
0.520992
0.522150
0.522444
0.522438
0.522395
0.522837
0.522239
0.521938
0.523104
0.522358
0.522582
0.520751
0.521040
0.521942
0.523342
0.521914
0.522587
0.522664
0.519635
0.522097
0.522730
0.520600
0.524142
0.521810
0.522578
0.523523
0.523541
0.520115
0.522122
0.521802
0.522534
0.524901
0.521188
0.521666
0.521997
0.522410
0.521747
0.522206
0.521006
0.520935
0.522421
0.521862
0.521061
0.522312
0.521419
0.521995
0.522614
0.520498
0.522177
0.522542
0.520746
0.520246
0.521365
0.522587
0.521197
0.522920
0.521521
0.520624
0.523707
0.521897
0.523693
0.522222
0.523931
0.522479
0.523372
0.523250
0.521307
0.522982
0.521878
0.520881
0.520250
0.521993
0.521321
0.520380
0.523201
0.523264
0.523117
0.522990
0.520980
0.520458
0.523059
0.521665
0.522416
0.524172
0.520221
0.521258
0.522838
0.521759
0.521636
0.521393
0.523171
0.523238
0.521813
0.521112
0.522902
0.522930
0.521156
0.520743
0.519002
0.521537
0.522994
0.521965
0.520761
0.522113
0.520124
0.522818
0.521639
0.522119
0.521031
0.522012
0.521449
0.522206
0.522237
0.521741
0.521010
0.522757
0.522960
0.521576
0.522398
0.521588
0.522295
0.521592
0.521731
0.522150
0.522671
0.523871
0.522880
0.520494
0.522444
0.524075
0.521442
0.521729
0.522024
0.519403
0.521003
0.522377
0.520450
0.521564
0.521806
0.521941
0.520273
0.522003
0.521235
0.522048
0.521266
0.522281
0.519232
0.521290
0.520894
0.521903
0.521994
0.523547
0.521407
0.521509
0.521184
0.523872
0.522582
0.521560
0.521276
0.522462
0.521217
0.520437
0.522176
0.520759
0.521532
0.522379
0.522041
0.521355
0.522224
0.522131
0.523605
0.523645
0.520965
0.521801
0.520733
0.522299
0.523560
0.522622
0.521197
0.521748
0.522079
0.520860
0.626612
0.627231
0.628158
0.626250
0.626867
0.625353
0.625996
0.626260
0.627531
0.626866
0.624394
0.626694
0.627224
0.625206
0.624855
0.625619
0.625686
0.626057
0.625129
0.624792
0.627566
0.626699
0.626179
0.625756
0.625327
0.628478
0.626217
0.624989
0.625282
0.625227
0.627050
0.625129
0.626529
0.625635
0.624975
0.625221
0.626222
0.626138
0.628308
0.624043
0.623787
0.626993
0.626668
0.622396
0.624297
0.625263
0.624757
0.625262
0.626513
0.624800
0.625046
0.625261
0.626184
0.625410
0.627528
0.624031
0.626000
0.624774
0.625045
0.625908
0.624093
0.624457
0.625483
0.624317
0.626396
0.624886
0.626148
0.626343
0.626787
0.624263
0.624483
0.624530
0.628774
0.626253
0.625762
0.626513
0.628228
0.626268
0.627875
0.628701
0.625327
0.626356
0.628798
0.625601
0.627578
0.627364
0.626735
0.625909
0.625924
0.625139
0.627338
0.627427
0.628065
0.628967
0.627550
0.628405
0.626020
0.627419
0.627952
0.628510
0.627166
0.628890
0.628284
0.628565
0.627503
0.627136
0.627139
0.627358
0.626087
0.625629
0.628729
0.627484
0.627924
0.627452
0.625668
0.627955
0.628836
0.627736
0.626458
0.628566
0.628416
0.626356
0.627651
0.626079
0.627816
0.628367
0.625910
0.628747
0.627613
0.628041
0.626809
0.629749
0.628018
0.627656
0.626152
0.627370
0.628279
0.626768
0.626033
0.626105
0.626398
0.627703
0.627997
0.627331
0.628677
0.628765
0.629409
0.629512
0.629212
0.627994
0.627048
0.626966
0.626999
0.629127
0.627620
0.627658
0.627250
0.629059
0.627942
0.627157
0.625934
0.627444
0.626418
0.626775
0.627987
0.627907
0.625228
0.628892
0.629676
0.627089
0.628938
0.626855
0.627832
0.627694
0.627496
0.626719
0.629440
0.627882
0.627436
0.626105
0.625804
0.626361
0.628886
0.627968
0.627268
0.627970
0.626232
0.628928
0.626822
0.626680
0.628431
0.625789
0.627404
0.628936
0.626669
0.627851
0.627701
0.628247
0.627095
0.628388
0.628882
0.627775
0.628852
0.628743
0.627550
0.627896
0.627792
0.627401
0.626588
0.628325
0.626195
0.627281
0.626560
0.629054
0.628861
0.626966
0.627211
0.627969
0.628964
0.627541
0.627523
0.628497
0.627238
0.627312
0.627529
0.628118
0.627186
0.627734
0.628766
0.629621
0.627549
0.628384
0.628368
0.629205
0.627553
0.629017
0.630231
0.626553
0.628265
0.627148
0.626791
0.627299
0.627256
0.628067
0.627114
0.628096
0.627873
0.628541
0.626345
0.628388
0.627954
0.627541
0.626257
0.626476
0.628443
0.627724
0.521650
0.521862
0.521236
0.522180
0.520615
0.522865
0.523068
0.523526
0.522449
0.521785
0.521832
0.523218
0.520974
0.520768
0.520317
0.523415
0.521513
0.521713
0.521477
0.521584
0.520635
0.521850
0.520882
0.522163
0.521066
0.523179
0.520511
0.519749
0.522403
0.520150
0.522424
0.522003
0.520511
0.522263
0.522554
0.521936
0.521222
0.521916
0.522837
0.519730
0.521073
0.520422
0.521338
0.522940
0.520996
0.521195
0.521050
0.521986
0.520332
0.521751
0.520012
0.520414
0.521412
0.522165
0.522027
0.519518
0.518965
0.521877
0.521984
0.521966
0.521894
0.520787
0.521042
0.522138
0.520833
0.521324
0.520658
0.520813
0.520053
0.523660
0.522382
0.521415
0.522359
0.522267
0.521931
0.522637
0.519903
0.521339
0.521358
0.521358
0.519689
0.522077
0.520880
0.524271
0.522603
0.520174
0.521045
0.522242
0.522780
0.519605
0.520062
0.521111
0.522805
0.522379
0.521691
0.523227
0.521136
0.522853
0.522465
0.521761
0.520480
0.522911
0.521659
0.521760
0.520932
0.520979
0.521682
0.521607
0.523583
0.522102
0.521897
0.519781
0.521093
0.522406
0.521659
0.522372
0.522186
0.521992
0.522857
0.521725
0.520879
0.522524
0.521574
0.521752
0.522491
0.522574
0.521652
0.521132
0.523208
0.520136
0.521468
0.522406
0.521221
0.521495
0.518601
0.521079
0.522294
0.521988
0.521838
0.520427
0.523308
0.522632
0.522559
0.520720
0.522041
0.523409
0.521686
0.522443
0.520327
0.521464
0.521574
0.522565
0.522824
0.522475
0.521509
0.522299
0.522952
0.523035
0.522992
0.525073
0.522913
0.521756
0.523121
0.521217
0.522562
0.521711
0.523475
0.523668
0.521260
0.521827
0.520605
0.521381
0.521501
0.522140
0.521640
0.522242
0.523236
0.521758
0.521279
0.522638
0.522152
0.523053
0.521937
0.523134
0.523072
0.522858
0.519864
0.522516
0.520868
0.521915
0.521006
0.521671
0.522647
0.521391
0.523663
0.521316
0.522484
0.521778
0.523913
0.520657
0.520911
0.520973
0.522366
0.523587
0.522205
0.521878
0.521269
0.521941
0.522227
0.523370
0.522554
0.522506
0.522432
0.519904
0.521163
0.523465
0.520777
0.523624
0.520791
0.524037
0.525470
0.521464
0.521980
0.520946
0.523390
0.521473
0.520743
0.521432
0.522216
0.520691
0.521565
0.521743
0.520540
0.520813
0.523182
0.521565
0.522060
0.520937
0.522577
0.519550
0.521722
0.523392
0.522283
0.520581
0.522044
0.521823
0.521054
0.520819
0.520975
0.521371
0.523116
0.520639
0.520579
0.522525
0.521787
0.523540
0.520593
0.521220
0.522601
0.521710
0.521247
0.521395
0.521148
0.521163
0.520198
0.522316
0.520438
0.521117
0.520826
0.521314
0.522669
0.521653
0.522139
0.522039
0.520023
0.522811
0.522664
0.521883
0.521912
0.522145
0.521381
0.521552
0.519906
0.521626
0.521756
0.520106
0.520154
0.520996
0.522409
0.521660
0.521942
0.521461
0.522409
0.522504
0.521340
0.523073
0.520862
0.522380
0.521815
0.521157
0.520923
0.520457
0.521242
0.522549
0.520405
0.520281
0.524036
0.520459
0.520220
0.519312
0.522997
0.521357
0.521771
0.522065
0.523654
0.521668
0.519766
0.523870
0.521487
0.521824
0.522099
0.521825
0.522519
0.520498
0.521450
0.522466
0.520971
0.521550
0.519924
0.522415
0.522666
0.521196
0.522725
0.523445
0.520772
0.523169
0.522450
0.523182
0.521398
0.521965
0.521882
0.523203
0.523067
0.521464
0.523632
0.520071
0.521516
0.521292
0.521483
0.521292
0.521572
0.521532
0.519444
0.522200
0.523345
0.520755
0.520186
0.523501
0.521087
0.521227
0.521462
0.522309
0.521712
0.521725
0.522158
0.521498
0.520876
0.521984
0.522888
0.521085
0.522659
0.521146
0.522903
0.523047
0.521623
0.520218
0.522934
0.520541
0.521782
0.523023
0.521738
0.521929
0.523172
0.522123
0.521219
0.522022
0.522265
0.519737
0.523250
0.522286
0.521943
0.521429
0.521217
0.522612
0.521641
0.520090
0.520975
0.524448
0.523289
0.521474
0.522302
0.522732
0.521971
0.521053
0.521285
0.522079
0.523061
0.521236
0.521791
0.520234
0.524384
0.521162
0.521180
0.523367
0.522066
0.522353
0.521154
0.522957
0.521646
0.523104
0.522632
0.522145
0.522020
0.522295
0.523731
0.520654
0.521327
0.523317
0.520531
0.520378
0.522187
0.521962
0.521529
0.522203
0.523787
0.522152
0.520306
0.522959
0.520804
0.522099
0.523245
0.522361
0.521442
0.521382
0.522105
0.523387
0.522018
0.521647
0.521544
0.522141
0.522731
0.523252
0.521162
0.524405
0.524369
0.522351
0.522342
0.522644
0.522519
0.522476
0.522225
0.523199
0.524253
0.521847
0.520950
0.521183
0.521534
0.521399
0.522961
0.519814
0.521075
0.521794
0.521381
0.523182
0.522224
0.521357
0.523043
0.521790
0.521362
0.521653
0.521989
0.522721
0.522461
0.522954
0.521469
0.523055
0.521761
0.522178
0.523808
0.521485
0.523498
0.520531
0.522610
0.523644
0.522618
0.521397
0.522336
0.524055
0.519105
0.520670
0.520452
0.522874
0.522020
0.521613
0.523030
0.522046
0.522057
0.521124
0.522557
0.520221
0.523090
0.522019
0.627114
0.626864
0.625945
0.625906
0.625328
0.628032
0.625995
0.625895
0.626564
0.624277
0.625812
0.626546
0.627581
0.625518
0.626606
0.627167
0.625816
0.626889
0.626308
0.626572
0.625794
0.625193
0.626268
0.624549
0.625103
0.626728
0.628593
0.624469
0.626450
0.625295
0.625993
0.625064
0.627879
0.625121
0.627854
0.626141
0.624924
0.624218
0.626220
0.627083
0.625958
0.626064
0.627559
0.625867
0.624046
0.626137
0.624981
0.626628
0.625721
0.625333
0.625462
0.624570
0.624449
0.626113
0.625993
0.626283
0.623648
0.625877
0.625405
0.625375
0.625795
0.624948
0.625005
0.622554
0.627430
0.628173
0.628293
0.626629
0.626859
0.625365
0.625128
0.628554
0.625883
0.627407
0.625314
0.624932
0.628291
0.627955
0.627949
0.627171
0.626599
0.628315
0.626498
0.627823
0.628027
0.629263
0.628571
0.626331
0.628466
0.625981
0.627399
0.627417
0.628162
0.625690
0.627454
0.627725
0.627722
0.627179
0.628613
0.627880
0.627739
0.628361
0.627872
0.628721
0.627494
0.626759
0.627400
0.629868
0.627642
0.628010
0.626679
0.627259
0.628729
0.628564
0.627812
0.626245
0.626622
0.626490
0.627870
0.626330
0.626425
0.627914
0.627439
0.626606
0.627393
0.627726
0.628802
0.626658
0.626270
0.626005
0.627582
0.627138
0.625629
0.625819
0.627544
0.627688
0.627512
0.626275
0.627577
0.626856
0.628701
0.627278
0.628364
0.626226
0.627476
0.627944
0.627308
0.627746
0.627237
0.626810
0.627808
0.628675
0.628464
0.628297
0.628783
0.627179
0.628211
0.629466
0.627035
0.627616
0.628135
0.626520
0.624592
0.626203
0.626808
0.628906
0.626286
0.627222
0.624979
0.629256
0.627663
0.627534
0.626599
0.628077
0.626732
0.628163
0.626972
0.626522
0.626966
0.624667
0.627194
0.628081
0.627342
0.627935
0.626477
0.627178
0.627194
0.627874
0.627372
0.627444
0.627179
0.626997
0.628901
0.627279
0.626280
0.625230
0.625078
0.626445
0.627741
0.626718
0.628805
0.628476
0.628064
0.626729
0.626456
0.626420
0.626742
0.625548
0.627854
0.627382
0.625099
0.627131
0.628747
0.627254
0.628444
0.627099
0.627609
0.625811
0.627197
0.627010
0.625834
0.626991
0.627991
0.627824
0.628839
0.627623
0.625810
0.628900
0.628156
0.626742
0.627620
0.626578
0.627898
0.628195
0.627885
0.628315
0.627160
0.627420
0.627106
0.627302
0.627409
0.627367
0.627385
0.626883
0.628224
0.627425
0.627268
0.626203
0.627787
0.626231
0.626691
0.626694
0.629567
0.627719
0.628881
0.628185
0.521444
0.522922
0.521271
0.521198
0.523813
0.520275
0.521671
0.522678
0.523037
0.520243
0.520077
0.522435
0.521213
0.521201
0.520437
0.521819
0.521440
0.520944
0.521206
0.520865
0.521382
0.520633
0.520494
0.521868
0.520588
0.520981
0.521764
0.520205
0.519907
0.523353
0.524037
0.521719
0.521871
0.522989
0.519980
0.520567
0.521621
0.520538
0.521594
0.522191
0.522757
0.522618
0.520462
0.521067
0.521073
0.522053
0.521655
0.522708
0.521875
0.520708
0.519167
0.523019
0.520680
0.522567
0.519885
0.521966
0.520140
0.519940
0.521845
0.522336
0.521757
0.520424
0.520307
0.520254
0.523489
0.521619
0.521841
0.520785
0.521955
0.522762
0.520214
0.521706
0.520238
0.520984
0.521577
0.521484
0.521391
0.522169
0.521401
0.521097
0.520019
0.521670
0.520528
0.523347
0.522419
0.524193
0.521293
0.522838
0.521926
0.522004
0.521566
0.521943
0.520362
0.522132
0.521173
0.519595
0.521828
0.522209
0.520368
0.521222
0.521062
0.520487
0.522885
0.522193
0.520260
0.524062
0.520039
0.522284
0.520032
0.521330
0.520278
0.521600
0.521481
0.522797
0.521890
0.522446
0.522291
0.522402
0.523353
0.521147
0.522428
0.523063
0.521771
0.521009
0.521978
0.522878
0.520338
0.520997
0.520760
0.522342
0.521953
0.520761
0.519939
0.522932
0.520475
0.520465
0.521469
0.522951
0.521901
0.521455
0.520989
0.521817
0.521746
0.521741
0.522268
0.523771
0.521362
0.521425
0.523076
0.522243
0.522746
0.520512
0.521603
0.522170
0.523271
0.522009
0.520607
0.520849
0.522566
0.520938
0.522335
0.522947
0.520887
0.523235
0.521749
0.519444
0.523695
0.520907
0.522548
0.522046
0.522400
0.520555
0.521878
0.523091
0.522163
0.523306
0.522377
0.521827
0.521149
0.520232
0.521165
0.522334
0.521381
0.521652
0.522812
0.520609
0.523052
0.522979
0.522526
0.521841
0.522988
0.521987
0.522399
0.520779
0.519437
0.521109
0.521870
0.521926
0.520037
0.520336
0.520209
0.520885
0.522300
0.522587
0.519996
0.521671
0.521572
0.521515
0.522034
0.522301
0.520183
0.520382
0.520260
0.520676
0.521354
0.520577
0.522072
0.522026
0.520053
0.520355
0.521505
0.521391
0.520964
0.520371
0.522377
0.522338
0.521355
0.521324
0.522251
0.521484
0.520718
0.522215
0.521750
0.521967
0.521140
0.521534
0.519398
0.520749
0.522561
0.521663
0.519997
0.522835
0.521928
0.521666
0.521774
0.519901
0.521851
0.521531
0.521059
0.524706
0.520810
0.521980
0.521915
0.521496
0.520746
0.520402
0.523894
0.520902
0.522429
0.522456
0.520989
0.522186
0.522834
0.521581
0.522419
0.519306
0.521465
0.521913
0.521732
0.521831
0.521397
0.519759
0.521086
0.522250
0.521378
0.522012
0.523535
0.519766
0.520958
0.520252
0.521622
0.520302
0.522349
0.523253
0.522569
0.521561
0.521999
0.522675
0.519507
0.519423
0.523155
0.523207
0.523407
0.520258
0.521379
0.523367
0.520726
0.520628
0.521014
0.520048
0.521410
0.524004
0.521701
0.521307
0.521994
0.521831
0.521398
0.520415
0.521808
0.521197
0.522020
0.521727
0.522005
0.519070
0.521723
0.520783
0.521930
0.520746
0.522151
0.522283
0.521416
0.520866
0.522260
0.521763
0.522063
0.521531
0.519643
0.522060
0.520972
0.522433
0.523646
0.522311
0.523107
0.521230
0.521170
0.524077
0.523001
0.521645
0.521662
0.521515
0.521211
0.521829
0.522311
0.521359
0.521530
0.520182
0.522679
0.524362
0.522670
0.521857
0.520713
0.522357
0.522465
0.521690
0.522501
0.520614
0.520412
0.522248
0.521880
0.523245
0.522226
0.522772
0.522667
0.522747
0.521628
0.521022
0.523779
0.519575
0.520858
0.521733
0.522962
0.522742
0.520981
0.521047
0.521630
0.521125
0.521547
0.522580
0.522405
0.520982
0.521470
0.522105
0.523563
0.521168
0.522083
0.519776
0.520340
0.521257
0.522113
0.521435
0.520253
0.521387
0.521000
0.519736
0.519981
0.520738
0.521494
0.521201
0.522440
0.522614
0.522849
0.520669
0.520808
0.522124
0.522486
0.521468
0.522548
0.522372
0.520786
0.521739
0.521755
0.521894
0.521856
0.522309
0.524126
0.522477
0.523014
0.522020
0.522068
0.522378
0.521934
0.521418
0.522264
0.522605
0.522110
0.521168
0.518087
0.521567
0.522601
0.521324
0.521633
0.520499
0.520922
0.519947
0.520425
0.523600
0.521857
0.522340
0.520859
0.522340
0.521254
0.522002
0.522948
0.523030
0.521750
0.521421
0.522687
0.520512
0.522448
0.523102
0.522860
0.521495
0.521849
0.521616
0.521912
0.521060
0.523090
0.520939
0.522658
0.521362
0.519443
0.520992
0.520879
0.520929
0.521032
0.521928
0.519926
0.521639
0.521130
0.520190
0.521531
0.522496
0.521246
0.523678
0.520797
0.520735
0.521659
0.520751
0.521745
0.519803
0.519879
0.522745
0.522852
0.522583
0.522656
0.520248
0.520734
0.522293
0.521382
0.521862
0.521975
0.520150
0.522369
0.520631
0.521833
0.519800
0.521397
0.524468
0.520976
0.519568
0.523133
0.520694
0.520955
0.520168
0.522494
0.523408
0.523195
0.520928
0.522594
0.522765
0.521800
0.521589
0.630028
0.626672
0.625647
0.627514
0.627024
0.627659
0.625917
0.629076
0.626632
0.624135
0.626960
0.626381
0.625330
0.625604
0.627652
0.626211
0.627857
0.623844
0.626380
0.624938
0.626095
0.626047
0.625314
0.626407
0.626512
0.626776
0.629096
0.627491
0.625816
0.627420
0.626169
0.627583
0.625078
0.625400
0.627386
0.627266
0.625309
0.625776
0.625292
0.626744
0.625149
0.625836
0.626491
0.626140
0.624472
0.626986
0.626141
0.626208
0.627385
0.624886
0.627006
0.625528
0.626938
0.627003
0.624389
0.624830
0.626615
0.624660
0.625998
0.626024
0.626938
0.624686
0.626218
0.624321
0.626376
0.624511
0.626318
0.627926
0.625743
0.624904
0.626546
0.625643
0.627131
0.629298
0.627278
0.627407
0.627801
0.625024
0.626488
0.626688
0.629194
0.629158
0.626872
0.627218
0.627120
0.627768
0.628743
0.627984
0.627079
0.627046
0.626468
0.627233
0.625758
0.627922
0.628549
0.626808
0.627774
0.629397
0.627118
0.628165
0.627388
0.627732
0.627797
0.627396
0.626398
0.627255
0.628889
0.628035
0.627892
0.627608
0.628537
0.626957
0.628914
0.626416
0.625933
0.628876
0.627581
0.627864
0.627743
0.628062
0.626913
0.627499
0.629804
0.626617
0.626574
0.627525
0.627481
0.627680
0.626922
0.626476
0.628058
0.627146
0.626433
0.627845
0.628057
0.628532
0.628307
0.627835
0.626888
0.626170
0.628907
0.627939
0.628411
0.626510
0.627641
0.628738
0.627693
0.626938
0.628425
0.629135
0.627606
0.626608
0.627277
0.629170
0.627868
0.627970
0.627365
0.627326
0.625773
0.628308
0.626193
0.627170
0.626432
0.625863
0.625186
0.626177
0.625768
0.628694
0.627401
0.627643
0.626612
0.626657
0.626932
0.626200
0.628579
0.626919
0.627148
0.628355
0.626756
0.625549
0.627590
0.628260
0.627882
0.625174
0.628887
0.628018
0.625363
0.629283
0.627223
0.626048
0.627712
0.627959
0.626051
0.627446
0.626433
0.627093
0.625279
0.628143
0.628046
0.627894
0.627060
0.626213
0.626673
0.627483
0.626572
0.628188
0.627325
0.627049
0.628115
0.626968
0.626783
0.628304
0.625532
0.627829
0.625976
0.627344
0.627523
0.627020
0.628820
0.627363
0.627490
0.628615
0.628967
0.626360
0.627762
0.628894
0.627216
0.630031
0.627425
0.628461
0.628427
0.626782
0.628532
0.628666
0.627488
0.627553
0.628434
0.625828
0.628760
0.626480
0.626868
0.627533
0.629340
0.626320
0.627434
0.627043
0.627779
0.626901
0.629086
0.625154
0.627651
0.628419
0.628787
0.626945
0.626048
0.627700
0.521719
0.521044
0.522974
0.521744
0.521612
0.523475
0.520426
0.522385
0.522946
0.523474
0.520654
0.522083
0.523047
0.521482
0.523477
0.521188
0.521014
0.520843
0.521031
0.523769
0.522736
0.519283
0.522828
0.523789
0.520819
0.523354
0.520995
0.520765
0.522061
0.520877
0.520948
0.521424
0.520405
0.523418
0.519743
0.520385
0.522147
0.519972
0.521278
0.520184
0.520942
0.520760
0.521497
0.520878
0.519937
0.521809
0.521084
0.522019
0.519796
0.520752
0.522026
0.522014
0.518570
0.521217
0.521679
0.521161
0.522279
0.521736
0.521142
0.519578
0.519934
0.524033
0.520079
0.519741
0.519980
0.521173
0.520425
0.522116
0.521701
0.522349
0.520473
0.520636
0.522182
0.519189
0.522539
0.520886
0.522223
0.520846
0.522290
0.520169
0.521271
0.522455
0.522796
0.521418
0.522042
0.521178
0.521688
0.520187
0.523423
0.522924
0.521138
0.521564
0.519459
0.520990
0.520920
0.523369
Pass 3: Computing changesets...
Done!
pass_3 time = 158.41102194786072
[run_ginex.py] pass_3 time = 158.4112286567688
[run_ginex.py] sb_sample time = 723.2931840419769
Step 1: Done
inspect_time = 902061.125
Step 2: Switch
Step 2: Done
Step 3: Main Loop
0
sampling:  0.10406400263309479
gather:  269.28460693359375
cache:  0.04076800122857094
transfer:  146.3475799560547
forward:  533.6837158203125
backward:  167.79469299316406
free:  18.06380844116211
1000
sampling:  0.24140800535678864
gather:  956.0089111328125
cache:  0.08479999750852585
transfer:  326.4105224609375
forward:  3.7944319248199463
backward:  4.234272003173828
free:  0.40163201093673706
2000
sampling:  0.2572160065174103
gather:  849.396728515625
cache:  0.07039999961853027
transfer:  54.42851257324219
forward:  3.19702410697937
backward:  2.1595840454101562
free:  0.2767679989337921
3000
sampling:  0.20083199441432953
gather:  1087.859375
cache:  0.07788799703121185
transfer:  58.91766357421875
forward:  3.120192050933838
backward:  1.913856029510498
free:  0.19340799748897552
4000
sampling:  0.29468798637390137
gather:  826.869384765625
cache:  0.07398399710655212
transfer:  116.20553588867188
forward:  3.2169599533081055
backward:  2.667520046234131
free:  0.2800320088863373
5000
sampling:  0.9017279744148254
gather:  721.1906127929688
cache:  0.11587200313806534
transfer:  52.38614273071289
forward:  35.29808044433594
backward:  3.4129600524902344
free:  0.5033280253410339
6000
sampling:  0.23401600122451782
gather:  1050.14892578125
cache:  0.070592001080513
transfer:  54.490623474121094
forward:  3.0185599327087402
backward:  1.896448016166687
free:  0.24051199853420258
7000
sampling:  0.2540160119533539
gather:  720.5142211914062
cache:  0.06364800035953522
transfer:  52.97235107421875
forward:  3.1095359325408936
backward:  2.1032960414886475
free:  0.23708799481391907
8000
sampling:  0.19129599630832672
gather:  230.35372924804688
cache:  0.07667200267314911
transfer:  51.01945495605469
forward:  3.0422720909118652
backward:  1.860640048980713
free:  0.21872000396251678
Step 3: Done
=========================== Total Stat ===========================
dataset: ogbn_products_extended, sb-size: 8800, batch-size: 1000, nc-size: 45.0GB, fc-size: 50.0GB, zstd: False, khop: 256
Part 1: sb_sample_times pass_1_and_2_times pass_3_times
694.3571
723.2932
151.6416
158.4112
==================================================================
Part 2: inspect_time switch_time sampling_time gather_time cache_time transfer_time forward_time backward_time free_time
902.0611
57.3899
6.9044
6189.2761
9458.1645
845.1180
454.9251
203.1396
150.2509
==================================================================
Current superbatch ended
Epoch 00, Loss: 0.0003, Approx. Train: 0.3992
Epoch time: 19038233.0549 ms
