Preparing dataset...
Done!

==============================
Running Epoch 0...
Running 0th superbatch of total 2 superbatches
Step 1: Superbatch Sample
[run_ginex.py] sb_sample time = 249.6198959350586
Step 1: Done
inspect_time = 267277.8125
Running 1th superbatch of total 2 superbatches
Step 1: Superbatch Sample
Loading ids...
Done!
Pass 1: calculating frequency and initial cache indices...
Done!
Pass 2: making two key data structures (iterptr & iters)...
Done!
pass_1_and_2 time = 54.63445448875427
[run_ginex.py] pass_1_and_2 time = 54.634538888931274
Pass 3: Computing changesets...
Done!
pass_3 time = 171.11294174194336
[run_ginex.py] pass_3 time = 171.11322236061096
[run_ginex.py] sb_sample time = 237.78465604782104
Step 1: Done
inspect_time = 316885.125
Step 2: Switch
Step 2: Done
Step 3: Main Loop
0
sampling:  0.08991999924182892
gather:  125.72380828857422
cache:  0.03711999952793121
transfer:  144.29335021972656
forward:  323.250244140625
backward:  184.82176208496094
free:  5.344223976135254
1000
sampling:  0.034752000123262405
gather:  0.0161920003592968
cache:  0.009983999654650688
transfer:  13.848031997680664
forward:  3.953023910522461
backward:  2.953216075897217
free:  0.25046399235725403
2000
sampling:  0.26444798707962036
gather:  57.47119903564453
cache:  0.10950399935245514
transfer:  21.0729923248291
forward:  2.557408094406128
backward:  2.4995839595794678
free:  0.29606398940086365
3000
sampling:  0.1494400054216385
gather:  47.046112060546875
cache:  0.20163199305534363
transfer:  23.65622329711914
forward:  2.690432071685791
backward:  2.1319680213928223
free:  0.28835201263427734
4000
sampling:  0.2797439992427826
gather:  39.95750427246094
cache:  0.08867199718952179
transfer:  23.747648239135742
forward:  2.6982080936431885
backward:  2.3736319541931152
free:  0.31564798951148987
5000
sampling:  0.19183999300003052
gather:  40.150177001953125
cache:  0.12070400267839432
transfer:  25.60304069519043
forward:  2.3267199993133545
backward:  1.58515202999115
free:  0.22172799706459045
6000
sampling:  0.44576001167297363
gather:  25.375263214111328
cache:  0.018592000007629395
transfer:  20.56812858581543
forward:  2.386176109313965
backward:  2.10534405708313
free:  0.4557439982891083
7000
sampling:  0.6655359864234924
gather:  52.928768157958984
cache:  0.05040000006556511
transfer:  23.7741756439209
forward:  2.493216037750244
backward:  2.0838398933410645
free:  0.2687999904155731
8000
sampling:  0.12697599828243256
gather:  38.54467010498047
cache:  0.30140799283981323
transfer:  25.283424377441406
forward:  2.5385279655456543
backward:  2.5733439922332764
free:  0.29094401001930237
9000
sampling:  0.13600000739097595
gather:  41.377281188964844
cache:  0.122079998254776
transfer:  23.619680404663086
forward:  2.593503952026367
backward:  1.9589120149612427
free:  0.2914240062236786
10000
sampling:  0.25811201333999634
gather:  32.70387268066406
cache:  0.2282560020685196
transfer:  24.11440086364746
forward:  2.398560047149658
backward:  1.8872319459915161
free:  0.2768000066280365
11000
sampling:  0.1480640023946762
gather:  45.80083084106445
cache:  0.1496960073709488
transfer:  23.36751937866211
forward:  2.6618878841400146
backward:  3.0300159454345703
free:  0.40003201365470886
12000
sampling:  0.306304007768631
gather:  36.9666862487793
cache:  0.06563200056552887
transfer:  25.405696868896484
forward:  2.5690879821777344
backward:  1.7428480386734009
free:  0.2430720031261444
13000
sampling:  0.26236799359321594
gather:  45.19343948364258
cache:  0.10751999914646149
transfer:  24.44428825378418
forward:  2.472032070159912
backward:  2.437119960784912
free:  0.29766398668289185
14000
sampling:  0.15862399339675903
gather:  38.86528015136719
cache:  0.0907839983701706
transfer:  24.13430404663086
forward:  2.52892804145813
backward:  2.648063898086548
free:  0.30217599868774414
15000
sampling:  0.5432320237159729
gather:  42.07846450805664
cache:  0.8416640162467957
transfer:  22.23801612854004
forward:  2.5997440814971924
backward:  4.059135913848877
free:  0.40220800042152405
16000
sampling:  0.1870719939470291
gather:  43.25657653808594
cache:  0.037151999771595
transfer:  19.962783813476562
forward:  2.447808027267456
backward:  3.952672004699707
free:  0.4792320132255554
17000
sampling:  0.7293760180473328
gather:  38.476417541503906
cache:  0.05241600051522255
transfer:  25.883167266845703
forward:  2.357599973678589
backward:  1.628159999847412
free:  0.21804800629615784
18000
sampling:  0.33561599254608154
gather:  39.75651168823242
cache:  0.039455998688936234
transfer:  22.224735260009766
forward:  2.4759039878845215
backward:  1.9117759466171265
free:  0.2937600016593933
19000
sampling:  0.25459200143814087
gather:  39.55644989013672
cache:  0.11744000017642975
transfer:  23.895456314086914
forward:  2.481760025024414
backward:  2.5528318881988525
free:  0.36259201169013977
20000
sampling:  0.3383040130138397
gather:  35.00748825073242
cache:  0.07686399668455124
transfer:  23.385311126708984
forward:  3.1579198837280273
backward:  3.5778560638427734
free:  0.41280001401901245
21000
sampling:  0.21622399985790253
gather:  41.02656173706055
cache:  1.0103679895401
transfer:  24.84601593017578
forward:  2.5950400829315186
backward:  2.234368085861206
free:  0.24089600145816803
Step 3: Done
=========================== Total Stat ===========================
dataset: twitter_extended_6, sb-size: 21600, batch-size: 1000, nc-size: 45.0GB, fc-size: 50.0GB, zstd: False, khop: 16
Part 1: sb_sample_times pass_1_and_2_times pass_3_times
249.6
237.8
54.6
171.1
==================================================================
Part 2: inspect_time switch_time sampling_time gather_time cache_time transfer_time forward_time backward_time free_time
316.8851
87.9517
5.6258
925.4774
28.6573
533.7190
57.0615
55.6854
154.3222
==================================================================
Current superbatch ended
Epoch 00, Loss: 0.0003, Approx. Train: 0.8643
Epoch time: 2502497.2844 ms
