Preparing dataset...
Done!

==============================
Running Epoch 0...
Running 0th superbatch of total 2 superbatches
Step 1: Superbatch Sample
[run_ginex.py] sb_sample time = 250.11733984947205
Step 1: Done
inspect_time = 267756.875
Running 1th superbatch of total 2 superbatches
Step 1: Superbatch Sample
Loading ids...
Done!
Pass 1: calculating frequency and initial cache indices...
Done!
Pass 2: making two key data structures (iterptr & iters)...
Done!
pass_1_and_2 time = 59.25168776512146
[run_ginex.py] pass_1_and_2 time = 59.25177001953125
Pass 3: Computing changesets...
Done!
pass_3 time = 150.94609832763672
[run_ginex.py] pass_3 time = 150.9463245868683
[run_ginex.py] sb_sample time = 217.7668914794922
Step 1: Done
inspect_time = 301627.84375
Step 2: Switch
Step 2: Done
Step 3: Main Loop
0
sampling:  0.09279999881982803
gather:  134.9456024169922
cache:  0.036607999354600906
transfer:  253.28466796875
forward:  291.734130859375
backward:  246.6365509033203
free:  9.39305591583252
1000
sampling:  0.03807999938726425
gather:  0.020255999639630318
cache:  0.010080000385642052
transfer:  22.361888885498047
forward:  2.012864112854004
backward:  1.223680019378662
free:  0.1475519984960556
2000
sampling:  0.29280000925064087
gather:  68.25577545166016
cache:  0.06425599753856659
transfer:  26.150495529174805
forward:  2.512831926345825
backward:  2.343967914581299
free:  0.2828480005264282
3000
sampling:  0.2927680015563965
gather:  45.740318298339844
cache:  0.12726399302482605
transfer:  23.822080612182617
forward:  2.535871982574463
backward:  2.505728006362915
free:  0.33004799485206604
4000
sampling:  0.1544319987297058
gather:  31.910783767700195
cache:  0.032735999673604965
transfer:  21.62544059753418
forward:  2.6128320693969727
backward:  2.180095911026001
free:  0.28220799565315247
5000
sampling:  0.2826879918575287
gather:  37.25222396850586
cache:  0.15904000401496887
transfer:  29.128639221191406
forward:  3.128063917160034
backward:  2.0951039791107178
free:  0.3200959861278534
6000
sampling:  0.18454399704933167
gather:  37.728511810302734
cache:  0.08409599959850311
transfer:  21.843231201171875
forward:  2.743391990661621
backward:  1.9548159837722778
free:  0.2757120132446289
7000
sampling:  0.15651200711727142
gather:  52.386558532714844
cache:  0.09663999825716019
transfer:  24.665056228637695
forward:  2.7175679206848145
backward:  2.5241599082946777
free:  0.29555198550224304
8000
sampling:  0.144896000623703
gather:  30.77801513671875
cache:  0.035360001027584076
transfer:  22.794687271118164
forward:  2.7344319820404053
backward:  2.945024013519287
free:  0.4092159867286682
9000
sampling:  0.19036799669265747
gather:  49.376991271972656
cache:  0.9314560294151306
transfer:  23.77292823791504
forward:  2.63155198097229
backward:  2.3357439041137695
free:  0.28678399324417114
10000
sampling:  0.27055999636650085
gather:  46.28140640258789
cache:  0.3761279881000519
transfer:  25.459808349609375
forward:  2.3081600666046143
backward:  1.4704639911651611
free:  0.23468799889087677
11000
sampling:  0.20652799308300018
gather:  44.78643035888672
cache:  0.07334399968385696
transfer:  24.874399185180664
forward:  2.4278719425201416
backward:  2.1319680213928223
free:  0.262719988822937
12000
sampling:  0.13993600010871887
gather:  34.32499313354492
cache:  0.033215999603271484
transfer:  22.41619110107422
forward:  2.6182401180267334
backward:  3.127295970916748
free:  0.426144003868103
13000
sampling:  0.25388801097869873
gather:  41.61171340942383
cache:  1.4021120071411133
transfer:  25.97043228149414
forward:  2.5152320861816406
backward:  1.5738879442214966
free:  0.22019200026988983
14000
sampling:  0.18998399376869202
gather:  35.33824157714844
cache:  0.09001599997282028
transfer:  29.09926414489746
forward:  2.467519998550415
backward:  2.6163198947906494
free:  0.3487359881401062
15000
sampling:  0.19699199497699738
gather:  39.479488372802734
cache:  0.21238400042057037
transfer:  32.38627243041992
forward:  2.559648036956787
backward:  1.4909440279006958
free:  0.20822399854660034
16000
sampling:  0.17254400253295898
gather:  35.50646209716797
cache:  0.034623999148607254
transfer:  24.043136596679688
forward:  2.461440086364746
backward:  4.422656059265137
free:  0.2553919851779938
17000
sampling:  0.25283199548721313
gather:  44.32262420654297
cache:  0.33273598551750183
transfer:  25.052608489990234
forward:  2.569567918777466
backward:  1.7663999795913696
free:  0.26956799626350403
18000
sampling:  0.24646399915218353
gather:  42.12201690673828
cache:  0.06400000303983688
transfer:  25.519296646118164
forward:  2.494112014770508
backward:  2.10534405708313
free:  0.26313599944114685
19000
sampling:  0.19247999787330627
gather:  45.314239501953125
cache:  0.0862400010228157
transfer:  25.574975967407227
forward:  2.442944049835205
backward:  1.9005440473556519
free:  0.268095999956131
20000
sampling:  0.15772800147533417
gather:  35.81087875366211
cache:  0.03465599939227104
transfer:  24.115968704223633
forward:  2.629215955734253
backward:  1.926144003868103
free:  0.21033599972724915
21000
sampling:  0.23129600286483765
gather:  48.86860656738281
cache:  0.3331199884414673
transfer:  26.12009620666504
forward:  2.3676159381866455
backward:  1.6824320554733276
free:  0.24876800179481506
Step 3: Done
=========================== Total Stat ===========================
dataset: twitter_extended_6, sb-size: 21600, batch-size: 1000, nc-size: 45.0GB, fc-size: 50.0GB, zstd: False, khop: 32
Part 1: sb_sample_times pass_1_and_2_times pass_3_times
250.1
217.8
59.3
150.9
==================================================================
Part 2: inspect_time switch_time sampling_time gather_time cache_time transfer_time forward_time backward_time free_time
301.6278
83.4692
5.9891
931.3366
26.8859
536.4432
56.8467
53.9837
144.0478
==================================================================
Current superbatch ended
Epoch 00, Loss: 0.0003, Approx. Train: 0.8643
Epoch time: 2479415.4408 ms
