Preparing dataset...
Done!

==============================
Running Epoch 0...
Running 0th superbatch of total 2 superbatches
Step 1: Superbatch Sample
[run_ginex.py] sb_sample time = 248.73956632614136
Step 1: Done
inspect_time = 266445.5
Running 1th superbatch of total 2 superbatches
Step 1: Superbatch Sample
Loading ids...
Done!
Pass 1: calculating frequency and initial cache indices...
Done!
Pass 2: making two key data structures (iterptr & iters)...
Done!
pass_1_and_2 time = 52.43914437294006
[run_ginex.py] pass_1_and_2 time = 52.43918776512146
Pass 3: Computing changesets...
Done!
pass_3 time = 254.76758193969727
[run_ginex.py] pass_3 time = 254.76794242858887
[run_ginex.py] sb_sample time = 321.51387882232666
Step 1: Done
inspect_time = 398568.1875
Step 2: Switch
Step 2: Done
Step 3: Main Loop
0
sampling:  0.10281600058078766
gather:  124.69487762451172
cache:  0.03948799893260002
transfer:  170.9849853515625
forward:  305.8844909667969
backward:  249.9102783203125
free:  5.62332820892334
1000
sampling:  0.04438399896025658
gather:  0.2834239900112152
cache:  0.010080000385642052
transfer:  23.054079055786133
forward:  2.0669760704040527
backward:  1.5196160078048706
free:  0.13795199990272522
2000
sampling:  0.37593600153923035
gather:  59.35027313232422
cache:  0.05846399813890457
transfer:  27.320159912109375
forward:  2.5672640800476074
backward:  1.861631989479065
free:  0.308351993560791
3000
sampling:  0.293503999710083
gather:  44.10771179199219
cache:  0.11356800049543381
transfer:  23.247455596923828
forward:  2.395008087158203
backward:  1.9179199934005737
free:  0.28601598739624023
4000
sampling:  0.3112320005893707
gather:  39.24371337890625
cache:  0.03436800092458725
transfer:  26.681535720825195
forward:  2.7019519805908203
backward:  4.0417280197143555
free:  0.38860800862312317
5000
sampling:  0.15615999698638916
gather:  46.46937561035156
cache:  0.10652799904346466
transfer:  32.92723083496094
forward:  2.7200639247894287
backward:  1.7950719594955444
free:  0.25948798656463623
6000
sampling:  0.5083839893341064
gather:  35.91743850708008
cache:  0.7043520212173462
transfer:  25.23686408996582
forward:  2.3611199855804443
backward:  1.7991679906845093
free:  0.3256959915161133
7000
sampling:  0.31190401315689087
gather:  45.50579071044922
cache:  0.11459200084209442
transfer:  23.39695930480957
forward:  2.7470719814300537
backward:  3.7498879432678223
free:  0.41068801283836365
8000
sampling:  0.2463040053844452
gather:  40.40480041503906
cache:  0.08902399986982346
transfer:  24.141759872436523
forward:  2.524224042892456
backward:  4.403200149536133
free:  0.3325439989566803
9000
sampling:  0.5299519896507263
gather:  41.71692657470703
cache:  0.20870399475097656
transfer:  22.141887664794922
forward:  2.9427199363708496
backward:  5.033984184265137
free:  0.49955201148986816
10000
sampling:  0.32412800192832947
gather:  34.29145431518555
cache:  0.8314239978790283
transfer:  26.3953914642334
forward:  2.3696000576019287
backward:  1.7838079929351807
free:  0.2739199995994568
11000
sampling:  0.28201600909233093
gather:  50.356414794921875
cache:  0.16249600052833557
transfer:  25.614944458007812
forward:  2.3941760063171387
backward:  1.8380800485610962
free:  0.2796800136566162
12000
sampling:  0.9774079918861389
gather:  47.176639556884766
cache:  0.07446400076150894
transfer:  24.681631088256836
forward:  2.506079912185669
backward:  1.6168960332870483
free:  0.22009600698947906
13000
sampling:  0.18639999628067017
gather:  46.746944427490234
cache:  0.3216319978237152
transfer:  24.210847854614258
forward:  2.4590399265289307
backward:  2.7095038890838623
free:  0.3017280101776123
14000
sampling:  0.17951999604701996
gather:  52.75791931152344
cache:  0.07718399912118912
transfer:  32.246368408203125
forward:  2.7701759338378906
backward:  1.504256010055542
free:  0.23984000086784363
15000
sampling:  0.1388159990310669
gather:  29.45078468322754
cache:  0.7125759720802307
transfer:  22.21343994140625
forward:  2.419264078140259
backward:  2.982912063598633
free:  0.27747198939323425
16000
sampling:  0.2938559949398041
gather:  48.37855911254883
cache:  1.1862720251083374
transfer:  29.49990463256836
forward:  3.2192959785461426
backward:  1.7264959812164307
free:  0.23388800024986267
17000
sampling:  0.3438720107078552
gather:  44.688865661621094
cache:  1.2227840423583984
transfer:  33.314430236816406
forward:  2.5117440223693848
backward:  2.092031955718994
free:  0.2585279941558838
18000
sampling:  0.21529600024223328
gather:  36.96527862548828
cache:  0.040832001715898514
transfer:  21.825279235839844
forward:  2.4207680225372314
backward:  4.501503944396973
free:  0.363103985786438
19000
sampling:  0.27811199426651
gather:  34.8504638671875
cache:  1.1555520296096802
transfer:  25.041120529174805
forward:  2.674720048904419
backward:  2.648063898086548
free:  0.28355199098587036
20000
sampling:  0.2576639950275421
gather:  44.29654312133789
cache:  0.9628480076789856
transfer:  24.653888702392578
forward:  2.608288049697876
backward:  2.066431999206543
free:  0.25488001108169556
21000
sampling:  0.13526399433612823
gather:  38.36547088623047
cache:  0.04255999997258186
transfer:  21.1114559173584
forward:  2.4450879096984863
backward:  1.9465919733047485
free:  0.2876800000667572
Step 3: Done
=========================== Total Stat ===========================
dataset: twitter_extended_6, sb-size: 21600, batch-size: 1000, nc-size: 45.0GB, fc-size: 50.0GB, zstd: False, khop: 6
Part 1: sb_sample_times pass_1_and_2_times pass_3_times
248.7396
321.5139
52.4392
254.7679
==================================================================
Part 2: inspect_time switch_time sampling_time gather_time cache_time transfer_time forward_time backward_time free_time
398.5682
87.3015
5.7590
911.3543
34.7113
551.8700
54.9775
52.3415
133.7598
==================================================================
Current superbatch ended
Epoch 00, Loss: 0.0002, Approx. Train: 0.8643
Epoch time: 2571703.1405 ms
