Preparing dataset...
Done!

==============================
Running Epoch 0...
Running 0th superbatch of total 2 superbatches
Step 1: Superbatch Sample
[run_ginex.py] sb_sample time = 215.46152067184448
Step 1: Done
inspect_time = 233234.65625
Running 1th superbatch of total 2 superbatches
Step 1: Superbatch Sample
Loading ids...
Done!
Pass 1: calculating frequency and initial cache indices...
Done!
Pass 2: making two key data structures (iterptr & iters)...
Done!
pass_1_and_2 time = 74.16869378089905
[run_ginex.py] pass_1_and_2 time = 74.16875743865967
Pass 3: Computing changesets...
Done!
pass_3 time = 264.3243055343628
[run_ginex.py] pass_3 time = 264.3246502876282
[run_ginex.py] sb_sample time = 337.9728066921234
Step 1: Done
inspect_time = 440749.6875
Step 2: Switch
Step 2: Done
Step 3: Main Loop
0
sampling:  0.09929600358009338
gather:  180.0564422607422
cache:  0.03996799886226654
transfer:  274.93218994140625
forward:  431.6378479003906
backward:  160.36968994140625
free:  24.572160720825195
1000
sampling:  0.7217280268669128
gather:  2.23088002204895
cache:  0.04121600091457367
transfer:  10.663455963134766
forward:  1.6723840236663818
backward:  1.4796799421310425
free:  0.17292800545692444
2000
sampling:  1.140064001083374
gather:  0.8929920196533203
cache:  0.05113599821925163
transfer:  10.680319786071777
forward:  3.1804161071777344
backward:  2.2947840690612793
free:  0.2513599991798401
3000
sampling:  0.05270399898290634
gather:  0.03097599931061268
cache:  0.01568000018596649
transfer:  9.077343940734863
forward:  5.685023784637451
backward:  3.129312038421631
free:  0.36025598645210266
4000
sampling:  0.04633599892258644
gather:  0.028192000463604927
cache:  0.013791999779641628
transfer:  6.691167831420898
forward:  1.8254400491714478
backward:  5.98524808883667
free:  0.5333759784698486
5000
sampling:  0.1342719942331314
gather:  2.1799681186676025
cache:  0.056384000927209854
transfer:  9.364383697509766
forward:  2.8151679039001465
backward:  3.018752098083496
free:  0.3056640028953552
6000
sampling:  0.27852800488471985
gather:  25.826335906982422
cache:  0.05827200040221214
transfer:  10.246368408203125
forward:  3.438944101333618
backward:  8.545248031616211
free:  0.43696001172065735
7000
sampling:  0.28703999519348145
gather:  17.99942398071289
cache:  0.11091200262308121
transfer:  9.505472183227539
forward:  2.563231945037842
backward:  6.345695972442627
free:  0.35017600655555725
8000
sampling:  0.12585599720478058
gather:  19.64633560180664
cache:  0.28095999360084534
transfer:  10.826815605163574
forward:  3.258784055709839
backward:  2.649087905883789
free:  0.2735680043697357
9000
sampling:  0.6996480226516724
gather:  13.209695816040039
cache:  0.02099199965596199
transfer:  10.266592025756836
forward:  2.797919988632202
backward:  2.88972806930542
free:  0.3067840039730072
10000
sampling:  0.9847679734230042
gather:  16.208351135253906
cache:  0.016416000202298164
transfer:  7.222784042358398
forward:  2.0471038818359375
backward:  5.631999969482422
free:  0.3234879970550537
11000
sampling:  0.8863040208816528
gather:  13.427647590637207
cache:  0.034304000437259674
transfer:  8.630623817443848
forward:  2.5261120796203613
backward:  3.5829761028289795
free:  0.3577280044555664
12000
sampling:  0.3547520041465759
gather:  10.069567680358887
cache:  0.10953599959611893
transfer:  9.354144096374512
forward:  3.458944082260132
backward:  3.419167995452881
free:  0.3282240033149719
13000
sampling:  0.9484480023384094
gather:  11.421216011047363
cache:  0.0163199994713068
transfer:  8.590559959411621
forward:  2.1716480255126953
backward:  7.746528148651123
free:  0.41817599534988403
14000
sampling:  1.076159954071045
gather:  6.431359767913818
cache:  0.014720000326633453
transfer:  6.447423934936523
forward:  1.6603200435638428
backward:  5.025792121887207
free:  0.2733440101146698
15000
sampling:  0.2622720003128052
gather:  9.653951644897461
cache:  0.7050560116767883
transfer:  10.829728126525879
forward:  2.5436160564422607
backward:  2.466815948486328
free:  0.3107199966907501
Step 3: Done
=========================== Total Stat ===========================
dataset: friendster_extended, sb-size: 15600, batch-size: 1000, nc-size: 45.0GB, fc-size: 50.0GB, zstd: True, khop: 8
Part 1: sb_sample_times pass_1_and_2_times pass_3_times
215.4615
337.9728
74.1688
264.3247
==================================================================
Part 2: inspect_time switch_time sampling_time gather_time cache_time transfer_time forward_time backward_time free_time
440.7497
210.4938
24.1697
185.1280
8.4401
147.3357
49.2920
64.1828
45.6870
==================================================================
Current superbatch ended
Epoch 00, Loss: 0.0005, Approx. Train: 0.5944
Epoch time: 1459678.6885 ms
