Preparing dataset...
Done!

==============================
Running Epoch 0...
Running 0th superbatch of total 4 superbatches
Step 1: Superbatch Sample
[run_ginex.py] sb_sample time = 320.7349750995636
Step 1: Done
inspect_time = 338353.21875
Running 1th superbatch of total 4 superbatches
Step 1: Superbatch Sample
Loading ids...
Done!
Pass 1: calculating frequency and initial cache indices...
Done!
Pass 2: making two key data structures (iterptr & iters)...
Done!
pass_1_and_2 time = 37.50602865219116
[run_ginex.py] pass_1_and_2 time = 37.5061194896698
Pass 3: Computing changesets...
Done!
pass_3 time = 121.09800505638123
[run_ginex.py] pass_3 time = 121.09823226928711
[run_ginex.py] sb_sample time = 356.8645577430725
Step 1: Done
inspect_time = 414166.6875
Step 2: Switch
Step 2: Done
Step 3: Main Loop
0
sampling:  0.09436800330877304
gather:  177.5734405517578
cache:  0.03852799907326698
transfer:  167.51820373535156
forward:  298.8073425292969
backward:  200.59237670898438
free:  6.336607933044434
1000
sampling:  0.09731200337409973
gather:  76.0384292602539
cache:  0.026016000658273697
transfer:  32.76611328125
forward:  2.484127998352051
backward:  1.6200000047683716
free:  0.1969279944896698
2000
sampling:  0.26009601354599
gather:  78.34748840332031
cache:  0.4330559968948364
transfer:  32.124576568603516
forward:  2.460927963256836
backward:  1.5615999698638916
free:  0.22092799842357635
3000
sampling:  0.12863999605178833
gather:  75.72051239013672
cache:  0.033695999532938004
transfer:  32.220767974853516
forward:  2.5221760272979736
backward:  1.6137919425964355
free:  0.2295680046081543
4000
sampling:  0.1544640064239502
gather:  72.70252990722656
cache:  0.0326399989426136
transfer:  31.180736541748047
forward:  2.4835519790649414
backward:  1.4366719722747803
free:  0.21302400529384613
5000
sampling:  0.19116799533367157
gather:  76.091552734375
cache:  0.02956799976527691
transfer:  34.07177734375
forward:  2.4991040229797363
backward:  1.5851199626922607
free:  0.21555200219154358
6000
sampling:  0.15529599785804749
gather:  90.33139038085938
cache:  0.03734400123357773
transfer:  29.731168746948242
forward:  2.518239974975586
backward:  1.80022394657135
free:  0.20524799823760986
7000
sampling:  0.2409919947385788
gather:  88.7318115234375
cache:  0.02163200080394745
transfer:  31.731487274169922
forward:  2.4458560943603516
backward:  1.5278400182724
free:  0.1955839991569519
8000
sampling:  0.20710399746894836
gather:  83.62413024902344
cache:  0.2937279939651489
transfer:  32.71452713012695
forward:  2.5212159156799316
backward:  1.7172800302505493
free:  0.2460480034351349
Step 3: Done
=========================== Total Stat ===========================
dataset: ogbn_products_extended, sb-size: 8800, batch-size: 750, nc-size: 45.0GB, fc-size: 50.0GB, zstd: True, khop: 8
Part 1: sb_sample_times pass_1_and_2_times pass_3_times
320.7350
356.8646
37.5061
121.0982
==================================================================
Part 2: inspect_time switch_time sampling_time gather_time cache_time transfer_time forward_time backward_time free_time
414.1667
80.4966
1.3386
784.4254
52.4093
290.8235
22.2562
14.5786
106.3685
==================================================================
Current superbatch ended
Epoch 00, Loss: 0.0002, Approx. Train: 0.2994
Epoch time: 2124169.8496 ms
