Preparing dataset...
Done!

==============================
Running Epoch 0...
Running 0th superbatch of total 3 superbatches
Step 1: Superbatch Sample
[run_ginex.py] sb_sample time = 419.79728960990906
Step 1: Done
inspect_time = 437605.4375
Running 1th superbatch of total 3 superbatches
Step 1: Superbatch Sample
Loading ids...
Done!
Pass 1: calculating frequency and initial cache indices...
Done!
Pass 2: making two key data structures (iterptr & iters)...
Done!
pass_1_and_2 time = 58.059022426605225
[run_ginex.py] pass_1_and_2 time = 58.05909872055054
Pass 3: Computing changesets...
Done!
pass_3 time = 89.63791036605835
[run_ginex.py] pass_3 time = 89.63815331459045
[run_ginex.py] sb_sample time = 458.1636347770691
Step 1: Done
inspect_time = 543532.9375
Step 2: Switch
Step 2: Done
Step 3: Main Loop
0
sampling:  0.09497600048780441
gather:  201.40882873535156
cache:  0.039583999663591385
transfer:  213.76605224609375
forward:  331.260986328125
backward:  193.1663055419922
free:  14.740991592407227
1000
sampling:  0.10127999633550644
gather:  130.08306884765625
cache:  0.02566399984061718
transfer:  46.69993591308594
forward:  3.015007972717285
backward:  1.8329919576644897
free:  0.20102399587631226
2000
sampling:  0.1520639955997467
gather:  129.61036682128906
cache:  0.0435199998319149
transfer:  43.65167999267578
forward:  3.0096960067749023
backward:  1.903648018836975
free:  0.19871999323368073
3000
sampling:  0.2977280020713806
gather:  99.50653076171875
cache:  0.025536000728607178
transfer:  44.09462356567383
forward:  3.01692795753479
backward:  1.8913600444793701
free:  0.19808000326156616
4000
sampling:  0.14950400590896606
gather:  103.48307037353516
cache:  0.03292800113558769
transfer:  43.60908889770508
forward:  3.0163838863372803
backward:  1.8698240518569946
free:  0.2093760073184967
5000
sampling:  0.11148799955844879
gather:  105.58614349365234
cache:  0.028351999819278717
transfer:  43.670143127441406
forward:  2.9917120933532715
backward:  1.9159040451049805
free:  0.21251200139522552
6000
sampling:  0.3317759931087494
gather:  121.15337371826172
cache:  0.03001599945127964
transfer:  43.949153900146484
forward:  3.009471893310547
backward:  1.8698240518569946
free:  0.21990400552749634
7000
sampling:  0.36982399225234985
gather:  122.6500473022461
cache:  0.03551999852061272
transfer:  44.210174560546875
forward:  3.0166399478912354
backward:  1.8708800077438354
free:  0.21667200326919556
8000
sampling:  0.11302399635314941
gather:  112.34518432617188
cache:  0.030592000111937523
transfer:  42.53606414794922
forward:  3.0001919269561768
backward:  1.8882880210876465
free:  0.24422399699687958
Step 3: Done
=========================== Total Stat ===========================
dataset: ogbn_products_extended, sb-size: 8800, batch-size: 1000, nc-size: 45.0GB, fc-size: 50.0GB, zstd: True, khop: 32
Part 1: sb_sample_times pass_1_and_2_times pass_3_times
419.7973
458.1636
58.0591
89.6382
==================================================================
Part 2: inspect_time switch_time sampling_time gather_time cache_time transfer_time forward_time backward_time free_time
543.5329
75.8197
3.6999
1036.3300
64.4885
394.8286
27.0180
16.9611
144.2535
==================================================================
Current superbatch ended
Epoch 00, Loss: 0.0003, Approx. Train: 0.3992
Epoch time: 2764216.3489 ms
