Preparing dataset...
Done!

==============================
Running Epoch 0...
Running 0th superbatch of total 3 superbatches
Step 1: Superbatch Sample
[run_ginex.py] sb_sample time = 421.5310800075531
Step 1: Done
inspect_time = 440419.59375
Running 1th superbatch of total 3 superbatches
Step 1: Superbatch Sample
Loading ids...
Done!
Pass 1: calculating frequency and initial cache indices...
Done!
Pass 2: making two key data structures (iterptr & iters)...
Done!
pass_1_and_2 time = 49.60740852355957
[run_ginex.py] pass_1_and_2 time = 49.60745358467102
Pass 3: Computing changesets...
Done!
pass_3 time = 153.53795266151428
[run_ginex.py] pass_3 time = 153.5381076335907
[run_ginex.py] sb_sample time = 457.9145836830139
Step 1: Done
inspect_time = 533680.75
Step 2: Switch
Step 2: Done
Step 3: Main Loop
0
sampling:  0.08928000181913376
gather:  198.24237060546875
cache:  0.038336001336574554
transfer:  236.18479919433594
forward:  481.5393981933594
backward:  176.68092346191406
free:  16.888479232788086
1000
sampling:  0.14176000654697418
gather:  91.83503723144531
cache:  0.044704001396894455
transfer:  23.027135848999023
forward:  2.401632070541382
backward:  1.5094079971313477
free:  0.25248000025749207
2000
sampling:  0.13308799266815186
gather:  96.36736297607422
cache:  0.03519999980926514
transfer:  21.67344093322754
forward:  2.491328001022339
backward:  1.5861760377883911
free:  0.19679999351501465
3000
sampling:  0.10559999942779541
gather:  41.01580810546875
cache:  0.017952000722289085
transfer:  21.574655532836914
forward:  2.428544044494629
backward:  1.424415946006775
free:  0.204352006316185
4000
sampling:  0.15600000321865082
gather:  55.15564727783203
cache:  0.07094399631023407
transfer:  22.07904052734375
forward:  2.475872039794922
backward:  1.4213119745254517
free:  0.1945279985666275
5000
sampling:  0.13104000687599182
gather:  66.827392578125
cache:  0.02486399933695793
transfer:  21.38128089904785
forward:  2.4234559535980225
backward:  1.5616320371627808
free:  0.20272000133991241
6000
sampling:  0.15238399803638458
gather:  65.8289566040039
cache:  0.03407999873161316
transfer:  21.88604736328125
forward:  2.797312021255493
backward:  1.686527967453003
free:  0.22224000096321106
7000
sampling:  0.13225600123405457
gather:  68.42835235595703
cache:  0.040672000497579575
transfer:  21.777568817138672
forward:  2.4161601066589355
backward:  1.4223359823226929
free:  0.19711999595165253
8000
sampling:  0.1117120012640953
gather:  64.12703704833984
cache:  0.029120000079274178
transfer:  21.43062400817871
forward:  2.373823881149292
backward:  1.4243520498275757
free:  0.20102399587631226
Step 3: Done
=========================== Total Stat ===========================
dataset: ogbn_products_extended, sb-size: 8800, batch-size: 1000, nc-size: 45.0GB, fc-size: 50.0GB, zstd: True, khop: 8
Part 1: sb_sample_times pass_1_and_2_times pass_3_times
421.5311
457.9146
49.6075
153.5381
==================================================================
Part 2: inspect_time switch_time sampling_time gather_time cache_time transfer_time forward_time backward_time free_time
533.6807
130.0986
1.4838
590.6936
25.7554
192.2952
22.2073
15.2641
73.1792
==================================================================
Current superbatch ended
Epoch 00, Loss: 0.0003, Approx. Train: 0.3992
Epoch time: 2044206.0616 ms
