Preparing dataset...
Done!

==============================
Running Epoch 0...
Running 0th superbatch of total 5 superbatches
Step 1: Superbatch Sample
[run_ginex.py] sb_sample time = 82.94602084159851
Step 1: Done
inspect_time = 100486.6171875
Running 1th superbatch of total 5 superbatches
Step 1: Superbatch Sample
Loading ids...
Done!
Pass 1: calculating frequency and initial cache indices...
Done!
Pass 2: making two key data structures (iterptr & iters)...
Done!
pass_1_and_2 time = 11.903619289398193
[run_ginex.py] pass_1_and_2 time = 11.903666973114014
Pass 3: Computing changesets...
Done!
pass_3 time = 43.82425332069397
[run_ginex.py] pass_3 time = 43.824336528778076
[run_ginex.py] sb_sample time = 99.58043146133423
Step 1: Done
inspect_time = 130794.7890625
Step 2: Switch
Step 2: Done
Step 3: Main Loop
0
sampling:  0.08575999736785889
gather:  101.56854248046875
cache:  0.037087999284267426
transfer:  170.3632354736328
forward:  311.1653137207031
backward:  191.24630737304688
free:  13.016511917114258
1000
sampling:  0.04224000126123428
gather:  0.02937600016593933
cache:  0.010367999784648418
transfer:  23.046655654907227
forward:  2.0766079425811768
backward:  1.4213119745254517
free:  0.14560000598430634
2000
sampling:  0.2861120104789734
gather:  56.16179275512695
cache:  0.25545600056648254
transfer:  25.182880401611328
forward:  2.5166399478912354
backward:  2.106368064880371
free:  0.28387200832366943
3000
sampling:  0.2911359965801239
gather:  47.16534423828125
cache:  0.22406400740146637
transfer:  23.17363166809082
forward:  2.7425599098205566
backward:  2.792448043823242
free:  0.2972480058670044
4000
sampling:  0.2865920066833496
gather:  38.23161697387695
cache:  0.06326399743556976
transfer:  25.104703903198242
forward:  2.4025280475616455
backward:  1.898527979850769
free:  0.23999999463558197
5000
sampling:  0.9863359928131104
gather:  36.85599899291992
cache:  0.03513599932193756
transfer:  25.248384475708008
forward:  2.342848062515259
backward:  2.35315203666687
free:  0.20934399962425232
Step 3: Done
=========================== Total Stat ===========================
dataset: twitter_extended_6, sb-size: 5400, batch-size: 1000, nc-size: 45.0GB, fc-size: 50.0GB, zstd: True, khop: 8
Part 1: sb_sample_times pass_1_and_2_times pass_3_times
82.9460
99.5804
11.9037
43.8243
==================================================================
Part 2: inspect_time switch_time sampling_time gather_time cache_time transfer_time forward_time backward_time free_time
130.7948
82.7274
1.1461
207.1133
8.2133
130.9434
13.7897
12.9475
33.3273
==================================================================
Current superbatch ended
Epoch 00, Loss: 0.0002, Approx. Train: 0.2160
Epoch time: 739451.3268 ms
