Preparing dataset...
Done!

==============================
Running Epoch 0...
Running 0th superbatch of total 15 superbatches
Step 1: Superbatch Sample
[run_ginex.py] sb_sample time = 158.6247158050537
Step 1: Done
inspect_time = 176222.484375
Running 1th superbatch of total 15 superbatches
Step 1: Superbatch Sample
Loading ids...
Done!
Pass 1: calculating frequency and initial cache indices...
Done!
Pass 2: making two key data structures (iterptr & iters)...
Done!
pass_1_and_2 time = 20.923646211624146
[run_ginex.py] pass_1_and_2 time = 20.924422025680542
Pass 3: Computing changesets...
Done!
pass_3 time = 88.93232583999634
[run_ginex.py] pass_3 time = 88.93266916275024
[run_ginex.py] sb_sample time = 185.7756471633911
Step 1: Done
inspect_time = 224872.84375
Epoch 00, Loss: 0.0000, Approx. Train: 0.0000
Epoch time: 402615.6828 ms
