Preparing dataset...
Done!

==============================
Running Epoch 0...
Running 0th superbatch of total 15 superbatches
Step 1: Superbatch Sample
[run_ginex.py] sb_sample time = 149.60416173934937
Step 1: Done
inspect_time = 169915.265625
Running 1th superbatch of total 15 superbatches
Step 1: Superbatch Sample
Loading ids...
Done!
Pass 1: calculating frequency and initial cache indices...
Done!
Pass 2: making two key data structures (iterptr & iters)...
Done!
pass_1_and_2 time = 21.18409299850464
[run_ginex.py] pass_1_and_2 time = 21.184141635894775
Pass 3: Computing changesets...
Done!
pass_3 time = 165.87367582321167
[run_ginex.py] pass_3 time = 165.87376356124878
[run_ginex.py] sb_sample time = 222.39485454559326
Step 1: Done
inspect_time = 261830.15625
Epoch 00, Loss: 0.0000, Approx. Train: 0.0000
Epoch time: 433311.2586 ms
