Preparing dataset...
Done!

==============================
Running Epoch 0...
Running 0th superbatch of total 4 superbatches
Step 1: Superbatch Sample
[run_ginex.py] sb_sample time = 128.00485944747925
Step 1: Done
inspect_time = 145569.640625
Running 1th superbatch of total 4 superbatches
Step 1: Superbatch Sample
Loading ids...
Done!
Pass 1: calculating frequency and initial cache indices...
Done!
Pass 2: making two key data structures (iterptr & iters)...
Done!
pass_1_and_2 time = 21.879552841186523
[run_ginex.py] pass_1_and_2 time = 21.879606008529663
Pass 3: Computing changesets...
Done!
pass_3 time = 337.7929456233978
[run_ginex.py] pass_3 time = 337.793025970459
[run_ginex.py] sb_sample time = 396.3675961494446
Step 1: Done
inspect_time = 436366.0
Epoch 00, Loss: 0.0000, Approx. Train: 0.0000
Epoch time: 583579.1044 ms
