Preparing dataset...
Done!

==============================
Running Epoch 0...
Running 0th superbatch of total 4 superbatches
Step 1: Superbatch Sample
[run_ginex.py] sb_sample time = 134.21240401268005
Step 1: Done
inspect_time = 151984.765625
Running 1th superbatch of total 4 superbatches
Step 1: Superbatch Sample
Loading ids...
Done!
Pass 1: calculating frequency and initial cache indices...
Done!
Pass 2: making two key data structures (iterptr & iters)...
Done!
pass_1_and_2 time = 20.024662256240845
[run_ginex.py] pass_1_and_2 time = 20.024750471115112
Pass 3: Computing changesets...
Done!
pass_3 time = 165.40589427947998
[run_ginex.py] pass_3 time = 165.40598273277283
[run_ginex.py] sb_sample time = 223.8274474143982
Step 1: Done
inspect_time = 262340.34375
Epoch 00, Loss: 0.0000, Approx. Train: 0.0000
Epoch time: 415846.6294 ms
