Preparing dataset...
Done!

==============================
Running Epoch 0...
Running 0th superbatch of total 30 superbatches
Step 1: Superbatch Sample
[run_ginex.py] sb_sample time = 43.758524894714355
Step 1: Done
inspect_time = 61269.89453125
Running 1th superbatch of total 30 superbatches
Step 1: Superbatch Sample
Loading ids...
Done!
Pass 1: calculating frequency and initial cache indices...
Done!
Pass 2: making two key data structures (iterptr & iters)...
Done!
pass_1_and_2 time = 5.735570669174194
[run_ginex.py] pass_1_and_2 time = 5.73578405380249
Pass 3: Computing changesets...
Done!
pass_3 time = 142.62884855270386
[run_ginex.py] pass_3 time = 142.62891125679016
[run_ginex.py] sb_sample time = 186.16204571723938
Step 1: Done
inspect_time = 210196.03125
Epoch 00, Loss: 0.0000, Approx. Train: 0.0000
Epoch time: 273141.8452 ms
