Preparing dataset...
Done!

==============================
Running Epoch 0...
Running 0th superbatch of total 15 superbatches
Step 1: Superbatch Sample
[run_ginex.py] sb_sample time = 51.66216254234314
Step 1: Done
inspect_time = 69314.3359375
Running 1th superbatch of total 15 superbatches
Step 1: Superbatch Sample
Loading ids...
Done!
Pass 1: calculating frequency and initial cache indices...
Done!
Pass 2: making two key data structures (iterptr & iters)...
Done!
pass_1_and_2 time = 6.339813709259033
[run_ginex.py] pass_1_and_2 time = 6.339877605438232
Pass 3: Computing changesets...
Done!
pass_3 time = 144.31413578987122
[run_ginex.py] pass_3 time = 144.31421661376953
[run_ginex.py] sb_sample time = 190.59874987602234
Step 1: Done
inspect_time = 216347.0625
Epoch 00, Loss: 0.0000, Approx. Train: 0.0000
Epoch time: 287321.7618 ms
