Preparing dataset...
Done!

==============================
Running Epoch 0...
Running 0th superbatch of total 8 superbatches
Step 1: Superbatch Sample
[run_ginex.py] sb_sample time = 280.29986691474915
Step 1: Done
inspect_time = 300658.0625
Running 1th superbatch of total 8 superbatches
Step 1: Superbatch Sample
Loading ids...
Done!
Pass 1: calculating frequency and initial cache indices...
Done!
Pass 2: making two key data structures (iterptr & iters)...
Done!
pass_1_and_2 time = 43.46436953544617
[run_ginex.py] pass_1_and_2 time = 43.46659183502197
Pass 3: Computing changesets...
Done!
pass_3 time = 176.09960269927979
[run_ginex.py] pass_3 time = 176.09990882873535
[run_ginex.py] sb_sample time = 326.5851001739502
Step 1: Done
inspect_time = 393711.0
Epoch 00, Loss: 0.0000, Approx. Train: 0.0000
Epoch time: 695977.4582 ms
