Preparing dataset...
Done!

==============================
Running Epoch 0...
Running 0th superbatch of total 7 superbatches
Step 1: Superbatch Sample
[run_ginex.py] sb_sample time = 154.54204320907593
Step 1: Done
inspect_time = 172324.328125
Running 1th superbatch of total 7 superbatches
Step 1: Superbatch Sample
Loading ids...
Done!
Pass 1: calculating frequency and initial cache indices...
Done!
Pass 2: making two key data structures (iterptr & iters)...
Done!
pass_1_and_2 time = 20.538467168807983
[run_ginex.py] pass_1_and_2 time = 20.538513660430908
Pass 3: Computing changesets...
Done!
pass_3 time = 410.66858744621277
[run_ginex.py] pass_3 time = 410.66867542266846
[run_ginex.py] sb_sample time = 469.96109771728516
Step 1: Done
inspect_time = 508881.9375
Epoch 00, Loss: 0.0000, Approx. Train: 0.0000
Epoch time: 683946.4588 ms
