Preparing dataset...
Done!

==============================
Running Epoch 0...
Running 0th superbatch of total 54 superbatches
Step 1: Superbatch Sample
[run_ginex.py] sb_sample time = 44.41037631034851
Step 1: Done
inspect_time = 62143.375
Running 1th superbatch of total 54 superbatches
Step 1: Superbatch Sample
Loading ids...
Done!
Pass 1: calculating frequency and initial cache indices...
Done!
Pass 2: making two key data structures (iterptr & iters)...
Done!
pass_1_and_2 time = 3.344064950942993
[run_ginex.py] pass_1_and_2 time = 3.344149112701416
Pass 3: Computing changesets...
Done!
pass_3 time = 46.70678424835205
[run_ginex.py] pass_3 time = 46.70686912536621
[run_ginex.py] sb_sample time = 91.57985329627991
Step 1: Done
inspect_time = 113115.203125
Epoch 00, Loss: 0.0000, Approx. Train: 0.0000
Epoch time: 177864.0902 ms
