Preparing dataset...
Done!

==============================
Running Epoch 0...
Running 0th superbatch of total 7 superbatches
Step 1: Superbatch Sample
[run_ginex.py] sb_sample time = 699.0087451934814
Step 1: Done
inspect_time = 716849.0
Running 1th superbatch of total 7 superbatches
Step 1: Superbatch Sample
Loading ids...
Done!
Pass 1: calculating frequency and initial cache indices...
Done!
Pass 2: making two key data structures (iterptr & iters)...
Done!
pass_1_and_2 time = 89.96216702461243
[run_ginex.py] pass_1_and_2 time = 89.96344661712646
Pass 3: Computing changesets...
Done!
pass_3 time = 428.61741948127747
[run_ginex.py] pass_3 time = 428.61766815185547
[run_ginex.py] sb_sample time = 769.1578028202057
Step 1: Done
inspect_time = 905877.5
Epoch 00, Loss: 0.0000, Approx. Train: 0.0000
Epoch time: 1625740.8071 ms
