Preparing dataset...
Done!

==============================
Running Epoch 0...
Running 0th superbatch of total 21 superbatches
Step 1: Superbatch Sample
[run_ginex.py] sb_sample time = 107.24701261520386
Step 1: Done
inspect_time = 124639.1484375
Running 1th superbatch of total 21 superbatches
Step 1: Superbatch Sample
Loading ids...
Done!
Pass 1: calculating frequency and initial cache indices...
Done!
Pass 2: making two key data structures (iterptr & iters)...
Done!
pass_1_and_2 time = 5.406066179275513
[run_ginex.py] pass_1_and_2 time = 5.406109094619751
Pass 3: Computing changesets...
Done!
pass_3 time = 40.235159158706665
[run_ginex.py] pass_3 time = 40.23526883125305
[run_ginex.py] sb_sample time = 108.52330613136292
Step 1: Done
inspect_time = 131957.671875
Epoch 00, Loss: 0.0000, Approx. Train: 0.0000
Epoch time: 257852.8469 ms
