Preparing dataset...
Done!

==============================
Running Epoch 0...
Running 0th superbatch of total 6 superbatches
Step 1: Superbatch Sample
[run_ginex.py] sb_sample time = 1485.9827251434326
Step 1: Done
inspect_time = 1503406.5
Running 1th superbatch of total 6 superbatches
Step 1: Superbatch Sample
Loading ids...
Done!
Pass 1: calculating frequency and initial cache indices...
Done!
Pass 2: making two key data structures (iterptr & iters)...
Done!
pass_1_and_2 time = 94.25958800315857
[run_ginex.py] pass_1_and_2 time = 94.26130628585815
Pass 3: Computing changesets...
Done!
pass_3 time = 205.43961191177368
[run_ginex.py] pass_3 time = 205.43983459472656
[run_ginex.py] sb_sample time = 1535.0726034641266
Step 1: Done
inspect_time = 1675322.5
Epoch 00, Loss: 0.0000, Approx. Train: 0.0000
Epoch time: 3180403.2733 ms
