Preparing dataset...
Done!

==============================
Running Epoch 0...
Running 0th superbatch of total 42 superbatches
Step 1: Superbatch Sample
[run_ginex.py] sb_sample time = 216.20961904525757
Step 1: Done
inspect_time = 233446.53125
Running 1th superbatch of total 42 superbatches
Step 1: Superbatch Sample
Loading ids...
Done!
Pass 1: calculating frequency and initial cache indices...
Done!
Pass 2: making two key data structures (iterptr & iters)...
Done!
pass_1_and_2 time = 10.941892623901367
[run_ginex.py] pass_1_and_2 time = 10.943819761276245
Pass 3: Computing changesets...
Done!
pass_3 time = 26.684183359146118
[run_ginex.py] pass_3 time = 26.68431854248047
[run_ginex.py] sb_sample time = 226.7729730606079
Step 1: Done
inspect_time = 255722.09375
Epoch 00, Loss: 0.0000, Approx. Train: 0.0000
Epoch time: 490364.7642 ms
