Preparing dataset...
Done!

==============================
Running Epoch 0...
Running 0th superbatch of total 14 superbatches
Step 1: Superbatch Sample
Epoch 00:   0%|                                                            | 0/20826115 [00:00<?, ?it/s][run_ginex.py] sb_sample time = 45.33226037025452
Step 1: Done
Epoch 00:   0%|                                                            | 0/20826115 [01:02<?, ?it/s]inspect_time = 62628.9921875
Running 1th superbatch of total 14 superbatches
Step 1: Superbatch Sample
Loading ids...
Done!
Pass 1: calculating frequency and initial cache indices...
Done!
Pass 2: making two key data structures (iterptr & iters)...
Done!
Epoch 00:   0%|                                                            | 0/20826115 [01:07<?, ?it/s]pass_1_and_2 time = 4.575551986694336
[run_ginex.py] pass_1_and_2 time = 4.575947046279907
Pass 3: Computing changesets...
Done!
Epoch 00:   0%|                                                            | 0/20826115 [03:00<?, ?it/s]pass_3 time = 56.09127855300903
[run_ginex.py] pass_3 time = 56.09135293960571
[run_ginex.py] sb_sample time = 102.50477480888367
Step 1: Done
Epoch 00:   0%|                                                            | 0/20826115 [03:07<?, ?it/s]inspect_time = 125117.4296875
Epoch 00:   0%|                                                            | 0/20826115 [03:08<?, ?it/s]
Epoch 00, Loss: 0.0000, Approx. Train: 0.0000
Epoch time: 189024.6103 ms
