Preparing dataset...
Done!

==============================
Running Epoch 0...
Running 0th superbatch of total 7 superbatches
Step 1: Superbatch Sample
[run_ginex.py] sb_sample time = 54.92917060852051
Step 1: Done
inspect_time = 72190.65625
Running 1th superbatch of total 7 superbatches
Step 1: Superbatch Sample
Loading ids...
Done!
Pass 1: calculating frequency and initial cache indices...
Done!
Pass 2: making two key data structures (iterptr & iters)...
Done!
pass_1_and_2 time = 9.889047384262085
[run_ginex.py] pass_1_and_2 time = 9.889096975326538
Pass 3: Computing changesets...
Done!
pass_3 time = 223.89228534698486
[run_ginex.py] pass_3 time = 223.8923728466034
[run_ginex.py] sb_sample time = 272.2222948074341
Step 1: Done
inspect_time = 301631.34375
Epoch 00, Loss: 0.0000, Approx. Train: 0.0000
Epoch time: 375284.7192 ms
