Preparing dataset...
Done!

==============================
Running Epoch 0...
Running 0th superbatch of total 4 superbatches
Step 1: Superbatch Sample
[run_ginex.py] sb_sample time = 86.7019271850586
Step 1: Done
inspect_time = 104181.203125
Running 1th superbatch of total 4 superbatches
Step 1: Superbatch Sample
Loading ids...
Done!
Pass 1: calculating frequency and initial cache indices...
Done!
Pass 2: making two key data structures (iterptr & iters)...
Done!
pass_1_and_2 time = 13.362453937530518
[run_ginex.py] pass_1_and_2 time = 13.362503290176392
Pass 3: Computing changesets...
Done!
pass_3 time = 227.78399062156677
[run_ginex.py] pass_3 time = 227.78406977653503
[run_ginex.py] sb_sample time = 279.3124930858612
Step 1: Done
inspect_time = 311945.46875
Epoch 00, Loss: 0.0000, Approx. Train: 0.0000
Epoch time: 417565.9761 ms
