Preparing dataset...
Done!

==============================
Running Epoch 0...
Running 0th superbatch of total 7 superbatches
Step 1: Superbatch Sample
Epoch 00:   0%|                                                            | 0/20826115 [00:00<?, ?it/s][run_ginex.py] sb_sample time = 56.716670989990234
Step 1: Done
Epoch 00:   0%|                                                            | 0/20826115 [01:14<?, ?it/s]inspect_time = 74087.890625
Running 1th superbatch of total 7 superbatches
Step 1: Superbatch Sample
Loading ids...
Done!
Pass 1: calculating frequency and initial cache indices...
Done!
Pass 2: making two key data structures (iterptr & iters)...
Done!
Epoch 00:   0%|                                                            | 0/20826115 [01:21<?, ?it/s]pass_1_and_2 time = 6.78500771522522
[run_ginex.py] pass_1_and_2 time = 6.785060167312622
Pass 3: Computing changesets...
Done!
Epoch 00:   0%|                                                            | 0/20826115 [04:14<?, ?it/s]pass_3 time = 112.90936017036438
[run_ginex.py] pass_3 time = 112.90944623947144
[run_ginex.py] sb_sample time = 161.6596281528473
Step 1: Done
Epoch 00:   0%|                                                            | 0/20826115 [04:21<?, ?it/s]inspect_time = 187881.296875
Epoch 00:   0%|                                                            | 0/20826115 [04:22<?, ?it/s]
Epoch 00, Loss: 0.0000, Approx. Train: 0.0000
Epoch time: 263308.9926 ms
