Preparing dataset...
Done!

==============================
Running Epoch 0...
Running 0th superbatch of total 54 superbatches
Step 1: Superbatch Sample
[run_ginex.py] sb_sample time = 114.25377368927002
Step 1: Done
inspect_time = 131903.140625
Running 1th superbatch of total 54 superbatches
Step 1: Superbatch Sample
Loading ids...
Done!
Pass 1: calculating frequency and initial cache indices...
Done!
Pass 2: making two key data structures (iterptr & iters)...
Done!
pass_1_and_2 time = 21.590394735336304
[run_ginex.py] pass_1_and_2 time = 21.59047818183899
Pass 3: Computing changesets...
Done!
pass_3 time = 31.375120401382446
[run_ginex.py] pass_3 time = 31.375535249710083
[run_ginex.py] sb_sample time = 125.16239762306213
Step 1: Done
inspect_time = 143705.109375
Step 2: Switch
Step 2: Done
Step 3: Main Loop
0
sampling:  0.10121600329875946
gather:  583.6427612304688
cache:  0.04368000105023384
transfer:  363.9810791015625
forward:  947.5023803710938
backward:  333.1983337402344
free:  64.80707550048828
Step 3: Done
Total stat
143705.1094
85948.7422
78.0385
426462.0047
19109.2780
89198.4509
9394.6901
4952.6590
22720.6636
Epoch 00, Loss: 0.0001, Approx. Train: 0.0185
Epoch time: 955360.0128 ms
