Preparing dataset...
Done!

==============================
Running Epoch 0...
Running 0th superbatch of total 2 superbatches
Step 1: Superbatch Sample
[run_ginex.py] sb_sample time = 216.6897006034851
Step 1: Done
inspect_time = 234628.328125
Running 1th superbatch of total 2 superbatches
Step 1: Superbatch Sample
Loading ids...
Done!
Pass 1: calculating frequency and initial cache indices...
Done!
Pass 2: making two key data structures (iterptr & iters)...
Done!
pass_1_and_2 time = 48.36177086830139
[run_ginex.py] pass_1_and_2 time = 48.36181879043579
Pass 3: Computing changesets...
Done!
pass_3 time = 760.7675304412842
[run_ginex.py] pass_3 time = 760.7678813934326
[run_ginex.py] sb_sample time = 834.8511476516724
Step 1: Done
inspect_time = 910070.6875
Step 2: Switch
Step 2: Done
Step 3: Main Loop
0
sampling:  0.1547199934720993
gather:  234.78646850585938
cache:  48.80963134765625
transfer:  212.02096557617188
forward:  333.84625244140625
backward:  244.31309509277344
free:  45.51919937133789
1000
sampling:  0.1502400040626526
gather:  73.98339080810547
cache:  3.943552017211914
transfer:  27.32579231262207
forward:  2.344320058822632
backward:  1.598464012145996
free:  6.747647762298584
2000
sampling:  0.1581760048866272
gather:  81.46166229248047
cache:  8.719743728637695
transfer:  30.225664138793945
forward:  2.47654390335083
backward:  2.12172794342041
free:  6.879424095153809
3000
sampling:  0.16201600432395935
gather:  60.56550216674805
cache:  2.953536033630371
transfer:  26.004703521728516
forward:  2.331712007522583
backward:  1.5482879877090454
free:  6.822048187255859
4000
sampling:  0.14777599275112152
gather:  59.89664077758789
cache:  5.157760143280029
transfer:  26.428895950317383
forward:  2.3844799995422363
backward:  2.0848960876464844
free:  6.92412805557251
5000
sampling:  0.16432000696659088
gather:  67.58678436279297
cache:  6.248479843139648
transfer:  25.702911376953125
forward:  2.3550078868865967
backward:  1.6732159852981567
free:  7.515359878540039
6000
sampling:  0.2035840004682541
gather:  73.42550659179688
cache:  4.300543785095215
transfer:  26.800928115844727
forward:  2.4098238945007324
backward:  2.2702078819274902
free:  7.116000175476074
7000
sampling:  0.1212799996137619
gather:  73.72994995117188
cache:  10.637439727783203
transfer:  26.03001594543457
forward:  2.3908159732818604
backward:  1.768447995185852
free:  6.963935852050781
8000
sampling:  0.1595200002193451
gather:  78.20022583007812
cache:  8.112447738647461
transfer:  28.040063858032227
forward:  2.4672000408172607
backward:  1.4847999811172485
free:  6.926752090454102
9000
sampling:  0.15174399316310883
gather:  74.49398040771484
cache:  5.727295875549316
transfer:  31.264896392822266
forward:  2.497663974761963
backward:  2.0643839836120605
free:  7.099520206451416
10000
sampling:  0.1738560050725937
gather:  72.0486068725586
cache:  4.344575881958008
transfer:  27.49225616455078
forward:  2.3820478916168213
backward:  1.8944000005722046
free:  7.066527843475342
11000
sampling:  0.1337919980287552
gather:  70.85043334960938
cache:  4.7236480712890625
transfer:  25.03936004638672
forward:  2.3320319652557373
backward:  2.342911958694458
free:  7.046624183654785
12000
sampling:  0.14985600113868713
gather:  72.35651397705078
cache:  3.5010879039764404
transfer:  30.12281608581543
forward:  2.437119960784912
backward:  1.7663999795913696
free:  6.980095863342285
13000
sampling:  0.16633599996566772
gather:  67.88639831542969
cache:  3.246432065963745
transfer:  28.45996856689453
forward:  2.3487679958343506
backward:  1.5175679922103882
free:  7.200575828552246
14000
sampling:  0.1356160044670105
gather:  68.25545501708984
cache:  4.231167793273926
transfer:  26.00713539123535
forward:  2.300960063934326
backward:  1.5605759620666504
free:  9.089568138122559
15000
sampling:  0.22668799757957458
gather:  61.26211166381836
cache:  4.471680164337158
transfer:  24.82476806640625
forward:  2.3232638835906982
backward:  2.1964800357818604
free:  6.8239359855651855
Step 3: Done
=========================== Total Stat ===========================
dataset: friendster_extended, sb-size: 15600, batch-size: 1000, nc-size: 45.0GB, fc-size: 50.0GB, zstd: True, khop: 1
Part 1: sb_sample_times pass_1_and_2_times pass_3_times
216.7
834.9
48.4
760.8
==================================================================
Part 2: inspect_time switch_time sampling_time gather_time cache_time transfer_time forward_time backward_time free_time
910.0707
88.4497
2.7641
1131.4811
86.8776
441.8239
38.3091
29.9120
116.9999
==================================================================
Current superbatch ended
Epoch 00, Loss: 0.0002, Approx. Train: 0.5944
Epoch time: 3150820.2617 ms
