Preparing dataset...
Done!

==============================
Running Epoch 0...
Running 0th superbatch of total 2 superbatches
Step 1: Superbatch Sample
[run_ginex.py] sb_sample time = 248.61297464370728
Step 1: Done
inspect_time = 266702.875
Running 1th superbatch of total 2 superbatches
Step 1: Superbatch Sample
Loading ids...
Done!
Pass 1: calculating frequency and initial cache indices...
Done!
Pass 2: making two key data structures (iterptr & iters)...
Done!
pass_1_and_2 time = 47.94184470176697
[run_ginex.py] pass_1_and_2 time = 47.94189262390137
Pass 3: Computing changesets...
Done!
pass_3 time = 1365.6815376281738
[run_ginex.py] pass_3 time = 1365.6818165779114
[run_ginex.py] sb_sample time = 1435.875756263733
Step 1: Done
inspect_time = 1508352.875
Step 2: Switch
Step 2: Done
Step 3: Main Loop
0
sampling:  0.11558400094509125
gather:  217.2325439453125
cache:  50.115135192871094
transfer:  278.0960998535156
forward:  300.85186767578125
backward:  234.25634765625
free:  42.02316665649414
1000
sampling:  0.05222399905323982
gather:  0.02518399991095066
cache:  0.09587199985980988
transfer:  21.46112060546875
forward:  2.0524799823760986
backward:  1.5237120389938354
free:  4.7966718673706055
2000
sampling:  0.22489599883556366
gather:  60.03334426879883
cache:  4.782112121582031
transfer:  22.517120361328125
forward:  2.470720052719116
backward:  2.3367679119110107
free:  5.841279983520508
3000
sampling:  0.16102400422096252
gather:  57.78073501586914
cache:  1.6487679481506348
transfer:  23.256288528442383
forward:  2.802175998687744
backward:  1.6957440376281738
free:  4.970431804656982
4000
sampling:  0.19926400482654572
gather:  42.60416030883789
cache:  1.270975947380066
transfer:  23.062591552734375
forward:  2.6526401042938232
backward:  3.0054399967193604
free:  5.850399971008301
5000
sampling:  0.16832000017166138
gather:  37.843360900878906
cache:  4.278751850128174
transfer:  24.57164764404297
forward:  2.5660479068756104
backward:  1.8093760013580322
free:  5.590144157409668
6000
sampling:  0.10915199667215347
gather:  42.36227035522461
cache:  1.1829440593719482
transfer:  23.67616081237793
forward:  2.5922560691833496
backward:  2.3009281158447266
free:  5.476448059082031
7000
sampling:  0.17423999309539795
gather:  44.0687370300293
cache:  2.551487922668457
transfer:  25.257312774658203
forward:  2.4809279441833496
backward:  1.9937280416488647
free:  5.150400161743164
8000
sampling:  0.1984959989786148
gather:  42.05945587158203
cache:  2.5707199573516846
transfer:  25.891008377075195
forward:  2.396415948867798
backward:  1.5595519542694092
free:  5.496287822723389
9000
sampling:  0.21663999557495117
gather:  41.13337707519531
cache:  2.5492799282073975
transfer:  25.25961685180664
forward:  2.442336082458496
backward:  2.308095932006836
free:  5.484640121459961
10000
sampling:  0.14681600034236908
gather:  36.96332931518555
cache:  2.2931840419769287
transfer:  21.415327072143555
forward:  2.5334079265594482
backward:  2.0531198978424072
free:  5.214335918426514
11000
sampling:  0.10812799632549286
gather:  38.706912994384766
cache:  13.533023834228516
transfer:  18.364288330078125
forward:  2.3359999656677246
backward:  2.7504639625549316
free:  5.242080211639404
12000
sampling:  0.16604800522327423
gather:  49.72022247314453
cache:  1.2314879894256592
transfer:  25.082975387573242
forward:  2.818880081176758
backward:  1.8882559537887573
free:  5.7145280838012695
13000
sampling:  0.211776003241539
gather:  41.94758224487305
cache:  3.118943929672241
transfer:  20.29782485961914
forward:  3.2061760425567627
backward:  2.504703998565674
free:  5.757440090179443
14000
sampling:  0.20399999618530273
gather:  41.35408020019531
cache:  2.8705921173095703
transfer:  23.798816680908203
forward:  2.5587520599365234
backward:  2.712575912475586
free:  6.248928070068359
15000
sampling:  0.11939200013875961
gather:  36.76073455810547
cache:  2.418368101119995
transfer:  20.14371109008789
forward:  2.45084810256958
backward:  2.1524479389190674
free:  4.819200038909912
16000
sampling:  0.1828480064868927
gather:  43.48406219482422
cache:  1.8767679929733276
transfer:  22.935327529907227
forward:  2.4287679195404053
backward:  2.1678080558776855
free:  5.585728168487549
17000
sampling:  0.15510399639606476
gather:  39.23564910888672
cache:  5.9984002113342285
transfer:  20.824607849121094
forward:  2.4359359741210938
backward:  7.658495903015137
free:  9.292351722717285
18000
sampling:  0.14444799721240997
gather:  32.95363235473633
cache:  2.3714239597320557
transfer:  21.039775848388672
forward:  2.618783950805664
backward:  2.12172794342041
free:  6.302207946777344
19000
sampling:  0.1871359944343567
gather:  40.353153228759766
cache:  1.588096022605896
transfer:  22.686656951904297
forward:  2.5647358894348145
backward:  1.9281920194625854
free:  5.285088062286377
20000
sampling:  0.1892479956150055
gather:  43.5055046081543
cache:  1.3863999843597412
transfer:  21.5611515045166
forward:  2.640671968460083
backward:  3.2276480197906494
free:  5.925536155700684
21000
sampling:  0.21507200598716736
gather:  41.98825454711914
cache:  3.4378559589385986
transfer:  22.555519104003906
forward:  2.495136022567749
backward:  4.159488201141357
free:  5.19379186630249
Step 3: Done
=========================== Total Stat ===========================
dataset: twitter_extended_6, sb-size: 21600, batch-size: 1000, nc-size: 45.0GB, fc-size: 50.0GB, zstd: True, khop: 1
Part 1: sb_sample_times pass_1_and_2_times pass_3_times
248.6
1435.9
47.9
1365.7
==================================================================
Part 2: inspect_time switch_time sampling_time gather_time cache_time transfer_time forward_time backward_time free_time
1508.3529
92.2532
3.7473
925.6686
64.0677
505.6492
55.1414
51.5819
127.7440
==================================================================
Current superbatch ended
Epoch 00, Loss: 0.0002, Approx. Train: 0.8643
Epoch time: 3706121.6176 ms
