Preparing dataset...
Done!

==============================
Running Epoch 0...
Running 0th superbatch of total 4 superbatches
Step 1: Superbatch Sample
[run_ginex.py] sb_sample time = 535.597674369812
Step 1: Done
inspect_time = 553275.3125
Running 1th superbatch of total 4 superbatches
Step 1: Superbatch Sample
Loading ids...
Done!
Pass 1: calculating frequency and initial cache indices...
Done!
Pass 2: making two key data structures (iterptr & iters)...
Done!
pass_1_and_2 time = 92.50513744354248
[run_ginex.py] pass_1_and_2 time = 92.50520396232605
Pass 3: Computing changesets...
Done!
pass_3 time = 356.26600909233093
[run_ginex.py] pass_3 time = 356.2661349773407
[run_ginex.py] sb_sample time = 601.4507865905762
Step 1: Done
inspect_time = 743347.9375
Epoch 00, Loss: 0.0000, Approx. Train: 0.0000
Epoch time: 1298463.4144 ms
