Preparing dataset...
Done!

==============================
Running Epoch 0...
Running 0th superbatch of total 7 superbatches
Step 1: Superbatch Sample
[run_ginex.py] sb_sample time = 751.6206150054932
Step 1: Done
inspect_time = 769546.75
Running 1th superbatch of total 7 superbatches
Step 1: Superbatch Sample
Loading ids...
Done!
Pass 1: calculating frequency and initial cache indices...
Done!
Pass 2: making two key data structures (iterptr & iters)...
Done!
pass_1_and_2 time = 92.68425822257996
[run_ginex.py] pass_1_and_2 time = 92.68527746200562
Pass 3: Computing changesets...
Done!
pass_3 time = 229.1627984046936
[run_ginex.py] pass_3 time = 229.16293859481812
[run_ginex.py] sb_sample time = 792.0138983726501
Step 1: Done
inspect_time = 929861.0625
Epoch 00, Loss: 0.0000, Approx. Train: 0.0000
Epoch time: 1702303.3605 ms
