Preparing dataset...
Done!

==============================
Running Epoch 0...
Running 0th superbatch of total 27 superbatches
Step 1: Superbatch Sample
[run_ginex.py] sb_sample time = 57.85573434829712
Step 1: Done
inspect_time = 75710.4765625
Running 1th superbatch of total 27 superbatches
Step 1: Superbatch Sample
Loading ids...
Done!
Pass 1: calculating frequency and initial cache indices...
Done!
Pass 2: making two key data structures (iterptr & iters)...
Done!
pass_1_and_2 time = 4.875566005706787
[run_ginex.py] pass_1_and_2 time = 4.875613689422607
Pass 3: Computing changesets...
Done!
pass_3 time = 93.34370303153992
[run_ginex.py] pass_3 time = 93.34378266334534
[run_ginex.py] sb_sample time = 139.16096568107605
Step 1: Done
inspect_time = 162656.09375
Epoch 00, Loss: 0.0000, Approx. Train: 0.0000
Epoch time: 241019.5074 ms
