Preparing dataset...
Done!

==============================
Running Epoch 0...
Running 0th superbatch of total 14 superbatches
Step 1: Superbatch Sample
[run_ginex.py] sb_sample time = 365.2736773490906
Step 1: Done
inspect_time = 383105.625
Running 1th superbatch of total 14 superbatches
Step 1: Superbatch Sample
Loading ids...
Done!
Pass 1: calculating frequency and initial cache indices...
Done!
Pass 2: making two key data structures (iterptr & iters)...
Done!
pass_1_and_2 time = 44.15765023231506
[run_ginex.py] pass_1_and_2 time = 44.15772271156311
Pass 3: Computing changesets...
Done!
pass_3 time = 212.31863641738892
[run_ginex.py] pass_3 time = 212.31884598731995
[run_ginex.py] sb_sample time = 411.1279881000519
Step 1: Done
inspect_time = 483203.78125
Epoch 00, Loss: 0.0000, Approx. Train: 0.0000
Epoch time: 869081.9879 ms
