Preparing dataset...
Done!

==============================
Running Epoch 0...
Running 0th superbatch of total 11 superbatches
Step 1: Superbatch Sample
[run_ginex.py] sb_sample time = 187.14359593391418
Step 1: Done
inspect_time = 204641.96875
Running 1th superbatch of total 11 superbatches
Step 1: Superbatch Sample
Loading ids...
Done!
Pass 1: calculating frequency and initial cache indices...
Done!
Pass 2: making two key data structures (iterptr & iters)...
Done!
pass_1_and_2 time = 10.88075065612793
[run_ginex.py] pass_1_and_2 time = 10.881588697433472
Pass 3: Computing changesets...
Done!
pass_3 time = 84.8667938709259
[run_ginex.py] pass_3 time = 84.86690998077393
[run_ginex.py] sb_sample time = 187.65324711799622
Step 1: Done
inspect_time = 216550.578125
Epoch 00, Loss: 0.0000, Approx. Train: 0.0000
Epoch time: 422345.2711 ms
