Preparing dataset...
Done!

==============================
Running Epoch 0...
Running 0th superbatch of total 21 superbatches
Step 1: Superbatch Sample
[run_ginex.py] sb_sample time = 394.7549650669098
Step 1: Done
inspect_time = 412046.59375
Running 1th superbatch of total 21 superbatches
Step 1: Superbatch Sample
Loading ids...
Done!
Pass 1: calculating frequency and initial cache indices...
Done!
Pass 2: making two key data structures (iterptr & iters)...
Done!
pass_1_and_2 time = 22.76211929321289
[run_ginex.py] pass_1_and_2 time = 22.76370358467102
Pass 3: Computing changesets...
Done!
pass_3 time = 50.98193693161011
[run_ginex.py] pass_3 time = 50.98250603675842
[run_ginex.py] sb_sample time = 414.5935935974121
Step 1: Done
inspect_time = 455114.78125
Epoch 00, Loss: 0.0000, Approx. Train: 0.0000
Epoch time: 868474.6008 ms
