Preparing dataset...
Done!

==============================
Running Epoch 0...
Running 0th superbatch of total 6 superbatches
Step 1: Superbatch Sample
[run_ginex.py] sb_sample time = 348.18761134147644
Step 1: Done
inspect_time = 365637.5
Running 1th superbatch of total 6 superbatches
Step 1: Superbatch Sample
Loading ids...
Done!
Pass 1: calculating frequency and initial cache indices...
Done!
Pass 2: making two key data structures (iterptr & iters)...
Done!
pass_1_and_2 time = 21.11225914955139
[run_ginex.py] pass_1_and_2 time = 21.112327575683594
Pass 3: Computing changesets...
Done!
pass_3 time = 94.15033650398254
[run_ginex.py] pass_3 time = 94.1506359577179
[run_ginex.py] sb_sample time = 371.10889196395874
Step 1: Done
inspect_time = 410084.4375
Epoch 00, Loss: 0.0000, Approx. Train: 0.0000
Epoch time: 776972.2345 ms
