Preparing dataset...
Done!

==============================
Running Epoch 0...
Running 0th superbatch of total 42 superbatches
Step 1: Superbatch Sample
[run_ginex.py] sb_sample time = 207.5750913619995
Step 1: Done
inspect_time = 224935.109375
Running 1th superbatch of total 42 superbatches
Step 1: Superbatch Sample
Loading ids...
Done!
Pass 1: calculating frequency and initial cache indices...
Done!
Pass 2: making two key data structures (iterptr & iters)...
Done!
pass_1_and_2 time = 11.20985460281372
[run_ginex.py] pass_1_and_2 time = 11.213813781738281
Pass 3: Computing changesets...
Done!
pass_3 time = 84.76667642593384
[run_ginex.py] pass_3 time = 84.76683974266052
[run_ginex.py] sb_sample time = 206.67016696929932
Step 1: Done
inspect_time = 235843.15625
Epoch 00, Loss: 0.0000, Approx. Train: 0.0000
Epoch time: 461990.3929 ms
