Preparing dataset...
Done!

==============================
Running Epoch 0...
Running 0th superbatch of total 5 superbatches
Step 1: Superbatch Sample
[run_ginex.py] sb_sample time = 116.28711700439453
Step 1: Done
inspect_time = 134665.46875
Running 1th superbatch of total 5 superbatches
Step 1: Superbatch Sample
Loading ids...
Done!
Pass 1: calculating frequency and initial cache indices...
Done!
Pass 2: making two key data structures (iterptr & iters)...
Done!
pass_1_and_2 time = 23.6318416595459
[run_ginex.py] pass_1_and_2 time = 23.63188886642456
Pass 3: Computing changesets...
Done!
pass_3 time = 431.15557885169983
[run_ginex.py] pass_3 time = 431.1557660102844
[run_ginex.py] sb_sample time = 488.27292370796204
Step 1: Done
inspect_time = 530015.4375
Step 2: Switch
Step 2: Done
Step 3: Main Loop
0
sampling:  0.11590400338172913
gather:  96.22713470458984
cache:  0.06092799827456474
transfer:  208.94677734375
forward:  307.1118469238281
backward:  228.9285125732422
free:  4.848800182342529
1000
sampling:  0.115167997777462
gather:  64.13215637207031
cache:  0.07196799665689468
transfer:  13.160223960876465
forward:  1.84825599193573
backward:  3.119136095046997
free:  0.2682879865169525
2000
sampling:  0.1308159977197647
gather:  42.03152084350586
cache:  0.08857599645853043
transfer:  16.557567596435547
forward:  2.273375988006592
backward:  2.605056047439575
free:  0.34700798988342285
3000
sampling:  0.1424960047006607
gather:  35.812896728515625
cache:  0.05772799998521805
transfer:  15.54412841796875
forward:  1.9823360443115234
backward:  2.345952033996582
free:  0.31862398982048035
4000
sampling:  0.1526080071926117
gather:  42.423072814941406
cache:  0.036320000886917114
transfer:  11.517663955688477
forward:  2.060096025466919
backward:  3.2829439640045166
free:  0.2536639869213104
5000
sampling:  0.21087999641895294
gather:  104.97881317138672
cache:  0.12067200243473053
transfer:  18.147680282592773
forward:  1.9617600440979004
backward:  2.451456069946289
free:  0.2650879919528961
6000
sampling:  0.11235199868679047
gather:  31.58278465270996
cache:  0.036448001861572266
transfer:  16.136383056640625
forward:  2.2829439640045166
backward:  3.319808006286621
free:  0.3813439905643463
7000
sampling:  0.13040000200271606
gather:  36.76230239868164
cache:  0.05939200147986412
transfer:  16.172000885009766
forward:  2.2695040702819824
backward:  2.952224016189575
free:  0.29897600412368774
8000
sampling:  0.28060799837112427
gather:  33.17865753173828
cache:  0.04566400125622749
transfer:  11.546175956726074
forward:  1.7815040349960327
backward:  2.8856000900268555
free:  0.23923200368881226
9000
sampling:  0.18652799725532532
gather:  36.344703674316406
cache:  0.5236160159111023
transfer:  13.629823684692383
forward:  1.8249919414520264
backward:  1.9148800373077393
free:  0.23292799293994904
10000
sampling:  0.1117120012640953
gather:  36.80265426635742
cache:  0.028896000236272812
transfer:  10.883040428161621
forward:  1.50108802318573
backward:  3.0361599922180176
free:  0.37727999687194824
11000
sampling:  0.10835199803113937
gather:  31.54185676574707
cache:  0.026079999282956123
transfer:  14.890687942504883
forward:  2.3426239490509033
backward:  3.480544090270996
free:  0.354559987783432
12000
sampling:  0.0854720026254654
gather:  43.94879913330078
cache:  0.0435199998319149
transfer:  11.858847618103027
forward:  1.8528319597244263
backward:  3.6352319717407227
free:  0.2667199969291687
13000
sampling:  0.12598399817943573
gather:  44.994720458984375
cache:  0.05894400179386139
transfer:  16.067359924316406
forward:  2.261823892593384
backward:  3.0760960578918457
free:  0.3829439878463745
Step 3: Done
Total stat
530.0154
81.4631
2.0160
476.6594
32.3638
184.5943
27.7826
37.7427
63.7869
Epoch 00, Loss: 0.0001, Approx. Train: 0.2496
Epoch time: 1614779.4521 ms
