Preparing dataset...
Done!

==============================
Running Epoch 0...
Running 0th superbatch of total 3 superbatches
Step 1: Superbatch Sample
[run_ginex.py] sb_sample time = 214.23791337013245
Step 1: Done
inspect_time = 231967.1875
Running 1th superbatch of total 3 superbatches
Step 1: Superbatch Sample
Loading ids...
Done!
Pass 1: calculating frequency and initial cache indices...
Done!
Pass 2: making two key data structures (iterptr & iters)...
Done!
pass_1_and_2 time = 42.40886950492859
[run_ginex.py] pass_1_and_2 time = 42.40892744064331
Pass 3: Computing changesets...
Done!
pass_3 time = 358.39075565338135
[run_ginex.py] pass_3 time = 358.39087080955505
[run_ginex.py] sb_sample time = 420.03935265541077
Step 1: Done
inspect_time = 480647.84375
Step 2: Switch
Step 2: Done
Step 3: Main Loop
0
sampling:  0.10275200009346008
gather:  719.1956176757812
cache:  0.039712000638246536
transfer:  155.96575927734375
forward:  331.92926025390625
backward:  225.90567016601562
free:  3.771008014678955
1000
sampling:  0.18198400735855103
gather:  86.44003295898438
cache:  0.07846400141716003
transfer:  29.983104705810547
forward:  2.3571200370788574
backward:  1.669119954109192
free:  0.25779199600219727
2000
sampling:  0.3511680066585541
gather:  76.89987182617188
cache:  0.08352000266313553
transfer:  27.37004852294922
forward:  2.482912063598633
backward:  3.3996798992156982
free:  0.2950400114059448
3000
sampling:  0.20214399695396423
gather:  69.50579071044922
cache:  0.0530879981815815
transfer:  28.449951171875
forward:  2.4792640209198
backward:  1.7920000553131104
free:  0.2136639952659607
4000
sampling:  0.259552001953125
gather:  66.14579010009766
cache:  0.06268800050020218
transfer:  30.541439056396484
forward:  2.420896053314209
backward:  1.772544026374817
free:  0.26899200677871704
5000
sampling:  0.24902400374412537
gather:  71.76105499267578
cache:  0.05632000043988228
transfer:  30.2359676361084
forward:  2.4284160137176514
backward:  1.8247679471969604
free:  0.23846399784088135
6000
sampling:  0.40358400344848633
gather:  74.2957763671875
cache:  0.05257600173354149
transfer:  29.997087478637695
forward:  2.4536640644073486
backward:  2.208767890930176
free:  0.29043200612068176
7000
sampling:  0.2595840096473694
gather:  79.68441772460938
cache:  0.12732799351215363
transfer:  28.017248153686523
forward:  2.4172160625457764
backward:  1.978335976600647
free:  0.22463999688625336
8000
sampling:  0.16784000396728516
gather:  66.5830078125
cache:  0.11872000247240067
transfer:  25.935104370117188
forward:  2.35263991355896
backward:  2.974720001220703
free:  0.3611840009689331
9000
sampling:  0.26025599241256714
gather:  65.59174346923828
cache:  0.2282239943742752
transfer:  29.624128341674805
forward:  2.4855360984802246
backward:  2.434015989303589
free:  0.2780799865722656
10000
sampling:  0.2879999876022339
gather:  73.16246032714844
cache:  0.08745600283145905
transfer:  30.309951782226562
forward:  2.493504047393799
backward:  2.413599967956543
free:  0.2258560061454773
11000
sampling:  0.2988480031490326
gather:  72.91133117675781
cache:  0.06259199976921082
transfer:  28.62272071838379
forward:  2.448575973510742
backward:  1.6773439645767212
free:  0.25040000677108765
12000
sampling:  0.2869440019130707
gather:  74.83158111572266
cache:  0.06124800071120262
transfer:  30.15318489074707
forward:  2.4125759601593018
backward:  1.8759679794311523
free:  0.28332799673080444
13000
sampling:  0.234047994017601
gather:  64.00784301757812
cache:  0.14652800559997559
transfer:  30.28544044494629
forward:  2.775007963180542
backward:  1.9118080139160156
free:  0.2836799919605255
Step 3: Done
Total stat
480.6478
85.6315
2.6305
942.3328
57.3111
378.6171
32.7221
24.9919
99.3941
Epoch 00, Loss: 0.0003, Approx. Train: 0.4991
Epoch time: 2384154.2923 ms
