Preparing dataset...
Done!

==============================
Running Epoch 0...
Running 0th superbatch of total 9 superbatches
Step 1: Superbatch Sample
[run_ginex.py] sb_sample time = 69.94035935401917
Step 1: Done
inspect_time = 88561.8046875
Running 1th superbatch of total 9 superbatches
Step 1: Superbatch Sample
Loading ids...
Done!
Pass 1: calculating frequency and initial cache indices...
Done!
Pass 2: making two key data structures (iterptr & iters)...
Done!
pass_1_and_2 time = 16.415600776672363
[run_ginex.py] pass_1_and_2 time = 16.41568398475647
Pass 3: Computing changesets...
Done!
pass_3 time = 478.3500466346741
[run_ginex.py] pass_3 time = 478.3501250743866
[run_ginex.py] sb_sample time = 527.5367932319641
Step 1: Done
inspect_time = 562065.4375
Step 2: Switch
Step 2: Done
Step 3: Main Loop
0
sampling:  0.09491200000047684
gather:  66.6978530883789
cache:  0.039264000952243805
transfer:  136.03829956054688
forward:  334.08349609375
backward:  192.19049072265625
free:  3.5668160915374756
1000
sampling:  0.4168640077114105
gather:  1.0109440088272095
cache:  0.029952000826597214
transfer:  6.9712958335876465
forward:  3.7813119888305664
backward:  3.965951919555664
free:  0.5226240158081055
2000
sampling:  0.14659200608730316
gather:  32.00953674316406
cache:  0.038975998759269714
transfer:  6.578591823577881
forward:  2.967679977416992
backward:  2.5169920921325684
free:  0.3498240113258362
3000
sampling:  0.16675199568271637
gather:  25.474239349365234
cache:  0.033695999532938004
transfer:  7.020768165588379
forward:  3.8124160766601562
backward:  3.92192006111145
free:  0.36422398686408997
4000
sampling:  0.1892160028219223
gather:  20.39743995666504
cache:  0.9125440120697021
transfer:  10.283807754516602
forward:  4.007232189178467
backward:  5.459968090057373
free:  0.5425599813461304
5000
sampling:  0.1085439994931221
gather:  12.732864379882812
cache:  0.950111985206604
transfer:  6.971136093139648
forward:  2.2509119510650635
backward:  4.955135822296143
free:  0.28624001145362854
6000
sampling:  0.1475519984960556
gather:  11.509856224060059
cache:  1.0107519626617432
transfer:  7.8572797775268555
forward:  2.3299200534820557
backward:  6.222847938537598
free:  0.5624319911003113
7000
sampling:  0.07289600372314453
gather:  16.2989444732666
cache:  0.018592000007629395
transfer:  6.690783977508545
forward:  1.8004800081253052
backward:  2.698240041732788
free:  0.3383359909057617
8000
sampling:  0.21292799711227417
gather:  21.790719985961914
cache:  0.5885760188102722
transfer:  6.137375831604004
forward:  1.6136959791183472
backward:  1.8114559650421143
free:  0.2433280050754547
9000
sampling:  0.7013120055198669
gather:  23.46246337890625
cache:  0.028384000062942505
transfer:  7.163296222686768
forward:  2.2531518936157227
backward:  4.972544193267822
free:  0.5693439841270447
10000
sampling:  0.08182399719953537
gather:  21.76348876953125
cache:  0.021695999428629875
transfer:  5.6156158447265625
forward:  1.2758400440216064
backward:  2.451456069946289
free:  0.33375999331474304
11000
sampling:  0.08905600011348724
gather:  17.03107261657715
cache:  0.719648003578186
transfer:  6.723487854003906
forward:  1.6411199569702148
backward:  2.4483840465545654
free:  0.23744000494480133
12000
sampling:  0.1279360055923462
gather:  21.935039520263672
cache:  0.03939199820160866
transfer:  6.800608158111572
forward:  2.096031904220581
backward:  4.489215850830078
free:  0.8092479705810547
13000
sampling:  0.15750400722026825
gather:  22.53798484802246
cache:  0.04774399846792221
transfer:  7.643968105316162
forward:  3.8793599605560303
backward:  5.810175895690918
free:  0.5311359763145447
Step 3: Done
Total stat
562.0654
81.3128
2.4980
210.5061
23.2704
97.8926
34.6903
48.8375
43.2378
Epoch 00, Loss: 0.0001, Approx. Train: 0.1248
Epoch time: 1236207.2942 ms
