Preparing dataset...
Done!

==============================
Running Epoch 0...
Running 0th superbatch of total 6 superbatches
Step 1: Superbatch Sample
[run_ginex.py] sb_sample time = 179.4377932548523
Step 1: Done
inspect_time = 200016.421875
Running 1th superbatch of total 6 superbatches
Step 1: Superbatch Sample
Loading ids...
Done!
Pass 1: calculating frequency and initial cache indices...
Done!
Pass 2: making two key data structures (iterptr & iters)...
Done!
pass_1_and_2 time = 29.13377046585083
[run_ginex.py] pass_1_and_2 time = 29.133852243423462
Pass 3: Computing changesets...
Done!
pass_3 time = 590.7883570194244
[run_ginex.py] pass_3 time = 590.7885222434998
[run_ginex.py] sb_sample time = 651.3933234214783
Step 1: Done
inspect_time = 698620.625
Step 2: Switch
Step 2: Done
Step 3: Main Loop
0
sampling:  0.08915200084447861
gather:  124.74626922607422
cache:  0.04012800008058548
transfer:  243.5701141357422
forward:  317.6558837890625
backward:  221.0549774169922
free:  5.875296115875244
1000
sampling:  0.22572800517082214
gather:  83.41065979003906
cache:  0.043455999344587326
transfer:  14.897088050842285
forward:  2.2440640926361084
backward:  3.763200044631958
free:  0.3630079925060272
2000
sampling:  0.13737599551677704
gather:  61.37583923339844
cache:  0.17440000176429749
transfer:  13.355487823486328
forward:  1.9630399942398071
backward:  3.2962560653686523
free:  0.3123520016670227
3000
sampling:  0.7779520153999329
gather:  51.4205436706543
cache:  0.03494400158524513
transfer:  14.225279808044434
forward:  2.768064022064209
backward:  2.713599920272827
free:  0.2987520098686218
4000
sampling:  0.11372800171375275
gather:  36.46089553833008
cache:  0.10211200267076492
transfer:  12.973952293395996
forward:  2.037503957748413
backward:  3.458048105239868
free:  0.4509119987487793
5000
sampling:  0.12336000055074692
gather:  45.84307098388672
cache:  0.028384000062942505
transfer:  12.38156795501709
forward:  1.6802879571914673
backward:  2.4053759574890137
free:  0.2547520101070404
6000
sampling:  0.2724800109863281
gather:  56.050559997558594
cache:  0.024607999250292778
transfer:  12.299263954162598
forward:  1.8395520448684692
backward:  2.1934080123901367
free:  0.26096001267433167
7000
sampling:  0.16432000696659088
gather:  37.10630416870117
cache:  0.04630399867892265
transfer:  12.171551704406738
forward:  1.8433279991149902
backward:  2.4791040420532227
free:  0.4169920086860657
8000
sampling:  0.11558400094509125
gather:  49.800289154052734
cache:  0.08179199695587158
transfer:  14.462495803833008
forward:  4.806335926055908
backward:  3.935231924057007
free:  0.5851519703865051
9000
sampling:  0.14140799641609192
gather:  48.73971176147461
cache:  0.044863998889923096
transfer:  13.369536399841309
forward:  1.7813760042190552
backward:  2.2077438831329346
free:  0.259552001953125
10000
sampling:  0.1449279934167862
gather:  37.01113510131836
cache:  0.07382400333881378
transfer:  12.768959999084473
forward:  2.0909440517425537
backward:  3.3464319705963135
free:  0.29868799448013306
11000
sampling:  0.16124799847602844
gather:  50.024959564208984
cache:  0.08988799899816513
transfer:  12.558431625366211
forward:  2.024768114089966
backward:  2.6798079013824463
free:  0.29340800642967224
12000
sampling:  0.1316480040550232
gather:  44.589759826660156
cache:  0.18675200641155243
transfer:  12.648639678955078
forward:  1.9467840194702148
backward:  2.1975040435791016
free:  0.255264014005661
13000
sampling:  0.144896000623703
gather:  45.29008102416992
cache:  0.02691200003027916
transfer:  13.279168128967285
forward:  1.7910720109939575
backward:  2.125823974609375
free:  0.2579840123653412
14000
sampling:  0.09087999910116196
gather:  54.4700813293457
cache:  0.05910399928689003
transfer:  14.504960060119629
forward:  1.9835519790649414
backward:  2.648063898086548
free:  0.29523199796676636
15000
sampling:  0.1284479945898056
gather:  40.122337341308594
cache:  0.07152000069618225
transfer:  11.851872444152832
forward:  3.098304033279419
backward:  3.6218879222869873
free:  0.4009920060634613
Step 3: Done
Total stat
698.6206
87.7940
2.4116
795.5597
45.4685
221.5879
33.9260
45.5957
81.4141
Epoch 00, Loss: 0.0001, Approx. Train: 0.1801
Epoch time: 2266274.1897 ms
