Preparing dataset...
Done!

==============================
Running Epoch 0...
Running 0th superbatch of total 12 superbatches
Step 1: Superbatch Sample
[run_ginex.py] sb_sample time = 101.60478186607361
Step 1: Done
inspect_time = 120099.3359375
Running 1th superbatch of total 12 superbatches
Step 1: Superbatch Sample
Loading ids...
Done!
Pass 1: calculating frequency and initial cache indices...
Done!
Pass 2: making two key data structures (iterptr & iters)...
Done!
pass_1_and_2 time = 20.00751519203186
[run_ginex.py] pass_1_and_2 time = 20.007562398910522
Pass 3: Computing changesets...
Done!
pass_3 time = 841.9080934524536
[run_ginex.py] pass_3 time = 841.9081718921661
[run_ginex.py] sb_sample time = 892.6331570148468
Step 1: Done
inspect_time = 931174.3125
Step 2: Switch
Step 2: Done
Step 3: Main Loop
0
sampling:  0.09728000313043594
gather:  26.94940757751465
cache:  0.039583999663591385
transfer:  195.153564453125
forward:  266.880859375
backward:  199.8592071533203
free:  11.954976081848145
1000
sampling:  0.09679999947547913
gather:  0.35452800989151
cache:  0.026784000918269157
transfer:  5.833183765411377
forward:  1.2505919933319092
backward:  3.655679941177368
free:  0.5138239860534668
2000
sampling:  0.10118400305509567
gather:  33.93600082397461
cache:  0.059647999703884125
transfer:  6.410399913787842
forward:  2.5448639392852783
backward:  2.5241599082946777
free:  0.50518399477005
3000
sampling:  0.09984000027179718
gather:  27.717632293701172
cache:  0.45955199003219604
transfer:  6.3679680824279785
forward:  1.98745596408844
backward:  3.831808090209961
free:  0.44550400972366333
4000
sampling:  0.10127999633550644
gather:  24.405439376831055
cache:  0.6063680052757263
transfer:  5.846303939819336
forward:  1.9063359498977661
backward:  2.9614078998565674
free:  0.30166399478912354
5000
sampling:  0.0912960022687912
gather:  20.852127075195312
cache:  0.0578560009598732
transfer:  7.301983833312988
forward:  2.2637760639190674
backward:  3.968991994857788
free:  0.2515200078487396
6000
sampling:  0.27209600806236267
gather:  20.889568328857422
cache:  0.7767999768257141
transfer:  5.990687847137451
forward:  1.65174400806427
backward:  3.1201279163360596
free:  0.26134398579597473
7000
sampling:  0.2242559939622879
gather:  23.42643165588379
cache:  0.04761600121855736
transfer:  7.904575824737549
forward:  2.302880048751831
backward:  2.884608030319214
free:  0.31119999289512634
8000
sampling:  0.33580800890922546
gather:  16.57062339782715
cache:  0.49859198927879333
transfer:  6.1183037757873535
forward:  1.6235840320587158
backward:  5.005311965942383
free:  0.7053120136260986
9000
sampling:  0.22198399901390076
gather:  18.736127853393555
cache:  0.3134720027446747
transfer:  8.73744010925293
forward:  4.114496231079102
backward:  4.069375991821289
free:  0.29260799288749695
10000
sampling:  0.10659199953079224
gather:  17.600799560546875
cache:  0.1035199984908104
transfer:  6.568352222442627
forward:  2.432543992996216
backward:  3.9383039474487305
free:  0.30476799607276917
11000
sampling:  0.11180800199508667
gather:  19.55094337463379
cache:  0.7217280268669128
transfer:  6.444863796234131
forward:  3.10479998588562
backward:  4.661248207092285
free:  0.5392640233039856
12000
sampling:  0.16998399794101715
gather:  15.542752265930176
cache:  0.9133440256118774
transfer:  7.09987211227417
forward:  4.877024173736572
backward:  4.117504119873047
free:  0.442656010389328
13000
sampling:  0.949184000492096
gather:  19.62505531311035
cache:  0.033695999532938004
transfer:  6.681920051574707
forward:  2.1308159828186035
backward:  4.114431858062744
free:  0.3315199911594391
14000
sampling:  0.22726400196552277
gather:  17.60313606262207
cache:  0.05974400043487549
transfer:  8.826496124267578
forward:  3.3541760444641113
backward:  3.427328109741211
free:  0.3466239869594574
15000
sampling:  0.17292800545692444
gather:  19.55388832092285
cache:  0.6303359866142273
transfer:  6.5221757888793945
forward:  2.177056074142456
backward:  3.881983995437622
free:  0.4609600007534027
Step 3: Done
Total stat
931.1743
93.1267
2.4351
356.1623
29.6321
108.9460
35.7181
53.3127
50.5960
Epoch 00, Loss: 0.0000, Approx. Train: 0.0900
Epoch time: 1829057.5938 ms
