Preparing dataset...
Done!

==============================
Running Epoch 0...
Running 0th superbatch of total 3 superbatches
Step 1: Superbatch Sample
[run_ginex.py] sb_sample time = 333.54501152038574
Step 1: Done
inspect_time = 351543.53125
Running 1th superbatch of total 3 superbatches
Step 1: Superbatch Sample
Loading ids...
Done!
Pass 1: calculating frequency and initial cache indices...
Done!
Pass 2: making two key data structures (iterptr & iters)...
Done!
pass_1_and_2 time = 50.9039888381958
[run_ginex.py] pass_1_and_2 time = 50.9040629863739
Pass 3: Computing changesets...
Done!
pass_3 time = 565.2089767456055
[run_ginex.py] pass_3 time = 565.2091629505157
[run_ginex.py] sb_sample time = 641.4194712638855
Step 1: Done
inspect_time = 721694.375
Step 2: Switch
Step 2: Done
Step 3: Main Loop
0
sampling:  0.09670399874448776
gather:  231.2476806640625
cache:  0.03939199820160866
transfer:  207.59193420410156
forward:  335.3401184082031
backward:  220.27877807617188
free:  5.1750078201293945
1000
sampling:  0.16047999262809753
gather:  125.23721313476562
cache:  0.13235199451446533
transfer:  31.359424591064453
forward:  2.3854079246520996
backward:  1.9169280529022217
free:  0.2638719975948334
2000
sampling:  0.2149440050125122
gather:  77.44121551513672
cache:  0.05740800127387047
transfer:  27.10006332397461
forward:  2.464832067489624
backward:  3.246079921722412
free:  0.2656320035457611
3000
sampling:  0.31139200925827026
gather:  97.19705963134766
cache:  0.05817599967122078
transfer:  30.578336715698242
forward:  2.4806718826293945
backward:  1.814560055732727
free:  0.21171200275421143
4000
sampling:  0.4639039933681488
gather:  105.5516128540039
cache:  0.051263999193906784
transfer:  30.168607711791992
forward:  2.915776014328003
backward:  1.8984639644622803
free:  0.2152000069618225
5000
sampling:  0.29123198986053467
gather:  84.54841613769531
cache:  0.15199999511241913
transfer:  30.053632736206055
forward:  2.3662400245666504
backward:  1.793023943901062
free:  0.26102399826049805
6000
sampling:  0.5956479907035828
gather:  86.03673553466797
cache:  0.05375999957323074
transfer:  27.391904830932617
forward:  2.434880018234253
backward:  1.968127965927124
free:  0.20134399831295013
7000
sampling:  0.21011200547218323
gather:  98.10486602783203
cache:  0.07731200009584427
transfer:  30.83443260192871
forward:  2.7531840801239014
backward:  2.9184000492095947
free:  0.3591359853744507
8000
sampling:  0.18479999899864197
gather:  91.60147094726562
cache:  0.05305600166320801
transfer:  28.957984924316406
forward:  2.40447998046875
backward:  1.7888959646224976
free:  0.26419198513031006
9000
sampling:  0.37727999687194824
gather:  89.92304229736328
cache:  0.07827199995517731
transfer:  32.61587142944336
forward:  2.407871961593628
backward:  1.8697919845581055
free:  0.2526080012321472
10000
sampling:  0.2027519941329956
gather:  94.4073257446289
cache:  0.11462400108575821
transfer:  29.73833656311035
forward:  2.4445760250091553
backward:  1.7356799840927124
free:  0.25017601251602173
11000
sampling:  0.2520639896392822
gather:  98.30799865722656
cache:  0.12505599856376648
transfer:  31.363359451293945
forward:  2.7331840991973877
backward:  2.3469760417938232
free:  0.2784000039100647
12000
sampling:  0.26707199215888977
gather:  99.07020568847656
cache:  0.09590400010347366
transfer:  30.672800064086914
forward:  2.4496641159057617
backward:  2.1616320610046387
free:  0.26230400800704956
13000
sampling:  0.20124800503253937
gather:  92.40451049804688
cache:  0.15503999590873718
transfer:  29.762144088745117
forward:  2.3546559810638428
backward:  1.8780159950256348
free:  0.2800320088863373
14000
sampling:  0.28944000601768494
gather:  98.93193817138672
cache:  0.08009599894285202
transfer:  29.615936279296875
forward:  2.437664031982422
backward:  1.6281919479370117
free:  0.20582400262355804
15000
sampling:  0.2587200105190277
gather:  90.70796966552734
cache:  0.077504001557827
transfer:  30.248735427856445
forward:  2.358720064163208
backward:  1.7398079633712769
free:  0.24985599517822266
Step 3: Done
Total stat
721.6944
85.1994
3.3292
1542.0810
82.0726
453.9981
38.8848
30.9652
118.9778
Epoch 00, Loss: 0.0001, Approx. Train: 0.3601
Epoch time: 3483042.4461 ms
