Preparing dataset...
Done!

==============================
Running Epoch 0...
Running 0th superbatch of total 6 superbatches
Step 1: Superbatch Sample
[run_ginex.py] sb_sample time = 365.43865847587585
Step 1: Done
inspect_time = 384229.90625
Running 1th superbatch of total 6 superbatches
Step 1: Superbatch Sample
Loading ids...
Done!
Pass 1: calculating frequency and initial cache indices...
Done!
Pass 2: making two key data structures (iterptr & iters)...
Done!
pass_1_and_2 time = 25.0601224899292
[run_ginex.py] pass_1_and_2 time = 25.060189962387085
Pass 3: Computing changesets...
Done!
pass_3 time = 208.48546171188354
[run_ginex.py] pass_3 time = 208.48562049865723
[run_ginex.py] sb_sample time = 381.128431558609
Step 1: Done
inspect_time = 424211.09375
Step 2: Switch
Step 2: Done
Step 3: Main Loop
0
sampling:  0.09004800021648407
gather:  116.43555450439453
cache:  0.03846399858593941
transfer:  130.64125061035156
forward:  274.938720703125
backward:  209.6312255859375
free:  5.48422384262085
1000
sampling:  0.1804800033569336
gather:  88.09689331054688
cache:  0.05152000114321709
transfer:  22.16307258605957
forward:  2.085632085800171
backward:  2.6378560066223145
free:  0.23235200345516205
2000
sampling:  0.15945599973201752
gather:  78.72172546386719
cache:  0.02364799939095974
transfer:  23.13408088684082
forward:  1.9727040529251099
backward:  1.4581760168075562
free:  0.22249600291252136
3000
sampling:  0.08595199882984161
gather:  50.85628890991211
cache:  0.030912000685930252
transfer:  22.144031524658203
forward:  2.2553279399871826
backward:  1.572864055633545
free:  0.20230400562286377
4000
sampling:  0.18617600202560425
gather:  62.07878494262695
cache:  0.02848000079393387
transfer:  21.843168258666992
forward:  2.0715200901031494
backward:  1.6465920209884644
free:  0.19065600633621216
5000
sampling:  0.1120000034570694
gather:  64.14307403564453
cache:  0.028351999819278717
transfer:  20.64735984802246
forward:  2.0637118816375732
backward:  1.686527967453003
free:  0.18969599902629852
6000
sampling:  0.14284799993038177
gather:  56.18329620361328
cache:  0.045471999794244766
transfer:  23.685951232910156
forward:  2.0931200981140137
backward:  1.474560022354126
free:  0.22592000663280487
7000
sampling:  0.06672000139951706
gather:  58.879295349121094
cache:  0.026559999212622643
transfer:  22.004127502441406
forward:  2.100383996963501
backward:  1.6066559553146362
free:  0.21766400337219238
8000
sampling:  0.14073599874973297
gather:  58.120609283447266
cache:  0.038784001022577286
transfer:  22.008960723876953
forward:  2.069567918777466
backward:  1.5319039821624756
free:  0.19760000705718994
Step 3: Done
Total stat
424.2111
79.0705
1.1376
543.0723
41.1613
194.0636
18.2959
15.5544
56.4381
Epoch 00, Loss: 0.0001, Approx. Train: 0.1996
Epoch time: 1777516.1288 ms
