Preparing dataset...
Done!

==============================
Running Epoch 0...
Running 0th superbatch of total 5 superbatches
Step 1: Superbatch Sample
[run_ginex.py] sb_sample time = 86.78336834907532
Step 1: Done
inspect_time = 104143.8828125
Running 1th superbatch of total 5 superbatches
Step 1: Superbatch Sample
Loading ids...
Done!
Pass 1: calculating frequency and initial cache indices...
Done!
Pass 2: making two key data structures (iterptr & iters)...
Done!
pass_1_and_2 time = 19.098782539367676
[run_ginex.py] pass_1_and_2 time = 19.098833084106445
Pass 3: Computing changesets...
Done!
pass_3 time = 257.1725332736969
[run_ginex.py] pass_3 time = 257.1726117134094
[run_ginex.py] sb_sample time = 308.3965075016022
Step 1: Done
inspect_time = 345774.9375
Step 2: Switch
Step 2: Done
Step 3: Main Loop
0
sampling:  0.0963520035147667
gather:  75.85731506347656
cache:  0.05353600159287453
transfer:  136.1170196533203
forward:  350.5655822753906
backward:  226.79347229003906
free:  5.940063953399658
1000
sampling:  0.09296000003814697
gather:  0.055615998804569244
cache:  0.03139200061559677
transfer:  9.091263771057129
forward:  1.6875840425491333
backward:  1.9281920194625854
free:  0.2471040040254593
2000
sampling:  0.17926399409770966
gather:  1.6661440134048462
cache:  0.08249600231647491
transfer:  11.984448432922363
forward:  2.4257280826568604
backward:  3.0146241188049316
free:  0.2516799867153168
3000
sampling:  0.22623999416828156
gather:  37.02329635620117
cache:  0.09270399808883667
transfer:  15.102815628051758
forward:  2.6324479579925537
backward:  3.5819520950317383
free:  0.3771840035915375
4000
sampling:  0.32259199023246765
gather:  29.770719528198242
cache:  0.19139200448989868
transfer:  15.315808296203613
forward:  4.36902379989624
backward:  4.671487808227539
free:  0.30640000104904175
5000
sampling:  0.3219519853591919
gather:  32.05382537841797
cache:  0.9371520280838013
transfer:  14.591872215270996
forward:  2.8045759201049805
backward:  2.9644479751586914
free:  0.2618879973888397
6000
sampling:  0.1685120016336441
gather:  28.93824005126953
cache:  0.11036799848079681
transfer:  17.273696899414062
forward:  4.043136119842529
backward:  2.243583917617798
free:  0.29388800263404846
7000
sampling:  0.24534399807453156
gather:  20.87606430053711
cache:  0.06063999980688095
transfer:  14.531167984008789
forward:  2.5300800800323486
backward:  3.556351900100708
free:  0.33324798941612244
8000
sampling:  0.5000320076942444
gather:  61.220703125
cache:  0.11414399743080139
transfer:  17.87001609802246
forward:  1.9635200500488281
backward:  3.4447360038757324
free:  0.4772160053253174
9000
sampling:  0.07414399832487106
gather:  19.18694305419922
cache:  0.015552000142633915
transfer:  10.035072326660156
forward:  1.5452799797058105
backward:  9.580544471740723
free:  0.5807679891586304
10000
sampling:  0.15827199816703796
gather:  20.70070457458496
cache:  0.7172160148620605
transfer:  15.798815727233887
forward:  2.8482561111450195
backward:  3.984384059906006
free:  0.40243199467658997
11000
sampling:  0.1241919994354248
gather:  13.373023986816406
cache:  0.028416000306606293
transfer:  11.940735816955566
forward:  2.3025920391082764
backward:  2.30297589302063
free:  0.5483520030975342
12000
sampling:  0.12454400211572647
gather:  21.381120681762695
cache:  0.07900799810886383
transfer:  13.74732780456543
forward:  6.053567886352539
backward:  3.8942720890045166
free:  0.3739520013332367
Step 3: Done
Total stat
345.7749
85.0171
2.9991
250.7187
21.3178
168.1724
38.0292
42.7866
47.2070
Epoch 00, Loss: 0.0001, Approx. Train: 0.2481
Epoch time: 1157908.3917 ms
