Preparing dataset...
Done!

==============================
Running Epoch 0...
Running 0th superbatch of total 3 superbatches
Step 1: Superbatch Sample
[run_ginex.py] sb_sample time = 157.40020203590393
Step 1: Done
inspect_time = 175120.109375
Running 1th superbatch of total 3 superbatches
Step 1: Superbatch Sample
Loading ids...
Done!
Pass 1: calculating frequency and initial cache indices...
Done!
Pass 2: making two key data structures (iterptr & iters)...
Done!
pass_1_and_2 time = 29.26588749885559
[run_ginex.py] pass_1_and_2 time = 29.26594042778015
Pass 3: Computing changesets...
Done!
pass_3 time = 405.7761719226837
[run_ginex.py] pass_3 time = 405.7762711048126
[run_ginex.py] sb_sample time = 470.2968361377716
Step 1: Done
inspect_time = 517537.59375
Step 2: Switch
Step 2: Done
Step 3: Main Loop
0
sampling:  0.0904960036277771
gather:  190.9718475341797
cache:  0.037087999284267426
transfer:  193.19815063476562
forward:  365.4671630859375
backward:  190.89715576171875
free:  3.842655897140503
1000
sampling:  0.0623680017888546
gather:  0.03705599904060364
cache:  0.01945599913597107
transfer:  21.160320281982422
forward:  2.100287914276123
backward:  1.462272047996521
free:  0.1472959965467453
2000
sampling:  0.4620479941368103
gather:  64.17420959472656
cache:  0.7162240147590637
transfer:  23.31216049194336
forward:  2.5113279819488525
backward:  6.575104236602783
free:  0.3949759900569916
3000
sampling:  0.2821440100669861
gather:  51.268577575683594
cache:  0.08342400193214417
transfer:  21.734752655029297
forward:  3.3795840740203857
backward:  3.445728063583374
free:  0.3405759930610657
4000
sampling:  0.29900801181793213
gather:  45.955360412597656
cache:  0.0735040009021759
transfer:  22.68230438232422
forward:  2.5149118900299072
backward:  2.615295886993408
free:  0.38995200395584106
5000
sampling:  0.21376000344753265
gather:  40.64054489135742
cache:  0.10080000013113022
transfer:  20.671104431152344
forward:  2.706912040710449
backward:  4.853759765625
free:  0.3115200102329254
6000
sampling:  1.3156160116195679
gather:  35.279998779296875
cache:  0.03455999866127968
transfer:  24.375839233398438
forward:  2.3897600173950195
backward:  1.760256052017212
free:  0.2385919988155365
7000
sampling:  0.18192000687122345
gather:  49.75222396850586
cache:  0.21104000508785248
transfer:  25.340927124023438
forward:  2.5020480155944824
backward:  4.324351787567139
free:  0.39232000708580017
8000
sampling:  0.23792000114917755
gather:  42.38431930541992
cache:  0.09462399780750275
transfer:  24.312320709228516
forward:  2.523423910140991
backward:  2.050015926361084
free:  0.23414400219917297
9000
sampling:  0.23558400571346283
gather:  39.75519943237305
cache:  0.8490880131721497
transfer:  28.723552703857422
forward:  2.7758400440216064
backward:  2.1626880168914795
free:  0.2563839852809906
10000
sampling:  0.6081920266151428
gather:  43.01225662231445
cache:  0.8738880157470703
transfer:  29.298175811767578
forward:  2.3847360610961914
backward:  2.885632038116455
free:  0.31964799761772156
11000
sampling:  0.2096319943666458
gather:  44.45827102661133
cache:  0.19222399592399597
transfer:  22.888320922851562
forward:  2.4142398834228516
backward:  2.2527999877929688
free:  0.3255999982357025
12000
sampling:  0.33004799485206604
gather:  37.72284698486328
cache:  0.40377599000930786
transfer:  22.002336502075195
forward:  2.7491519451141357
backward:  3.31878399848938
free:  0.310016006231308
Step 3: Done
Total stat
517.5376
89.3370
2.8918
533.7790
27.8081
290.1260
32.5372
31.1200
74.3446
Epoch 00, Loss: 0.0003, Approx. Train: 0.4961
Epoch time: 1828430.2056 ms
