Preparing dataset...
Done!

==============================
Running Epoch 0...
Running 0th superbatch of total 2 superbatches
Step 1: Superbatch Sample
[run_ginex.py] sb_sample time = 103.87474393844604
Step 1: Done
inspect_time = 121775.9609375
Running 1th superbatch of total 2 superbatches
Step 1: Superbatch Sample
Loading ids...
Done!
Pass 1: calculating frequency and initial cache indices...
Done!
Pass 2: making two key data structures (iterptr & iters)...
Done!
pass_1_and_2 time = 17.429158926010132
[run_ginex.py] pass_1_and_2 time = 17.429245233535767
Pass 3: Computing changesets...
Done!
pass_3 time = 262.90685415267944
[run_ginex.py] pass_3 time = 262.90692377090454
[run_ginex.py] sb_sample time = 316.04487562179565
Step 1: Done
inspect_time = 352022.09375
Step 2: Switch
Step 2: Done
Step 3: Main Loop
0
sampling:  0.10361599922180176
gather:  92.12223815917969
cache:  0.03840000182390213
transfer:  151.84835815429688
forward:  358.7215576171875
backward:  202.93939208984375
free:  3.778208017349243
1000
sampling:  0.5691840052604675
gather:  1.1506240367889404
cache:  0.05750399827957153
transfer:  10.055456161499023
forward:  2.205728054046631
backward:  4.872191905975342
free:  0.36662399768829346
2000
sampling:  0.06339199841022491
gather:  0.0315839983522892
cache:  0.02143999934196472
transfer:  8.816320419311523
forward:  2.0145280361175537
backward:  2.4995839595794678
free:  0.244159996509552
3000
sampling:  0.1648000031709671
gather:  27.82137680053711
cache:  0.10947199910879135
transfer:  9.92307186126709
forward:  6.009376049041748
backward:  6.131648063659668
free:  0.40457600355148315
4000
sampling:  1.117535948753357
gather:  22.40982437133789
cache:  0.04447999969124794
transfer:  11.711935997009277
forward:  4.224544048309326
backward:  2.849792003631592
free:  0.3450239896774292
5000
sampling:  0.27321600914001465
gather:  24.947935104370117
cache:  0.031968001276254654
transfer:  11.799903869628906
forward:  3.51200008392334
backward:  2.9911038875579834
free:  0.33107200264930725
6000
sampling:  0.9650560021400452
gather:  25.366975784301758
cache:  0.023552000522613525
transfer:  7.932096004486084
forward:  1.9533120393753052
backward:  7.285759925842285
free:  0.5584959983825684
7000
sampling:  0.07657600194215775
gather:  16.70217514038086
cache:  0.020320000126957893
transfer:  13.903583526611328
forward:  3.7773120403289795
backward:  4.521984100341797
free:  0.4968000054359436
8000
sampling:  0.25920000672340393
gather:  19.57267189025879
cache:  0.06870400160551071
transfer:  13.161184310913086
forward:  5.473087787628174
backward:  3.9075839519500732
free:  0.4078719913959503
9000
sampling:  1.1420480012893677
gather:  15.847552299499512
cache:  0.027488000690937042
transfer:  16.029951095581055
forward:  4.360032081604004
backward:  2.60099196434021
free:  0.27875199913978577
10000
sampling:  0.23263999819755554
gather:  19.754528045654297
cache:  1.1633599996566772
transfer:  12.937760353088379
forward:  3.114016056060791
backward:  2.630687952041626
free:  0.35657599568367004
11000
sampling:  0.11532799899578094
gather:  7.784895896911621
cache:  1.2537599802017212
transfer:  9.275424003601074
forward:  2.2090559005737305
backward:  3.9065279960632324
free:  0.22495999932289124
12000
sampling:  0.25254398584365845
gather:  16.793472290039062
cache:  0.10294400155544281
transfer:  12.504768371582031
forward:  2.784832000732422
backward:  3.215359926223755
free:  0.2970559895038605
Step 3: Done
Total stat
352.0221
80.6013
3.2287
203.2251
21.3298
143.2300
45.5984
43.5400
43.2591
Epoch 00, Loss: 0.0003, Approx. Train: 0.5121
Epoch time: 1110514.5071 ms
