Preparing dataset...
Done!

==============================
Running Epoch 0...
Running 0th superbatch of total 9 superbatches
Step 1: Superbatch Sample
[run_ginex.py] sb_sample time = 55.65608525276184
Step 1: Done
inspect_time = 73257.703125
Running 1th superbatch of total 9 superbatches
Step 1: Superbatch Sample
Loading ids...
Done!
Pass 1: calculating frequency and initial cache indices...
Done!
Pass 2: making two key data structures (iterptr & iters)...
Done!
pass_1_and_2 time = 15.415251731872559
[run_ginex.py] pass_1_and_2 time = 15.41534423828125
Pass 3: Computing changesets...
Done!
pass_3 time = 254.23903059959412
[run_ginex.py] pass_3 time = 254.2391037940979
[run_ginex.py] sb_sample time = 303.84732937812805
Step 1: Done
inspect_time = 338330.09375
Step 2: Switch
Step 2: Done
Step 3: Main Loop
0
sampling:  0.07103999704122543
gather:  33.759681701660156
cache:  0.03033600002527237
transfer:  127.19641876220703
forward:  359.0244140625
backward:  200.1592254638672
free:  3.5840320587158203
1000
sampling:  0.06294400244951248
gather:  0.046720001846551895
cache:  0.021503999829292297
transfer:  4.8442559242248535
forward:  1.1945600509643555
backward:  2.98905611038208
free:  0.18915200233459473
2000
sampling:  0.30054399371147156
gather:  4.285664081573486
cache:  0.024383999407291412
transfer:  5.305024147033691
forward:  1.2093440294265747
backward:  4.502528190612793
free:  0.21132799983024597
3000
sampling:  0.12511999905109406
gather:  0.12521600723266602
cache:  0.04435199871659279
transfer:  9.041760444641113
forward:  2.259903907775879
backward:  2.5425920486450195
free:  0.23926399648189545
4000
sampling:  0.060256000608205795
gather:  0.027135999873280525
cache:  0.013663999736309052
transfer:  6.845952033996582
forward:  4.423391819000244
backward:  3.580928087234497
free:  0.35465601086616516
5000
sampling:  0.3781760036945343
gather:  0.7396159768104553
cache:  0.026623999699950218
transfer:  5.696544170379639
forward:  6.96668815612793
backward:  2.60915207862854
free:  0.36908799409866333
6000
sampling:  0.24825599789619446
gather:  12.090239524841309
cache:  0.05135999992489815
transfer:  10.718527793884277
forward:  5.465472221374512
backward:  3.5113279819488525
free:  0.3848640024662018
7000
sampling:  0.23155200481414795
gather:  19.62371253967285
cache:  0.25884801149368286
transfer:  14.458751678466797
forward:  3.276319980621338
backward:  3.1283199787139893
free:  0.38652798533439636
8000
sampling:  0.1531199961900711
gather:  18.065664291381836
cache:  0.09507200121879578
transfer:  9.725472450256348
forward:  2.5455360412597656
backward:  4.867072105407715
free:  0.5640000104904175
9000
sampling:  0.22841599583625793
gather:  19.52390480041504
cache:  0.9167680144309998
transfer:  6.620255947113037
forward:  3.3594560623168945
backward:  3.7120320796966553
free:  0.26233598589897156
10000
sampling:  0.17926399409770966
gather:  18.950559616088867
cache:  0.16966399550437927
transfer:  9.866432189941406
forward:  3.7337279319763184
backward:  3.4488320350646973
free:  0.418720006942749
11000
sampling:  0.26604801416397095
gather:  12.140928268432617
cache:  0.08025600016117096
transfer:  8.598464012145996
forward:  3.1789441108703613
backward:  4.295680046081543
free:  0.43084800243377686
12000
sampling:  1.3918720483779907
gather:  10.145248413085938
cache:  0.027327999472618103
transfer:  6.2740478515625
forward:  2.049760103225708
backward:  3.8246400356292725
free:  0.2808319926261902
Step 3: Done
Total stat
338.3301
81.7127
2.9416
105.7401
16.2199
99.4866
41.1015
42.1619
32.6306
Epoch 00, Loss: 0.0001, Approx. Train: 0.1240
Epoch time: 879187.5501 ms
